[ExpressJS] [INFO] - 2022-11-30T11:02:49.415Z [App] [bootstrap] Database connected 🔥 on development mode...
[ExpressJS] [INFO] - 2022-11-30T11:02:49.419Z [App] [listen] 🚀 App listening on the port 4000 ENV: development mode...
[ExpressJS] [INFO] - 2022-11-30T11:03:08.419Z [App] [bootstrap] Database connected 🔥 on development mode...
[ExpressJS] [INFO] - 2022-11-30T11:03:08.425Z [App] [listen] 🚀 App listening on the port 4000 ENV: development mode...
[ExpressJS] [INFO] - 2022-11-30T11:03:29.124Z [App] [bootstrap] Database connected 🔥 on development mode...
[ExpressJS] [INFO] - 2022-11-30T11:03:29.127Z [App] [listen] 🚀 App listening on the port 4000 ENV: development mode...
[ExpressJS] [INFO] - 2022-11-30T11:08:19.362Z [App] [bootstrap] Database connected 🔥 on development mode...
[ExpressJS] [INFO] - 2022-11-30T11:08:19.365Z [App] [listen] 🚀 App listening on the port 4000 ENV: development mode...
[ExpressJS] [INFO] - 2022-11-30T11:08:24.584Z [App] [bootstrap] Database connected 🔥 on development mode...
[ExpressJS] [INFO] - 2022-11-30T11:08:24.588Z [App] [listen] 🚀 App listening on the port 4000 ENV: development mode...
[ExpressJS] [INFO] - 2022-11-30T11:08:27.622Z [App] [bootstrap] Database connected 🔥 on development mode...
[ExpressJS] [INFO] - 2022-11-30T11:08:27.626Z [App] [listen] 🚀 App listening on the port 4000 ENV: development mode...
[ExpressJS] [INFO] - 2022-11-30T11:08:30.637Z [App] [bootstrap] Database connected 🔥 on development mode...
[ExpressJS] [INFO] - 2022-11-30T11:08:30.641Z [App] [listen] 🚀 App listening on the port 4000 ENV: development mode...
[ExpressJS] [INFO] - 2022-11-30T11:09:37.575Z [App] [bootstrap] Database connected 🔥 on development mode...
[ExpressJS] [INFO] - 2022-11-30T11:09:37.579Z [App] [listen] 🚀 App listening on the port 4000 ENV: development mode...
[ExpressJS] [INFO] - 2022-11-30T11:10:09.494Z [App] [bootstrap] Database connected 🔥 on development mode...
[ExpressJS] [INFO] - 2022-11-30T11:10:09.497Z [App] [listen] 🚀 App listening on the port 4000 ENV: development mode...
[ExpressJS] [INFO] - 2022-11-30T11:10:12.654Z [App] [bootstrap] Database connected 🔥 on development mode...
[ExpressJS] [INFO] - 2022-11-30T11:10:12.657Z [App] [listen] 🚀 App listening on the port 4000 ENV: development mode...
[ExpressJS] [INFO] - 2022-11-30T11:10:18.250Z [App] [bootstrap] Database connected 🔥 on development mode...
[ExpressJS] [INFO] - 2022-11-30T11:10:18.255Z [App] [listen] 🚀 App listening on the port 4000 ENV: development mode...
[ExpressJS] [INFO] - 2022-11-30T11:10:21.195Z [App] [bootstrap] Database connected 🔥 on development mode...
[ExpressJS] [INFO] - 2022-11-30T11:10:21.198Z [App] [listen] 🚀 App listening on the port 4000 ENV: development mode...
[ExpressJS] [INFO] - 2022-11-30T11:10:25.228Z [App] [bootstrap] Database connected 🔥 on development mode...
[ExpressJS] [INFO] - 2022-11-30T11:10:25.231Z [App] [listen] 🚀 App listening on the port 4000 ENV: development mode...
[ExpressJS] [INFO] - 2022-11-30T11:10:28.648Z [App] [bootstrap] Database connected 🔥 on development mode...
[ExpressJS] [INFO] - 2022-11-30T11:10:28.652Z [App] [listen] 🚀 App listening on the port 4000 ENV: development mode...
[ExpressJS] [INFO] - 2022-11-30T11:11:04.111Z [App] [bootstrap] Database connected 🔥 on development mode...
[ExpressJS] [INFO] - 2022-11-30T11:11:04.115Z [App] [listen] 🚀 App listening on the port 4000 ENV: development mode...
[ExpressJS] [INFO] - 2022-11-30T11:11:26.101Z [App] [bootstrap] Database connected 🔥 on development mode...
[ExpressJS] [INFO] - 2022-11-30T11:11:26.104Z [App] [listen] 🚀 App listening on the port 4000 ENV: development mode...
[ExpressJS] [INFO] - 2022-11-30T11:11:35.004Z [App] [bootstrap] Database connected 🔥 on development mode...
[ExpressJS] [INFO] - 2022-11-30T11:11:35.007Z [App] [listen] 🚀 App listening on the port 4000 ENV: development mode...
[ExpressJS] [INFO] - 2022-11-30T11:11:37.671Z [App] [bootstrap] Database connected 🔥 on development mode...
[ExpressJS] [INFO] - 2022-11-30T11:11:37.675Z [App] [listen] 🚀 App listening on the port 4000 ENV: development mode...
[ExpressJS] [INFO] - 2022-11-30T11:11:40.475Z [App] [bootstrap] Database connected 🔥 on development mode...
[ExpressJS] [INFO] - 2022-11-30T11:11:40.479Z [App] [listen] 🚀 App listening on the port 4000 ENV: development mode...
[ExpressJS] [INFO] - 2022-11-30T11:11:43.034Z [App] [bootstrap] Database connected 🔥 on development mode...
[ExpressJS] [INFO] - 2022-11-30T11:11:43.038Z [App] [listen] 🚀 App listening on the port 4000 ENV: development mode...
[ExpressJS] [INFO] - 2022-11-30T11:11:45.503Z [App] [bootstrap] Database connected 🔥 on development mode...
[ExpressJS] [INFO] - 2022-11-30T11:11:45.507Z [App] [listen] 🚀 App listening on the port 4000 ENV: development mode...
[ExpressJS] [INFO] - 2022-11-30T11:13:10.491Z [App] [bootstrap] Database connected 🔥 on development mode...
[ExpressJS] [INFO] - 2022-11-30T11:13:10.494Z [App] [listen] 🚀 App listening on the port 4000 ENV: development mode...
[ExpressJS] [INFO] - 2022-11-30T11:13:18.107Z [App] [bootstrap] Database connected 🔥 on development mode...
[ExpressJS] [INFO] - 2022-11-30T11:13:18.111Z [App] [listen] 🚀 App listening on the port 4000 ENV: development mode...
[ExpressJS] [INFO] - 2022-11-30T11:13:24.921Z [App] [bootstrap] Database connected 🔥 on development mode...
[ExpressJS] [INFO] - 2022-11-30T11:13:24.924Z [App] [listen] 🚀 App listening on the port 4000 ENV: development mode...
[ExpressJS] [INFO] - 2022-11-30T11:13:28.237Z [App] [bootstrap] Database connected 🔥 on development mode...
[ExpressJS] [INFO] - 2022-11-30T11:13:28.241Z [App] [listen] 🚀 App listening on the port 4000 ENV: development mode...
[ExpressJS] [INFO] - 2022-11-30T11:13:36.345Z [App] [bootstrap] Database connected 🔥 on development mode...
[ExpressJS] [INFO] - 2022-11-30T11:13:36.349Z [App] [listen] 🚀 App listening on the port 4000 ENV: development mode...
[ExpressJS] [INFO] - 2022-11-30T11:13:40.693Z [App] [bootstrap] Database connected 🔥 on development mode...
[ExpressJS] [INFO] - 2022-11-30T11:13:40.696Z [App] [listen] 🚀 App listening on the port 4000 ENV: development mode...
[ExpressJS] [INFO] - 2022-11-30T11:14:38.406Z [App] [bootstrap] Database connected 🔥 on development mode...
[ExpressJS] [INFO] - 2022-11-30T11:14:38.410Z [App] [listen] 🚀 App listening on the port 4000 ENV: development mode...
[ExpressJS] [INFO] - 2022-11-30T11:14:43.079Z [App] [bootstrap] Database connected 🔥 on development mode...
[ExpressJS] [INFO] - 2022-11-30T11:14:43.083Z [App] [listen] 🚀 App listening on the port 4000 ENV: development mode...
[ExpressJS] [INFO] - 2022-11-30T11:14:45.741Z [App] [bootstrap] Database connected 🔥 on development mode...
[ExpressJS] [INFO] - 2022-11-30T11:14:45.744Z [App] [listen] 🚀 App listening on the port 4000 ENV: development mode...
[ExpressJS] [INFO] - 2022-11-30T11:14:48.095Z [App] [bootstrap] Database connected 🔥 on development mode...
[ExpressJS] [INFO] - 2022-11-30T11:14:48.099Z [App] [listen] 🚀 App listening on the port 4000 ENV: development mode...
[ExpressJS] [INFO] - 2022-11-30T11:14:52.756Z [App] [bootstrap] Database connected 🔥 on development mode...
[ExpressJS] [INFO] - 2022-11-30T11:14:52.759Z [App] [listen] 🚀 App listening on the port 4000 ENV: development mode...
[ExpressJS] [INFO] - 2022-11-30T11:14:55.888Z [App] [bootstrap] Database connected 🔥 on development mode...
[ExpressJS] [INFO] - 2022-11-30T11:14:55.892Z [App] [listen] 🚀 App listening on the port 4000 ENV: development mode...
[ExpressJS] [INFO] - 2022-11-30T11:15:00.631Z [App] [bootstrap] Database connected 🔥 on development mode...
[ExpressJS] [INFO] - 2022-11-30T11:15:00.634Z [App] [listen] 🚀 App listening on the port 4000 ENV: development mode...
[ExpressJS] [INFO] - 2022-11-30T11:15:08.230Z [App] [bootstrap] Database connected 🔥 on development mode...
[ExpressJS] [INFO] - 2022-11-30T11:15:08.234Z [App] [listen] 🚀 App listening on the port 4000 ENV: development mode...
[ExpressJS] [INFO] - 2022-11-30T11:15:11.134Z [App] [bootstrap] Database connected 🔥 on development mode...
[ExpressJS] [INFO] - 2022-11-30T11:15:11.138Z [App] [listen] 🚀 App listening on the port 4000 ENV: development mode...
[ExpressJS] [INFO] - 2022-11-30T11:20:03.815Z [App] [bootstrap] Database connected 🔥 on development mode...
[ExpressJS] [INFO] - 2022-11-30T11:20:03.819Z [App] [listen] 🚀 App listening on the port 4000 ENV: development mode...
[ExpressJS] [INFO] - 2022-11-30T11:20:58.163Z [App] [bootstrap] Database connected 🔥 on development mode...
[ExpressJS] [INFO] - 2022-11-30T11:20:58.167Z [App] [listen] 🚀 App listening on the port 4000 ENV: development mode...
[ExpressJS] [INFO] - 2022-11-30T11:21:59.076Z [App] [bootstrap] Database connected 🔥 on development mode...
[ExpressJS] [INFO] - 2022-11-30T11:21:59.080Z [App] [listen] 🚀 App listening on the port 4000 ENV: development mode...
[ExpressJS] [INFO] - 2022-11-30T11:22:01.693Z [App] [bootstrap] Database connected 🔥 on development mode...
[ExpressJS] [INFO] - 2022-11-30T11:22:01.697Z [App] [listen] 🚀 App listening on the port 4000 ENV: development mode...
[ExpressJS] [INFO] - 2022-11-30T11:23:15.713Z [App] [bootstrap] Database connected 🔥 on development mode...
[ExpressJS] [INFO] - 2022-11-30T11:23:15.716Z [App] [listen] 🚀 App listening on the port 4000 ENV: development mode...
[ExpressJS] [INFO] - 2022-11-30T11:23:24.141Z [App] [bootstrap] Database connected 🔥 on development mode...
[ExpressJS] [INFO] - 2022-11-30T11:23:24.145Z [App] [listen] 🚀 App listening on the port 4000 ENV: development mode...
[ExpressJS] [INFO] - 2022-11-30T11:23:29.139Z [App] [bootstrap] Database connected 🔥 on development mode...
[ExpressJS] [INFO] - 2022-11-30T11:23:29.142Z [App] [listen] 🚀 App listening on the port 4000 ENV: development mode...
[ExpressJS] [INFO] - 2022-11-30T11:23:34.948Z [App] [bootstrap] Database connected 🔥 on development mode...
[ExpressJS] [INFO] - 2022-11-30T11:23:34.952Z [App] [listen] 🚀 App listening on the port 4000 ENV: development mode...
[ExpressJS] [INFO] - 2022-11-30T11:23:46.545Z [App] [bootstrap] Database connected 🔥 on development mode...
[ExpressJS] [INFO] - 2022-11-30T11:23:46.549Z [App] [listen] 🚀 App listening on the port 4000 ENV: development mode...
[ExpressJS] [INFO] - 2022-11-30T11:23:56.015Z [App] [bootstrap] Database connected 🔥 on development mode...
[ExpressJS] [INFO] - 2022-11-30T11:23:56.018Z [App] [listen] 🚀 App listening on the port 4000 ENV: development mode...
[ExpressJS] [INFO] - 2022-11-30T11:24:15.435Z [App] [bootstrap] Database connected 🔥 on development mode...
[ExpressJS] [INFO] - 2022-11-30T11:24:15.438Z [App] [listen] 🚀 App listening on the port 4000 ENV: development mode...
[ExpressJS] [INFO] - 2022-11-30T11:24:22.539Z [App] [bootstrap] Database connected 🔥 on development mode...
[ExpressJS] [INFO] - 2022-11-30T11:24:22.543Z [App] [listen] 🚀 App listening on the port 4000 ENV: development mode...
[ExpressJS] [INFO] - 2022-11-30T11:24:33.409Z [App] [bootstrap] Database connected 🔥 on development mode...
[ExpressJS] [INFO] - 2022-11-30T11:24:33.412Z [App] [listen] 🚀 App listening on the port 4000 ENV: development mode...
[ExpressJS] [INFO] - 2022-11-30T11:24:42.550Z [App] [bootstrap] Database connected 🔥 on development mode...
[ExpressJS] [INFO] - 2022-11-30T11:24:42.553Z [App] [listen] 🚀 App listening on the port 4000 ENV: development mode...
[ExpressJS] [INFO] - 2022-11-30T11:24:45.673Z [App] [bootstrap] Database connected 🔥 on development mode...
[ExpressJS] [INFO] - 2022-11-30T11:24:45.677Z [App] [listen] 🚀 App listening on the port 4000 ENV: development mode...
[ExpressJS] [INFO] - 2022-11-30T11:24:49.296Z [App] [bootstrap] Database connected 🔥 on development mode...
[ExpressJS] [INFO] - 2022-11-30T11:24:49.299Z [App] [listen] 🚀 App listening on the port 4000 ENV: development mode...
[ExpressJS] [INFO] - 2022-11-30T11:25:04.334Z [App] [bootstrap] Database connected 🔥 on development mode...
[ExpressJS] [INFO] - 2022-11-30T11:25:04.338Z [App] [listen] 🚀 App listening on the port 4000 ENV: development mode...
[ExpressJS] [INFO] - 2022-11-30T11:25:06.736Z [App] [bootstrap] Database connected 🔥 on development mode...
[ExpressJS] [INFO] - 2022-11-30T11:25:06.740Z [App] [listen] 🚀 App listening on the port 4000 ENV: development mode...
[ExpressJS] [INFO] - 2022-11-30T11:25:21.614Z [App] [bootstrap] Database connected 🔥 on development mode...
[ExpressJS] [INFO] - 2022-11-30T11:25:21.618Z [App] [listen] 🚀 App listening on the port 4000 ENV: development mode...
[ExpressJS] [INFO] - 2022-11-30T11:29:05.313Z [IndexController] [GET] [200] [health] Server is Up Ready to Rock! - /api/v1/health
[ExpressJS] [INFO] - 2022-11-30T11:32:30.217Z [App] [bootstrap] Database connected 🔥 on development mode...
[ExpressJS] [INFO] - 2022-11-30T11:32:30.222Z [App] [listen] 🚀 App listening on the port 4000 ENV: development mode...
[ExpressJS] [INFO] - 2022-11-30T11:32:35.681Z [App] [bootstrap] Database connected 🔥 on development mode...
[ExpressJS] [INFO] - 2022-11-30T11:32:35.686Z [App] [listen] 🚀 App listening on the port 4000 ENV: development mode...
[ExpressJS] [INFO] - 2022-11-30T11:32:50.289Z [App] [bootstrap] Database connected 🔥 on development mode...
[ExpressJS] [INFO] - 2022-11-30T11:32:50.293Z [App] [listen] 🚀 App listening on the port 4000 ENV: development mode...
[ExpressJS] [INFO] - 2022-11-30T12:41:01.311Z [App] [bootstrap] Database connected 🔥 on development mode...
[ExpressJS] [INFO] - 2022-11-30T12:41:01.315Z [App] [listen] 🚀 App listening on the port 4000 ENV: development mode...
[ExpressJS] [ERROR] - 2022-11-30T12:49:05.883ZUNCAUGHT EXCEPTION! Error: Function not implemented.
[ExpressJS] [ERROR] - 2022-11-30T12:49:11.279ZUNCAUGHT EXCEPTION! Error: Function not implemented.
[ExpressJS] [ERROR] - 2022-11-30T12:49:57.541ZUNCAUGHT EXCEPTION! Error: Function not implemented.
[ExpressJS] [INFO] - 2022-11-30T12:50:11.735Z [App] [bootstrap] Database connected 🔥 on development mode...
[ExpressJS] [INFO] - 2022-11-30T12:50:11.738Z [App] [listen] 🚀 App listening on the port 4000 ENV: development mode...
[] [INFO] - 2022-11-30T12:52:21.588Z [App] [bootstrap] Database connected 🔥 on development mode...
[] [INFO] - 2022-11-30T12:52:21.603Z [App] [listen] 🚀 App listening on the port 4000 ENV: development mode...
[ExpressJS] [INFO] - 2022-11-30T12:52:25.837Z [App] [bootstrap] Database connected 🔥 on development mode...
[ExpressJS] [INFO] - 2022-11-30T12:52:25.841Z [App] [listen] 🚀 App listening on the port 4000 ENV: development mode...
[ExpressJS] [INFO] - 2022-11-30T12:52:34.763Z [App] [bootstrap] Database connected 🔥 on development mode...
[ExpressJS] [INFO] - 2022-11-30T12:52:34.768Z [App] [listen] 🚀 App listening on the port 4000 ENV: development mode...
[ExpressJS] [INFO] - 2022-11-30T12:52:37.384Z [App] [bootstrap] Database connected 🔥 on development mode...
[ExpressJS] [INFO] - 2022-11-30T12:52:37.387Z [App] [listen] 🚀 App listening on the port 4000 ENV: development mode...
[ExpressJS] [INFO] - 2022-11-30T12:52:50.591Z [App] [bootstrap] Database connected 🔥 on development mode...
[ExpressJS] [INFO] - 2022-11-30T12:52:50.596Z [App] [listen] 🚀 App listening on the port 4000 ENV: development mode...
[dfghj] [INFO] - 2022-11-30T12:53:29.102Z [App] [bootstrap] Database connected 🔥 on development mode...
[dfghj] [INFO] - 2022-11-30T12:53:29.106Z [App] [listen] 🚀 App listening on the port 4000 ENV: development mode...
[Node] [INFO] - 2022-11-30T12:53:38.549Z [App] [bootstrap] Database connected 🔥 on development mode...
[Node] [INFO] - 2022-11-30T12:53:38.553Z [App] [listen] 🚀 App listening on the port 4000 ENV: development mode...
[Node] [INFO] - 2022-11-30T13:03:55.005Z [App] [bootstrap] Database connected 🔥 on development mode...
[Node] [INFO] - 2022-11-30T13:03:55.009Z [App] [listen] 🚀 App listening on the port 4000 ENV: development mode...
[Node] [INFO] - 2022-11-30T13:04:38.794Z [App] [bootstrap] Database connected 🔥 on development mode...
[Node] [INFO] - 2022-11-30T13:04:38.798Z [App] [listen] 🚀 App listening on the port 4000 ENV: development mode...
[Node] [INFO] - 2022-11-30T13:05:12.576Z [App] [bootstrap] Database connected 🔥 on development mode...
[Node] [INFO] - 2022-11-30T13:05:12.581Z [App] [listen] 🚀 App listening on the port 4000 ENV: development mode...
[Node] [INFO] - 2022-11-30T13:05:31.033Z [App] [bootstrap] Database connected 🔥 on development mode...
[Node] [INFO] - 2022-11-30T13:05:31.041Z [App] [listen] 🚀 App listening on the port 4000 ENV: development mode...
[Node] [INFO] - 2022-11-30T13:05:37.532Z [App] [bootstrap] Database connected 🔥 on development mode...
[Node] [INFO] - 2022-11-30T13:05:37.536Z [App] [listen] 🚀 App listening on the port 4000 ENV: development mode...
[Node] [INFO] - 2022-11-30T13:05:55.755Z [App] [bootstrap] Database connected 🔥 on development mode...
[Node] [INFO] - 2022-11-30T13:05:55.758Z [App] [listen] 🚀 App listening on the port 4000 ENV: development mode...
[Node] [INFO] - 2022-11-30T13:06:52.535Z [App] [bootstrap] Database connected 🔥 on development mode...
[Node] [INFO] - 2022-11-30T13:06:52.545Z [App] [listen] 🚀 App listening on the port 4000 ENV: development mode...
[Node] [INFO] - 2022-11-30T13:07:03.183Z [App] [bootstrap] Database connected 🔥 on development mode...
[Node] [INFO] - 2022-11-30T13:07:03.187Z [App] [listen] 🚀 App listening on the port 4000 ENV: development mode...
[Node] [INFO] - 2022-11-30T13:07:11.822Z [App] [bootstrap] Database connected 🔥 on development mode...
[Node] [INFO] - 2022-11-30T13:07:11.825Z [App] [listen] 🚀 App listening on the port 4000 ENV: development mode...
[Node] [INFO] - 2022-11-30T13:11:50.026Z [App] [bootstrap] Database connected 🔥 on development mode...
[Node] [INFO] - 2022-11-30T13:11:50.030Z [App] [listen] 🚀 App listening on the port 4000 ENV: development mode...
[Node] [INFO] - 2022-11-30T13:12:01.031Z [App] [bootstrap] Database connected 🔥 on development mode...
[Node] [INFO] - 2022-11-30T13:12:01.041Z [App] [listen] 🚀 App listening on the port 4000 ENV: development mode...
[Node] [INFO] - 2022-11-30T13:12:09.719Z [App] [bootstrap] Database connected 🔥 on development mode...
[Node] [INFO] - 2022-11-30T13:12:09.723Z [App] [listen] 🚀 App listening on the port 4000 ENV: development mode...
[Node] [INFO] - 2022-11-30T13:12:22.124Z [App] [bootstrap] Database connected 🔥 on development mode...
[Node] [INFO] - 2022-11-30T13:12:22.129Z [App] [listen] 🚀 App listening on the port 4000 ENV: development mode...
[Node] [INFO] - 2022-11-30T13:16:17.930Z [App] [bootstrap] Database connected 🔥 on development mode...
[Node] [INFO] - 2022-11-30T13:16:17.934Z [App] [listen] 🚀 App listening on the port 4000 ENV: development mode...
[Node] [INFO] - 2022-11-30T13:16:21.869Z [App] [bootstrap] Database connected 🔥 on development mode...
[Node] [INFO] - 2022-11-30T13:16:21.874Z [App] [listen] 🚀 App listening on the port 4000 ENV: development mode...
[Node] [INFO] - 2022-11-30T13:16:57.842Z [App] [bootstrap] Database connected 🔥 on development mode...
[Node] [INFO] - 2022-11-30T13:16:57.846Z [App] [listen] 🚀 App listening on the port 4000 ENV: development mode...
[Node] [INFO] - 2022-11-30T13:18:12.719Z [App] [bootstrap] Database connected 🔥 on development mode...
[Node] [INFO] - 2022-11-30T13:18:12.723Z [App] [listen] 🚀 App listening on the port 4000 ENV: development mode...
[Node] [INFO] - 2022-11-30T13:18:36.095Z [App] [bootstrap] Database connected 🔥 on development mode...
[Node] [INFO] - 2022-11-30T13:18:36.099Z [App] [listen] 🚀 App listening on the port 4000 ENV: development mode...
[Node] [INFO] - 2022-11-30T13:18:40.015Z [App] [bootstrap] Database connected 🔥 on development mode...
[Node] [INFO] - 2022-11-30T13:18:40.019Z [App] [listen] 🚀 App listening on the port 4000 ENV: development mode...
[Node] [INFO] - 2022-11-30T13:18:51.699Z [App] [bootstrap] Database connected 🔥 on development mode...
[Node] [INFO] - 2022-11-30T13:18:51.703Z [App] [listen] 🚀 App listening on the port 4000 ENV: development mode...
[Node] [INFO] - 2022-11-30T13:18:55.098Z [App] [bootstrap] Database connected 🔥 on development mode...
[Node] [INFO] - 2022-11-30T13:18:55.103Z [App] [listen] 🚀 App listening on the port 4000 ENV: development mode...
[Node] [INFO] - 2022-11-30T13:19:00.091Z [App] [bootstrap] Database connected 🔥 on development mode...
[Node] [INFO] - 2022-11-30T13:19:00.095Z [App] [listen] 🚀 App listening on the port 4000 ENV: development mode...
[Node] [INFO] - 2022-11-30T13:19:04.512Z [App] [bootstrap] Database connected 🔥 on development mode...
[Node] [INFO] - 2022-11-30T13:19:04.516Z [App] [listen] 🚀 App listening on the port 4000 ENV: development mode...
[Node] [INFO] - 2022-11-30T13:19:08.773Z [App] [bootstrap] Database connected 🔥 on development mode...
[Node] [INFO] - 2022-11-30T13:19:08.777Z [App] [listen] 🚀 App listening on the port 4000 ENV: development mode...
[Node] [INFO] - 2022-11-30T13:19:12.734Z [App] [bootstrap] Database connected 🔥 on development mode...
[Node] [INFO] - 2022-11-30T13:19:12.738Z [App] [listen] 🚀 App listening on the port 4000 ENV: development mode...
[Node] [INFO] - 2022-11-30T13:19:17.322Z [App] [bootstrap] Database connected 🔥 on development mode...
[Node] [INFO] - 2022-11-30T13:19:17.325Z [App] [listen] 🚀 App listening on the port 4000 ENV: development mode...
[Node] [INFO] - 2022-11-30T13:19:22.369Z [App] [bootstrap] Database connected 🔥 on development mode...
[Node] [INFO] - 2022-11-30T13:19:22.384Z [App] [listen] 🚀 App listening on the port 4000 ENV: development mode...
[Node] [INFO] - 2022-11-30T13:19:24.841Z [App] [bootstrap] Database connected 🔥 on development mode...
[Node] [INFO] - 2022-11-30T13:19:24.844Z [App] [listen] 🚀 App listening on the port 4000 ENV: development mode...
[Node] [INFO] - 2022-11-30T13:21:59.741Z [App] [bootstrap] Database connected 🔥 on development mode...
[Node] [INFO] - 2022-11-30T13:21:59.745Z [App] [listen] 🚀 App listening on the port 4000 ENV: development mode...
[Node] [INFO] - 2022-11-30T13:22:51.639Z [App] [bootstrap] Database connected 🔥 on development mode...
[Node] [INFO] - 2022-11-30T13:22:51.643Z [App] [listen] 🚀 App listening on the port 4000 ENV: development mode...
[Node] [INFO] - 2022-11-30T13:33:26.545Z [App] [bootstrap] Database connected 🔥 on development mode...
[Node] [INFO] - 2022-11-30T13:33:26.551Z [App] [listen] 🚀 App listening on the port 4000 ENV: development mode...
[Node] [INFO] - 2022-11-30T13:38:36.148Z [App] [bootstrap] Database connected 🔥 on development mode...
[Node] [INFO] - 2022-11-30T13:38:36.153Z [App] [listen] 🚀 App listening on the port 4000 ENV: development mode...
[Node] [INFO] - 2022-11-30T13:39:21.435Z [App] [bootstrap] Database connected 🔥 on development mode...
[Node] [INFO] - 2022-11-30T13:39:21.440Z [App] [listen] 🚀 App listening on the port 4000 ENV: development mode...
