[Node] [INFO] - 2022-12-09T05:33:21.905Z [App] [bootstrap] Database connected 🔥 on development mode...
[Node] [INFO] - 2022-12-09T05:33:21.908Z [App] [listen] 🚀 App listening on the port 4001 ENV: development mode...
[Node] [INFO] - 2022-12-09T05:34:18.600Z [App] [bootstrap] Database connected 🔥 on development mode...
[Node] [INFO] - 2022-12-09T05:34:18.603Z [App] [listen] 🚀 App listening on the port 4001 ENV: development mode...
[Node] [INFO] - 2022-12-09T05:35:20.826Z [App] [bootstrap] Database connected 🔥 on development mode...
[Node] [INFO] - 2022-12-09T05:35:20.830Z [App] [listen] 🚀 App listening on the port 4001 ENV: development mode...
[Node] [ERROR] - 2022-12-09T05:35:29.836ZUNCAUGHT REJECTION! TSError: ⨯ Unable to compile TypeScript:
[96msrc/databases/models/birthdayReminder.ts[0m:[93m4[0m:[93m40[0m - [91merror[0m[90m TS2709: [0mCannot use namespace 'DataTypes' as a type.

[7m4[0m export default (connection, DataTypes: DataTypes) => {
[7m [0m [91m                                       ~~~~~~~~~[0m

[Node] [INFO] - 2022-12-09T05:35:30.008Z [App] [bootstrap] Database connected 🔥 on development mode...
[Node] [INFO] - 2022-12-09T05:35:30.011Z [App] [listen] 🚀 App listening on the port 4001 ENV: development mode...
[Node] [ERROR] - 2022-12-09T05:35:39.166ZUNCAUGHT REJECTION! TSError: ⨯ Unable to compile TypeScript:
[96msrc/databases/models/birthdayReminder.ts[0m:[93m4[0m:[93m40[0m - [91merror[0m[90m TS1110: [0mType expected.

[7m4[0m export default (connection, DataTypes: ) => {
[7m [0m [91m                                       ~[0m

[Node] [INFO] - 2022-12-09T05:35:39.336Z [App] [bootstrap] Database connected 🔥 on development mode...
[Node] [INFO] - 2022-12-09T05:35:39.339Z [App] [listen] 🚀 App listening on the port 4001 ENV: development mode...
[Node] [ERROR] - 2022-12-09T05:35:51.083ZUNCAUGHT REJECTION! TSError: ⨯ Unable to compile TypeScript:
[96msrc/databases/models/birthdayReminder.ts[0m:[93m4[0m:[93m39[0m - [91merror[0m[90m TS2304: [0mCannot find name 'Da'.

[7m4[0m export default (connection, DataTypes:Da ) => {
[7m [0m [91m                                      ~~[0m

[Node] [INFO] - 2022-12-09T05:35:51.262Z [App] [bootstrap] Database connected 🔥 on development mode...
[Node] [INFO] - 2022-12-09T05:35:51.265Z [App] [listen] 🚀 App listening on the port 4001 ENV: development mode...
[Node] [INFO] - 2022-12-09T05:36:12.748Z [App] [bootstrap] Database connected 🔥 on development mode...
[Node] [INFO] - 2022-12-09T05:36:12.752Z [App] [listen] 🚀 App listening on the port 4001 ENV: development mode...
[Node] [INFO] - 2022-12-09T05:36:23.805Z [App] [bootstrap] Database connected 🔥 on development mode...
[Node] [INFO] - 2022-12-09T05:36:23.809Z [App] [listen] 🚀 App listening on the port 4001 ENV: development mode...
[Node] [INFO] - 2022-12-09T05:36:43.467Z [App] [bootstrap] Database connected 🔥 on development mode...
[Node] [INFO] - 2022-12-09T05:36:43.471Z [App] [listen] 🚀 App listening on the port 4001 ENV: development mode...
[Node] [ERROR] - 2022-12-09T05:36:59.374ZUNCAUGHT REJECTION! TSError: ⨯ Unable to compile TypeScript:
[96msrc/databases/models/branch.ts[0m:[93m67[0m:[93m11[0m - [91merror[0m[90m TS2304: [0mCannot find name 'birthdayReminder'.

[7m67[0m   return (birthdayReminder as any);
[7m  [0m [91m          ~~~~~~~~~~~~~~~~[0m

[Node] [INFO] - 2022-12-09T05:36:59.615Z [App] [bootstrap] Database connected 🔥 on development mode...
[Node] [INFO] - 2022-12-09T05:36:59.617Z [App] [listen] 🚀 App listening on the port 4001 ENV: development mode...
[Node] [INFO] - 2022-12-09T05:37:20.855Z [App] [bootstrap] Database connected 🔥 on development mode...
[Node] [INFO] - 2022-12-09T05:37:20.859Z [App] [listen] 🚀 App listening on the port 4001 ENV: development mode...
[Node] [INFO] - 2022-12-09T05:37:29.365Z [App] [bootstrap] Database connected 🔥 on development mode...
[Node] [INFO] - 2022-12-09T05:37:29.369Z [App] [listen] 🚀 App listening on the port 4001 ENV: development mode...
[Node] [ERROR] - 2022-12-09T05:37:35.025ZUNCAUGHT REJECTION! TSError: ⨯ Unable to compile TypeScript:
[96msrc/databases/models/template.ts[0m:[93m53[0m:[93m11[0m - [91merror[0m[90m TS2304: [0mCannot find name 'birthdayReminder'.

[7m53[0m   return (birthdayReminder as any);
[7m  [0m [91m          ~~~~~~~~~~~~~~~~[0m

[Node] [INFO] - 2022-12-09T05:37:35.225Z [App] [bootstrap] Database connected 🔥 on development mode...
[Node] [INFO] - 2022-12-09T05:37:35.228Z [App] [listen] 🚀 App listening on the port 4001 ENV: development mode...
[Node] [INFO] - 2022-12-09T05:37:41.604Z [App] [bootstrap] Database connected 🔥 on development mode...
[Node] [INFO] - 2022-12-09T05:37:41.607Z [App] [listen] 🚀 App listening on the port 4001 ENV: development mode...
[Node] [INFO] - 2022-12-09T05:37:53.675Z [App] [bootstrap] Database connected 🔥 on development mode...
[Node] [INFO] - 2022-12-09T05:37:53.679Z [App] [listen] 🚀 App listening on the port 4001 ENV: development mode...
[Node] [INFO] - 2022-12-09T05:38:08.931Z [App] [bootstrap] Database connected 🔥 on development mode...
[Node] [INFO] - 2022-12-09T05:38:08.934Z [App] [listen] 🚀 App listening on the port 4001 ENV: development mode...
[Node] [INFO] - 2022-12-09T05:38:16.228Z [App] [bootstrap] Database connected 🔥 on development mode...
[Node] [INFO] - 2022-12-09T05:38:16.232Z [App] [listen] 🚀 App listening on the port 4001 ENV: development mode...
[Node] [INFO] - 2022-12-09T05:38:32.633Z [App] [bootstrap] Database connected 🔥 on development mode...
[Node] [INFO] - 2022-12-09T05:38:32.636Z [App] [listen] 🚀 App listening on the port 4001 ENV: development mode...
[Node] [INFO] - 2022-12-09T05:39:09.192Z [App] [bootstrap] Database connected 🔥 on development mode...
[Node] [INFO] - 2022-12-09T05:39:09.195Z [App] [listen] 🚀 App listening on the port 4001 ENV: development mode...
[Node] [INFO] - 2022-12-09T05:40:00.869Z [App] [bootstrap] Database connected 🔥 on development mode...
[Node] [INFO] - 2022-12-09T05:40:00.873Z [App] [listen] 🚀 App listening on the port 4001 ENV: development mode...
[Node] [INFO] - 2022-12-09T05:40:35.023Z [App] [bootstrap] Database connected 🔥 on development mode...
[Node] [INFO] - 2022-12-09T05:40:35.026Z [App] [listen] 🚀 App listening on the port 4001 ENV: development mode...
[Node] [INFO] - 2022-12-09T05:40:48.328Z [App] [bootstrap] Database connected 🔥 on development mode...
[Node] [INFO] - 2022-12-09T05:40:48.332Z [App] [listen] 🚀 App listening on the port 4001 ENV: development mode...
[Node] [INFO] - 2022-12-09T05:41:02.095Z [App] [bootstrap] Database connected 🔥 on development mode...
[Node] [INFO] - 2022-12-09T05:41:02.099Z [App] [listen] 🚀 App listening on the port 4001 ENV: development mode...
[Node] [ERROR] - 2022-12-09T05:41:18.720ZUNCAUGHT REJECTION! TypeError: Cannot read properties of undefined (reading 'BIGINT')
[Node] [ERROR] - 2022-12-09T05:41:18.723ZUNCAUGHT REJECTION! TypeError: Cannot read properties of undefined (reading 'BIGINT')
[Node] [ERROR] - 2022-12-09T05:41:18.724ZUNCAUGHT REJECTION! TypeError: Cannot read properties of undefined (reading 'BIGINT')
[Node] [ERROR] - 2022-12-09T05:41:18.725ZUNCAUGHT REJECTION! TypeError: Cannot read properties of undefined (reading 'BIGINT')
[Node] [ERROR] - 2022-12-09T05:41:18.725ZUNCAUGHT REJECTION! TypeError: Cannot read properties of undefined (reading 'BIGINT')
[Node] [ERROR] - 2022-12-09T05:41:18.726ZUNCAUGHT REJECTION! TypeError: Cannot read properties of undefined (reading 'BIGINT')
[Node] [ERROR] - 2022-12-09T05:41:18.726ZUNCAUGHT REJECTION! TypeError: Cannot read properties of undefined (reading 'BIGINT')
[Node] [ERROR] - 2022-12-09T05:41:18.727ZUNCAUGHT REJECTION! TypeError: Cannot read properties of undefined (reading 'BIGINT')
[Node] [ERROR] - 2022-12-09T05:41:18.727ZUNCAUGHT REJECTION! TypeError: Cannot read properties of undefined (reading 'BIGINT')
[Node] [INFO] - 2022-12-09T05:41:18.908Z [App] [bootstrap] Database connected 🔥 on development mode...
[Node] [INFO] - 2022-12-09T05:41:18.910Z [App] [listen] 🚀 App listening on the port 4001 ENV: development mode...
[Node] [INFO] - 2022-12-09T05:41:31.510Z [App] [bootstrap] Database connected 🔥 on development mode...
[Node] [INFO] - 2022-12-09T05:41:31.514Z [App] [listen] 🚀 App listening on the port 4001 ENV: development mode...
[Node] [INFO] - 2022-12-09T05:41:47.632Z [App] [bootstrap] Database connected 🔥 on development mode...
[Node] [INFO] - 2022-12-09T05:41:47.635Z [App] [listen] 🚀 App listening on the port 4001 ENV: development mode...
[Node] [INFO] - 2022-12-09T05:42:04.750Z [App] [bootstrap] Database connected 🔥 on development mode...
[Node] [INFO] - 2022-12-09T05:42:04.753Z [App] [listen] 🚀 App listening on the port 4001 ENV: development mode...
[Node] [INFO] - 2022-12-09T05:42:54.467Z [App] [bootstrap] Database connected 🔥 on development mode...
[Node] [INFO] - 2022-12-09T05:42:54.471Z [App] [listen] 🚀 App listening on the port 4001 ENV: development mode...
[Node] [INFO] - 2022-12-09T05:43:11.190Z [App] [bootstrap] Database connected 🔥 on development mode...
[Node] [INFO] - 2022-12-09T05:43:11.194Z [App] [listen] 🚀 App listening on the port 4001 ENV: development mode...
[Node] [INFO] - 2022-12-09T05:43:21.029Z [App] [bootstrap] Database connected 🔥 on development mode...
[Node] [INFO] - 2022-12-09T05:43:21.033Z [App] [listen] 🚀 App listening on the port 4001 ENV: development mode...
[Node] [INFO] - 2022-12-09T05:45:02.942Z [App] [bootstrap] Database connected 🔥 on development mode...
[Node] [INFO] - 2022-12-09T05:45:02.946Z [App] [listen] 🚀 App listening on the port 4001 ENV: development mode...
[Node] [INFO] - 2022-12-09T05:45:10.659Z [App] [bootstrap] Database connected 🔥 on development mode...
[Node] [INFO] - 2022-12-09T05:45:10.663Z [App] [listen] 🚀 App listening on the port 4001 ENV: development mode...
[Node] [INFO] - 2022-12-09T05:45:17.200Z [App] [bootstrap] Database connected 🔥 on development mode...
[Node] [INFO] - 2022-12-09T05:45:17.204Z [App] [listen] 🚀 App listening on the port 4001 ENV: development mode...
[Node] [INFO] - 2022-12-09T05:45:28.403Z [App] [bootstrap] Database connected 🔥 on development mode...
[Node] [INFO] - 2022-12-09T05:45:28.407Z [App] [listen] 🚀 App listening on the port 4001 ENV: development mode...
[Node] [INFO] - 2022-12-09T05:45:34.706Z [App] [bootstrap] Database connected 🔥 on development mode...
[Node] [INFO] - 2022-12-09T05:45:34.710Z [App] [listen] 🚀 App listening on the port 4001 ENV: development mode...
[Node] [INFO] - 2022-12-09T05:45:51.083Z [App] [bootstrap] Database connected 🔥 on development mode...
[Node] [INFO] - 2022-12-09T05:45:51.086Z [App] [listen] 🚀 App listening on the port 4001 ENV: development mode...
[Node] [INFO] - 2022-12-09T05:46:13.399Z [App] [bootstrap] Database connected 🔥 on development mode...
[Node] [INFO] - 2022-12-09T05:46:13.402Z [App] [listen] 🚀 App listening on the port 4001 ENV: development mode...
[Node] [INFO] - 2022-12-09T05:46:36.321Z [App] [bootstrap] Database connected 🔥 on development mode...
[Node] [INFO] - 2022-12-09T05:46:36.325Z [App] [listen] 🚀 App listening on the port 4001 ENV: development mode...
[Node] [INFO] - 2022-12-09T05:46:56.749Z [App] [bootstrap] Database connected 🔥 on development mode...
[Node] [INFO] - 2022-12-09T05:46:56.753Z [App] [listen] 🚀 App listening on the port 4001 ENV: development mode...
[Node] [INFO] - 2022-12-09T05:47:41.872Z [App] [bootstrap] Database connected 🔥 on development mode...
[Node] [INFO] - 2022-12-09T05:47:41.876Z [App] [listen] 🚀 App listening on the port 4001 ENV: development mode...
[Node] [INFO] - 2022-12-09T05:47:50.720Z [App] [bootstrap] Database connected 🔥 on development mode...
[Node] [INFO] - 2022-12-09T05:47:50.724Z [App] [listen] 🚀 App listening on the port 4001 ENV: development mode...
[Node] [INFO] - 2022-12-09T05:48:02.848Z [App] [bootstrap] Database connected 🔥 on development mode...
[Node] [INFO] - 2022-12-09T05:48:02.851Z [App] [listen] 🚀 App listening on the port 4001 ENV: development mode...
[Node] [INFO] - 2022-12-09T05:48:28.534Z [App] [bootstrap] Database connected 🔥 on development mode...
[Node] [INFO] - 2022-12-09T05:48:28.538Z [App] [listen] 🚀 App listening on the port 4001 ENV: development mode...
[Node] [INFO] - 2022-12-09T05:48:35.428Z [App] [bootstrap] Database connected 🔥 on development mode...
[Node] [INFO] - 2022-12-09T05:48:35.432Z [App] [listen] 🚀 App listening on the port 4001 ENV: development mode...
[Node] [INFO] - 2022-12-09T05:48:52.455Z [App] [bootstrap] Database connected 🔥 on development mode...
[Node] [INFO] - 2022-12-09T05:48:52.458Z [App] [listen] 🚀 App listening on the port 4001 ENV: development mode...
[Node] [INFO] - 2022-12-09T05:49:56.839Z [App] [bootstrap] Database connected 🔥 on development mode...
[Node] [INFO] - 2022-12-09T05:49:56.843Z [App] [listen] 🚀 App listening on the port 4001 ENV: development mode...
[Node] [INFO] - 2022-12-09T05:50:32.767Z [App] [bootstrap] Database connected 🔥 on development mode...
[Node] [INFO] - 2022-12-09T05:50:32.770Z [App] [listen] 🚀 App listening on the port 4001 ENV: development mode...
[Node] [INFO] - 2022-12-09T05:50:48.983Z [App] [bootstrap] Database connected 🔥 on development mode...
[Node] [INFO] - 2022-12-09T05:50:48.986Z [App] [listen] 🚀 App listening on the port 4001 ENV: development mode...
[Node] [INFO] - 2022-12-09T05:52:34.350Z [App] [bootstrap] Database connected 🔥 on development mode...
[Node] [INFO] - 2022-12-09T05:52:38.315Z [App] [bootstrap] Database connected 🔥 on development mode...
[Node] [INFO] - 2022-12-09T05:52:38.319Z [App] [listen] 🚀 App listening on the port 4001 ENV: development mode...
[Node] [INFO] - 2022-12-09T05:52:46.828Z [App] [bootstrap] Database connected 🔥 on development mode...
[Node] [INFO] - 2022-12-09T05:52:46.832Z [App] [listen] 🚀 App listening on the port 4001 ENV: development mode...
[Node] [INFO] - 2022-12-09T05:53:25.281Z [App] [bootstrap] Database connected 🔥 on development mode...
[Node] [INFO] - 2022-12-09T05:53:25.285Z [App] [listen] 🚀 App listening on the port 4001 ENV: development mode...
[Node] [INFO] - 2022-12-09T05:53:31.113Z [App] [bootstrap] Database connected 🔥 on development mode...
[Node] [INFO] - 2022-12-09T05:53:31.116Z [App] [listen] 🚀 App listening on the port 4001 ENV: development mode...
[Node] [INFO] - 2022-12-09T05:53:58.309Z [App] [bootstrap] Database connected 🔥 on development mode...
[Node] [INFO] - 2022-12-09T05:53:58.313Z [App] [listen] 🚀 App listening on the port 4001 ENV: development mode...
[Node] [INFO] - 2022-12-09T05:54:04.546Z [App] [bootstrap] Database connected 🔥 on development mode...
[Node] [INFO] - 2022-12-09T05:54:04.550Z [App] [listen] 🚀 App listening on the port 4001 ENV: development mode...
[Node] [INFO] - 2022-12-09T05:54:17.304Z [App] [bootstrap] Database connected 🔥 on development mode...
[Node] [INFO] - 2022-12-09T05:54:17.308Z [App] [listen] 🚀 App listening on the port 4001 ENV: development mode...
[Node] [INFO] - 2022-12-09T05:55:43.868Z [App] [bootstrap] Database connected 🔥 on development mode...
[Node] [INFO] - 2022-12-09T05:55:43.872Z [App] [listen] 🚀 App listening on the port 4001 ENV: development mode...
[Node] [INFO] - 2022-12-09T05:55:49.463Z [App] [bootstrap] Database connected 🔥 on development mode...
[Node] [INFO] - 2022-12-09T05:55:49.467Z [App] [listen] 🚀 App listening on the port 4001 ENV: development mode...
[Node] [INFO] - 2022-12-09T05:56:16.025Z [App] [bootstrap] Database connected 🔥 on development mode...
[Node] [INFO] - 2022-12-09T05:56:16.029Z [App] [listen] 🚀 App listening on the port 4001 ENV: development mode...
[Node] [INFO] - 2022-12-09T05:56:43.384Z [App] [bootstrap] Database connected 🔥 on development mode...
[Node] [INFO] - 2022-12-09T05:56:43.388Z [App] [listen] 🚀 App listening on the port 4001 ENV: development mode...
[Node] [INFO] - 2022-12-09T05:57:15.636Z [App] [bootstrap] Database connected 🔥 on development mode...
[Node] [INFO] - 2022-12-09T05:57:15.639Z [App] [listen] 🚀 App listening on the port 4001 ENV: development mode...
[Node] [INFO] - 2022-12-09T05:57:21.400Z [App] [bootstrap] Database connected 🔥 on development mode...
[Node] [INFO] - 2022-12-09T05:57:21.404Z [App] [listen] 🚀 App listening on the port 4001 ENV: development mode...
[Node] [INFO] - 2022-12-09T05:57:27.263Z [App] [bootstrap] Database connected 🔥 on development mode...
[Node] [INFO] - 2022-12-09T05:57:27.267Z [App] [listen] 🚀 App listening on the port 4001 ENV: development mode...
[Node] [INFO] - 2022-12-09T06:22:59.836Z [App] [bootstrap] Database connected 🔥 on development mode...
[Node] [INFO] - 2022-12-09T06:22:59.839Z [App] [listen] 🚀 App listening on the port 4001 ENV: development mode...
[Node] [INFO] - 2022-12-09T06:24:09.576Z [App] [bootstrap] Database connected 🔥 on development mode...
[Node] [INFO] - 2022-12-09T06:24:09.580Z [App] [listen] 🚀 App listening on the port 4001 ENV: development mode...
[Node] [INFO] - 2022-12-09T06:24:17.237Z [App] [bootstrap] Database connected 🔥 on development mode...
[Node] [INFO] - 2022-12-09T06:24:17.241Z [App] [listen] 🚀 App listening on the port 4001 ENV: development mode...
[Node] [INFO] - 2022-12-09T06:24:23.202Z [App] [bootstrap] Database connected 🔥 on development mode...
[Node] [INFO] - 2022-12-09T06:24:23.206Z [App] [listen] 🚀 App listening on the port 4001 ENV: development mode...
[Node] [INFO] - 2022-12-09T06:24:47.821Z [App] [bootstrap] Database connected 🔥 on development mode...
[Node] [INFO] - 2022-12-09T06:24:47.824Z [App] [listen] 🚀 App listening on the port 4001 ENV: development mode...
[Node] [INFO] - 2022-12-09T06:25:51.242Z [App] [bootstrap] Database connected 🔥 on development mode...
[Node] [INFO] - 2022-12-09T06:26:17.028Z [App] [bootstrap] Database connected 🔥 on development mode...
[Node] [INFO] - 2022-12-09T06:26:17.032Z [App] [listen] 🚀 App listening on the port 4001 ENV: development mode...
[Node] [INFO] - 2022-12-09T06:28:16.206Z [App] [bootstrap] Database connected 🔥 on development mode...
[Node] [INFO] - 2022-12-09T06:28:16.210Z [App] [listen] 🚀 App listening on the port 4001 ENV: development mode...
[Node] [INFO] - 2022-12-09T06:28:21.189Z [App] [bootstrap] Database connected 🔥 on development mode...
[Node] [INFO] - 2022-12-09T06:28:21.192Z [App] [listen] 🚀 App listening on the port 4001 ENV: development mode...
[Node] [INFO] - 2022-12-09T06:28:31.554Z [App] [bootstrap] Database connected 🔥 on development mode...
[Node] [INFO] - 2022-12-09T06:28:31.557Z [App] [listen] 🚀 App listening on the port 4001 ENV: development mode...
[Node] [INFO] - 2022-12-09T06:28:37.489Z [App] [bootstrap] Database connected 🔥 on development mode...
[Node] [INFO] - 2022-12-09T06:28:37.493Z [App] [listen] 🚀 App listening on the port 4001 ENV: development mode...
[Node] [INFO] - 2022-12-09T06:28:51.569Z [App] [bootstrap] Database connected 🔥 on development mode...
[Node] [INFO] - 2022-12-09T06:28:51.573Z [App] [listen] 🚀 App listening on the port 4001 ENV: development mode...
[Node] [INFO] - 2022-12-09T06:29:48.429Z [App] [bootstrap] Database connected 🔥 on development mode...
[Node] [INFO] - 2022-12-09T06:29:48.433Z [App] [listen] 🚀 App listening on the port 4001 ENV: development mode...
[Node] [INFO] - 2022-12-09T06:30:07.483Z [App] [bootstrap] Database connected 🔥 on development mode...
[Node] [INFO] - 2022-12-09T06:30:07.486Z [App] [listen] 🚀 App listening on the port 4001 ENV: development mode...
[Node] [INFO] - 2022-12-09T06:30:13.607Z [App] [bootstrap] Database connected 🔥 on development mode...
[Node] [INFO] - 2022-12-09T06:30:13.611Z [App] [listen] 🚀 App listening on the port 4001 ENV: development mode...
[Node] [INFO] - 2022-12-09T06:30:27.038Z [App] [bootstrap] Database connected 🔥 on development mode...
[Node] [INFO] - 2022-12-09T06:30:27.042Z [App] [listen] 🚀 App listening on the port 4001 ENV: development mode...
[Node] [INFO] - 2022-12-09T06:30:44.797Z [App] [bootstrap] Database connected 🔥 on development mode...
[Node] [INFO] - 2022-12-09T06:30:44.802Z [App] [listen] 🚀 App listening on the port 4001 ENV: development mode...
[Node] [INFO] - 2022-12-09T06:30:56.370Z [App] [bootstrap] Database connected 🔥 on development mode...
[Node] [INFO] - 2022-12-09T06:30:56.373Z [App] [listen] 🚀 App listening on the port 4001 ENV: development mode...
[Node] [INFO] - 2022-12-09T06:31:13.450Z [App] [bootstrap] Database connected 🔥 on development mode...
[Node] [INFO] - 2022-12-09T06:31:13.454Z [App] [listen] 🚀 App listening on the port 4001 ENV: development mode...
[Node] [INFO] - 2022-12-09T06:31:23.744Z [App] [bootstrap] Database connected 🔥 on development mode...
[Node] [INFO] - 2022-12-09T06:31:23.748Z [App] [listen] 🚀 App listening on the port 4001 ENV: development mode...
[Node] [ERROR] - 2022-12-09T06:31:30.848Z500 - /api/v1/getAll [GET] - Cannot read properties of undefined (reading 'findAll') 
[Node] [INFO] - 2022-12-09T06:32:09.627Z [App] [bootstrap] Database connected 🔥 on development mode...
[Node] [INFO] - 2022-12-09T06:32:09.631Z [App] [listen] 🚀 App listening on the port 4001 ENV: development mode...
[Node] [INFO] - 2022-12-09T06:32:30.233Z [App] [bootstrap] Database connected 🔥 on development mode...
[Node] [INFO] - 2022-12-09T06:32:30.238Z [App] [listen] 🚀 App listening on the port 4001 ENV: development mode...
[Node] [ERROR] - 2022-12-09T06:32:33.623Z500 - /api/v1/getAll [GET] - Cannot read properties of undefined (reading 'findAll') 
[Node] [INFO] - 2022-12-09T06:34:34.363Z [App] [bootstrap] Database connected 🔥 on development mode...
[Node] [INFO] - 2022-12-09T06:34:34.366Z [App] [listen] 🚀 App listening on the port 4001 ENV: development mode...
[Node] [ERROR] - 2022-12-09T06:34:36.553Z500 - /api/v1/getAll [GET] - Cannot read properties of undefined (reading 'findAll') 
[Node] [INFO] - 2022-12-09T06:35:05.713Z [App] [bootstrap] Database connected 🔥 on development mode...
[Node] [INFO] - 2022-12-09T06:35:05.717Z [App] [listen] 🚀 App listening on the port 4001 ENV: development mode...
[Node] [INFO] - 2022-12-09T06:35:15.741Z [App] [bootstrap] Database connected 🔥 on development mode...
[Node] [INFO] - 2022-12-09T06:35:15.744Z [App] [listen] 🚀 App listening on the port 4001 ENV: development mode...
[Node] [INFO] - 2022-12-09T06:35:20.862Z [App] [bootstrap] Database connected 🔥 on development mode...
[Node] [INFO] - 2022-12-09T06:35:20.867Z [App] [listen] 🚀 App listening on the port 4001 ENV: development mode...
[Node] [ERROR] - 2022-12-09T06:35:21.576Z500 - /api/v1/getAll [GET] - Cannot read properties of undefined (reading 'findAll') 
[Node] [ERROR] - 2022-12-09T06:35:22.313Z500 - /api/v1/getAll [GET] - Cannot read properties of undefined (reading 'findAll') 
[Node] [ERROR] - 2022-12-09T06:35:22.859Z500 - /api/v1/getAll [GET] - Cannot read properties of undefined (reading 'findAll') 
[Node] [INFO] - 2022-12-09T06:35:48.075Z [App] [bootstrap] Database connected 🔥 on development mode...
[Node] [INFO] - 2022-12-09T06:35:48.080Z [App] [listen] 🚀 App listening on the port 4001 ENV: development mode...
[Node] [INFO] - 2022-12-09T06:36:01.286Z [App] [bootstrap] Database connected 🔥 on development mode...
[Node] [INFO] - 2022-12-09T06:36:01.290Z [App] [listen] 🚀 App listening on the port 4001 ENV: development mode...
[Node] [INFO] - 2022-12-09T06:36:07.706Z [App] [bootstrap] Database connected 🔥 on development mode...
[Node] [INFO] - 2022-12-09T06:36:07.711Z [App] [listen] 🚀 App listening on the port 4001 ENV: development mode...
[Node] [ERROR] - 2022-12-09T06:36:08.308Z500 - /api/v1/getAll [GET] - Cannot read properties of undefined (reading 'findAll') 
[Node] [INFO] - 2022-12-09T06:37:10.881Z [App] [bootstrap] Database connected 🔥 on development mode...
[Node] [INFO] - 2022-12-09T06:37:10.885Z [App] [listen] 🚀 App listening on the port 4001 ENV: development mode...
[Node] [INFO] - 2022-12-09T06:37:24.931Z [App] [bootstrap] Database connected 🔥 on development mode...
[Node] [INFO] - 2022-12-09T06:37:24.935Z [App] [listen] 🚀 App listening on the port 4001 ENV: development mode...
[Node] [INFO] - 2022-12-09T06:37:36.133Z [App] [bootstrap] Database connected 🔥 on development mode...
[Node] [INFO] - 2022-12-09T06:37:36.137Z [App] [listen] 🚀 App listening on the port 4001 ENV: development mode...
[Node] [INFO] - 2022-12-09T06:38:11.910Z [App] [bootstrap] Database connected 🔥 on development mode...
[Node] [INFO] - 2022-12-09T06:38:11.915Z [App] [listen] 🚀 App listening on the port 4001 ENV: development mode...
[Node] [INFO] - 2022-12-09T06:38:34.601Z [App] [bootstrap] Database connected 🔥 on development mode...
[Node] [INFO] - 2022-12-09T06:38:34.605Z [App] [listen] 🚀 App listening on the port 4001 ENV: development mode...
[Node] [INFO] - 2022-12-09T06:38:47.738Z [App] [bootstrap] Database connected 🔥 on development mode...
[Node] [INFO] - 2022-12-09T06:38:47.742Z [App] [listen] 🚀 App listening on the port 4001 ENV: development mode...
[Node] [INFO] - 2022-12-09T06:39:01.399Z [App] [bootstrap] Database connected 🔥 on development mode...
[Node] [INFO] - 2022-12-09T06:39:01.403Z [App] [listen] 🚀 App listening on the port 4001 ENV: development mode...
[Node] [INFO] - 2022-12-09T06:39:23.314Z [App] [bootstrap] Database connected 🔥 on development mode...
[Node] [INFO] - 2022-12-09T06:39:23.317Z [App] [listen] 🚀 App listening on the port 4001 ENV: development mode...
[Node] [INFO] - 2022-12-09T06:39:29.604Z [App] [bootstrap] Database connected 🔥 on development mode...
[Node] [INFO] - 2022-12-09T06:39:29.608Z [App] [listen] 🚀 App listening on the port 4001 ENV: development mode...
[Node] [INFO] - 2022-12-09T06:39:46.174Z [App] [bootstrap] Database connected 🔥 on development mode...
[Node] [INFO] - 2022-12-09T06:39:46.177Z [App] [listen] 🚀 App listening on the port 4001 ENV: development mode...
[Node] [ERROR] - 2022-12-09T06:39:50.942Z500 - /api/v1/getAll [GET] - Include unexpected. Element has to be either a Model, an Association or an object. 
[Node] [INFO] - 2022-12-09T06:40:25.896Z [App] [bootstrap] Database connected 🔥 on development mode...
[Node] [INFO] - 2022-12-09T06:40:25.904Z [App] [listen] 🚀 App listening on the port 4001 ENV: development mode...
[Node] [INFO] - 2022-12-09T06:40:58.554Z [App] [bootstrap] Database connected 🔥 on development mode...
[Node] [INFO] - 2022-12-09T06:40:58.557Z [App] [listen] 🚀 App listening on the port 4001 ENV: development mode...
[Node] [INFO] - 2022-12-09T06:41:10.143Z [App] [bootstrap] Database connected 🔥 on development mode...
[Node] [INFO] - 2022-12-09T06:41:10.146Z [App] [listen] 🚀 App listening on the port 4001 ENV: development mode...
[Node] [INFO] - 2022-12-09T06:41:41.824Z [App] [bootstrap] Database connected 🔥 on development mode...
[Node] [INFO] - 2022-12-09T06:41:41.827Z [App] [listen] 🚀 App listening on the port 4001 ENV: development mode...
[Node] [ERROR] - 2022-12-09T06:41:46.469Z500 - /api/v1/getAll [GET] - Include unexpected. Element has to be either a Model, an Association or an object. 
[Node] [INFO] - 2022-12-09T06:46:35.272Z [App] [bootstrap] Database connected 🔥 on development mode...
[Node] [INFO] - 2022-12-09T06:46:35.276Z [App] [listen] 🚀 App listening on the port 4001 ENV: development mode...
[Node] [INFO] - 2022-12-09T07:03:43.519Z [App] [bootstrap] Database connected 🔥 on development mode...
[Node] [INFO] - 2022-12-09T07:03:43.524Z [App] [listen] 🚀 App listening on the port 4001 ENV: development mode...
[Node] [INFO] - 2022-12-09T07:04:07.475Z [App] [bootstrap] Database connected 🔥 on development mode...
[Node] [INFO] - 2022-12-09T07:04:07.478Z [App] [listen] 🚀 App listening on the port 4001 ENV: development mode...
[Node] [INFO] - 2022-12-09T07:04:18.100Z [App] [bootstrap] Database connected 🔥 on development mode...
[Node] [INFO] - 2022-12-09T07:04:18.104Z [App] [listen] 🚀 App listening on the port 4001 ENV: development mode...
[Node] [INFO] - 2022-12-09T07:05:14.069Z [App] [bootstrap] Database connected 🔥 on development mode...
[Node] [INFO] - 2022-12-09T07:05:14.074Z [App] [listen] 🚀 App listening on the port 4001 ENV: development mode...
[Node] [INFO] - 2022-12-09T07:05:27.832Z [App] [bootstrap] Database connected 🔥 on development mode...
[Node] [INFO] - 2022-12-09T07:05:27.836Z [App] [listen] 🚀 App listening on the port 4001 ENV: development mode...
[Node] [INFO] - 2022-12-09T07:05:47.891Z [App] [bootstrap] Database connected 🔥 on development mode...
[Node] [INFO] - 2022-12-09T07:05:47.894Z [App] [listen] 🚀 App listening on the port 4001 ENV: development mode...
[Node] [INFO] - 2022-12-09T07:05:53.731Z [App] [bootstrap] Database connected 🔥 on development mode...
[Node] [INFO] - 2022-12-09T07:05:53.734Z [App] [listen] 🚀 App listening on the port 4001 ENV: development mode...
[Node] [INFO] - 2022-12-09T07:06:07.021Z [App] [bootstrap] Database connected 🔥 on development mode...
[Node] [INFO] - 2022-12-09T07:06:07.025Z [App] [listen] 🚀 App listening on the port 4001 ENV: development mode...
[Node] [INFO] - 2022-12-09T07:06:49.730Z [App] [bootstrap] Database connected 🔥 on development mode...
[Node] [INFO] - 2022-12-09T07:06:49.733Z [App] [listen] 🚀 App listening on the port 4001 ENV: development mode...
[Node] [INFO] - 2022-12-09T07:07:36.688Z [App] [bootstrap] Database connected 🔥 on development mode...
[Node] [INFO] - 2022-12-09T07:07:36.692Z [App] [listen] 🚀 App listening on the port 4001 ENV: development mode...
[Node] [INFO] - 2022-12-09T07:07:49.231Z [App] [bootstrap] Database connected 🔥 on development mode...
[Node] [INFO] - 2022-12-09T07:07:49.236Z [App] [listen] 🚀 App listening on the port 4001 ENV: development mode...
[Node] [INFO] - 2022-12-09T07:07:55.714Z [App] [bootstrap] Database connected 🔥 on development mode...
[Node] [INFO] - 2022-12-09T07:07:55.717Z [App] [listen] 🚀 App listening on the port 4001 ENV: development mode...
[Node] [INFO] - 2022-12-09T07:08:31.401Z [App] [bootstrap] Database connected 🔥 on development mode...
[Node] [INFO] - 2022-12-09T07:08:31.404Z [App] [listen] 🚀 App listening on the port 4001 ENV: development mode...
[Node] [INFO] - 2022-12-09T07:08:43.806Z [App] [bootstrap] Database connected 🔥 on development mode...
[Node] [INFO] - 2022-12-09T07:08:43.810Z [App] [listen] 🚀 App listening on the port 4001 ENV: development mode...
[Node] [INFO] - 2022-12-09T07:09:01.723Z [App] [bootstrap] Database connected 🔥 on development mode...
[Node] [INFO] - 2022-12-09T07:09:01.726Z [App] [listen] 🚀 App listening on the port 4001 ENV: development mode...
[Node] [INFO] - 2022-12-09T07:09:07.673Z [App] [bootstrap] Database connected 🔥 on development mode...
[Node] [INFO] - 2022-12-09T07:09:07.677Z [App] [listen] 🚀 App listening on the port 4001 ENV: development mode...
[Node] [INFO] - 2022-12-09T07:09:32.440Z [App] [bootstrap] Database connected 🔥 on development mode...
[Node] [INFO] - 2022-12-09T07:09:32.445Z [App] [listen] 🚀 App listening on the port 4001 ENV: development mode...
[Node] [INFO] - 2022-12-09T07:09:50.368Z [App] [bootstrap] Database connected 🔥 on development mode...
[Node] [INFO] - 2022-12-09T07:09:50.372Z [App] [listen] 🚀 App listening on the port 4001 ENV: development mode...
[Node] [ERROR] - 2022-12-09T07:09:59.270Z500 - /api/v1/getAll [GET] - column roles.user_id does not exist 
[Node] [INFO] - 2022-12-09T07:12:09.273Z [App] [bootstrap] Database connected 🔥 on development mode...
[Node] [INFO] - 2022-12-09T07:12:09.277Z [App] [listen] 🚀 App listening on the port 4001 ENV: development mode...
[Node] [ERROR] - 2022-12-09T07:12:13.126Z500 - /api/v1/getAll [GET] - column roles.users_id does not exist 
[Node] [INFO] - 2022-12-09T07:12:30.507Z [App] [bootstrap] Database connected 🔥 on development mode...
[Node] [INFO] - 2022-12-09T07:12:30.511Z [App] [listen] 🚀 App listening on the port 4001 ENV: development mode...
[Node] [INFO] - 2022-12-09T07:12:46.795Z [App] [bootstrap] Database connected 🔥 on development mode...
[Node] [INFO] - 2022-12-09T07:12:46.799Z [App] [listen] 🚀 App listening on the port 4001 ENV: development mode...
[Node] [ERROR] - 2022-12-09T07:12:49.123Z500 - /api/v1/getAll [GET] - column users.user_id does not exist 
[Node] [INFO] - 2022-12-09T07:13:05.041Z [App] [bootstrap] Database connected 🔥 on development mode...
[Node] [INFO] - 2022-12-09T07:13:05.045Z [App] [listen] 🚀 App listening on the port 4001 ENV: development mode...
[Node] [INFO] - 2022-12-09T07:13:37.176Z [App] [bootstrap] Database connected 🔥 on development mode...
[Node] [INFO] - 2022-12-09T07:13:37.179Z [App] [listen] 🚀 App listening on the port 4001 ENV: development mode...
[Node] [INFO] - 2022-12-09T07:13:56.456Z [App] [bootstrap] Database connected 🔥 on development mode...
[Node] [INFO] - 2022-12-09T07:13:56.460Z [App] [listen] 🚀 App listening on the port 4001 ENV: development mode...
[Node] [INFO] - 2022-12-09T07:14:19.646Z [App] [bootstrap] Database connected 🔥 on development mode...
[Node] [INFO] - 2022-12-09T07:14:19.653Z [App] [listen] 🚀 App listening on the port 4001 ENV: development mode...
[Node] [INFO] - 2022-12-09T07:14:50.695Z [App] [bootstrap] Database connected 🔥 on development mode...
[Node] [INFO] - 2022-12-09T07:14:50.699Z [App] [listen] 🚀 App listening on the port 4001 ENV: development mode...
[Node] [ERROR] - 2022-12-09T07:14:52.373Z500 - /api/v1/getAll [GET] - include.model.getTableName is not a function 
[Node] [INFO] - 2022-12-09T07:15:31.128Z [App] [bootstrap] Database connected 🔥 on development mode...
[Node] [INFO] - 2022-12-09T07:15:31.131Z [App] [listen] 🚀 App listening on the port 4001 ENV: development mode...
[Node] [INFO] - 2022-12-09T07:15:49.233Z [App] [bootstrap] Database connected 🔥 on development mode...
[Node] [INFO] - 2022-12-09T07:15:49.237Z [App] [listen] 🚀 App listening on the port 4001 ENV: development mode...
[Node] [ERROR] - 2022-12-09T07:15:51.162Z500 - /api/v1/getAll [GET] - include.model.getTableName is not a function 
[Node] [INFO] - 2022-12-09T07:15:59.877Z [App] [bootstrap] Database connected 🔥 on development mode...
[Node] [INFO] - 2022-12-09T07:15:59.881Z [App] [listen] 🚀 App listening on the port 4001 ENV: development mode...
[Node] [INFO] - 2022-12-09T07:16:22.729Z [App] [bootstrap] Database connected 🔥 on development mode...
[Node] [INFO] - 2022-12-09T07:16:22.732Z [App] [listen] 🚀 App listening on the port 4001 ENV: development mode...
[Node] [INFO] - 2022-12-09T07:17:49.902Z [App] [bootstrap] Database connected 🔥 on development mode...
[Node] [INFO] - 2022-12-09T07:17:49.907Z [App] [listen] 🚀 App listening on the port 4001 ENV: development mode...
[Node] [INFO] - 2022-12-09T07:18:47.208Z [App] [bootstrap] Database connected 🔥 on development mode...
[Node] [INFO] - 2022-12-09T07:18:47.211Z [App] [listen] 🚀 App listening on the port 4001 ENV: development mode...
[Node] [INFO] - 2022-12-09T07:20:04.587Z [App] [bootstrap] Database connected 🔥 on development mode...
[Node] [INFO] - 2022-12-09T07:20:04.590Z [App] [listen] 🚀 App listening on the port 4001 ENV: development mode...
[Node] [INFO] - 2022-12-09T07:20:23.296Z [App] [bootstrap] Database connected 🔥 on development mode...
[Node] [INFO] - 2022-12-09T07:20:23.299Z [App] [listen] 🚀 App listening on the port 4001 ENV: development mode...
[Node] [INFO] - 2022-12-09T07:20:40.972Z [App] [bootstrap] Database connected 🔥 on development mode...
[Node] [INFO] - 2022-12-09T07:20:40.975Z [App] [listen] 🚀 App listening on the port 4001 ENV: development mode...
[Node] [INFO] - 2022-12-09T07:21:20.916Z [App] [bootstrap] Database connected 🔥 on development mode...
[Node] [INFO] - 2022-12-09T07:21:20.920Z [App] [listen] 🚀 App listening on the port 4001 ENV: development mode...
[Node] [INFO] - 2022-12-09T07:21:36.081Z [App] [bootstrap] Database connected 🔥 on development mode...
[Node] [INFO] - 2022-12-09T07:21:36.085Z [App] [listen] 🚀 App listening on the port 4001 ENV: development mode...
[Node] [INFO] - 2022-12-09T07:21:45.418Z [App] [bootstrap] Database connected 🔥 on development mode...
[Node] [INFO] - 2022-12-09T07:21:45.421Z [App] [listen] 🚀 App listening on the port 4001 ENV: development mode...
[Node] [INFO] - 2022-12-09T07:22:09.901Z [App] [bootstrap] Database connected 🔥 on development mode...
[Node] [INFO] - 2022-12-09T07:22:09.905Z [App] [listen] 🚀 App listening on the port 4001 ENV: development mode...
[Node] [INFO] - 2022-12-09T07:22:24.629Z [App] [bootstrap] Database connected 🔥 on development mode...
[Node] [INFO] - 2022-12-09T07:22:24.632Z [App] [listen] 🚀 App listening on the port 4001 ENV: development mode...
[Node] [INFO] - 2022-12-09T07:31:20.203Z [App] [bootstrap] Database connected 🔥 on development mode...
[Node] [INFO] - 2022-12-09T07:31:20.207Z [App] [listen] 🚀 App listening on the port 4001 ENV: development mode...
[Node] [INFO] - 2022-12-09T07:37:58.556Z [App] [bootstrap] Database connected 🔥 on development mode...
[Node] [INFO] - 2022-12-09T07:37:58.560Z [App] [listen] 🚀 App listening on the port 4001 ENV: development mode...
[Node] [INFO] - 2022-12-09T07:38:42.386Z [App] [bootstrap] Database connected 🔥 on development mode...
[Node] [INFO] - 2022-12-09T07:38:42.390Z [App] [listen] 🚀 App listening on the port 4001 ENV: development mode...
[Node] [INFO] - 2022-12-09T07:41:20.556Z [App] [bootstrap] Database connected 🔥 on development mode...
[Node] [INFO] - 2022-12-09T07:41:20.560Z [App] [listen] 🚀 App listening on the port 4001 ENV: development mode...
[Node] [INFO] - 2022-12-09T07:42:39.219Z [App] [bootstrap] Database connected 🔥 on development mode...
[Node] [INFO] - 2022-12-09T07:42:39.222Z [App] [listen] 🚀 App listening on the port 4001 ENV: development mode...
[Node] [INFO] - 2022-12-09T07:42:55.682Z [App] [bootstrap] Database connected 🔥 on development mode...
[Node] [INFO] - 2022-12-09T07:42:55.685Z [App] [listen] 🚀 App listening on the port 4001 ENV: development mode...
[Node] [INFO] - 2022-12-09T07:43:04.780Z [App] [bootstrap] Database connected 🔥 on development mode...
[Node] [INFO] - 2022-12-09T07:43:04.785Z [App] [listen] 🚀 App listening on the port 4001 ENV: development mode...
[Node] [INFO] - 2022-12-09T07:43:22.554Z [App] [bootstrap] Database connected 🔥 on development mode...
[Node] [INFO] - 2022-12-09T07:43:22.558Z [App] [listen] 🚀 App listening on the port 4001 ENV: development mode...
[Node] [INFO] - 2022-12-09T07:43:42.594Z [App] [bootstrap] Database connected 🔥 on development mode...
[Node] [INFO] - 2022-12-09T07:43:42.598Z [App] [listen] 🚀 App listening on the port 4001 ENV: development mode...
[Node] [INFO] - 2022-12-09T07:43:52.874Z [App] [bootstrap] Database connected 🔥 on development mode...
[Node] [INFO] - 2022-12-09T07:43:52.878Z [App] [listen] 🚀 App listening on the port 4001 ENV: development mode...
[Node] [INFO] - 2022-12-09T07:44:23.633Z [App] [bootstrap] Database connected 🔥 on development mode...
[Node] [INFO] - 2022-12-09T07:44:23.637Z [App] [listen] 🚀 App listening on the port 4001 ENV: development mode...
[Node] [INFO] - 2022-12-09T07:45:14.837Z [App] [bootstrap] Database connected 🔥 on development mode...
[Node] [INFO] - 2022-12-09T07:45:14.842Z [App] [listen] 🚀 App listening on the port 4001 ENV: development mode...
[Node] [INFO] - 2022-12-09T07:45:42.948Z [App] [bootstrap] Database connected 🔥 on development mode...
[Node] [INFO] - 2022-12-09T07:45:42.951Z [App] [listen] 🚀 App listening on the port 4001 ENV: development mode...
[Node] [INFO] - 2022-12-09T07:46:15.197Z [App] [bootstrap] Database connected 🔥 on development mode...
[Node] [INFO] - 2022-12-09T07:46:15.202Z [App] [listen] 🚀 App listening on the port 4001 ENV: development mode...
[Node] [INFO] - 2022-12-09T07:46:27.468Z [App] [bootstrap] Database connected 🔥 on development mode...
[Node] [INFO] - 2022-12-09T07:46:27.471Z [App] [listen] 🚀 App listening on the port 4001 ENV: development mode...
[Node] [INFO] - 2022-12-09T07:47:29.943Z [App] [bootstrap] Database connected 🔥 on development mode...
[Node] [INFO] - 2022-12-09T07:47:29.947Z [App] [listen] 🚀 App listening on the port 4001 ENV: development mode...
[Node] [INFO] - 2022-12-09T07:47:44.938Z [App] [bootstrap] Database connected 🔥 on development mode...
[Node] [INFO] - 2022-12-09T07:47:44.942Z [App] [listen] 🚀 App listening on the port 4001 ENV: development mode...
[Node] [INFO] - 2022-12-09T07:48:12.532Z [App] [bootstrap] Database connected 🔥 on development mode...
[Node] [INFO] - 2022-12-09T07:48:12.536Z [App] [listen] 🚀 App listening on the port 4001 ENV: development mode...
[Node] [INFO] - 2022-12-09T07:48:32.802Z [App] [bootstrap] Database connected 🔥 on development mode...
[Node] [INFO] - 2022-12-09T07:48:32.806Z [App] [listen] 🚀 App listening on the port 4001 ENV: development mode...
[Node] [INFO] - 2022-12-09T07:48:44.813Z [App] [bootstrap] Database connected 🔥 on development mode...
[Node] [INFO] - 2022-12-09T07:48:44.816Z [App] [listen] 🚀 App listening on the port 4001 ENV: development mode...
[Node] [INFO] - 2022-12-09T07:48:59.964Z [App] [bootstrap] Database connected 🔥 on development mode...
[Node] [INFO] - 2022-12-09T07:48:59.967Z [App] [listen] 🚀 App listening on the port 4001 ENV: development mode...
[Node] [INFO] - 2022-12-09T07:49:27.287Z [App] [bootstrap] Database connected 🔥 on development mode...
[Node] [INFO] - 2022-12-09T07:49:27.293Z [App] [listen] 🚀 App listening on the port 4001 ENV: development mode...
[Node] [INFO] - 2022-12-09T07:49:41.208Z [App] [bootstrap] Database connected 🔥 on development mode...
[Node] [INFO] - 2022-12-09T07:49:41.212Z [App] [listen] 🚀 App listening on the port 4001 ENV: development mode...
[Node] [INFO] - 2022-12-09T07:50:10.394Z [App] [bootstrap] Database connected 🔥 on development mode...
[Node] [INFO] - 2022-12-09T07:50:10.398Z [App] [listen] 🚀 App listening on the port 4001 ENV: development mode...
[Node] [INFO] - 2022-12-09T07:51:40.001Z [App] [bootstrap] Database connected 🔥 on development mode...
[Node] [INFO] - 2022-12-09T07:51:40.004Z [App] [listen] 🚀 App listening on the port 4001 ENV: development mode...
[Node] [INFO] - 2022-12-09T09:30:45.847Z [App] [bootstrap] Database connected 🔥 on development mode...
[Node] [INFO] - 2022-12-09T09:30:45.851Z [App] [listen] 🚀 App listening on the port 4001 ENV: development mode...
[Node] [INFO] - 2022-12-09T09:31:32.641Z [App] [bootstrap] Database connected 🔥 on development mode...
[Node] [INFO] - 2022-12-09T09:31:32.645Z [App] [listen] 🚀 App listening on the port 4001 ENV: development mode...
[Node] [INFO] - 2022-12-09T09:31:46.525Z [App] [bootstrap] Database connected 🔥 on development mode...
[Node] [INFO] - 2022-12-09T09:31:46.529Z [App] [listen] 🚀 App listening on the port 4001 ENV: development mode...
[Node] [INFO] - 2022-12-09T09:35:11.706Z [App] [bootstrap] Database connected 🔥 on development mode...
[Node] [INFO] - 2022-12-09T09:35:11.710Z [App] [listen] 🚀 App listening on the port 4001 ENV: development mode...
[Node] [INFO] - 2022-12-09T09:35:23.817Z [App] [bootstrap] Database connected 🔥 on development mode...
[Node] [INFO] - 2022-12-09T09:35:23.821Z [App] [listen] 🚀 App listening on the port 4001 ENV: development mode...
[Node] [INFO] - 2022-12-09T09:36:35.702Z [App] [bootstrap] Database connected 🔥 on development mode...
[Node] [INFO] - 2022-12-09T09:36:35.706Z [App] [listen] 🚀 App listening on the port 4001 ENV: development mode...
[Node] [INFO] - 2022-12-09T09:37:06.459Z [App] [bootstrap] Database connected 🔥 on development mode...
[Node] [INFO] - 2022-12-09T09:37:06.463Z [App] [listen] 🚀 App listening on the port 4001 ENV: development mode...
[Node] [INFO] - 2022-12-09T09:37:13.062Z [App] [bootstrap] Database connected 🔥 on development mode...
[Node] [INFO] - 2022-12-09T09:37:13.065Z [App] [listen] 🚀 App listening on the port 4001 ENV: development mode...
[Node] [INFO] - 2022-12-09T09:39:42.268Z [App] [bootstrap] Database connected 🔥 on development mode...
[Node] [INFO] - 2022-12-09T09:39:42.272Z [App] [listen] 🚀 App listening on the port 4001 ENV: development mode...
[Node] [INFO] - 2022-12-09T09:40:55.673Z [App] [bootstrap] Database connected 🔥 on development mode...
[Node] [INFO] - 2022-12-09T09:40:55.677Z [App] [listen] 🚀 App listening on the port 4001 ENV: development mode...
[Node] [INFO] - 2022-12-09T09:41:08.712Z [App] [bootstrap] Database connected 🔥 on development mode...
[Node] [INFO] - 2022-12-09T09:41:08.715Z [App] [listen] 🚀 App listening on the port 4001 ENV: development mode...
[Node] [INFO] - 2022-12-09T09:41:51.297Z [App] [bootstrap] Database connected 🔥 on development mode...
[Node] [INFO] - 2022-12-09T09:41:51.301Z [App] [listen] 🚀 App listening on the port 4001 ENV: development mode...
[Node] [INFO] - 2022-12-09T09:42:27.529Z [App] [bootstrap] Database connected 🔥 on development mode...
[Node] [INFO] - 2022-12-09T09:42:27.533Z [App] [listen] 🚀 App listening on the port 4001 ENV: development mode...
[Node] [INFO] - 2022-12-09T09:42:48.808Z [App] [bootstrap] Database connected 🔥 on development mode...
[Node] [INFO] - 2022-12-09T09:42:48.812Z [App] [listen] 🚀 App listening on the port 4001 ENV: development mode...
[Node] [INFO] - 2022-12-09T09:43:01.083Z [App] [bootstrap] Database connected 🔥 on development mode...
[Node] [INFO] - 2022-12-09T09:43:01.088Z [App] [listen] 🚀 App listening on the port 4001 ENV: development mode...
[Node] [INFO] - 2022-12-09T09:43:10.383Z [App] [bootstrap] Database connected 🔥 on development mode...
[Node] [INFO] - 2022-12-09T09:43:10.387Z [App] [listen] 🚀 App listening on the port 4001 ENV: development mode...
[Node] [INFO] - 2022-12-09T09:43:21.534Z [App] [bootstrap] Database connected 🔥 on development mode...
[Node] [INFO] - 2022-12-09T09:43:21.538Z [App] [listen] 🚀 App listening on the port 4001 ENV: development mode...
[Node] [INFO] - 2022-12-09T09:43:46.269Z [App] [bootstrap] Database connected 🔥 on development mode...
[Node] [INFO] - 2022-12-09T09:43:46.273Z [App] [listen] 🚀 App listening on the port 4001 ENV: development mode...
[Node] [INFO] - 2022-12-09T09:44:00.628Z [App] [bootstrap] Database connected 🔥 on development mode...
[Node] [INFO] - 2022-12-09T09:44:00.632Z [App] [listen] 🚀 App listening on the port 4001 ENV: development mode...
[Node] [INFO] - 2022-12-09T09:44:23.543Z [App] [bootstrap] Database connected 🔥 on development mode...
[Node] [INFO] - 2022-12-09T09:44:23.547Z [App] [listen] 🚀 App listening on the port 4001 ENV: development mode...
[Node] [INFO] - 2022-12-09T09:44:35.506Z [App] [bootstrap] Database connected 🔥 on development mode...
[Node] [INFO] - 2022-12-09T09:44:35.509Z [App] [listen] 🚀 App listening on the port 4001 ENV: development mode...
[Node] [INFO] - 2022-12-09T09:44:44.941Z [App] [bootstrap] Database connected 🔥 on development mode...
[Node] [INFO] - 2022-12-09T09:44:44.944Z [App] [listen] 🚀 App listening on the port 4001 ENV: development mode...
[Node] [INFO] - 2022-12-09T09:45:34.144Z [App] [bootstrap] Database connected 🔥 on development mode...
[Node] [INFO] - 2022-12-09T09:45:34.149Z [App] [listen] 🚀 App listening on the port 4001 ENV: development mode...
[Node] [INFO] - 2022-12-09T09:46:12.374Z [App] [bootstrap] Database connected 🔥 on development mode...
[Node] [INFO] - 2022-12-09T09:46:12.377Z [App] [listen] 🚀 App listening on the port 4001 ENV: development mode...
[Node] [INFO] - 2022-12-09T09:47:49.870Z [App] [bootstrap] Database connected 🔥 on development mode...
[Node] [INFO] - 2022-12-09T09:47:49.874Z [App] [listen] 🚀 App listening on the port 4001 ENV: development mode...
[Node] [INFO] - 2022-12-09T09:49:07.530Z [App] [bootstrap] Database connected 🔥 on development mode...
[Node] [INFO] - 2022-12-09T09:49:07.534Z [App] [listen] 🚀 App listening on the port 4001 ENV: development mode...
[Node] [INFO] - 2022-12-09T09:49:19.839Z [App] [bootstrap] Database connected 🔥 on development mode...
[Node] [INFO] - 2022-12-09T09:49:19.842Z [App] [listen] 🚀 App listening on the port 4001 ENV: development mode...
[Node] [ERROR] - 2022-12-09T09:49:27.979Z500 - /api/v1/get/profile [GET] - Cannot read properties of undefined (reading 'findAll') 
[Node] [INFO] - 2022-12-09T09:50:12.792Z [App] [bootstrap] Database connected 🔥 on development mode...
[Node] [INFO] - 2022-12-09T09:50:12.796Z [App] [listen] 🚀 App listening on the port 4001 ENV: development mode...
[Node] [INFO] - 2022-12-09T09:51:41.552Z [App] [bootstrap] Database connected 🔥 on development mode...
[Node] [INFO] - 2022-12-09T09:51:41.556Z [App] [listen] 🚀 App listening on the port 4001 ENV: development mode...
[Node] [ERROR] - 2022-12-09T09:51:43.531Z500 - /api/v1/get/profile [GET] - Include unexpected. Element has to be either a Model, an Association or an object. 
[Node] [ERROR] - 2022-12-09T09:53:05.871Z500 - /api/v1/getAll [GET] - Cannot read properties of undefined (reading 'findAll') 
[Node] [ERROR] - 2022-12-09T09:53:07.737Z500 - /api/v1/getAll [GET] - Cannot read properties of undefined (reading 'findAll') 
[Node] [INFO] - 2022-12-09T09:53:34.795Z [App] [bootstrap] Database connected 🔥 on development mode...
[Node] [INFO] - 2022-12-09T09:53:34.799Z [App] [listen] 🚀 App listening on the port 4001 ENV: development mode...
[Node] [INFO] - 2022-12-09T09:54:32.705Z [App] [bootstrap] Database connected 🔥 on development mode...
[Node] [INFO] - 2022-12-09T09:54:32.709Z [App] [listen] 🚀 App listening on the port 4001 ENV: development mode...
[Node] [INFO] - 2022-12-09T09:54:38.863Z [App] [bootstrap] Database connected 🔥 on development mode...
[Node] [INFO] - 2022-12-09T09:54:38.867Z [App] [listen] 🚀 App listening on the port 4001 ENV: development mode...
[Node] [ERROR] - 2022-12-09T09:54:41.162Z500 - /api/v1/getAll [GET] - Cannot read properties of undefined (reading 'findAll') 
[Node] [INFO] - 2022-12-09T09:55:12.334Z [App] [bootstrap] Database connected 🔥 on development mode...
[Node] [INFO] - 2022-12-09T09:55:12.338Z [App] [listen] 🚀 App listening on the port 4001 ENV: development mode...
[Node] [INFO] - 2022-12-09T09:55:30.427Z [App] [bootstrap] Database connected 🔥 on development mode...
[Node] [INFO] - 2022-12-09T09:55:30.431Z [App] [listen] 🚀 App listening on the port 4001 ENV: development mode...
[Node] [INFO] - 2022-12-09T09:56:19.853Z [App] [bootstrap] Database connected 🔥 on development mode...
[Node] [INFO] - 2022-12-09T09:56:19.857Z [App] [listen] 🚀 App listening on the port 4001 ENV: development mode...
[Node] [INFO] - 2022-12-09T09:56:33.570Z [App] [bootstrap] Database connected 🔥 on development mode...
[Node] [INFO] - 2022-12-09T09:56:33.574Z [App] [listen] 🚀 App listening on the port 4001 ENV: development mode...
[Node] [INFO] - 2022-12-09T09:57:17.057Z [App] [bootstrap] Database connected 🔥 on development mode...
[Node] [INFO] - 2022-12-09T09:57:17.060Z [App] [listen] 🚀 App listening on the port 4001 ENV: development mode...
[Node] [INFO] - 2022-12-09T10:03:38.270Z [App] [bootstrap] Database connected 🔥 on development mode...
[Node] [INFO] - 2022-12-09T10:03:38.275Z [App] [listen] 🚀 App listening on the port 4001 ENV: development mode...
[Node] [INFO] - 2022-12-09T10:03:57.378Z [App] [bootstrap] Database connected 🔥 on development mode...
[Node] [INFO] - 2022-12-09T10:03:57.382Z [App] [listen] 🚀 App listening on the port 4001 ENV: development mode...
[Node] [INFO] - 2022-12-09T10:05:32.998Z [App] [bootstrap] Database connected 🔥 on development mode...
[Node] [INFO] - 2022-12-09T10:05:33.002Z [App] [listen] 🚀 App listening on the port 4001 ENV: development mode...
[Node] [INFO] - 2022-12-09T10:07:18.659Z [App] [bootstrap] Database connected 🔥 on development mode...
[Node] [INFO] - 2022-12-09T10:07:18.663Z [App] [listen] 🚀 App listening on the port 4001 ENV: development mode...
[Node] [ERROR] - 2022-12-09T10:07:21.484Z500 - /api/v1/getAll [GET] - Cannot read properties of undefined (reading 'findAll') 
[Node] [INFO] - 2022-12-09T10:08:26.934Z [App] [bootstrap] Database connected 🔥 on development mode...
[Node] [INFO] - 2022-12-09T10:08:26.938Z [App] [listen] 🚀 App listening on the port 4001 ENV: development mode...
[Node] [ERROR] - 2022-12-09T10:08:28.597Z500 - /api/v1/getAll [GET] - RoleModel is not associated to RoleModel! 
[Node] [INFO] - 2022-12-09T10:09:42.296Z [App] [bootstrap] Database connected 🔥 on development mode...
[Node] [INFO] - 2022-12-09T10:09:42.300Z [App] [listen] 🚀 App listening on the port 4001 ENV: development mode...
[Node] [ERROR] - 2022-12-09T10:09:44.136Z500 - /api/v1/getAll [GET] - RoleModel is not associated to RoleModel! 
[Node] [INFO] - 2022-12-09T10:10:15.073Z [App] [bootstrap] Database connected 🔥 on development mode...
[Node] [INFO] - 2022-12-09T10:10:15.078Z [App] [listen] 🚀 App listening on the port 4001 ENV: development mode...
[Node] [INFO] - 2022-12-09T10:10:30.683Z [App] [bootstrap] Database connected 🔥 on development mode...
[Node] [INFO] - 2022-12-09T10:10:30.686Z [App] [listen] 🚀 App listening on the port 4001 ENV: development mode...
[Node] [INFO] - 2022-12-09T10:10:56.030Z [App] [bootstrap] Database connected 🔥 on development mode...
[Node] [INFO] - 2022-12-09T10:10:56.033Z [App] [listen] 🚀 App listening on the port 4001 ENV: development mode...
[Node] [INFO] - 2022-12-09T10:11:12.049Z [App] [bootstrap] Database connected 🔥 on development mode...
[Node] [INFO] - 2022-12-09T10:11:12.054Z [App] [listen] 🚀 App listening on the port 4001 ENV: development mode...
[Node] [INFO] - 2022-12-09T10:11:26.307Z [App] [bootstrap] Database connected 🔥 on development mode...
[Node] [INFO] - 2022-12-09T10:11:26.311Z [App] [listen] 🚀 App listening on the port 4001 ENV: development mode...
[Node] [ERROR] - 2022-12-09T10:11:28.488Z500 - /api/v1/getAll [GET] - RoleModel is not associated to RoleModel! 
[Node] [INFO] - 2022-12-09T10:11:58.615Z [App] [bootstrap] Database connected 🔥 on development mode...
[Node] [INFO] - 2022-12-09T10:11:58.619Z [App] [listen] 🚀 App listening on the port 4001 ENV: development mode...
[Node] [INFO] - 2022-12-09T10:12:48.755Z [App] [bootstrap] Database connected 🔥 on development mode...
[Node] [INFO] - 2022-12-09T10:12:48.760Z [App] [listen] 🚀 App listening on the port 4001 ENV: development mode...
[Node] [INFO] - 2022-12-09T10:12:57.029Z [App] [bootstrap] Database connected 🔥 on development mode...
[Node] [INFO] - 2022-12-09T10:12:57.034Z [App] [listen] 🚀 App listening on the port 4001 ENV: development mode...
[Node] [INFO] - 2022-12-09T10:13:08.965Z [App] [bootstrap] Database connected 🔥 on development mode...
[Node] [INFO] - 2022-12-09T10:13:08.970Z [App] [listen] 🚀 App listening on the port 4001 ENV: development mode...
[Node] [INFO] - 2022-12-09T10:14:12.259Z [App] [bootstrap] Database connected 🔥 on development mode...
[Node] [INFO] - 2022-12-09T10:14:12.263Z [App] [listen] 🚀 App listening on the port 4001 ENV: development mode...
[Node] [INFO] - 2022-12-09T10:14:42.928Z [App] [bootstrap] Database connected 🔥 on development mode...
[Node] [INFO] - 2022-12-09T10:14:42.933Z [App] [listen] 🚀 App listening on the port 4001 ENV: development mode...
[Node] [ERROR] - 2022-12-09T10:14:44.873Z500 - /api/v1/getAll [GET] - relation "role_models" does not exist 
[Node] [INFO] - 2022-12-09T10:15:40.263Z [App] [bootstrap] Database connected 🔥 on development mode...
[Node] [INFO] - 2022-12-09T10:15:40.268Z [App] [listen] 🚀 App listening on the port 4001 ENV: development mode...
[Node] [INFO] - 2022-12-09T10:15:47.941Z [App] [bootstrap] Database connected 🔥 on development mode...
[Node] [INFO] - 2022-12-09T10:15:47.945Z [App] [listen] 🚀 App listening on the port 4001 ENV: development mode...
[Node] [ERROR] - 2022-12-09T10:15:51.336Z500 - /api/v1/getAll [GET] - relation "role_models" does not exist 
[Node] [INFO] - 2022-12-09T10:18:25.653Z [App] [bootstrap] Database connected 🔥 on development mode...
[Node] [INFO] - 2022-12-09T10:18:25.657Z [App] [listen] 🚀 App listening on the port 4001 ENV: development mode...
[Node] [INFO] - 2022-12-09T10:19:09.075Z [App] [bootstrap] Database connected 🔥 on development mode...
[Node] [INFO] - 2022-12-09T10:19:09.079Z [App] [listen] 🚀 App listening on the port 4001 ENV: development mode...
[Node] [INFO] - 2022-12-09T10:20:56.787Z [App] [bootstrap] Database connected 🔥 on development mode...
[Node] [INFO] - 2022-12-09T10:20:56.791Z [App] [listen] 🚀 App listening on the port 4001 ENV: development mode...
[Node] [INFO] - 2022-12-09T10:21:08.910Z [App] [bootstrap] Database connected 🔥 on development mode...
[Node] [INFO] - 2022-12-09T10:21:08.915Z [App] [listen] 🚀 App listening on the port 4001 ENV: development mode...
[Node] [INFO] - 2022-12-09T10:21:31.593Z [App] [bootstrap] Database connected 🔥 on development mode...
[Node] [INFO] - 2022-12-09T10:21:31.597Z [App] [listen] 🚀 App listening on the port 4001 ENV: development mode...
[Node] [INFO] - 2022-12-09T10:22:56.713Z [App] [bootstrap] Database connected 🔥 on development mode...
[Node] [INFO] - 2022-12-09T10:22:56.717Z [App] [listen] 🚀 App listening on the port 4001 ENV: development mode...
[Node] [INFO] - 2022-12-09T10:23:50.966Z [App] [bootstrap] Database connected 🔥 on development mode...
[Node] [INFO] - 2022-12-09T10:23:50.970Z [App] [listen] 🚀 App listening on the port 4001 ENV: development mode...
[Node] [INFO] - 2022-12-09T10:24:24.156Z [App] [bootstrap] Database connected 🔥 on development mode...
[Node] [INFO] - 2022-12-09T10:24:24.160Z [App] [listen] 🚀 App listening on the port 4001 ENV: development mode...
[Node] [INFO] - 2022-12-09T10:29:53.281Z [App] [bootstrap] Database connected 🔥 on development mode...
[Node] [INFO] - 2022-12-09T10:29:53.285Z [App] [listen] 🚀 App listening on the port 4001 ENV: development mode...
[Node] [INFO] - 2022-12-09T10:30:31.604Z [App] [bootstrap] Database connected 🔥 on development mode...
[Node] [INFO] - 2022-12-09T10:30:31.608Z [App] [listen] 🚀 App listening on the port 4001 ENV: development mode...
[Node] [INFO] - 2022-12-09T10:31:00.830Z [App] [bootstrap] Database connected 🔥 on development mode...
[Node] [INFO] - 2022-12-09T10:31:00.833Z [App] [listen] 🚀 App listening on the port 4001 ENV: development mode...
[Node] [INFO] - 2022-12-09T10:31:51.711Z [App] [bootstrap] Database connected 🔥 on development mode...
[Node] [INFO] - 2022-12-09T10:31:51.714Z [App] [listen] 🚀 App listening on the port 4001 ENV: development mode...
[Node] [INFO] - 2022-12-09T10:34:06.071Z [App] [bootstrap] Database connected 🔥 on development mode...
[Node] [INFO] - 2022-12-09T10:34:06.077Z [App] [listen] 🚀 App listening on the port 4001 ENV: development mode...
[Node] [INFO] - 2022-12-09T10:35:28.706Z [App] [bootstrap] Database connected 🔥 on development mode...
[Node] [INFO] - 2022-12-09T10:35:28.709Z [App] [listen] 🚀 App listening on the port 4001 ENV: development mode...
[Node] [INFO] - 2022-12-09T10:35:54.932Z [App] [bootstrap] Database connected 🔥 on development mode...
[Node] [INFO] - 2022-12-09T10:35:54.936Z [App] [listen] 🚀 App listening on the port 4001 ENV: development mode...
[Node] [INFO] - 2022-12-09T10:36:30.180Z [App] [bootstrap] Database connected 🔥 on development mode...
[Node] [INFO] - 2022-12-09T10:36:30.184Z [App] [listen] 🚀 App listening on the port 4001 ENV: development mode...
[Node] [INFO] - 2022-12-09T10:38:04.564Z [App] [bootstrap] Database connected 🔥 on development mode...
[Node] [INFO] - 2022-12-09T10:38:04.568Z [App] [listen] 🚀 App listening on the port 4001 ENV: development mode...
[Node] [INFO] - 2022-12-09T11:19:22.542Z [App] [bootstrap] Database connected 🔥 on development mode...
[Node] [INFO] - 2022-12-09T11:19:22.545Z [App] [listen] 🚀 App listening on the port 4001 ENV: development mode...
[Node] [INFO] - 2022-12-09T11:20:22.070Z [App] [bootstrap] Database connected 🔥 on development mode...
[Node] [INFO] - 2022-12-09T11:20:22.074Z [App] [listen] 🚀 App listening on the port 4001 ENV: development mode...
[Node] [INFO] - 2022-12-09T11:30:47.676Z [App] [bootstrap] Database connected 🔥 on development mode...
[Node] [INFO] - 2022-12-09T11:30:47.680Z [App] [listen] 🚀 App listening on the port 4001 ENV: development mode...
[Node] [INFO] - 2022-12-09T11:31:08.333Z [App] [bootstrap] Database connected 🔥 on development mode...
[Node] [INFO] - 2022-12-09T11:31:08.336Z [App] [listen] 🚀 App listening on the port 4001 ENV: development mode...
[Node] [INFO] - 2022-12-09T11:31:57.282Z [App] [bootstrap] Database connected 🔥 on development mode...
[Node] [INFO] - 2022-12-09T11:31:57.285Z [App] [listen] 🚀 App listening on the port 4001 ENV: development mode...
[Node] [INFO] - 2022-12-09T11:33:44.953Z [App] [bootstrap] Database connected 🔥 on development mode...
[Node] [INFO] - 2022-12-09T11:33:44.957Z [App] [listen] 🚀 App listening on the port 4001 ENV: development mode...
[Node] [INFO] - 2022-12-09T11:35:33.754Z [App] [bootstrap] Database connected 🔥 on development mode...
[Node] [INFO] - 2022-12-09T11:35:33.758Z [App] [listen] 🚀 App listening on the port 4001 ENV: development mode...
[Node] [INFO] - 2022-12-09T11:35:41.650Z [App] [bootstrap] Database connected 🔥 on development mode...
[Node] [INFO] - 2022-12-09T11:35:41.654Z [App] [listen] 🚀 App listening on the port 4001 ENV: development mode...
[Node] [INFO] - 2022-12-09T11:36:14.416Z [App] [bootstrap] Database connected 🔥 on development mode...
[Node] [INFO] - 2022-12-09T11:36:14.420Z [App] [listen] 🚀 App listening on the port 4001 ENV: development mode...
[Node] [INFO] - 2022-12-09T11:36:44.315Z [App] [bootstrap] Database connected 🔥 on development mode...
[Node] [INFO] - 2022-12-09T11:36:44.319Z [App] [listen] 🚀 App listening on the port 4001 ENV: development mode...
[Node] [ERROR] - 2022-12-09T11:37:06.083Z500 - /api/v1/profile/getAll [GET] - Cannot read properties of undefined (reading 'findAll') 
[Node] [ERROR] - 2022-12-09T11:37:08.317Z500 - /api/v1/profile/getAll [GET] - Cannot read properties of undefined (reading 'findAll') 
[Node] [INFO] - 2022-12-09T11:38:04.835Z [App] [bootstrap] Database connected 🔥 on development mode...
[Node] [INFO] - 2022-12-09T11:38:04.839Z [App] [listen] 🚀 App listening on the port 4001 ENV: development mode...
[Node] [ERROR] - 2022-12-09T11:38:09.510Z500 - /api/v1/profile/getAll [GET] - users is not associated to users! 
[Node] [INFO] - 2022-12-09T11:38:35.986Z [App] [bootstrap] Database connected 🔥 on development mode...
[Node] [INFO] - 2022-12-09T11:38:35.991Z [App] [listen] 🚀 App listening on the port 4001 ENV: development mode...
[Node] [ERROR] - 2022-12-09T11:38:36.093Z500 - /api/v1/profile/getAll [GET] - users is not associated to users! 
[Node] [ERROR] - 2022-12-09T11:38:36.474Z500 - /api/v1/profile/getAll [GET] - users is not associated to users! 
[Node] [INFO] - 2022-12-09T11:39:11.500Z [App] [bootstrap] Database connected 🔥 on development mode...
[Node] [INFO] - 2022-12-09T11:39:11.503Z [App] [listen] 🚀 App listening on the port 4001 ENV: development mode...
[Node] [INFO] - 2022-12-09T11:41:02.584Z [App] [bootstrap] Database connected 🔥 on development mode...
[Node] [INFO] - 2022-12-09T11:41:02.588Z [App] [listen] 🚀 App listening on the port 4001 ENV: development mode...
[Node] [INFO] - 2022-12-09T11:41:10.316Z [App] [bootstrap] Database connected 🔥 on development mode...
[Node] [INFO] - 2022-12-09T11:41:10.320Z [App] [listen] 🚀 App listening on the port 4001 ENV: development mode...
[Node] [ERROR] - 2022-12-09T11:41:11.918Z500 - /api/v1/profile/getAll [GET] - Cannot read properties of undefined (reading 'findAll') 
[Node] [ERROR] - 2022-12-09T11:41:13.351Z500 - /api/v1/profile/getAll [GET] - Cannot read properties of undefined (reading 'findAll') 
[Node] [INFO] - 2022-12-09T11:41:23.504Z [App] [bootstrap] Database connected 🔥 on development mode...
[Node] [INFO] - 2022-12-09T11:41:23.507Z [App] [listen] 🚀 App listening on the port 4001 ENV: development mode...
[Node] [ERROR] - 2022-12-09T11:41:25.512Z500 - /api/v1/profile/getAll [GET] - Cannot read properties of undefined (reading 'findAll') 
[Node] [ERROR] - 2022-12-09T11:41:26.462Z500 - /api/v1/profile/getAll [GET] - Cannot read properties of undefined (reading 'findAll') 
[Node] [ERROR] - 2022-12-09T11:41:27.138Z500 - /api/v1/profile/getAll [GET] - Cannot read properties of undefined (reading 'findAll') 
[Node] [INFO] - 2022-12-09T11:42:09.077Z [App] [bootstrap] Database connected 🔥 on development mode...
[Node] [INFO] - 2022-12-09T11:42:09.081Z [App] [listen] 🚀 App listening on the port 4001 ENV: development mode...
[Node] [ERROR] - 2022-12-09T11:42:13.623Z500 - /api/v1/profile/getAll [GET] - Cannot read properties of undefined (reading 'findAll') 
[Node] [INFO] - 2022-12-09T11:42:40.944Z [App] [bootstrap] Database connected 🔥 on development mode...
[Node] [INFO] - 2022-12-09T11:42:40.949Z [App] [listen] 🚀 App listening on the port 4001 ENV: development mode...
[Node] [INFO] - 2022-12-09T11:43:14.254Z [App] [bootstrap] Database connected 🔥 on development mode...
[Node] [INFO] - 2022-12-09T11:43:14.258Z [App] [listen] 🚀 App listening on the port 4001 ENV: development mode...
[Node] [ERROR] - 2022-12-09T11:43:16.222Z500 - /api/v1/profile/getAll [GET] - relation "userProfile" does not exist 
[Node] [ERROR] - 2022-12-09T11:43:17.164Z500 - /api/v1/profile/getAll [GET] - relation "userProfile" does not exist 
[Node] [INFO] - 2022-12-09T11:43:34.987Z [App] [bootstrap] Database connected 🔥 on development mode...
[Node] [INFO] - 2022-12-09T11:43:34.991Z [App] [listen] 🚀 App listening on the port 4001 ENV: development mode...
[Node] [INFO] - 2022-12-09T11:43:47.031Z [App] [bootstrap] Database connected 🔥 on development mode...
[Node] [INFO] - 2022-12-09T11:43:47.034Z [App] [listen] 🚀 App listening on the port 4001 ENV: development mode...
[Node] [ERROR] - 2022-12-09T11:43:47.740Z500 - /api/v1/profile/getAll [GET] - relation "userProfile" does not exist 
[Node] [ERROR] - 2022-12-09T11:43:49.091Z500 - /api/v1/profile/getAll [GET] - relation "userProfile" does not exist 
[Node] [INFO] - 2022-12-09T11:44:23.173Z [App] [bootstrap] Database connected 🔥 on development mode...
[Node] [INFO] - 2022-12-09T11:44:23.177Z [App] [listen] 🚀 App listening on the port 4001 ENV: development mode...
[Node] [ERROR] - 2022-12-09T11:44:23.370Z500 - /api/v1/profile/getAll [GET] - relation "userProfile" does not exist 
[Node] [ERROR] - 2022-12-09T11:44:24.149Z500 - /api/v1/profile/getAll [GET] - relation "userProfile" does not exist 
[Node] [INFO] - 2022-12-09T11:44:49.534Z [App] [bootstrap] Database connected 🔥 on development mode...
[Node] [INFO] - 2022-12-09T11:44:49.538Z [App] [listen] 🚀 App listening on the port 4001 ENV: development mode...
[Node] [ERROR] - 2022-12-09T11:44:51.958Z500 - /api/v1/profile/getAll [GET] - relation "userProfile" does not exist 
[Node] [ERROR] - 2022-12-09T11:44:52.868Z500 - /api/v1/profile/getAll [GET] - relation "userProfile" does not exist 
[Node] [ERROR] - 2022-12-09T11:44:53.737Z500 - /api/v1/profile/getAll [GET] - relation "userProfile" does not exist 
[Node] [INFO] - 2022-12-09T11:45:05.375Z [App] [bootstrap] Database connected 🔥 on development mode...
[Node] [INFO] - 2022-12-09T11:45:05.383Z [App] [listen] 🚀 App listening on the port 4001 ENV: development mode...
[Node] [INFO] - 2022-12-09T12:17:55.555Z [App] [bootstrap] Database connected 🔥 on development mode...
[Node] [INFO] - 2022-12-09T12:17:55.559Z [App] [listen] 🚀 App listening on the port 4001 ENV: development mode...
[Node] [INFO] - 2022-12-09T12:18:39.731Z [App] [bootstrap] Database connected 🔥 on development mode...
[Node] [INFO] - 2022-12-09T12:18:39.735Z [App] [listen] 🚀 App listening on the port 4001 ENV: development mode...
[Node] [INFO] - 2022-12-09T12:20:08.428Z [App] [bootstrap] Database connected 🔥 on development mode...
[Node] [INFO] - 2022-12-09T12:20:08.433Z [App] [listen] 🚀 App listening on the port 4001 ENV: development mode...
[Node] [INFO] - 2022-12-09T12:20:18.870Z [App] [bootstrap] Database connected 🔥 on development mode...
[Node] [INFO] - 2022-12-09T12:20:18.875Z [App] [listen] 🚀 App listening on the port 4001 ENV: development mode...
[Node] [INFO] - 2022-12-09T12:20:28.238Z [App] [bootstrap] Database connected 🔥 on development mode...
[Node] [INFO] - 2022-12-09T12:20:28.241Z [App] [listen] 🚀 App listening on the port 4001 ENV: development mode...
[Node] [INFO] - 2022-12-09T12:22:49.754Z [App] [bootstrap] Database connected 🔥 on development mode...
[Node] [INFO] - 2022-12-09T12:22:49.757Z [App] [listen] 🚀 App listening on the port 4001 ENV: development mode...
[Node] [INFO] - 2022-12-09T12:26:39.833Z [App] [bootstrap] Database connected 🔥 on development mode...
[Node] [INFO] - 2022-12-09T12:26:39.836Z [App] [listen] 🚀 App listening on the port 4001 ENV: development mode...
[Node] [INFO] - 2022-12-09T12:28:27.061Z [App] [bootstrap] Database connected 🔥 on development mode...
[Node] [INFO] - 2022-12-09T12:28:27.065Z [App] [listen] 🚀 App listening on the port 4001 ENV: development mode...
[Node] [INFO] - 2022-12-09T12:30:03.228Z [App] [bootstrap] Database connected 🔥 on development mode...
[Node] [INFO] - 2022-12-09T12:30:03.232Z [App] [listen] 🚀 App listening on the port 4001 ENV: development mode...
[Node] [INFO] - 2022-12-09T12:30:59.018Z [App] [bootstrap] Database connected 🔥 on development mode...
[Node] [INFO] - 2022-12-09T12:30:59.022Z [App] [listen] 🚀 App listening on the port 4001 ENV: development mode...
[Node] [INFO] - 2022-12-09T12:32:24.791Z [App] [bootstrap] Database connected 🔥 on development mode...
[Node] [INFO] - 2022-12-09T12:32:24.795Z [App] [listen] 🚀 App listening on the port 4001 ENV: development mode...
[Node] [ERROR] - 2022-12-09T12:40:27.996Z500 - /api/v1/role/allRoles [GET] - Cannot read properties of undefined (reading 'findAll') 
[Node] [INFO] - 2022-12-09T12:41:41.882Z [App] [bootstrap] Database connected 🔥 on development mode...
[Node] [INFO] - 2022-12-09T12:41:41.885Z [App] [listen] 🚀 App listening on the port 4001 ENV: development mode...
[Node] [ERROR] - 2022-12-09T12:41:43.985Z500 - /api/v1/role/allRoles [GET] - Cannot read properties of undefined (reading 'findAll') 
[Node] [INFO] - 2022-12-09T12:41:59.184Z [App] [bootstrap] Database connected 🔥 on development mode...
[Node] [INFO] - 2022-12-09T12:41:59.187Z [App] [listen] 🚀 App listening on the port 4001 ENV: development mode...
[Node] [INFO] - 2022-12-09T12:42:53.344Z [App] [bootstrap] Database connected 🔥 on development mode...
[Node] [INFO] - 2022-12-09T12:42:53.348Z [App] [listen] 🚀 App listening on the port 4001 ENV: development mode...
[Node] [INFO] - 2022-12-09T12:43:21.253Z [App] [bootstrap] Database connected 🔥 on development mode...
[Node] [INFO] - 2022-12-09T12:43:21.257Z [App] [listen] 🚀 App listening on the port 4001 ENV: development mode...
[Node] [INFO] - 2022-12-09T12:43:49.873Z [App] [bootstrap] Database connected 🔥 on development mode...
[Node] [INFO] - 2022-12-09T12:43:49.877Z [App] [listen] 🚀 App listening on the port 4001 ENV: development mode...
[Node] [INFO] - 2022-12-09T12:45:47.148Z [App] [bootstrap] Database connected 🔥 on development mode...
[Node] [INFO] - 2022-12-09T12:45:47.151Z [App] [listen] 🚀 App listening on the port 4001 ENV: development mode...
[Node] [INFO] - 2022-12-09T12:46:22.819Z [App] [bootstrap] Database connected 🔥 on development mode...
[Node] [INFO] - 2022-12-09T12:46:22.823Z [App] [listen] 🚀 App listening on the port 4001 ENV: development mode...
[Node] [INFO] - 2022-12-09T12:46:43.875Z [App] [bootstrap] Database connected 🔥 on development mode...
[Node] [INFO] - 2022-12-09T12:46:43.879Z [App] [listen] 🚀 App listening on the port 4001 ENV: development mode...
[Node] [INFO] - 2022-12-09T12:46:57.434Z [App] [bootstrap] Database connected 🔥 on development mode...
[Node] [INFO] - 2022-12-09T12:46:57.438Z [App] [listen] 🚀 App listening on the port 4001 ENV: development mode...
[Node] [INFO] - 2022-12-09T12:47:18.755Z [App] [bootstrap] Database connected 🔥 on development mode...
[Node] [INFO] - 2022-12-09T12:47:18.759Z [App] [listen] 🚀 App listening on the port 4001 ENV: development mode...
[Node] [INFO] - 2022-12-09T12:47:52.246Z [App] [bootstrap] Database connected 🔥 on development mode...
[Node] [INFO] - 2022-12-09T12:47:52.250Z [App] [listen] 🚀 App listening on the port 4001 ENV: development mode...
[Node] [INFO] - 2022-12-09T12:48:05.419Z [App] [bootstrap] Database connected 🔥 on development mode...
[Node] [INFO] - 2022-12-09T12:48:05.423Z [App] [listen] 🚀 App listening on the port 4001 ENV: development mode...
[Node] [INFO] - 2022-12-09T12:49:06.360Z [App] [bootstrap] Database connected 🔥 on development mode...
[Node] [INFO] - 2022-12-09T12:49:06.365Z [App] [listen] 🚀 App listening on the port 4001 ENV: development mode...
[Node] [INFO] - 2022-12-09T12:50:45.819Z [App] [bootstrap] Database connected 🔥 on development mode...
[Node] [INFO] - 2022-12-09T12:50:45.823Z [App] [listen] 🚀 App listening on the port 4001 ENV: development mode...
[Node] [INFO] - 2022-12-09T12:51:15.833Z [App] [bootstrap] Database connected 🔥 on development mode...
[Node] [INFO] - 2022-12-09T12:51:15.837Z [App] [listen] 🚀 App listening on the port 4001 ENV: development mode...
[Node] [ERROR] - 2022-12-09T12:51:16.310Z500 - /api/v1/getAll [GET] - roles is associated to users using an alias. You've included an alias (roleId), but it does not match the alias(es) defined in your association (role). 
[Node] [INFO] - 2022-12-09T12:51:45.600Z [App] [bootstrap] Database connected 🔥 on development mode...
[Node] [INFO] - 2022-12-09T12:51:45.604Z [App] [listen] 🚀 App listening on the port 4001 ENV: development mode...
[Node] [INFO] - 2022-12-09T12:52:00.754Z [App] [bootstrap] Database connected 🔥 on development mode...
[Node] [INFO] - 2022-12-09T12:52:00.757Z [App] [listen] 🚀 App listening on the port 4001 ENV: development mode...
[Node] [INFO] - 2022-12-09T12:52:23.610Z [App] [bootstrap] Database connected 🔥 on development mode...
[Node] [INFO] - 2022-12-09T12:52:23.614Z [App] [listen] 🚀 App listening on the port 4001 ENV: development mode...
[Node] [INFO] - 2022-12-09T12:53:06.799Z [App] [bootstrap] Database connected 🔥 on development mode...
[Node] [INFO] - 2022-12-09T12:53:06.803Z [App] [listen] 🚀 App listening on the port 4001 ENV: development mode...
[Node] [INFO] - 2022-12-09T12:53:16.183Z [App] [bootstrap] Database connected 🔥 on development mode...
[Node] [INFO] - 2022-12-09T12:53:16.187Z [App] [listen] 🚀 App listening on the port 4001 ENV: development mode...
[Node] [INFO] - 2022-12-09T12:54:38.887Z [App] [bootstrap] Database connected 🔥 on development mode...
[Node] [INFO] - 2022-12-09T12:54:38.890Z [App] [listen] 🚀 App listening on the port 4001 ENV: development mode...
[Node] [INFO] - 2022-12-09T12:55:03.290Z [App] [bootstrap] Database connected 🔥 on development mode...
[Node] [INFO] - 2022-12-09T12:55:03.294Z [App] [listen] 🚀 App listening on the port 4001 ENV: development mode...
[Node] [INFO] - 2022-12-09T12:56:02.603Z [App] [bootstrap] Database connected 🔥 on development mode...
[Node] [INFO] - 2022-12-09T12:56:02.606Z [App] [listen] 🚀 App listening on the port 4001 ENV: development mode...
[Node] [INFO] - 2022-12-09T12:56:57.500Z [App] [bootstrap] Database connected 🔥 on development mode...
[Node] [INFO] - 2022-12-09T12:56:57.504Z [App] [listen] 🚀 App listening on the port 4001 ENV: development mode...
[Node] [INFO] - 2022-12-09T12:57:22.786Z [App] [bootstrap] Database connected 🔥 on development mode...
[Node] [INFO] - 2022-12-09T12:57:22.790Z [App] [listen] 🚀 App listening on the port 4001 ENV: development mode...
[Node] [ERROR] - 2022-12-09T12:57:24.432Z500 - /api/v1/getAll [GET] - table name "users" specified more than once 
[Node] [ERROR] - 2022-12-09T12:57:25.556Z500 - /api/v1/getAll [GET] - table name "users" specified more than once 
[Node] [INFO] - 2022-12-09T13:14:28.627Z [App] [bootstrap] Database connected 🔥 on development mode...
[Node] [INFO] - 2022-12-09T13:14:28.630Z [App] [listen] 🚀 App listening on the port 4001 ENV: development mode...
[Node] [ERROR] - 2022-12-09T13:14:33.514Z500 - /api/v1/getAll [GET] - roles is associated to users using an alias. You've included an alias (users), but it does not match the alias(es) defined in your association (role). 
[Node] [INFO] - 2022-12-09T13:14:45.254Z [App] [bootstrap] Database connected 🔥 on development mode...
[Node] [INFO] - 2022-12-09T13:14:45.258Z [App] [listen] 🚀 App listening on the port 4001 ENV: development mode...
[Node] [ERROR] - 2022-12-09T13:14:46.885Z500 - /api/v1/getAll [GET] - roles is associated to users using an alias. You've included an alias (users), but it does not match the alias(es) defined in your association (role). 
[Node] [ERROR] - 2022-12-09T13:14:47.899Z500 - /api/v1/getAll [GET] - roles is associated to users using an alias. You've included an alias (users), but it does not match the alias(es) defined in your association (role). 
[Node] [INFO] - 2022-12-09T13:15:16.403Z [App] [bootstrap] Database connected 🔥 on development mode...
[Node] [INFO] - 2022-12-09T13:15:16.407Z [App] [listen] 🚀 App listening on the port 4001 ENV: development mode...
[Node] [ERROR] - 2022-12-09T13:15:16.715Z500 - /api/v1/getAll [GET] - roles is associated to users using an alias. You must use the 'as' keyword to specify the alias within your include statement. 
[Node] [INFO] - 2022-12-09T13:15:45.349Z [App] [bootstrap] Database connected 🔥 on development mode...
[Node] [INFO] - 2022-12-09T13:15:45.355Z [App] [listen] 🚀 App listening on the port 4001 ENV: development mode...
[Node] [ERROR] - 2022-12-09T13:15:45.422Z500 - /api/v1/getAll [GET] - roles is associated to users using an alias. You've included an alias (roleId), but it does not match the alias(es) defined in your association (role). 
[Node] [ERROR] - 2022-12-09T13:15:45.995Z500 - /api/v1/getAll [GET] - roles is associated to users using an alias. You've included an alias (roleId), but it does not match the alias(es) defined in your association (role). 
[Node] [ERROR] - 2022-12-09T13:15:46.907Z500 - /api/v1/getAll [GET] - roles is associated to users using an alias. You've included an alias (roleId), but it does not match the alias(es) defined in your association (role). 
[Node] [ERROR] - 2022-12-09T13:15:47.618Z500 - /api/v1/getAll [GET] - roles is associated to users using an alias. You've included an alias (roleId), but it does not match the alias(es) defined in your association (role). 
[Node] [ERROR] - 2022-12-09T13:15:48.049Z500 - /api/v1/getAll [GET] - roles is associated to users using an alias. You've included an alias (roleId), but it does not match the alias(es) defined in your association (role). 
[Node] [INFO] - 2022-12-09T13:16:02.481Z [App] [bootstrap] Database connected 🔥 on development mode...
[Node] [INFO] - 2022-12-09T13:16:02.485Z [App] [listen] 🚀 App listening on the port 4001 ENV: development mode...
[Node] [INFO] - 2022-12-09T13:22:37.438Z [App] [bootstrap] Database connected 🔥 on development mode...
[Node] [INFO] - 2022-12-09T13:22:37.441Z [App] [listen] 🚀 App listening on the port 4001 ENV: development mode...
[Node] [ERROR] - 2022-12-09T13:22:49.701Z500 - /api/v1/create [POST] - Cannot read properties of undefined (reading 'findOne') 
[Node] [ERROR] - 2022-12-09T13:22:55.084Z500 - /api/v1/create [POST] - Cannot read properties of undefined (reading 'findOne') 
[Node] [INFO] - 2022-12-09T13:24:08.430Z [App] [bootstrap] Database connected 🔥 on development mode...
[Node] [INFO] - 2022-12-09T13:24:08.435Z [App] [listen] 🚀 App listening on the port 4001 ENV: development mode...
[Node] [ERROR] - 2022-12-09T13:24:22.209Z404 - /api/v1/role/allRoles [POST] - Can't find /api/v1/role/allRoles on this server! 
[Node] [INFO] - 2022-12-09T13:25:46.502Z [App] [bootstrap] Database connected 🔥 on development mode...
[Node] [INFO] - 2022-12-09T13:25:46.506Z [App] [listen] 🚀 App listening on the port 4001 ENV: development mode...
[Node] [ERROR] - 2022-12-09T13:25:54.573Z404 - /api/v1/create [GET] - Can't find /api/v1/create on this server! 
[Node] [ERROR] - 2022-12-09T13:25:55.734Z404 - /api/v1/create [GET] - Can't find /api/v1/create on this server! 
[Node] [ERROR] - 2022-12-09T13:25:59.650Z500 - /api/v1/create [POST] - this.roleData.findOne is not a function 
[Node] [ERROR] - 2022-12-09T13:26:00.791Z500 - /api/v1/create [POST] - this.roleData.findOne is not a function 
[Node] [INFO] - 2022-12-09T13:36:47.366Z [App] [bootstrap] Database connected 🔥 on development mode...
[Node] [INFO] - 2022-12-09T13:36:47.370Z [App] [listen] 🚀 App listening on the port 4001 ENV: development mode...
[Node] [INFO] - 2022-12-09T14:08:02.639Z [App] [bootstrap] Database connected 🔥 on development mode...
[Node] [INFO] - 2022-12-09T14:08:02.643Z [App] [listen] 🚀 App listening on the port 4001 ENV: development mode...
[Node] [ERROR] - 2022-12-09T14:23:40.156Z500 - /api/v1/create [POST] - Validation error 
[Node] [INFO] - 2022-12-09T14:25:10.056Z [App] [bootstrap] Database connected 🔥 on development mode...
[Node] [INFO] - 2022-12-09T14:25:10.059Z [App] [listen] 🚀 App listening on the port 4001 ENV: development mode...
[Node] [ERROR] - 2022-12-09T14:25:12.021Z500 - /api/v1/create [POST] - Validation error 
[Node] [INFO] - 2022-12-09T14:26:00.264Z [App] [bootstrap] Database connected 🔥 on development mode...
[Node] [INFO] - 2022-12-09T14:26:00.268Z [App] [listen] 🚀 App listening on the port 4001 ENV: development mode...
[Node] [INFO] - 2022-12-09T14:29:47.546Z [App] [bootstrap] Database connected 🔥 on development mode...
[Node] [INFO] - 2022-12-09T14:29:47.550Z [App] [listen] 🚀 App listening on the port 4001 ENV: development mode...
[Node] [INFO] - 2022-12-09T14:29:59.210Z [App] [bootstrap] Database connected 🔥 on development mode...
[Node] [INFO] - 2022-12-09T14:29:59.214Z [App] [listen] 🚀 App listening on the port 4001 ENV: development mode...
[Node] [INFO] - 2022-12-09T14:30:12.412Z [App] [bootstrap] Database connected 🔥 on development mode...
[Node] [INFO] - 2022-12-09T14:30:12.416Z [App] [listen] 🚀 App listening on the port 4001 ENV: development mode...
[Node] [INFO] - 2022-12-09T14:32:03.413Z [App] [bootstrap] Database connected 🔥 on development mode...
[Node] [INFO] - 2022-12-09T14:32:03.418Z [App] [listen] 🚀 App listening on the port 4001 ENV: development mode...
[Node] [INFO] - 2022-12-09T14:32:12.586Z [App] [bootstrap] Database connected 🔥 on development mode...
[Node] [INFO] - 2022-12-09T14:32:12.589Z [App] [listen] 🚀 App listening on the port 4001 ENV: development mode...
