[Node] [INFO] - 2022-12-08T06:18:06.490Z [App] [bootstrap] Database connected 🔥 on development mode...
[Node] [INFO] - 2022-12-08T06:18:06.493Z [App] [listen] 🚀 App listening on the port 4001 ENV: development mode...
[Node] [INFO] - 2022-12-08T06:19:13.111Z [App] [bootstrap] Database connected 🔥 on development mode...
[Node] [INFO] - 2022-12-08T06:19:13.115Z [App] [listen] 🚀 App listening on the port 4001 ENV: development mode...
[Node] [INFO] - 2022-12-08T06:21:55.113Z [App] [bootstrap] Database connected 🔥 on development mode...
[Node] [INFO] - 2022-12-08T06:21:55.116Z [App] [listen] 🚀 App listening on the port 4001 ENV: development mode...
[Node] [INFO] - 2022-12-08T06:22:08.266Z [App] [bootstrap] Database connected 🔥 on development mode...
[Node] [INFO] - 2022-12-08T06:22:08.269Z [App] [listen] 🚀 App listening on the port 4001 ENV: development mode...
[Node] [INFO] - 2022-12-08T06:22:55.157Z [App] [bootstrap] Database connected 🔥 on development mode...
[Node] [INFO] - 2022-12-08T06:22:55.161Z [App] [listen] 🚀 App listening on the port 4001 ENV: development mode...
[Node] [INFO] - 2022-12-08T06:25:03.416Z [App] [bootstrap] Database connected 🔥 on development mode...
[Node] [INFO] - 2022-12-08T06:25:03.420Z [App] [listen] 🚀 App listening on the port 4001 ENV: development mode...
[Node] [INFO] - 2022-12-08T06:25:28.014Z [App] [bootstrap] Database connected 🔥 on development mode...
[Node] [INFO] - 2022-12-08T06:25:28.018Z [App] [listen] 🚀 App listening on the port 4001 ENV: development mode...
[Node] [INFO] - 2022-12-08T06:26:01.537Z [App] [bootstrap] Database connected 🔥 on development mode...
[Node] [INFO] - 2022-12-08T06:26:01.540Z [App] [listen] 🚀 App listening on the port 4001 ENV: development mode...
[Node] [INFO] - 2022-12-08T06:26:10.145Z [App] [bootstrap] Database connected 🔥 on development mode...
[Node] [INFO] - 2022-12-08T06:26:10.149Z [App] [listen] 🚀 App listening on the port 4001 ENV: development mode...
[Node] [INFO] - 2022-12-08T06:26:51.063Z [App] [bootstrap] Database connected 🔥 on development mode...
[Node] [INFO] - 2022-12-08T06:26:51.067Z [App] [listen] 🚀 App listening on the port 4001 ENV: development mode...
[Node] [INFO] - 2022-12-08T06:28:27.734Z [App] [bootstrap] Database connected 🔥 on development mode...
[Node] [INFO] - 2022-12-08T06:28:27.738Z [App] [listen] 🚀 App listening on the port 4001 ENV: development mode...
[Node] [INFO] - 2022-12-08T06:28:33.665Z [App] [bootstrap] Database connected 🔥 on development mode...
[Node] [INFO] - 2022-12-08T06:28:33.668Z [App] [listen] 🚀 App listening on the port 4001 ENV: development mode...
[Node] [INFO] - 2022-12-08T06:29:37.117Z [App] [bootstrap] Database connected 🔥 on development mode...
[Node] [INFO] - 2022-12-08T06:29:37.120Z [App] [listen] 🚀 App listening on the port 4001 ENV: development mode...
[Node] [INFO] - 2022-12-08T06:48:00.106Z [App] [bootstrap] Database connected 🔥 on development mode...
[Node] [INFO] - 2022-12-08T06:48:00.110Z [App] [listen] 🚀 App listening on the port 4001 ENV: development mode...
[Node] [ERROR] - 2022-12-08T06:48:02.577Z500 - /api/v1/get/profile [GET] - invalid input syntax for type bigint: "profile" 
[Node] [INFO] - 2022-12-08T06:49:06.940Z [App] [bootstrap] Database connected 🔥 on development mode...
[Node] [INFO] - 2022-12-08T06:49:06.944Z [App] [listen] 🚀 App listening on the port 4001 ENV: development mode...
[Node] [INFO] - 2022-12-08T06:49:17.154Z [App] [bootstrap] Database connected 🔥 on development mode...
[Node] [INFO] - 2022-12-08T06:49:17.157Z [App] [listen] 🚀 App listening on the port 4001 ENV: development mode...
[Node] [ERROR] - 2022-12-08T06:49:17.536Z500 - /api/v1/get/profile [GET] - invalid input syntax for type bigint: "profile" 
[Node] [ERROR] - 2022-12-08T06:49:17.944Z500 - /api/v1/get/profile [GET] - invalid input syntax for type bigint: "profile" 
[Node] [ERROR] - 2022-12-08T06:50:32.820Z500 - /api/v1/get/profile [GET] - invalid input syntax for type bigint: "profile" 
[Node] [ERROR] - 2022-12-08T06:52:07.810Z500 - /api/v1/get/profile [GET] - invalid input syntax for type bigint: "profile" 
[Node] [ERROR] - 2022-12-08T06:52:59.387Z500 - /api/v1/get/profile [GET] - invalid input syntax for type bigint: "profile" 
[Node] [INFO] - 2022-12-08T06:54:54.180Z [App] [bootstrap] Database connected 🔥 on development mode...
[Node] [INFO] - 2022-12-08T06:54:54.184Z [App] [listen] 🚀 App listening on the port 4001 ENV: development mode...
[Node] [INFO] - 2022-12-08T06:55:04.850Z [App] [bootstrap] Database connected 🔥 on development mode...
[Node] [INFO] - 2022-12-08T06:55:04.854Z [App] [listen] 🚀 App listening on the port 4001 ENV: development mode...
[Node] [ERROR] - 2022-12-08T06:55:06.727Z500 - /api/v1/get/profile [GET] - invalid input syntax for type bigint: "profile" 
[Node] [INFO] - 2022-12-08T06:55:59.822Z [App] [bootstrap] Database connected 🔥 on development mode...
[Node] [INFO] - 2022-12-08T06:55:59.826Z [App] [listen] 🚀 App listening on the port 4001 ENV: development mode...
[Node] [ERROR] - 2022-12-08T06:56:03.494Z500 - /api/v1/get/profile [GET] - invalid input syntax for type bigint: "profile" 
[Node] [INFO] - 2022-12-08T06:56:29.211Z [App] [bootstrap] Database connected 🔥 on development mode...
[Node] [INFO] - 2022-12-08T06:56:29.215Z [App] [listen] 🚀 App listening on the port 4001 ENV: development mode...
[Node] [ERROR] - 2022-12-08T06:56:31.582Z500 - /api/v1/get/profile [GET] - invalid input syntax for type bigint: "profile" 
[Node] [INFO] - 2022-12-08T06:56:59.951Z [App] [bootstrap] Database connected 🔥 on development mode...
[Node] [INFO] - 2022-12-08T06:56:59.955Z [App] [listen] 🚀 App listening on the port 4001 ENV: development mode...
[Node] [ERROR] - 2022-12-08T06:57:02.640Z500 - /api/v1/get/profile [GET] - invalid input syntax for type bigint: "profile" 
[Node] [INFO] - 2022-12-08T06:58:14.757Z [App] [bootstrap] Database connected 🔥 on development mode...
[Node] [INFO] - 2022-12-08T06:58:14.761Z [App] [listen] 🚀 App listening on the port 4001 ENV: development mode...
[Node] [INFO] - 2022-12-08T06:58:23.214Z [App] [bootstrap] Database connected 🔥 on development mode...
[Node] [INFO] - 2022-12-08T06:58:23.218Z [App] [listen] 🚀 App listening on the port 4001 ENV: development mode...
[Node] [ERROR] - 2022-12-08T06:58:25.712Z500 - /api/v1/get/profile [GET] - invalid input syntax for type bigint: "profile" 
[Node] [INFO] - 2022-12-08T06:59:36.578Z [App] [bootstrap] Database connected 🔥 on development mode...
[Node] [INFO] - 2022-12-08T06:59:36.582Z [App] [listen] 🚀 App listening on the port 4001 ENV: development mode...
[Node] [ERROR] - 2022-12-08T06:59:39.135Z500 - /api/v1/get/profile [GET] - invalid input syntax for type bigint: "profile" 
[Node] [INFO] - 2022-12-08T07:00:22.663Z [App] [bootstrap] Database connected 🔥 on development mode...
[Node] [INFO] - 2022-12-08T07:00:22.667Z [App] [listen] 🚀 App listening on the port 4001 ENV: development mode...
[Node] [ERROR] - 2022-12-08T07:00:24.167Z500 - /api/v1/get/profile [GET] - invalid input syntax for type bigint: "profile" 
[Node] [INFO] - 2022-12-08T07:00:49.004Z [App] [bootstrap] Database connected 🔥 on development mode...
[Node] [INFO] - 2022-12-08T07:00:49.008Z [App] [listen] 🚀 App listening on the port 4001 ENV: development mode...
[Node] [INFO] - 2022-12-08T07:00:55.042Z [App] [bootstrap] Database connected 🔥 on development mode...
[Node] [INFO] - 2022-12-08T07:00:55.046Z [App] [listen] 🚀 App listening on the port 4001 ENV: development mode...
[Node] [INFO] - 2022-12-08T07:03:08.432Z [App] [bootstrap] Database connected 🔥 on development mode...
[Node] [INFO] - 2022-12-08T07:03:08.435Z [App] [listen] 🚀 App listening on the port 4001 ENV: development mode...
[Node] [INFO] - 2022-12-08T07:03:21.882Z [App] [bootstrap] Database connected 🔥 on development mode...
[Node] [INFO] - 2022-12-08T07:03:21.885Z [App] [listen] 🚀 App listening on the port 4001 ENV: development mode...
[Node] [INFO] - 2022-12-08T07:03:33.620Z [App] [bootstrap] Database connected 🔥 on development mode...
[Node] [INFO] - 2022-12-08T07:03:33.624Z [App] [listen] 🚀 App listening on the port 4001 ENV: development mode...
[Node] [ERROR] - 2022-12-08T07:03:37.743Z500 - /api/v1/get/profile [GET] - invalid input syntax for type bigint: "profile" 
[Node] [INFO] - 2022-12-08T07:03:49.369Z [App] [bootstrap] Database connected 🔥 on development mode...
[Node] [INFO] - 2022-12-08T07:03:49.374Z [App] [listen] 🚀 App listening on the port 4001 ENV: development mode...
[Node] [INFO] - 2022-12-08T07:05:06.736Z [App] [bootstrap] Database connected 🔥 on development mode...
[Node] [INFO] - 2022-12-08T07:05:06.741Z [App] [listen] 🚀 App listening on the port 4001 ENV: development mode...
[Node] [ERROR] - 2022-12-08T07:05:14.574Z404 - /get/profile [GET] - Can't find /get/profile on this server! 
[Node] [ERROR] - 2022-12-08T07:05:25.449Z500 - /api/v1/get/profile [GET] - invalid input syntax for type bigint: "profile" 
[Node] [INFO] - 2022-12-08T07:06:30.257Z [App] [bootstrap] Database connected 🔥 on development mode...
[Node] [INFO] - 2022-12-08T07:06:30.261Z [App] [listen] 🚀 App listening on the port 4001 ENV: development mode...
[Node] [INFO] - 2022-12-08T07:06:41.398Z [App] [bootstrap] Database connected 🔥 on development mode...
[Node] [INFO] - 2022-12-08T07:06:41.402Z [App] [listen] 🚀 App listening on the port 4001 ENV: development mode...
[Node] [INFO] - 2022-12-08T07:06:53.210Z [App] [bootstrap] Database connected 🔥 on development mode...
[Node] [INFO] - 2022-12-08T07:06:53.213Z [App] [listen] 🚀 App listening on the port 4001 ENV: development mode...
[Node] [INFO] - 2022-12-08T07:07:02.219Z [App] [bootstrap] Database connected 🔥 on development mode...
[Node] [INFO] - 2022-12-08T07:07:02.223Z [App] [listen] 🚀 App listening on the port 4001 ENV: development mode...
[Node] [INFO] - 2022-12-08T07:07:11.392Z [App] [bootstrap] Database connected 🔥 on development mode...
[Node] [INFO] - 2022-12-08T07:07:11.396Z [App] [listen] 🚀 App listening on the port 4001 ENV: development mode...
[Node] [ERROR] - 2022-12-08T07:07:19.441Z404 - /api/v1/health/v2 [GET] - Can't find /api/v1/health/v2 on this server! 
[Node] [INFO] - 2022-12-08T07:07:53.084Z [App] [bootstrap] Database connected 🔥 on development mode...
[Node] [INFO] - 2022-12-08T07:07:53.088Z [App] [listen] 🚀 App listening on the port 4001 ENV: development mode...
[Node] [INFO] - 2022-12-08T07:08:06.113Z [App] [bootstrap] Database connected 🔥 on development mode...
[Node] [INFO] - 2022-12-08T07:08:06.117Z [App] [listen] 🚀 App listening on the port 4001 ENV: development mode...
[Node] [ERROR] - 2022-12-08T07:08:11.867Z404 - /api/v1/health/v2 [GET] - Can't find /api/v1/health/v2 on this server! 
[Node] [ERROR] - 2022-12-08T07:08:15.440Z500 - /api/v1/get/profile [GET] - invalid input syntax for type bigint: "profile" 
[Node] [ERROR] - 2022-12-08T07:08:29.929Z500 - /api/v1/get/profile [GET] - invalid input syntax for type bigint: "profile" 
[Node] [INFO] - 2022-12-08T07:09:50.851Z [App] [bootstrap] Database connected 🔥 on development mode...
[Node] [INFO] - 2022-12-08T07:09:50.855Z [App] [listen] 🚀 App listening on the port 4001 ENV: development mode...
[Node] [INFO] - 2022-12-08T07:11:19.144Z [App] [bootstrap] Database connected 🔥 on development mode...
[Node] [INFO] - 2022-12-08T07:11:19.148Z [App] [listen] 🚀 App listening on the port 4001 ENV: development mode...
[Node] [INFO] - 2022-12-08T07:20:16.775Z [App] [bootstrap] Database connected 🔥 on development mode...
[Node] [INFO] - 2022-12-08T07:20:16.779Z [App] [listen] 🚀 App listening on the port 4001 ENV: development mode...
[Node] [INFO] - 2022-12-08T07:20:53.115Z [App] [bootstrap] Database connected 🔥 on development mode...
[Node] [INFO] - 2022-12-08T07:20:53.119Z [App] [listen] 🚀 App listening on the port 4001 ENV: development mode...
[Node] [INFO] - 2022-12-08T07:21:04.148Z [App] [bootstrap] Database connected 🔥 on development mode...
[Node] [INFO] - 2022-12-08T07:21:04.152Z [App] [listen] 🚀 App listening on the port 4001 ENV: development mode...
[Node] [INFO] - 2022-12-08T07:22:51.488Z [App] [bootstrap] Database connected 🔥 on development mode...
[Node] [INFO] - 2022-12-08T07:22:51.492Z [App] [listen] 🚀 App listening on the port 4001 ENV: development mode...
[Node] [INFO] - 2022-12-08T07:27:39.880Z [App] [bootstrap] Database connected 🔥 on development mode...
[Node] [INFO] - 2022-12-08T07:27:39.884Z [App] [listen] 🚀 App listening on the port 4001 ENV: development mode...
[Node] [INFO] - 2022-12-08T07:31:20.479Z [App] [bootstrap] Database connected 🔥 on development mode...
[Node] [INFO] - 2022-12-08T07:31:20.483Z [App] [listen] 🚀 App listening on the port 4001 ENV: development mode...
[Node] [INFO] - 2022-12-08T07:34:37.586Z [App] [bootstrap] Database connected 🔥 on development mode...
[Node] [INFO] - 2022-12-08T07:34:37.590Z [App] [listen] 🚀 App listening on the port 4001 ENV: development mode...
[Node] [INFO] - 2022-12-08T07:34:48.257Z [App] [bootstrap] Database connected 🔥 on development mode...
[Node] [INFO] - 2022-12-08T07:34:48.261Z [App] [listen] 🚀 App listening on the port 4001 ENV: development mode...
[Node] [INFO] - 2022-12-08T07:35:36.915Z [App] [bootstrap] Database connected 🔥 on development mode...
[Node] [INFO] - 2022-12-08T07:35:36.919Z [App] [listen] 🚀 App listening on the port 4001 ENV: development mode...
[Node] [INFO] - 2022-12-08T07:39:12.585Z [App] [bootstrap] Database connected 🔥 on development mode...
[Node] [INFO] - 2022-12-08T07:39:12.588Z [App] [listen] 🚀 App listening on the port 4001 ENV: development mode...
[Node] [INFO] - 2022-12-08T07:39:21.286Z [App] [bootstrap] Database connected 🔥 on development mode...
[Node] [INFO] - 2022-12-08T07:39:21.289Z [App] [listen] 🚀 App listening on the port 4001 ENV: development mode...
[Node] [INFO] - 2022-12-08T07:40:18.240Z [App] [bootstrap] Database connected 🔥 on development mode...
[Node] [INFO] - 2022-12-08T07:40:18.243Z [App] [listen] 🚀 App listening on the port 4001 ENV: development mode...
[Node] [INFO] - 2022-12-08T07:41:49.973Z [App] [bootstrap] Database connected 🔥 on development mode...
[Node] [INFO] - 2022-12-08T07:41:49.976Z [App] [listen] 🚀 App listening on the port 4001 ENV: development mode...
[Node] [INFO] - 2022-12-08T07:42:01.675Z [App] [bootstrap] Database connected 🔥 on development mode...
[Node] [INFO] - 2022-12-08T07:42:01.678Z [App] [listen] 🚀 App listening on the port 4001 ENV: development mode...
[Node] [INFO] - 2022-12-08T07:42:14.628Z [App] [bootstrap] Database connected 🔥 on development mode...
[Node] [INFO] - 2022-12-08T07:42:14.632Z [App] [listen] 🚀 App listening on the port 4001 ENV: development mode...
[Node] [INFO] - 2022-12-08T07:42:23.189Z [App] [bootstrap] Database connected 🔥 on development mode...
[Node] [INFO] - 2022-12-08T07:42:23.193Z [App] [listen] 🚀 App listening on the port 4001 ENV: development mode...
[Node] [INFO] - 2022-12-08T07:42:48.115Z [App] [bootstrap] Database connected 🔥 on development mode...
[Node] [INFO] - 2022-12-08T07:42:48.119Z [App] [listen] 🚀 App listening on the port 4001 ENV: development mode...
[Node] [INFO] - 2022-12-08T07:43:04.030Z [App] [bootstrap] Database connected 🔥 on development mode...
[Node] [INFO] - 2022-12-08T07:43:04.034Z [App] [listen] 🚀 App listening on the port 4001 ENV: development mode...
[Node] [INFO] - 2022-12-08T07:43:15.405Z [App] [bootstrap] Database connected 🔥 on development mode...
[Node] [INFO] - 2022-12-08T07:43:15.409Z [App] [listen] 🚀 App listening on the port 4001 ENV: development mode...
[Node] [INFO] - 2022-12-08T07:43:27.979Z [App] [bootstrap] Database connected 🔥 on development mode...
[Node] [INFO] - 2022-12-08T07:43:27.983Z [App] [listen] 🚀 App listening on the port 4001 ENV: development mode...
[Node] [INFO] - 2022-12-08T07:45:09.152Z [App] [bootstrap] Database connected 🔥 on development mode...
[Node] [INFO] - 2022-12-08T07:45:09.155Z [App] [listen] 🚀 App listening on the port 4001 ENV: development mode...
[Node] [ERROR] - 2022-12-08T07:45:59.956Z500 - /api/v1/getAll [GET] - roles is not associated to users! 
[Node] [INFO] - 2022-12-08T07:46:51.025Z [App] [bootstrap] Database connected 🔥 on development mode...
[Node] [INFO] - 2022-12-08T07:46:51.029Z [App] [listen] 🚀 App listening on the port 4001 ENV: development mode...
[Node] [ERROR] - 2022-12-08T07:46:53.899Z500 - /api/v1/getAll [GET] - roles is not associated to users! 
[Node] [INFO] - 2022-12-08T07:47:05.428Z [App] [bootstrap] Database connected 🔥 on development mode...
[Node] [INFO] - 2022-12-08T07:47:05.433Z [App] [listen] 🚀 App listening on the port 4001 ENV: development mode...
[Node] [ERROR] - 2022-12-08T07:47:06.933Z500 - /api/v1/getAll [GET] - roles is not associated to users! 
[Node] [INFO] - 2022-12-08T07:47:33.669Z [App] [bootstrap] Database connected 🔥 on development mode...
[Node] [INFO] - 2022-12-08T07:47:33.673Z [App] [listen] 🚀 App listening on the port 4001 ENV: development mode...
[Node] [INFO] - 2022-12-08T07:47:39.738Z [App] [bootstrap] Database connected 🔥 on development mode...
[Node] [INFO] - 2022-12-08T07:47:39.742Z [App] [listen] 🚀 App listening on the port 4001 ENV: development mode...
[Node] [INFO] - 2022-12-08T07:47:44.173Z [App] [bootstrap] Database connected 🔥 on development mode...
[Node] [INFO] - 2022-12-08T07:47:44.177Z [App] [listen] 🚀 App listening on the port 4001 ENV: development mode...
[Node] [ERROR] - 2022-12-08T07:47:46.180Z500 - /api/v1/getAll [GET] - roles is not associated to users! 
[Node] [INFO] - 2022-12-08T07:47:56.420Z [App] [bootstrap] Database connected 🔥 on development mode...
[Node] [INFO] - 2022-12-08T07:47:56.424Z [App] [listen] 🚀 App listening on the port 4001 ENV: development mode...
[Node] [INFO] - 2022-12-08T07:48:44.586Z [App] [bootstrap] Database connected 🔥 on development mode...
[Node] [INFO] - 2022-12-08T07:48:44.590Z [App] [listen] 🚀 App listening on the port 4001 ENV: development mode...
[Node] [ERROR] - 2022-12-08T07:48:46.507Z500 - /api/v1/getAll [GET] - roles is not associated to users! 
[Node] [INFO] - 2022-12-08T07:49:09.031Z [App] [bootstrap] Database connected 🔥 on development mode...
[Node] [INFO] - 2022-12-08T07:49:09.035Z [App] [listen] 🚀 App listening on the port 4001 ENV: development mode...
[Node] [ERROR] - 2022-12-08T07:49:10.037Z500 - /api/v1/getAll [GET] - roles is not associated to users! 
[Node] [INFO] - 2022-12-08T07:51:14.393Z [App] [bootstrap] Database connected 🔥 on development mode...
[Node] [INFO] - 2022-12-08T07:51:14.397Z [App] [listen] 🚀 App listening on the port 4001 ENV: development mode...
[Node] [INFO] - 2022-12-08T07:51:19.379Z [App] [bootstrap] Database connected 🔥 on development mode...
[Node] [INFO] - 2022-12-08T07:51:19.383Z [App] [listen] 🚀 App listening on the port 4001 ENV: development mode...
[Node] [INFO] - 2022-12-08T07:52:15.134Z [App] [bootstrap] Database connected 🔥 on development mode...
[Node] [INFO] - 2022-12-08T07:52:15.138Z [App] [listen] 🚀 App listening on the port 4001 ENV: development mode...
[Node] [ERROR] - 2022-12-08T07:52:18.498Z500 - /api/v1/getAll [GET] - roles is not associated to users! 
[Node] [INFO] - 2022-12-08T07:53:00.591Z [App] [bootstrap] Database connected 🔥 on development mode...
[Node] [INFO] - 2022-12-08T07:53:00.595Z [App] [listen] 🚀 App listening on the port 4001 ENV: development mode...
[Node] [INFO] - 2022-12-08T07:53:06.296Z [App] [bootstrap] Database connected 🔥 on development mode...
[Node] [INFO] - 2022-12-08T07:53:06.300Z [App] [listen] 🚀 App listening on the port 4001 ENV: development mode...
[Node] [INFO] - 2022-12-08T07:53:27.127Z [App] [bootstrap] Database connected 🔥 on development mode...
[Node] [INFO] - 2022-12-08T07:53:27.131Z [App] [listen] 🚀 App listening on the port 4001 ENV: development mode...
[Node] [ERROR] - 2022-12-08T07:53:31.544Z500 - /api/v1/getAll [GET] - roles is not associated to users! 
[Node] [INFO] - 2022-12-08T07:53:47.424Z [App] [bootstrap] Database connected 🔥 on development mode...
[Node] [INFO] - 2022-12-08T07:53:47.428Z [App] [listen] 🚀 App listening on the port 4001 ENV: development mode...
[Node] [ERROR] - 2022-12-08T07:53:49.569Z500 - /api/v1/getAll [GET] - roles is not associated to users! 
[Node] [INFO] - 2022-12-08T07:53:59.728Z [App] [bootstrap] Database connected 🔥 on development mode...
[Node] [INFO] - 2022-12-08T07:53:59.732Z [App] [listen] 🚀 App listening on the port 4001 ENV: development mode...
[Node] [INFO] - 2022-12-08T07:54:24.626Z [App] [bootstrap] Database connected 🔥 on development mode...
[Node] [INFO] - 2022-12-08T07:54:24.631Z [App] [listen] 🚀 App listening on the port 4001 ENV: development mode...
[Node] [INFO] - 2022-12-08T07:54:33.533Z [App] [bootstrap] Database connected 🔥 on development mode...
[Node] [INFO] - 2022-12-08T07:54:33.536Z [App] [listen] 🚀 App listening on the port 4001 ENV: development mode...
[Node] [INFO] - 2022-12-08T07:55:49.980Z [App] [bootstrap] Database connected 🔥 on development mode...
[Node] [INFO] - 2022-12-08T07:55:49.984Z [App] [listen] 🚀 App listening on the port 4001 ENV: development mode...
[Node] [INFO] - 2022-12-08T07:56:08.162Z [App] [bootstrap] Database connected 🔥 on development mode...
[Node] [INFO] - 2022-12-08T07:56:08.166Z [App] [listen] 🚀 App listening on the port 4001 ENV: development mode...
[Node] [INFO] - 2022-12-08T07:56:43.056Z [App] [bootstrap] Database connected 🔥 on development mode...
[Node] [INFO] - 2022-12-08T07:56:43.061Z [App] [listen] 🚀 App listening on the port 4001 ENV: development mode...
[Node] [INFO] - 2022-12-08T07:57:09.536Z [App] [bootstrap] Database connected 🔥 on development mode...
[Node] [INFO] - 2022-12-08T07:57:09.540Z [App] [listen] 🚀 App listening on the port 4001 ENV: development mode...
[Node] [ERROR] - 2022-12-08T07:57:11.316Z500 - /api/v1/getAll [GET] - roles is associated to users using an alias. You must use the 'as' keyword to specify the alias within your include statement. 
[Node] [INFO] - 2022-12-08T07:57:49.703Z [App] [bootstrap] Database connected 🔥 on development mode...
[Node] [INFO] - 2022-12-08T07:57:49.707Z [App] [listen] 🚀 App listening on the port 4001 ENV: development mode...
[Node] [INFO] - 2022-12-08T07:58:09.413Z [App] [bootstrap] Database connected 🔥 on development mode...
[Node] [INFO] - 2022-12-08T07:58:09.416Z [App] [listen] 🚀 App listening on the port 4001 ENV: development mode...
[Node] [INFO] - 2022-12-08T07:58:33.971Z [App] [bootstrap] Database connected 🔥 on development mode...
[Node] [INFO] - 2022-12-08T07:58:33.975Z [App] [listen] 🚀 App listening on the port 4001 ENV: development mode...
[Node] [INFO] - 2022-12-08T07:59:28.406Z [App] [bootstrap] Database connected 🔥 on development mode...
[Node] [INFO] - 2022-12-08T07:59:28.410Z [App] [listen] 🚀 App listening on the port 4001 ENV: development mode...
[Node] [INFO] - 2022-12-08T07:59:38.605Z [App] [bootstrap] Database connected 🔥 on development mode...
[Node] [INFO] - 2022-12-08T07:59:38.609Z [App] [listen] 🚀 App listening on the port 4001 ENV: development mode...
[Node] [INFO] - 2022-12-08T07:59:59.699Z [App] [bootstrap] Database connected 🔥 on development mode...
[Node] [INFO] - 2022-12-08T07:59:59.704Z [App] [listen] 🚀 App listening on the port 4001 ENV: development mode...
[Node] [INFO] - 2022-12-08T08:00:24.347Z [App] [bootstrap] Database connected 🔥 on development mode...
[Node] [INFO] - 2022-12-08T08:00:24.351Z [App] [listen] 🚀 App listening on the port 4001 ENV: development mode...
[Node] [INFO] - 2022-12-08T08:00:37.768Z [App] [bootstrap] Database connected 🔥 on development mode...
[Node] [INFO] - 2022-12-08T08:00:37.772Z [App] [listen] 🚀 App listening on the port 4001 ENV: development mode...
[Node] [INFO] - 2022-12-08T08:00:56.721Z [App] [bootstrap] Database connected 🔥 on development mode...
[Node] [INFO] - 2022-12-08T08:00:56.724Z [App] [listen] 🚀 App listening on the port 4001 ENV: development mode...
[Node] [INFO] - 2022-12-08T08:01:48.207Z [App] [bootstrap] Database connected 🔥 on development mode...
[Node] [INFO] - 2022-12-08T08:01:48.211Z [App] [listen] 🚀 App listening on the port 4001 ENV: development mode...
[Node] [ERROR] - 2022-12-08T08:01:49.771Z500 - /api/v1/getAll [GET] - table name "roles" specified more than once 
[Node] [INFO] - 2022-12-08T08:02:20.749Z [App] [bootstrap] Database connected 🔥 on development mode...
[Node] [INFO] - 2022-12-08T08:02:20.753Z [App] [listen] 🚀 App listening on the port 4001 ENV: development mode...
[Node] [INFO] - 2022-12-08T08:02:25.768Z [App] [bootstrap] Database connected 🔥 on development mode...
[Node] [INFO] - 2022-12-08T08:02:25.772Z [App] [listen] 🚀 App listening on the port 4001 ENV: development mode...
[Node] [INFO] - 2022-12-08T08:03:54.131Z [App] [bootstrap] Database connected 🔥 on development mode...
[Node] [INFO] - 2022-12-08T08:03:54.135Z [App] [listen] 🚀 App listening on the port 4001 ENV: development mode...
[Node] [INFO] - 2022-12-08T08:04:05.762Z [App] [bootstrap] Database connected 🔥 on development mode...
[Node] [INFO] - 2022-12-08T08:04:05.766Z [App] [listen] 🚀 App listening on the port 4001 ENV: development mode...
[Node] [INFO] - 2022-12-08T08:09:18.450Z [App] [bootstrap] Database connected 🔥 on development mode...
[Node] [INFO] - 2022-12-08T08:09:18.456Z [App] [listen] 🚀 App listening on the port 4001 ENV: development mode...
[Node] [INFO] - 2022-12-08T08:10:08.943Z [App] [bootstrap] Database connected 🔥 on development mode...
[Node] [INFO] - 2022-12-08T08:10:08.947Z [App] [listen] 🚀 App listening on the port 4001 ENV: development mode...
[Node] [INFO] - 2022-12-08T08:13:03.918Z [App] [bootstrap] Database connected 🔥 on development mode...
[Node] [INFO] - 2022-12-08T08:13:03.922Z [App] [listen] 🚀 App listening on the port 4001 ENV: development mode...
[Node] [INFO] - 2022-12-08T08:13:13.694Z [App] [bootstrap] Database connected 🔥 on development mode...
[Node] [INFO] - 2022-12-08T08:13:13.698Z [App] [listen] 🚀 App listening on the port 4001 ENV: development mode...
[Node] [INFO] - 2022-12-08T08:13:24.514Z [App] [bootstrap] Database connected 🔥 on development mode...
[Node] [INFO] - 2022-12-08T08:13:24.518Z [App] [listen] 🚀 App listening on the port 4001 ENV: development mode...
[Node] [INFO] - 2022-12-08T08:15:02.229Z [App] [bootstrap] Database connected 🔥 on development mode...
[Node] [INFO] - 2022-12-08T08:15:02.233Z [App] [listen] 🚀 App listening on the port 4001 ENV: development mode...
[Node] [INFO] - 2022-12-08T08:15:44.784Z [App] [bootstrap] Database connected 🔥 on development mode...
[Node] [INFO] - 2022-12-08T08:15:44.788Z [App] [listen] 🚀 App listening on the port 4001 ENV: development mode...
[Node] [INFO] - 2022-12-08T08:23:31.204Z [App] [bootstrap] Database connected 🔥 on development mode...
[Node] [INFO] - 2022-12-08T08:23:31.207Z [App] [listen] 🚀 App listening on the port 4001 ENV: development mode...
[Node] [INFO] - 2022-12-08T09:33:13.445Z [App] [bootstrap] Database connected 🔥 on development mode...
[Node] [INFO] - 2022-12-08T09:33:13.449Z [App] [listen] 🚀 App listening on the port 4001 ENV: development mode...
[Node] [INFO] - 2022-12-08T09:33:23.163Z [App] [bootstrap] Database connected 🔥 on development mode...
[Node] [INFO] - 2022-12-08T09:33:23.167Z [App] [listen] 🚀 App listening on the port 4001 ENV: development mode...
[Node] [INFO] - 2022-12-08T09:33:28.026Z [App] [bootstrap] Database connected 🔥 on development mode...
[Node] [INFO] - 2022-12-08T09:33:28.030Z [App] [listen] 🚀 App listening on the port 4001 ENV: development mode...
[Node] [INFO] - 2022-12-08T09:33:34.861Z [App] [bootstrap] Database connected 🔥 on development mode...
[Node] [INFO] - 2022-12-08T09:33:34.865Z [App] [listen] 🚀 App listening on the port 4001 ENV: development mode...
[Node] [INFO] - 2022-12-08T09:39:19.798Z [App] [bootstrap] Database connected 🔥 on development mode...
[Node] [INFO] - 2022-12-08T09:39:19.802Z [App] [listen] 🚀 App listening on the port 4001 ENV: development mode...
[Node] [INFO] - 2022-12-08T09:41:43.718Z [App] [bootstrap] Database connected 🔥 on development mode...
[Node] [INFO] - 2022-12-08T09:41:43.722Z [App] [listen] 🚀 App listening on the port 4001 ENV: development mode...
[Node] [INFO] - 2022-12-08T09:42:09.578Z [App] [bootstrap] Database connected 🔥 on development mode...
[Node] [INFO] - 2022-12-08T09:42:09.582Z [App] [listen] 🚀 App listening on the port 4001 ENV: development mode...
[Node] [INFO] - 2022-12-08T09:46:44.738Z [App] [bootstrap] Database connected 🔥 on development mode...
[Node] [INFO] - 2022-12-08T09:46:44.742Z [App] [listen] 🚀 App listening on the port 4001 ENV: development mode...
[Node] [INFO] - 2022-12-08T09:47:37.565Z [App] [bootstrap] Database connected 🔥 on development mode...
[Node] [INFO] - 2022-12-08T09:47:37.570Z [App] [listen] 🚀 App listening on the port 4001 ENV: development mode...
[Node] [INFO] - 2022-12-08T09:47:48.238Z [App] [bootstrap] Database connected 🔥 on development mode...
[Node] [INFO] - 2022-12-08T09:47:48.242Z [App] [listen] 🚀 App listening on the port 4001 ENV: development mode...
[Node] [INFO] - 2022-12-08T09:48:37.802Z [App] [bootstrap] Database connected 🔥 on development mode...
[Node] [INFO] - 2022-12-08T09:48:37.806Z [App] [listen] 🚀 App listening on the port 4001 ENV: development mode...
[Node] [INFO] - 2022-12-08T09:48:56.655Z [App] [bootstrap] Database connected 🔥 on development mode...
[Node] [INFO] - 2022-12-08T09:48:56.658Z [App] [listen] 🚀 App listening on the port 4001 ENV: development mode...
[Node] [INFO] - 2022-12-08T09:49:17.110Z [App] [bootstrap] Database connected 🔥 on development mode...
[Node] [INFO] - 2022-12-08T09:49:17.115Z [App] [listen] 🚀 App listening on the port 4001 ENV: development mode...
[Node] [INFO] - 2022-12-08T09:49:29.932Z [App] [bootstrap] Database connected 🔥 on development mode...
[Node] [INFO] - 2022-12-08T09:49:29.936Z [App] [listen] 🚀 App listening on the port 4001 ENV: development mode...
[Node] [INFO] - 2022-12-08T09:49:41.047Z [App] [bootstrap] Database connected 🔥 on development mode...
[Node] [INFO] - 2022-12-08T09:49:41.051Z [App] [listen] 🚀 App listening on the port 4001 ENV: development mode...
[Node] [INFO] - 2022-12-08T09:50:48.560Z [App] [bootstrap] Database connected 🔥 on development mode...
[Node] [INFO] - 2022-12-08T09:50:48.564Z [App] [listen] 🚀 App listening on the port 4001 ENV: development mode...
[Node] [INFO] - 2022-12-08T09:51:04.882Z [App] [bootstrap] Database connected 🔥 on development mode...
[Node] [INFO] - 2022-12-08T09:51:04.885Z [App] [listen] 🚀 App listening on the port 4001 ENV: development mode...
[Node] [ERROR] - 2022-12-08T09:51:11.204Z500 - /api/v1/get/profile [GET] - column "profile" does not exist 
[Node] [INFO] - 2022-12-08T09:51:45.874Z [App] [bootstrap] Database connected 🔥 on development mode...
[Node] [INFO] - 2022-12-08T09:51:45.878Z [App] [listen] 🚀 App listening on the port 4001 ENV: development mode...
[Node] [INFO] - 2022-12-08T09:52:35.699Z [App] [bootstrap] Database connected 🔥 on development mode...
[Node] [INFO] - 2022-12-08T09:52:35.704Z [App] [listen] 🚀 App listening on the port 4001 ENV: development mode...
[Node] [INFO] - 2022-12-08T09:52:48.624Z [App] [bootstrap] Database connected 🔥 on development mode...
[Node] [INFO] - 2022-12-08T09:52:48.628Z [App] [listen] 🚀 App listening on the port 4001 ENV: development mode...
[Node] [ERROR] - 2022-12-08T09:52:49.766Z500 - /api/v1/get/profile [GET] - branches is not associated to userProfile! 
[Node] [ERROR] - 2022-12-08T09:52:52.043Z500 - /api/v1/get/profile [GET] - branches is not associated to userProfile! 
[Node] [ERROR] - 2022-12-08T09:52:52.787Z500 - /api/v1/get/profile [GET] - branches is not associated to userProfile! 
[Node] [INFO] - 2022-12-08T09:53:25.198Z [App] [bootstrap] Database connected 🔥 on development mode...
[Node] [INFO] - 2022-12-08T09:53:25.202Z [App] [listen] 🚀 App listening on the port 4001 ENV: development mode...
[Node] [INFO] - 2022-12-08T09:54:03.561Z [App] [bootstrap] Database connected 🔥 on development mode...
[Node] [INFO] - 2022-12-08T09:54:03.565Z [App] [listen] 🚀 App listening on the port 4001 ENV: development mode...
[Node] [INFO] - 2022-12-08T09:54:09.157Z [App] [bootstrap] Database connected 🔥 on development mode...
[Node] [INFO] - 2022-12-08T09:54:09.161Z [App] [listen] 🚀 App listening on the port 4001 ENV: development mode...
[Node] [INFO] - 2022-12-08T09:54:41.763Z [App] [bootstrap] Database connected 🔥 on development mode...
[Node] [INFO] - 2022-12-08T09:54:41.768Z [App] [listen] 🚀 App listening on the port 4001 ENV: development mode...
[Node] [INFO] - 2022-12-08T09:54:46.755Z [App] [bootstrap] Database connected 🔥 on development mode...
[Node] [INFO] - 2022-12-08T09:54:46.758Z [App] [listen] 🚀 App listening on the port 4001 ENV: development mode...
[Node] [INFO] - 2022-12-08T09:56:10.463Z [App] [bootstrap] Database connected 🔥 on development mode...
[Node] [INFO] - 2022-12-08T09:56:10.468Z [App] [listen] 🚀 App listening on the port 4001 ENV: development mode...
[Node] [ERROR] - 2022-12-08T10:58:17.736ZUNCAUGHT REJECTION! TypeError: Cannot read properties of undefined (reading 'name')
[Node] [ERROR] - 2022-12-08T10:58:17.739ZUNCAUGHT REJECTION! TypeError: Cannot read properties of undefined (reading 'name')
[Node] [ERROR] - 2022-12-08T10:58:17.739ZUNCAUGHT REJECTION! TypeError: Cannot read properties of undefined (reading 'name')
[Node] [ERROR] - 2022-12-08T10:58:17.740ZUNCAUGHT REJECTION! TypeError: Cannot read properties of undefined (reading 'name')
[Node] [ERROR] - 2022-12-08T10:58:17.740ZUNCAUGHT REJECTION! TypeError: Cannot read properties of undefined (reading 'name')
[Node] [ERROR] - 2022-12-08T10:58:17.741ZUNCAUGHT REJECTION! TypeError: Cannot read properties of undefined (reading 'name')
[Node] [ERROR] - 2022-12-08T10:58:17.741ZUNCAUGHT REJECTION! TypeError: Cannot read properties of undefined (reading 'name')
[Node] [ERROR] - 2022-12-08T10:58:17.741ZUNCAUGHT REJECTION! TypeError: Cannot read properties of undefined (reading 'name')
[Node] [ERROR] - 2022-12-08T10:58:17.742ZUNCAUGHT REJECTION! TypeError: Cannot read properties of undefined (reading 'name')
[Node] [ERROR] - 2022-12-08T10:58:38.395ZUNCAUGHT REJECTION! TypeError: Cannot read properties of undefined (reading 'name')
[Node] [ERROR] - 2022-12-08T10:58:38.397ZUNCAUGHT REJECTION! TypeError: Cannot read properties of undefined (reading 'name')
[Node] [ERROR] - 2022-12-08T10:58:38.397ZUNCAUGHT REJECTION! TypeError: Cannot read properties of undefined (reading 'name')
[Node] [ERROR] - 2022-12-08T10:58:38.398ZUNCAUGHT REJECTION! TypeError: Cannot read properties of undefined (reading 'name')
[Node] [ERROR] - 2022-12-08T10:58:38.398ZUNCAUGHT REJECTION! TypeError: Cannot read properties of undefined (reading 'name')
[Node] [ERROR] - 2022-12-08T10:58:38.399ZUNCAUGHT REJECTION! TypeError: Cannot read properties of undefined (reading 'name')
[Node] [ERROR] - 2022-12-08T10:58:38.399ZUNCAUGHT REJECTION! TypeError: Cannot read properties of undefined (reading 'name')
[Node] [ERROR] - 2022-12-08T10:58:38.400ZUNCAUGHT REJECTION! TypeError: Cannot read properties of undefined (reading 'name')
[Node] [ERROR] - 2022-12-08T10:58:38.400ZUNCAUGHT REJECTION! TypeError: Cannot read properties of undefined (reading 'name')
[Node] [ERROR] - 2022-12-08T11:00:37.605ZUNCAUGHT REJECTION! TypeError: Cannot read properties of undefined (reading 'name')
[Node] [ERROR] - 2022-12-08T11:00:37.607ZUNCAUGHT REJECTION! TypeError: Cannot read properties of undefined (reading 'name')
[Node] [ERROR] - 2022-12-08T11:00:37.608ZUNCAUGHT REJECTION! TypeError: Cannot read properties of undefined (reading 'name')
[Node] [ERROR] - 2022-12-08T11:00:37.608ZUNCAUGHT REJECTION! TypeError: Cannot read properties of undefined (reading 'name')
[Node] [ERROR] - 2022-12-08T11:00:37.609ZUNCAUGHT REJECTION! TypeError: Cannot read properties of undefined (reading 'name')
[Node] [ERROR] - 2022-12-08T11:00:37.610ZUNCAUGHT REJECTION! TypeError: Cannot read properties of undefined (reading 'name')
[Node] [ERROR] - 2022-12-08T11:00:37.610ZUNCAUGHT REJECTION! TypeError: Cannot read properties of undefined (reading 'name')
[Node] [ERROR] - 2022-12-08T11:00:37.611ZUNCAUGHT REJECTION! TypeError: Cannot read properties of undefined (reading 'name')
[Node] [ERROR] - 2022-12-08T11:00:37.611ZUNCAUGHT REJECTION! TypeError: Cannot read properties of undefined (reading 'name')
[Node] [INFO] - 2022-12-08T11:00:37.798Z [App] [bootstrap] Database connected 🔥 on development mode...
[Node] [INFO] - 2022-12-08T11:00:37.800Z [App] [listen] 🚀 App listening on the port 4001 ENV: development mode...
[Node] [ERROR] - 2022-12-08T11:01:05.856Z500 - /api/v1/getAll [GET] - Cannot read properties of undefined (reading 'findAll') 
[Node] [INFO] - 2022-12-08T11:05:15.128Z [App] [bootstrap] Database connected 🔥 on development mode...
[Node] [INFO] - 2022-12-08T11:05:15.131Z [App] [listen] 🚀 App listening on the port 4001 ENV: development mode...
[Node] [ERROR] - 2022-12-08T11:05:18.687Z500 - /api/v1/getAll [GET] - Cannot read properties of undefined (reading 'findAll') 
[Node] [INFO] - 2022-12-08T11:06:54.912Z [App] [bootstrap] Database connected 🔥 on development mode...
[Node] [INFO] - 2022-12-08T11:06:54.916Z [App] [listen] 🚀 App listening on the port 4001 ENV: development mode...
[Node] [ERROR] - 2022-12-08T11:06:56.448Z500 - /api/v1/getAll [GET] - Cannot read properties of undefined (reading 'findAll') 
[Node] [INFO] - 2022-12-08T11:07:22.529Z [App] [bootstrap] Database connected 🔥 on development mode...
[Node] [INFO] - 2022-12-08T11:07:22.533Z [App] [listen] 🚀 App listening on the port 4001 ENV: development mode...
[Node] [ERROR] - 2022-12-08T11:07:23.210Z500 - /api/v1/getAll [GET] - Cannot read properties of undefined (reading 'findAll') 
[Node] [INFO] - 2022-12-08T11:07:51.963Z [App] [bootstrap] Database connected 🔥 on development mode...
[Node] [INFO] - 2022-12-08T11:07:51.967Z [App] [listen] 🚀 App listening on the port 4001 ENV: development mode...
[Node] [ERROR] - 2022-12-08T11:07:54.306Z500 - /api/v1/getAll [GET] - Cannot read properties of undefined (reading 'findAll') 
[Node] [INFO] - 2022-12-08T11:14:07.047Z [App] [bootstrap] Database connected 🔥 on development mode...
[Node] [INFO] - 2022-12-08T11:14:07.052Z [App] [listen] 🚀 App listening on the port 4001 ENV: development mode...
[Node] [INFO] - 2022-12-08T11:14:30.884Z [App] [bootstrap] Database connected 🔥 on development mode...
[Node] [INFO] - 2022-12-08T11:14:30.888Z [App] [listen] 🚀 App listening on the port 4001 ENV: development mode...
[Node] [ERROR] - 2022-12-08T11:14:33.771Z500 - /api/v1/getAll [GET] - Cannot read properties of undefined (reading 'findAll') 
[Node] [ERROR] - 2022-12-08T11:15:11.327Z500 - /api/v1/getAll [GET] - Cannot read properties of undefined (reading 'findAll') 
[Node] [INFO] - 2022-12-08T11:22:16.623Z [App] [bootstrap] Database connected 🔥 on development mode...
[Node] [INFO] - 2022-12-08T11:22:16.627Z [App] [listen] 🚀 App listening on the port 4001 ENV: development mode...
[Node] [ERROR] - 2022-12-08T11:22:20.426Z500 - /api/v1/getAll [GET] - Cannot read properties of undefined (reading 'findAll') 
[Node] [INFO] - 2022-12-08T11:22:59.696Z [App] [bootstrap] Database connected 🔥 on development mode...
[Node] [INFO] - 2022-12-08T11:22:59.700Z [App] [listen] 🚀 App listening on the port 4001 ENV: development mode...
[Node] [INFO] - 2022-12-08T11:23:05.741Z [App] [bootstrap] Database connected 🔥 on development mode...
[Node] [INFO] - 2022-12-08T11:23:05.745Z [App] [listen] 🚀 App listening on the port 4001 ENV: development mode...
[Node] [ERROR] - 2022-12-08T11:23:06.411Z500 - /api/v1/getAll [GET] - Cannot read properties of undefined (reading 'findAll') 
[Node] [INFO] - 2022-12-08T11:23:30.825Z [App] [bootstrap] Database connected 🔥 on development mode...
[Node] [INFO] - 2022-12-08T11:23:30.829Z [App] [listen] 🚀 App listening on the port 4001 ENV: development mode...
[Node] [ERROR] - 2022-12-08T11:23:32.733Z500 - /api/v1/getAll [GET] - Cannot read properties of undefined (reading 'findAll') 
[Node] [INFO] - 2022-12-08T12:11:25.500Z [App] [bootstrap] Database connected 🔥 on development mode...
[Node] [INFO] - 2022-12-08T12:11:25.504Z [App] [listen] 🚀 App listening on the port 4001 ENV: development mode...
[Node] [INFO] - 2022-12-08T12:26:17.113Z [App] [bootstrap] Database connected 🔥 on development mode...
[Node] [INFO] - 2022-12-08T12:26:17.117Z [App] [listen] 🚀 App listening on the port 4001 ENV: development mode...
[Node] [INFO] - 2022-12-08T12:26:32.649Z [App] [bootstrap] Database connected 🔥 on development mode...
[Node] [INFO] - 2022-12-08T12:26:32.653Z [App] [listen] 🚀 App listening on the port 4001 ENV: development mode...
[Node] [ERROR] - 2022-12-08T12:27:19.972Z500 - /api/v1/getAll [GET] - Cannot read properties of undefined (reading 'findAll') 
[Node] [INFO] - 2022-12-08T12:30:15.507Z [App] [bootstrap] Database connected 🔥 on development mode...
[Node] [INFO] - 2022-12-08T12:30:15.512Z [App] [listen] 🚀 App listening on the port 4001 ENV: development mode...
[Node] [INFO] - 2022-12-08T13:09:01.783Z [App] [bootstrap] Database connected 🔥 on development mode...
[Node] [INFO] - 2022-12-08T13:09:01.787Z [App] [listen] 🚀 App listening on the port 4001 ENV: development mode...
[Node] [INFO] - 2022-12-08T13:09:19.241Z [App] [bootstrap] Database connected 🔥 on development mode...
[Node] [INFO] - 2022-12-08T13:09:19.244Z [App] [listen] 🚀 App listening on the port 4001 ENV: development mode...
[Node] [INFO] - 2022-12-08T13:09:24.157Z [App] [bootstrap] Database connected 🔥 on development mode...
[Node] [INFO] - 2022-12-08T13:09:24.162Z [App] [listen] 🚀 App listening on the port 4001 ENV: development mode...
[Node] [ERROR] - 2022-12-08T13:09:27.026Z500 - /api/v1/getAll [GET] - Cannot read properties of undefined (reading 'findAll') 
[Node] [INFO] - 2022-12-08T13:09:44.335Z [App] [bootstrap] Database connected 🔥 on development mode...
[Node] [INFO] - 2022-12-08T13:09:44.339Z [App] [listen] 🚀 App listening on the port 4001 ENV: development mode...
[Node] [INFO] - 2022-12-08T13:10:02.986Z [App] [bootstrap] Database connected 🔥 on development mode...
[Node] [INFO] - 2022-12-08T13:10:02.990Z [App] [listen] 🚀 App listening on the port 4001 ENV: development mode...
[Node] [ERROR] - 2022-12-08T13:10:04.547Z500 - /api/v1/getAll [GET] - Cannot read properties of undefined (reading 'findAll') 
[Node] [INFO] - 2022-12-08T13:11:40.581Z [App] [bootstrap] Database connected 🔥 on development mode...
[Node] [INFO] - 2022-12-08T13:11:40.584Z [App] [listen] 🚀 App listening on the port 4001 ENV: development mode...
[Node] [INFO] - 2022-12-08T13:11:50.329Z [App] [bootstrap] Database connected 🔥 on development mode...
[Node] [INFO] - 2022-12-08T13:11:50.333Z [App] [listen] 🚀 App listening on the port 4001 ENV: development mode...
[Node] [INFO] - 2022-12-08T13:13:31.350Z [App] [bootstrap] Database connected 🔥 on development mode...
[Node] [INFO] - 2022-12-08T13:13:31.353Z [App] [listen] 🚀 App listening on the port 4001 ENV: development mode...
[Node] [INFO] - 2022-12-08T13:14:04.723Z [App] [bootstrap] Database connected 🔥 on development mode...
[Node] [INFO] - 2022-12-08T13:14:04.726Z [App] [listen] 🚀 App listening on the port 4001 ENV: development mode...
[Node] [INFO] - 2022-12-08T13:14:14.226Z [App] [bootstrap] Database connected 🔥 on development mode...
[Node] [INFO] - 2022-12-08T13:14:14.231Z [App] [listen] 🚀 App listening on the port 4001 ENV: development mode...
[Node] [INFO] - 2022-12-08T13:14:58.099Z [App] [bootstrap] Database connected 🔥 on development mode...
[Node] [INFO] - 2022-12-08T13:14:58.103Z [App] [listen] 🚀 App listening on the port 4001 ENV: development mode...
[Node] [INFO] - 2022-12-08T13:15:31.493Z [App] [bootstrap] Database connected 🔥 on development mode...
[Node] [INFO] - 2022-12-08T13:15:31.497Z [App] [listen] 🚀 App listening on the port 4001 ENV: development mode...
[Node] [INFO] - 2022-12-08T13:16:04.978Z [App] [bootstrap] Database connected 🔥 on development mode...
[Node] [INFO] - 2022-12-08T13:16:04.982Z [App] [listen] 🚀 App listening on the port 4001 ENV: development mode...
[Node] [INFO] - 2022-12-08T13:17:00.341Z [App] [bootstrap] Database connected 🔥 on development mode...
[Node] [INFO] - 2022-12-08T13:17:00.345Z [App] [listen] 🚀 App listening on the port 4001 ENV: development mode...
[Node] [INFO] - 2022-12-08T13:17:28.538Z [App] [bootstrap] Database connected 🔥 on development mode...
[Node] [INFO] - 2022-12-08T13:17:28.541Z [App] [listen] 🚀 App listening on the port 4001 ENV: development mode...
[Node] [INFO] - 2022-12-08T13:17:46.849Z [App] [bootstrap] Database connected 🔥 on development mode...
[Node] [INFO] - 2022-12-08T13:17:46.853Z [App] [listen] 🚀 App listening on the port 4001 ENV: development mode...
[Node] [INFO] - 2022-12-08T13:18:40.741Z [App] [bootstrap] Database connected 🔥 on development mode...
[Node] [INFO] - 2022-12-08T13:18:40.745Z [App] [listen] 🚀 App listening on the port 4001 ENV: development mode...
[Node] [INFO] - 2022-12-08T13:18:51.774Z [App] [bootstrap] Database connected 🔥 on development mode...
[Node] [INFO] - 2022-12-08T13:18:51.777Z [App] [listen] 🚀 App listening on the port 4001 ENV: development mode...
[Node] [INFO] - 2022-12-08T13:19:28.665Z [App] [bootstrap] Database connected 🔥 on development mode...
[Node] [INFO] - 2022-12-08T13:19:28.669Z [App] [listen] 🚀 App listening on the port 4001 ENV: development mode...
[Node] [INFO] - 2022-12-08T13:19:48.539Z [App] [bootstrap] Database connected 🔥 on development mode...
[Node] [INFO] - 2022-12-08T13:22:00.182Z [App] [bootstrap] Database connected 🔥 on development mode...
[Node] [INFO] - 2022-12-08T13:22:00.186Z [App] [listen] 🚀 App listening on the port 4001 ENV: development mode...
[Node] [INFO] - 2022-12-08T13:22:06.677Z [App] [bootstrap] Database connected 🔥 on development mode...
[Node] [INFO] - 2022-12-08T13:22:06.681Z [App] [listen] 🚀 App listening on the port 4001 ENV: development mode...
[Node] [INFO] - 2022-12-08T13:24:48.299Z [App] [bootstrap] Database connected 🔥 on development mode...
[Node] [INFO] - 2022-12-08T13:24:48.303Z [App] [listen] 🚀 App listening on the port 4001 ENV: development mode...
[Node] [ERROR] - 2022-12-08T13:24:50.298Z500 - /api/v1/get/profile [GET] - Cannot read properties of undefined (reading 'findAll') 
[Node] [ERROR] - 2022-12-08T13:24:52.023Z500 - /api/v1/get/profile [GET] - Cannot read properties of undefined (reading 'findAll') 
[Node] [INFO] - 2022-12-08T13:26:00.003Z [App] [bootstrap] Database connected 🔥 on development mode...
[Node] [INFO] - 2022-12-08T13:26:00.007Z [App] [listen] 🚀 App listening on the port 4001 ENV: development mode...
[Node] [INFO] - 2022-12-08T13:27:21.322Z [App] [bootstrap] Database connected 🔥 on development mode...
[Node] [INFO] - 2022-12-08T13:27:21.325Z [App] [listen] 🚀 App listening on the port 4001 ENV: development mode...
[Node] [ERROR] - 2022-12-08T13:27:29.098Z500 - /api/v1/get/profile [GET] - Cannot read properties of undefined (reading 'findAll') 
[Node] [INFO] - 2022-12-08T13:27:41.228Z [App] [bootstrap] Database connected 🔥 on development mode...
[Node] [INFO] - 2022-12-08T13:27:41.231Z [App] [listen] 🚀 App listening on the port 4001 ENV: development mode...
[Node] [INFO] - 2022-12-08T13:28:09.296Z [App] [bootstrap] Database connected 🔥 on development mode...
[Node] [INFO] - 2022-12-08T13:28:09.299Z [App] [listen] 🚀 App listening on the port 4001 ENV: development mode...
[Node] [INFO] - 2022-12-08T13:30:50.473Z [App] [bootstrap] Database connected 🔥 on development mode...
[Node] [INFO] - 2022-12-08T13:30:50.477Z [App] [listen] 🚀 App listening on the port 4001 ENV: development mode...
[Node] [INFO] - 2022-12-08T13:31:06.893Z [App] [bootstrap] Database connected 🔥 on development mode...
[Node] [INFO] - 2022-12-08T13:31:06.897Z [App] [listen] 🚀 App listening on the port 4001 ENV: development mode...
[Node] [INFO] - 2022-12-08T13:32:16.575Z [App] [bootstrap] Database connected 🔥 on development mode...
[Node] [INFO] - 2022-12-08T13:32:16.579Z [App] [listen] 🚀 App listening on the port 4001 ENV: development mode...
[Node] [INFO] - 2022-12-08T13:32:32.822Z [App] [bootstrap] Database connected 🔥 on development mode...
[Node] [INFO] - 2022-12-08T13:32:32.826Z [App] [listen] 🚀 App listening on the port 4001 ENV: development mode...
[Node] [INFO] - 2022-12-08T13:32:38.861Z [App] [bootstrap] Database connected 🔥 on development mode...
[Node] [INFO] - 2022-12-08T13:32:38.864Z [App] [listen] 🚀 App listening on the port 4001 ENV: development mode...
[Node] [ERROR] - 2022-12-08T13:32:40.287Z500 - /api/v1/get/profile [GET] - Cannot read properties of undefined (reading 'findAll') 
[Node] [INFO] - 2022-12-08T13:33:55.418Z [App] [bootstrap] Database connected 🔥 on development mode...
[Node] [INFO] - 2022-12-08T13:33:55.421Z [App] [listen] 🚀 App listening on the port 4001 ENV: development mode...
[Node] [INFO] - 2022-12-08T13:34:14.763Z [App] [bootstrap] Database connected 🔥 on development mode...
[Node] [INFO] - 2022-12-08T13:34:14.767Z [App] [listen] 🚀 App listening on the port 4001 ENV: development mode...
[Node] [ERROR] - 2022-12-08T13:34:47.325Z500 - /api/v1/get/profile [GET] - Cannot read properties of undefined (reading 'findAll') 
[Node] [INFO] - 2022-12-08T13:35:37.653Z [App] [bootstrap] Database connected 🔥 on development mode...
[Node] [INFO] - 2022-12-08T13:35:37.656Z [App] [listen] 🚀 App listening on the port 4001 ENV: development mode...
[Node] [ERROR] - 2022-12-08T13:35:41.498Z500 - /api/v1/get/profile [GET] - Cannot read properties of undefined (reading 'findAll') 
[Node] [INFO] - 2022-12-08T13:36:05.853Z [App] [bootstrap] Database connected 🔥 on development mode...
[Node] [INFO] - 2022-12-08T13:36:05.857Z [App] [listen] 🚀 App listening on the port 4001 ENV: development mode...
[Node] [ERROR] - 2022-12-08T13:36:09.520Z500 - /api/v1/get/profile [GET] - Cannot read properties of undefined (reading 'findAll') 
[Node] [INFO] - 2022-12-08T13:37:31.778Z [App] [bootstrap] Database connected 🔥 on development mode...
[Node] [INFO] - 2022-12-08T13:37:31.782Z [App] [listen] 🚀 App listening on the port 4001 ENV: development mode...
[Node] [INFO] - 2022-12-08T13:37:38.236Z [App] [bootstrap] Database connected 🔥 on development mode...
[Node] [INFO] - 2022-12-08T13:37:38.240Z [App] [listen] 🚀 App listening on the port 4001 ENV: development mode...
[Node] [INFO] - 2022-12-08T13:38:06.610Z [App] [bootstrap] Database connected 🔥 on development mode...
[Node] [INFO] - 2022-12-08T13:38:06.614Z [App] [listen] 🚀 App listening on the port 4001 ENV: development mode...
[Node] [ERROR] - 2022-12-08T13:38:06.658Z500 - /api/v1/get/profile [GET] - Cannot read properties of undefined (reading 'findAll') 
[Node] [INFO] - 2022-12-08T13:39:19.986Z [App] [bootstrap] Database connected 🔥 on development mode...
[Node] [INFO] - 2022-12-08T13:39:19.990Z [App] [listen] 🚀 App listening on the port 4001 ENV: development mode...
[Node] [INFO] - 2022-12-08T13:40:05.221Z [App] [bootstrap] Database connected 🔥 on development mode...
[Node] [INFO] - 2022-12-08T13:40:05.225Z [App] [listen] 🚀 App listening on the port 4001 ENV: development mode...
[Node] [INFO] - 2022-12-08T13:40:21.600Z [App] [bootstrap] Database connected 🔥 on development mode...
[Node] [INFO] - 2022-12-08T13:40:21.604Z [App] [listen] 🚀 App listening on the port 4001 ENV: development mode...
[Node] [INFO] - 2022-12-08T14:06:48.498Z [App] [bootstrap] Database connected 🔥 on development mode...
[Node] [INFO] - 2022-12-08T14:06:48.502Z [App] [listen] 🚀 App listening on the port 4001 ENV: development mode...
[Node] [ERROR] - 2022-12-08T14:07:02.414Z500 - /api/v1/get/profile [GET] - Cannot read properties of undefined (reading 'findAll') 
[Node] [INFO] - 2022-12-08T14:08:12.414Z [App] [bootstrap] Database connected 🔥 on development mode...
[Node] [INFO] - 2022-12-08T14:08:12.418Z [App] [listen] 🚀 App listening on the port 4001 ENV: development mode...
[Node] [INFO] - 2022-12-08T14:09:02.896Z [App] [bootstrap] Database connected 🔥 on development mode...
[Node] [INFO] - 2022-12-08T14:09:02.901Z [App] [listen] 🚀 App listening on the port 4001 ENV: development mode...
[Node] [INFO] - 2022-12-08T14:09:10.561Z [App] [bootstrap] Database connected 🔥 on development mode...
[Node] [INFO] - 2022-12-08T14:09:10.565Z [App] [listen] 🚀 App listening on the port 4001 ENV: development mode...
[Node] [INFO] - 2022-12-08T14:09:22.497Z [App] [bootstrap] Database connected 🔥 on development mode...
[Node] [INFO] - 2022-12-08T14:09:22.501Z [App] [listen] 🚀 App listening on the port 4001 ENV: development mode...
[Node] [INFO] - 2022-12-08T14:09:36.493Z [App] [bootstrap] Database connected 🔥 on development mode...
[Node] [INFO] - 2022-12-08T14:09:36.497Z [App] [listen] 🚀 App listening on the port 4001 ENV: development mode...
[Node] [ERROR] - 2022-12-08T14:09:57.151ZUNCAUGHT REJECTION! TSError: ⨯ Unable to compile TypeScript:
[96msrc/databases/models/birthdayReminder.ts[0m:[93m3[0m:[93m10[0m - [91merror[0m[90m TS2614: [0mModule '"./user"' has no exported member 'userModel'. Did you mean to use 'import userModel from "./user"' instead?

[7m3[0m import { userModel } from './user';
[7m [0m [91m         ~~~~~~~~~[0m
[96msrc/databases/models/birthdayReminder.ts[0m:[93m65[0m:[93m1[0m - [91merror[0m[90m TS2304: [0mCannot find name 'birthdayReminder'.

[7m65[0m birthdayReminder.belongsTo(userModel, {
[7m  [0m [91m~~~~~~~~~~~~~~~~[0m

[Node] [INFO] - 2022-12-08T14:09:57.335Z [App] [bootstrap] Database connected 🔥 on development mode...
[Node] [INFO] - 2022-12-08T14:09:57.337Z [App] [listen] 🚀 App listening on the port 4001 ENV: development mode...
[Node] [ERROR] - 2022-12-08T14:10:31.033ZUNCAUGHT REJECTION! TSError: ⨯ Unable to compile TypeScript:
[96msrc/databases/models/birthdayReminder.ts[0m:[93m3[0m:[93m10[0m - [91merror[0m[90m TS2614: [0mModule '"./user"' has no exported member 'userModel'. Did you mean to use 'import userModel from "./user"' instead?

[7m3[0m import { userModel } from './user';
[7m [0m [91m         ~~~~~~~~~[0m
[96msrc/databases/models/birthdayReminder.ts[0m:[93m67[0m:[93m1[0m - [91merror[0m[90m TS2304: [0mCannot find name 'birthdayReminder'.

[7m67[0m birthdayReminder.belongsTo(userModel, {
[7m  [0m [91m~~~~~~~~~~~~~~~~[0m

[Node] [INFO] - 2022-12-08T14:10:31.218Z [App] [bootstrap] Database connected 🔥 on development mode...
[Node] [INFO] - 2022-12-08T14:10:31.220Z [App] [listen] 🚀 App listening on the port 4001 ENV: development mode...
[Node] [ERROR] - 2022-12-08T14:11:00.121ZUNCAUGHT REJECTION! TSError: ⨯ Unable to compile TypeScript:
[96msrc/databases/models/birthdayReminder.ts[0m:[93m3[0m:[93m10[0m - [91merror[0m[90m TS2614: [0mModule '"./user"' has no exported member 'userModel'. Did you mean to use 'import userModel from "./user"' instead?

[7m3[0m import { userModel } from './user';
[7m [0m [91m         ~~~~~~~~~[0m
[96msrc/databases/models/birthdayReminder.ts[0m:[93m62[0m:[93m1[0m - [91merror[0m[90m TS2304: [0mCannot find name 'birthdayReminder'.

[7m62[0m birthdayReminder.belongsTo(userModel, {
[7m  [0m [91m~~~~~~~~~~~~~~~~[0m

[Node] [INFO] - 2022-12-08T14:11:00.296Z [App] [bootstrap] Database connected 🔥 on development mode...
[Node] [INFO] - 2022-12-08T14:11:00.299Z [App] [listen] 🚀 App listening on the port 4001 ENV: development mode...
[Node] [ERROR] - 2022-12-08T14:11:16.662ZUNCAUGHT REJECTION! TSError: ⨯ Unable to compile TypeScript:
[96msrc/databases/models/birthdayReminder.ts[0m:[93m3[0m:[93m10[0m - [91merror[0m[90m TS2614: [0mModule '"./user"' has no exported member 'userModel'. Did you mean to use 'import userModel from "./user"' instead?

[7m3[0m import { userModel } from './user';
[7m [0m [91m         ~~~~~~~~~[0m

[Node] [INFO] - 2022-12-08T14:11:16.858Z [App] [bootstrap] Database connected 🔥 on development mode...
[Node] [INFO] - 2022-12-08T14:11:16.860Z [App] [listen] 🚀 App listening on the port 4001 ENV: development mode...
[Node] [ERROR] - 2022-12-08T14:11:25.472ZUNCAUGHT REJECTION! TSError: ⨯ Unable to compile TypeScript:
[96msrc/databases/models/birthdayReminder.ts[0m:[93m3[0m:[93m10[0m - [91merror[0m[90m TS2614: [0mModule '"./user"' has no exported member 'userModel'. Did you mean to use 'import userModel from "./user"' instead?

[7m3[0m import { userModel } from './user';
[7m [0m [91m         ~~~~~~~~~[0m

[Node] [INFO] - 2022-12-08T14:11:25.651Z [App] [bootstrap] Database connected 🔥 on development mode...
[Node] [INFO] - 2022-12-08T14:11:25.653Z [App] [listen] 🚀 App listening on the port 4001 ENV: development mode...
[Node] [ERROR] - 2022-12-08T14:11:39.453ZUNCAUGHT REJECTION! TSError: ⨯ Unable to compile TypeScript:
[96msrc/databases/models/birthdayReminder.ts[0m:[93m3[0m:[93m10[0m - [91merror[0m[90m TS2614: [0mModule '"./user"' has no exported member 'userModel'. Did you mean to use 'import userModel from "./user"' instead?

[7m3[0m import { userModel } from './user';
[7m [0m [91m         ~~~~~~~~~[0m

[Node] [INFO] - 2022-12-08T14:11:39.625Z [App] [bootstrap] Database connected 🔥 on development mode...
[Node] [INFO] - 2022-12-08T14:11:39.627Z [App] [listen] 🚀 App listening on the port 4001 ENV: development mode...
[Node] [ERROR] - 2022-12-08T14:11:48.049ZUNCAUGHT REJECTION! TSError: ⨯ Unable to compile TypeScript:
[96msrc/databases/models/birthdayReminder.ts[0m:[93m3[0m:[93m10[0m - [91merror[0m[90m TS2614: [0mModule '"./user"' has no exported member 'userModel'. Did you mean to use 'import userModel from "./user"' instead?

[7m3[0m import { userModel } from './user';
[7m [0m [91m         ~~~~~~~~~[0m

[Node] [INFO] - 2022-12-08T14:11:48.232Z [App] [bootstrap] Database connected 🔥 on development mode...
[Node] [INFO] - 2022-12-08T14:11:48.234Z [App] [listen] 🚀 App listening on the port 4001 ENV: development mode...
[Node] [ERROR] - 2022-12-08T14:12:59.382ZUNCAUGHT REJECTION! TSError: ⨯ Unable to compile TypeScript:
[96msrc/databases/models/birthdayReminder.ts[0m:[93m3[0m:[93m10[0m - [91merror[0m[90m TS2614: [0mModule '"./user"' has no exported member 'userModel'. Did you mean to use 'import userModel from "./user"' instead?

[7m3[0m import { userModel } from './user';
[7m [0m [91m         ~~~~~~~~~[0m

[Node] [INFO] - 2022-12-08T14:12:59.557Z [App] [bootstrap] Database connected 🔥 on development mode...
[Node] [INFO] - 2022-12-08T14:12:59.559Z [App] [listen] 🚀 App listening on the port 4001 ENV: development mode...
[Node] [INFO] - 2022-12-08T14:13:10.883Z [App] [bootstrap] Database connected 🔥 on development mode...
[Node] [INFO] - 2022-12-08T14:13:10.887Z [App] [listen] 🚀 App listening on the port 4001 ENV: development mode...
