[Node] [INFO] - 2022-12-15T05:35:23.165Z [App] [bootstrap] Database connected 🔥 on development mode...
[Node] [INFO] - 2022-12-15T05:35:23.169Z [App] [listen] 🚀 App listening on the port 4001 ENV: development mode...
[Node] [ERROR] - 2022-12-15T06:02:04.134Z409 - /api/v1/login [POST] - This email admn@thoughtwin.com was not found 
[Node] [ERROR] - 2022-12-15T06:03:53.428Z409 - /api/v1/login [POST] - This email admn@thoughtwin.com was not found 
[Node] [INFO] - 2022-12-15T07:37:54.614Z [App] [bootstrap] Database connected 🔥 on development mode...
[Node] [INFO] - 2022-12-15T07:37:54.617Z [App] [listen] 🚀 App listening on the port 4001 ENV: development mode...
[Node] [ERROR] - 2022-12-15T07:43:01.357Z401 - /api/v1/branch/getAll [GET] - Your token has expired! Please log in again. 
[Node] [ERROR] - 2022-12-15T07:43:23.905Z401 - /api/v1/branch/getAll [GET] - You are not authorized 
[Node] [ERROR] - 2022-12-15T07:44:14.646Z401 - /api/v1/branch/getAll [GET] - You are not authorized 
[Node] [INFO] - 2022-12-15T07:44:53.917Z [App] [bootstrap] Database connected 🔥 on development mode...
[Node] [INFO] - 2022-12-15T07:44:53.921Z [App] [listen] 🚀 App listening on the port 4001 ENV: development mode...
[Node] [INFO] - 2022-12-15T07:45:24.618Z [App] [bootstrap] Database connected 🔥 on development mode...
[Node] [INFO] - 2022-12-15T07:45:24.621Z [App] [listen] 🚀 App listening on the port 4001 ENV: development mode...
[Node] [ERROR] - 2022-12-15T07:45:28.553Z401 - /api/v1/branch/getAll [GET] - You are not authorized 
[Node] [INFO] - 2022-12-15T07:46:08.772Z [App] [bootstrap] Database connected 🔥 on development mode...
[Node] [INFO] - 2022-12-15T07:46:08.775Z [App] [listen] 🚀 App listening on the port 4001 ENV: development mode...
[Node] [ERROR] - 2022-12-15T07:46:09.278Z401 - /api/v1/branch/getAll [GET] - The user belonging to this token does no longer exist. 
[Node] [ERROR] - 2022-12-15T07:46:10.015Z401 - /api/v1/branch/getAll [GET] - The user belonging to this token does no longer exist. 
[Node] [INFO] - 2022-12-15T07:48:29.474Z [App] [bootstrap] Database connected 🔥 on development mode...
[Node] [INFO] - 2022-12-15T07:48:29.477Z [App] [listen] 🚀 App listening on the port 4001 ENV: development mode...
[Node] [ERROR] - 2022-12-15T07:48:31.147Z401 - /api/v1/branch/getAll [GET] - You are not authorized 
[Node] [INFO] - 2022-12-15T07:48:55.976Z [App] [bootstrap] Database connected 🔥 on development mode...
[Node] [INFO] - 2022-12-15T07:48:55.979Z [App] [listen] 🚀 App listening on the port 4001 ENV: development mode...
[Node] [ERROR] - 2022-12-15T07:49:08.013Z401 - /api/v1/branch/getAll [GET] - You are not logged in! Please log in to get access. 
[Node] [ERROR] - 2022-12-15T07:49:14.372Z401 - /api/v1/branch/getAll [GET] - Invalid token. Please log in again! 
[Node] [INFO] - 2022-12-15T07:50:44.610Z [App] [bootstrap] Database connected 🔥 on development mode...
[Node] [INFO] - 2022-12-15T07:50:44.614Z [App] [listen] 🚀 App listening on the port 4001 ENV: development mode...
[Node] [INFO] - 2022-12-15T07:51:01.785Z [App] [bootstrap] Database connected 🔥 on development mode...
[Node] [INFO] - 2022-12-15T07:51:01.789Z [App] [listen] 🚀 App listening on the port 4001 ENV: development mode...
[Node] [ERROR] - 2022-12-15T07:51:02.289Z401 - /api/v1/branch/getAll [GET] - Invalid token. Please log in again! 
[Node] [INFO] - 2022-12-15T07:51:17.266Z [App] [bootstrap] Database connected 🔥 on development mode...
[Node] [INFO] - 2022-12-15T07:51:17.270Z [App] [listen] 🚀 App listening on the port 4001 ENV: development mode...
[Node] [ERROR] - 2022-12-15T07:51:17.666Z401 - /api/v1/branch/getAll [GET] - Invalid token. Please log in again! 
[Node] [ERROR] - 2022-12-15T07:51:39.917Z401 - /api/v1/branch/getAll [GET] - You are not authorized 
[Node] [INFO] - 2022-12-15T07:52:09.867Z [App] [bootstrap] Database connected 🔥 on development mode...
[Node] [INFO] - 2022-12-15T07:52:09.870Z [App] [listen] 🚀 App listening on the port 4001 ENV: development mode...
[Node] [ERROR] - 2022-12-15T07:52:11.445Z401 - /api/v1/branch/getAll [GET] - You are not authorized 
[Node] [INFO] - 2022-12-15T07:53:01.401Z [App] [bootstrap] Database connected 🔥 on development mode...
[Node] [INFO] - 2022-12-15T07:53:01.404Z [App] [listen] 🚀 App listening on the port 4001 ENV: development mode...
[Node] [INFO] - 2022-12-15T07:53:12.229Z [App] [bootstrap] Database connected 🔥 on development mode...
[Node] [INFO] - 2022-12-15T07:53:12.232Z [App] [listen] 🚀 App listening on the port 4001 ENV: development mode...
[Node] [ERROR] - 2022-12-15T07:53:12.726Z401 - /api/v1/branch/getAll [GET] - You are not authorized 
[Node] [INFO] - 2022-12-15T07:53:34.415Z [App] [bootstrap] Database connected 🔥 on development mode...
[Node] [INFO] - 2022-12-15T07:53:34.419Z [App] [listen] 🚀 App listening on the port 4001 ENV: development mode...
[Node] [INFO] - 2022-12-15T07:53:43.847Z [App] [bootstrap] Database connected 🔥 on development mode...
[Node] [INFO] - 2022-12-15T07:53:43.851Z [App] [listen] 🚀 App listening on the port 4001 ENV: development mode...
[Node] [ERROR] - 2022-12-15T07:53:44.123Z401 - /api/v1/branch/getAll [GET] - The user belonging to this token does no longer exist. 
[Node] [INFO] - 2022-12-15T07:54:01.537Z [App] [bootstrap] Database connected 🔥 on development mode...
[Node] [INFO] - 2022-12-15T07:54:01.540Z [App] [listen] 🚀 App listening on the port 4001 ENV: development mode...
[Node] [ERROR] - 2022-12-15T07:54:02.109Z401 - /api/v1/branch/getAll [GET] - The user belonging to this token does no longer exist. 
[Node] [INFO] - 2022-12-15T07:54:22.959Z [App] [bootstrap] Database connected 🔥 on development mode...
[Node] [INFO] - 2022-12-15T07:54:22.963Z [App] [listen] 🚀 App listening on the port 4001 ENV: development mode...
[Node] [INFO] - 2022-12-15T08:22:48.859Z [App] [bootstrap] Database connected 🔥 on development mode...
[Node] [INFO] - 2022-12-15T08:22:48.863Z [App] [listen] 🚀 App listening on the port 4001 ENV: development mode...
[Node] [INFO] - 2022-12-15T09:14:44.272Z [App] [bootstrap] Database connected 🔥 on development mode...
[Node] [INFO] - 2022-12-15T09:14:44.276Z [App] [listen] 🚀 App listening on the port 4001 ENV: development mode...
[Node] [ERROR] - 2022-12-15T09:35:40.318Z500 - /api/v1/csv/post [POST] - req.status is not a function 
[Node] [INFO] - 2022-12-15T09:36:10.999Z [App] [bootstrap] Database connected 🔥 on development mode...
[Node] [INFO] - 2022-12-15T09:36:11.002Z [App] [listen] 🚀 App listening on the port 4001 ENV: development mode...
[Node] [INFO] - 2022-12-15T09:36:33.567Z [App] [bootstrap] Database connected 🔥 on development mode...
[Node] [INFO] - 2022-12-15T09:36:33.571Z [App] [listen] 🚀 App listening on the port 4001 ENV: development mode...
[Node] [ERROR] - 2022-12-15T09:36:39.159Z500 - /api/v1/csv/post [POST] - req.status is not a function 
[Node] [INFO] - 2022-12-15T09:38:22.528Z [App] [bootstrap] Database connected 🔥 on development mode...
[Node] [INFO] - 2022-12-15T09:38:22.531Z [App] [listen] 🚀 App listening on the port 4001 ENV: development mode...
[Node] [INFO] - 2022-12-15T09:38:46.148Z [App] [bootstrap] Database connected 🔥 on development mode...
[Node] [INFO] - 2022-12-15T09:38:46.151Z [App] [listen] 🚀 App listening on the port 4001 ENV: development mode...
[Node] [INFO] - 2022-12-15T09:39:05.709Z [App] [bootstrap] Database connected 🔥 on development mode...
[Node] [INFO] - 2022-12-15T09:39:05.713Z [App] [listen] 🚀 App listening on the port 4001 ENV: development mode...
[Node] [INFO] - 2022-12-15T09:39:28.855Z [App] [bootstrap] Database connected 🔥 on development mode...
[Node] [INFO] - 2022-12-15T09:39:28.859Z [App] [listen] 🚀 App listening on the port 4001 ENV: development mode...
[Node] [INFO] - 2022-12-15T09:39:41.317Z [App] [bootstrap] Database connected 🔥 on development mode...
[Node] [INFO] - 2022-12-15T09:39:41.321Z [App] [listen] 🚀 App listening on the port 4001 ENV: development mode...
[Node] [INFO] - 2022-12-15T09:42:36.730Z [App] [bootstrap] Database connected 🔥 on development mode...
[Node] [INFO] - 2022-12-15T09:42:36.733Z [App] [listen] 🚀 App listening on the port 4001 ENV: development mode...
[Node] [INFO] - 2022-12-15T09:44:58.529Z [App] [bootstrap] Database connected 🔥 on development mode...
[Node] [INFO] - 2022-12-15T09:44:58.533Z [App] [listen] 🚀 App listening on the port 4001 ENV: development mode...
[Node] [INFO] - 2022-12-15T09:45:49.567Z [App] [bootstrap] Database connected 🔥 on development mode...
[Node] [INFO] - 2022-12-15T09:45:49.571Z [App] [listen] 🚀 App listening on the port 4001 ENV: development mode...
[Node] [INFO] - 2022-12-15T09:46:53.985Z [App] [bootstrap] Database connected 🔥 on development mode...
[Node] [INFO] - 2022-12-15T09:46:53.988Z [App] [listen] 🚀 App listening on the port 4001 ENV: development mode...
[Node] [INFO] - 2022-12-15T09:47:18.145Z [App] [bootstrap] Database connected 🔥 on development mode...
[Node] [INFO] - 2022-12-15T09:47:18.149Z [App] [listen] 🚀 App listening on the port 4001 ENV: development mode...
[Node] [INFO] - 2022-12-15T09:47:45.043Z [App] [bootstrap] Database connected 🔥 on development mode...
[Node] [INFO] - 2022-12-15T09:47:45.046Z [App] [listen] 🚀 App listening on the port 4001 ENV: development mode...
[Node] [INFO] - 2022-12-15T10:15:48.656Z [App] [bootstrap] Database connected 🔥 on development mode...
[Node] [INFO] - 2022-12-15T10:15:48.660Z [App] [listen] 🚀 App listening on the port 4001 ENV: development mode...
[Node] [INFO] - 2022-12-15T10:19:17.899Z [App] [bootstrap] Database connected 🔥 on development mode...
[Node] [INFO] - 2022-12-15T10:19:17.902Z [App] [listen] 🚀 App listening on the port 4001 ENV: development mode...
[Node] [INFO] - 2022-12-15T10:33:00.350Z [App] [bootstrap] Database connected 🔥 on development mode...
[Node] [INFO] - 2022-12-15T10:33:00.355Z [App] [listen] 🚀 App listening on the port 4001 ENV: development mode...
[Node] [INFO] - 2022-12-15T10:41:56.061Z [App] [bootstrap] Database connected 🔥 on development mode...
[Node] [INFO] - 2022-12-15T10:41:56.065Z [App] [listen] 🚀 App listening on the port 4001 ENV: development mode...
[Node] [INFO] - 2022-12-15T10:42:52.376Z [App] [bootstrap] Database connected 🔥 on development mode...
[Node] [INFO] - 2022-12-15T10:42:52.380Z [App] [listen] 🚀 App listening on the port 4001 ENV: development mode...
[Node] [INFO] - 2022-12-15T11:21:16.291Z [App] [bootstrap] Database connected 🔥 on development mode...
[Node] [INFO] - 2022-12-15T11:21:16.294Z [App] [listen] 🚀 App listening on the port 4001 ENV: development mode...
[Node] [INFO] - 2022-12-15T11:22:29.934Z [App] [bootstrap] Database connected 🔥 on development mode...
[Node] [INFO] - 2022-12-15T11:22:29.938Z [App] [listen] 🚀 App listening on the port 4001 ENV: development mode...
[Node] [INFO] - 2022-12-15T12:11:54.929Z [App] [bootstrap] Database connected 🔥 on development mode...
[Node] [INFO] - 2022-12-15T12:11:54.933Z [App] [listen] 🚀 App listening on the port 4001 ENV: development mode...
[Node] [ERROR] - 2022-12-15T12:12:24.674Z404 - /api/v1/health [POST] - Can't find /api/v1/health on this server! 
[Node] [ERROR] - 2022-12-15T12:12:31.290Z404 - /health [POST] - Can't find /health on this server! 
[Node] [ERROR] - 2022-12-15T12:12:37.458Z404 - /health [GET] - Can't find /health on this server! 
[Node] [INFO] - 2022-12-15T12:12:43.946Z [IndexController] [GET] [200] [health] Server is Up Ready to Rock! - /api/v1/health
[Node] [INFO] - 2022-12-15T12:12:59.793Z [App] [bootstrap] Database connected 🔥 on development mode...
[Node] [INFO] - 2022-12-15T12:12:59.797Z [App] [listen] 🚀 App listening on the port 4001 ENV: development mode...
[Node] [INFO] - 2022-12-15T12:13:55.713Z [App] [bootstrap] Database connected 🔥 on development mode...
[Node] [INFO] - 2022-12-15T12:13:55.717Z [App] [listen] 🚀 App listening on the port 4001 ENV: development mode...
[Node] [INFO] - 2022-12-15T12:15:05.724Z [App] [bootstrap] Database connected 🔥 on development mode...
[Node] [INFO] - 2022-12-15T12:15:05.727Z [App] [listen] 🚀 App listening on the port 4001 ENV: development mode...
[Node] [INFO] - 2022-12-15T12:15:28.372Z [App] [bootstrap] Database connected 🔥 on development mode...
[Node] [INFO] - 2022-12-15T12:15:28.376Z [App] [listen] 🚀 App listening on the port 4001 ENV: development mode...
[Node] [INFO] - 2022-12-15T12:15:36.850Z [App] [bootstrap] Database connected 🔥 on development mode...
[Node] [INFO] - 2022-12-15T12:15:36.854Z [App] [listen] 🚀 App listening on the port 4001 ENV: development mode...
[Node] [INFO] - 2022-12-15T12:15:46.565Z [App] [bootstrap] Database connected 🔥 on development mode...
[Node] [INFO] - 2022-12-15T12:15:46.569Z [App] [listen] 🚀 App listening on the port 4001 ENV: development mode...
[Node] [INFO] - 2022-12-15T12:15:58.424Z [App] [bootstrap] Database connected 🔥 on development mode...
[Node] [INFO] - 2022-12-15T12:15:58.427Z [App] [listen] 🚀 App listening on the port 4001 ENV: development mode...
[Node] [INFO] - 2022-12-15T12:16:18.773Z [App] [bootstrap] Database connected 🔥 on development mode...
[Node] [INFO] - 2022-12-15T12:16:18.776Z [App] [listen] 🚀 App listening on the port 4001 ENV: development mode...
[Node] [INFO] - 2022-12-15T12:16:44.678Z [App] [bootstrap] Database connected 🔥 on development mode...
[Node] [INFO] - 2022-12-15T12:16:44.682Z [App] [listen] 🚀 App listening on the port 4001 ENV: development mode...
[Node] [INFO] - 2022-12-15T12:17:25.495Z [App] [bootstrap] Database connected 🔥 on development mode...
[Node] [INFO] - 2022-12-15T12:17:25.499Z [App] [listen] 🚀 App listening on the port 4001 ENV: development mode...
[Node] [INFO] - 2022-12-15T12:17:34.896Z [App] [bootstrap] Database connected 🔥 on development mode...
[Node] [INFO] - 2022-12-15T12:17:34.900Z [App] [listen] 🚀 App listening on the port 4001 ENV: development mode...
[Node] [INFO] - 2022-12-15T12:18:01.029Z [App] [bootstrap] Database connected 🔥 on development mode...
[Node] [INFO] - 2022-12-15T12:18:01.032Z [App] [listen] 🚀 App listening on the port 4001 ENV: development mode...
[Node] [INFO] - 2022-12-15T12:18:42.998Z [App] [bootstrap] Database connected 🔥 on development mode...
[Node] [INFO] - 2022-12-15T12:18:43.001Z [App] [listen] 🚀 App listening on the port 4001 ENV: development mode...
[Node] [INFO] - 2022-12-15T12:19:05.561Z [App] [bootstrap] Database connected 🔥 on development mode...
[Node] [INFO] - 2022-12-15T12:19:05.565Z [App] [listen] 🚀 App listening on the port 4001 ENV: development mode...
[Node] [INFO] - 2022-12-15T12:19:47.662Z [App] [bootstrap] Database connected 🔥 on development mode...
[Node] [INFO] - 2022-12-15T12:19:47.665Z [App] [listen] 🚀 App listening on the port 4001 ENV: development mode...
[Node] [INFO] - 2022-12-15T12:19:53.848Z [App] [bootstrap] Database connected 🔥 on development mode...
[Node] [INFO] - 2022-12-15T12:19:53.852Z [App] [listen] 🚀 App listening on the port 4001 ENV: development mode...
[Node] [INFO] - 2022-12-15T12:19:59.791Z [App] [bootstrap] Database connected 🔥 on development mode...
[Node] [INFO] - 2022-12-15T12:19:59.794Z [App] [listen] 🚀 App listening on the port 4001 ENV: development mode...
[Node] [INFO] - 2022-12-15T12:20:11.291Z [App] [bootstrap] Database connected 🔥 on development mode...
[Node] [INFO] - 2022-12-15T12:20:11.294Z [App] [listen] 🚀 App listening on the port 4001 ENV: development mode...
[Node] [INFO] - 2022-12-15T12:26:43.528Z [App] [bootstrap] Database connected 🔥 on development mode...
[Node] [INFO] - 2022-12-15T12:26:43.531Z [App] [listen] 🚀 App listening on the port 4001 ENV: development mode...
[Node] [INFO] - 2022-12-15T12:26:52.097Z [App] [bootstrap] Database connected 🔥 on development mode...
[Node] [INFO] - 2022-12-15T12:26:52.101Z [App] [listen] 🚀 App listening on the port 4001 ENV: development mode...
[Node] [INFO] - 2022-12-15T12:27:03.077Z [App] [bootstrap] Database connected 🔥 on development mode...
[Node] [INFO] - 2022-12-15T12:27:03.081Z [App] [listen] 🚀 App listening on the port 4001 ENV: development mode...
[Node] [INFO] - 2022-12-15T12:27:24.817Z [App] [bootstrap] Database connected 🔥 on development mode...
[Node] [INFO] - 2022-12-15T12:27:24.821Z [App] [listen] 🚀 App listening on the port 4001 ENV: development mode...
[Node] [INFO] - 2022-12-15T12:29:13.668Z [App] [bootstrap] Database connected 🔥 on development mode...
[Node] [INFO] - 2022-12-15T12:29:13.671Z [App] [listen] 🚀 App listening on the port 4001 ENV: development mode...
[Node] [INFO] - 2022-12-15T12:29:21.316Z [App] [bootstrap] Database connected 🔥 on development mode...
[Node] [INFO] - 2022-12-15T12:29:21.320Z [App] [listen] 🚀 App listening on the port 4001 ENV: development mode...
[Node] [INFO] - 2022-12-15T12:29:49.024Z [App] [bootstrap] Database connected 🔥 on development mode...
[Node] [INFO] - 2022-12-15T12:29:49.027Z [App] [listen] 🚀 App listening on the port 4001 ENV: development mode...
[Node] [INFO] - 2022-12-15T12:30:33.418Z [App] [bootstrap] Database connected 🔥 on development mode...
[Node] [INFO] - 2022-12-15T12:30:33.421Z [App] [listen] 🚀 App listening on the port 4001 ENV: development mode...
[Node] [INFO] - 2022-12-15T12:31:07.921Z [App] [bootstrap] Database connected 🔥 on development mode...
[Node] [INFO] - 2022-12-15T12:31:07.925Z [App] [listen] 🚀 App listening on the port 4001 ENV: development mode...
[Node] [INFO] - 2022-12-15T12:33:06.995Z [App] [bootstrap] Database connected 🔥 on development mode...
[Node] [INFO] - 2022-12-15T12:33:06.998Z [App] [listen] 🚀 App listening on the port 4001 ENV: development mode...
[Node] [INFO] - 2022-12-15T12:33:57.945Z [App] [bootstrap] Database connected 🔥 on development mode...
[Node] [INFO] - 2022-12-15T12:33:57.948Z [App] [listen] 🚀 App listening on the port 4001 ENV: development mode...
[Node] [INFO] - 2022-12-15T12:45:45.877Z [App] [bootstrap] Database connected 🔥 on development mode...
[Node] [INFO] - 2022-12-15T12:45:45.881Z [App] [listen] 🚀 App listening on the port 4001 ENV: development mode...
[Node] [INFO] - 2022-12-15T12:53:00.979Z [App] [bootstrap] Database connected 🔥 on development mode...
[Node] [INFO] - 2022-12-15T12:53:00.983Z [App] [listen] 🚀 App listening on the port 4001 ENV: development mode...
[Node] [INFO] - 2022-12-15T12:53:50.500Z [App] [bootstrap] Database connected 🔥 on development mode...
[Node] [INFO] - 2022-12-15T12:53:50.504Z [App] [listen] 🚀 App listening on the port 4001 ENV: development mode...
[Node] [INFO] - 2022-12-15T12:55:41.392Z [App] [bootstrap] Database connected 🔥 on development mode...
[Node] [INFO] - 2022-12-15T12:55:41.398Z [App] [listen] 🚀 App listening on the port 4001 ENV: development mode...
[Node] [INFO] - 2022-12-15T12:56:46.490Z [App] [bootstrap] Database connected 🔥 on development mode...
[Node] [INFO] - 2022-12-15T12:56:46.494Z [App] [listen] 🚀 App listening on the port 4001 ENV: development mode...
[Node] [INFO] - 2022-12-15T12:57:08.145Z [App] [bootstrap] Database connected 🔥 on development mode...
[Node] [INFO] - 2022-12-15T12:57:08.150Z [App] [listen] 🚀 App listening on the port 4001 ENV: development mode...
[Node] [INFO] - 2022-12-15T12:57:15.186Z [App] [bootstrap] Database connected 🔥 on development mode...
[Node] [INFO] - 2022-12-15T12:57:15.189Z [App] [listen] 🚀 App listening on the port 4001 ENV: development mode...
[Node] [INFO] - 2022-12-15T12:57:29.530Z [App] [bootstrap] Database connected 🔥 on development mode...
[Node] [INFO] - 2022-12-15T12:57:29.534Z [App] [listen] 🚀 App listening on the port 4001 ENV: development mode...
[Node] [INFO] - 2022-12-15T12:57:39.586Z [App] [bootstrap] Database connected 🔥 on development mode...
[Node] [INFO] - 2022-12-15T12:57:39.590Z [App] [listen] 🚀 App listening on the port 4001 ENV: development mode...
[Node] [INFO] - 2022-12-15T12:58:03.139Z [App] [bootstrap] Database connected 🔥 on development mode...
[Node] [INFO] - 2022-12-15T12:58:03.143Z [App] [listen] 🚀 App listening on the port 4001 ENV: development mode...
[Node] [ERROR] - 2022-12-15T13:00:43.889Z [App] [bootstrap] Database not connected: connect ECONNREFUSED 35.230.41.111:7745
[Node] [ERROR] - 2022-12-15T13:01:36.057Z [App] [bootstrap] Database not connected: connect ECONNREFUSED 35.230.41.111:7745
[Node] [INFO] - 2022-12-15T13:02:30.143Z [App] [bootstrap] Database connected 🔥 on development mode...
[Node] [INFO] - 2022-12-15T13:02:30.148Z [App] [listen] 🚀 App listening on the port 4000 ENV: development mode...
[Node] [ERROR] - 2022-12-15T13:09:55.964Z [App] [bootstrap] Database not connected: connect ECONNREFUSED 35.230.41.111:7745
[Node] [INFO] - 2022-12-15T13:10:39.743Z [App] [bootstrap] Database connected 🔥 on development mode...
[Node] [INFO] - 2022-12-15T13:10:39.756Z [App] [listen] 🚀 App listening on the port 4000 ENV: development mode...
[Node] [INFO] - 2022-12-15T13:15:39.660Z [App] [bootstrap] Database connected 🔥 on development mode...
[Node] [INFO] - 2022-12-15T13:15:39.665Z [App] [listen] 🚀 App listening on the port 4000 ENV: development mode...
[Node] [INFO] - 2022-12-15T13:22:07.470Z [App] [bootstrap] Database connected 🔥 on development mode...
[Node] [INFO] - 2022-12-15T13:22:07.481Z [App] [listen] 🚀 App listening on the port 4000 ENV: development mode...
[Node] [INFO] - 2022-12-15T13:22:31.602Z [App] [bootstrap] Database connected 🔥 on development mode...
[Node] [INFO] - 2022-12-15T13:22:31.618Z [App] [listen] 🚀 App listening on the port 4000 ENV: development mode...
[Node] [INFO] - 2022-12-15T13:28:18.016Z [App] [bootstrap] Database connected 🔥 on development mode...
[Node] [INFO] - 2022-12-15T13:28:18.027Z [App] [listen] 🚀 App listening on the port 4000 ENV: development mode...
[Node] [INFO] - 2022-12-15T13:32:36.790Z [App] [bootstrap] Database connected 🔥 on development mode...
[Node] [INFO] - 2022-12-15T13:32:36.802Z [App] [listen] 🚀 App listening on the port 4000 ENV: development mode...
[Node] [INFO] - 2022-12-15T13:34:28.318Z [App] [bootstrap] Database connected 🔥 on development mode...
[Node] [INFO] - 2022-12-15T13:34:28.328Z [App] [listen] 🚀 App listening on the port 4000 ENV: development mode...
[Node] [INFO] - 2022-12-15T13:35:06.824Z [App] [bootstrap] Database connected 🔥 on development mode...
[Node] [INFO] - 2022-12-15T13:35:06.836Z [App] [listen] 🚀 App listening on the port 4000 ENV: development mode...
[Node] [INFO] - 2022-12-15T13:35:43.670Z [App] [bootstrap] Database connected 🔥 on development mode...
[Node] [INFO] - 2022-12-15T13:35:43.688Z [App] [listen] 🚀 App listening on the port 4000 ENV: development mode...
[Node] [INFO] - 2022-12-15T13:38:58.360Z [App] [bootstrap] Database connected 🔥 on development mode...
[Node] [INFO] - 2022-12-15T13:38:58.363Z [App] [listen] 🚀 App listening on the port 4000 ENV: development mode...
[Node] [INFO] - 2022-12-15T13:40:25.617Z [App] [bootstrap] Database connected 🔥 on development mode...
[Node] [INFO] - 2022-12-15T13:40:25.628Z [App] [listen] 🚀 App listening on the port 4000 ENV: development mode...
[Node] [INFO] - 2022-12-15T13:42:38.942Z [App] [bootstrap] Database connected 🔥 on development mode...
[Node] [INFO] - 2022-12-15T13:42:38.947Z [App] [listen] 🚀 App listening on the port 4000 ENV: development mode...
[Node] [INFO] - 2022-12-15T13:43:17.525Z [App] [bootstrap] Database connected 🔥 on development mode...
[Node] [INFO] - 2022-12-15T13:43:17.536Z [App] [listen] 🚀 App listening on the port 4000 ENV: development mode...
[Node] [INFO] - 2022-12-15T13:43:55.322Z [App] [bootstrap] Database connected 🔥 on development mode...
[Node] [INFO] - 2022-12-15T13:43:55.333Z [App] [listen] 🚀 App listening on the port 4000 ENV: development mode...
[Node] [INFO] - 2022-12-15T13:44:08.179Z [App] [bootstrap] Database connected 🔥 on development mode...
[Node] [INFO] - 2022-12-15T13:44:08.186Z [App] [listen] 🚀 App listening on the port 4000 ENV: development mode...
[Node] [INFO] - 2022-12-15T13:44:23.445Z [App] [bootstrap] Database connected 🔥 on development mode...
[Node] [INFO] - 2022-12-15T13:44:23.455Z [App] [listen] 🚀 App listening on the port 4000 ENV: development mode...
[Node] [INFO] - 2022-12-15T13:45:15.037Z [App] [bootstrap] Database connected 🔥 on development mode...
[Node] [INFO] - 2022-12-15T13:45:15.040Z [App] [listen] 🚀 App listening on the port 4000 ENV: development mode...
[Node] [INFO] - 2022-12-15T13:45:37.778Z [App] [bootstrap] Database connected 🔥 on development mode...
[Node] [INFO] - 2022-12-15T13:45:37.790Z [App] [listen] 🚀 App listening on the port 4000 ENV: development mode...
[Node] [INFO] - 2022-12-15T13:54:00.078Z [App] [bootstrap] Database connected 🔥 on development mode...
[Node] [INFO] - 2022-12-15T13:54:00.089Z [App] [listen] 🚀 App listening on the port 4000 ENV: development mode...
[Node] [INFO] - 2022-12-15T13:54:09.916Z [App] [bootstrap] Database connected 🔥 on development mode...
[Node] [INFO] - 2022-12-15T13:54:09.927Z [App] [listen] 🚀 App listening on the port 4000 ENV: development mode...
[Node] [INFO] - 2022-12-15T13:58:17.160Z [App] [bootstrap] Database connected 🔥 on development mode...
[Node] [INFO] - 2022-12-15T13:58:17.170Z [App] [listen] 🚀 App listening on the port 4000 ENV: development mode...
[Node] [INFO] - 2022-12-15T13:58:52.284Z [App] [bootstrap] Database connected 🔥 on development mode...
[Node] [INFO] - 2022-12-15T13:58:52.295Z [App] [listen] 🚀 App listening on the port 4000 ENV: development mode...
