[Node] [INFO] - 2022-12-06T06:14:58.581Z [App] [bootstrap] Database connected 🔥 on development mode...
[Node] [INFO] - 2022-12-06T06:14:58.584Z [App] [listen] 🚀 App listening on the port 4000 ENV: development mode...
[Node] [INFO] - 2022-12-06T06:15:05.624Z [App] [bootstrap] Database connected 🔥 on development mode...
[Node] [INFO] - 2022-12-06T06:15:05.627Z [App] [listen] 🚀 App listening on the port 4000 ENV: development mode...
[Node] [INFO] - 2022-12-06T06:15:57.926Z [App] [bootstrap] Database connected 🔥 on development mode...
[Node] [INFO] - 2022-12-06T06:15:57.929Z [App] [listen] 🚀 App listening on the port 4000 ENV: development mode...
[Node] [INFO] - 2022-12-06T06:19:40.992Z [App] [bootstrap] Database connected 🔥 on development mode...
[Node] [INFO] - 2022-12-06T06:19:40.996Z [App] [listen] 🚀 App listening on the port 4000 ENV: development mode...
[Node] [INFO] - 2022-12-06T06:19:46.825Z [App] [bootstrap] Database connected 🔥 on development mode...
[Node] [INFO] - 2022-12-06T06:19:46.829Z [App] [listen] 🚀 App listening on the port 4000 ENV: development mode...
[Node] [INFO] - 2022-12-06T06:19:52.047Z [App] [bootstrap] Database connected 🔥 on development mode...
[Node] [INFO] - 2022-12-06T06:19:52.051Z [App] [listen] 🚀 App listening on the port 4000 ENV: development mode...
[Node] [INFO] - 2022-12-06T06:19:57.944Z [App] [bootstrap] Database connected 🔥 on development mode...
[Node] [INFO] - 2022-12-06T06:19:57.948Z [App] [listen] 🚀 App listening on the port 4000 ENV: development mode...
[Node] [INFO] - 2022-12-06T06:20:02.454Z [App] [bootstrap] Database connected 🔥 on development mode...
[Node] [INFO] - 2022-12-06T06:20:02.458Z [App] [listen] 🚀 App listening on the port 4000 ENV: development mode...
[Node] [INFO] - 2022-12-06T06:20:11.907Z [App] [bootstrap] Database connected 🔥 on development mode...
[Node] [INFO] - 2022-12-06T06:20:11.910Z [App] [listen] 🚀 App listening on the port 4000 ENV: development mode...
[Node] [INFO] - 2022-12-06T06:21:57.955Z [App] [bootstrap] Database connected 🔥 on development mode...
[Node] [INFO] - 2022-12-06T06:21:57.959Z [App] [listen] 🚀 App listening on the port 4000 ENV: development mode...
[Node] [INFO] - 2022-12-06T06:22:07.354Z [App] [bootstrap] Database connected 🔥 on development mode...
[Node] [INFO] - 2022-12-06T06:22:07.358Z [App] [listen] 🚀 App listening on the port 4000 ENV: development mode...
[Node] [INFO] - 2022-12-06T06:22:25.089Z [App] [bootstrap] Database connected 🔥 on development mode...
[Node] [INFO] - 2022-12-06T06:22:25.093Z [App] [listen] 🚀 App listening on the port 4000 ENV: development mode...
[Node] [INFO] - 2022-12-06T06:22:41.265Z [App] [bootstrap] Database connected 🔥 on development mode...
[Node] [INFO] - 2022-12-06T06:22:41.269Z [App] [listen] 🚀 App listening on the port 4000 ENV: development mode...
[Node] [INFO] - 2022-12-06T06:22:46.138Z [App] [bootstrap] Database connected 🔥 on development mode...
[Node] [INFO] - 2022-12-06T06:22:46.142Z [App] [listen] 🚀 App listening on the port 4000 ENV: development mode...
[Node] [INFO] - 2022-12-06T06:22:54.042Z [App] [bootstrap] Database connected 🔥 on development mode...
[Node] [INFO] - 2022-12-06T06:22:54.045Z [App] [listen] 🚀 App listening on the port 4000 ENV: development mode...
[Node] [INFO] - 2022-12-06T06:23:44.662Z [App] [bootstrap] Database connected 🔥 on development mode...
[Node] [INFO] - 2022-12-06T06:23:44.666Z [App] [listen] 🚀 App listening on the port 4000 ENV: development mode...
[Node] [INFO] - 2022-12-06T06:23:52.217Z [App] [bootstrap] Database connected 🔥 on development mode...
[Node] [INFO] - 2022-12-06T06:23:52.221Z [App] [listen] 🚀 App listening on the port 4000 ENV: development mode...
[Node] [INFO] - 2022-12-06T06:24:40.026Z [App] [bootstrap] Database connected 🔥 on development mode...
[Node] [INFO] - 2022-12-06T06:24:40.029Z [App] [listen] 🚀 App listening on the port 4000 ENV: development mode...
[Node] [INFO] - 2022-12-06T06:32:30.082Z [App] [bootstrap] Database connected 🔥 on development mode...
[Node] [INFO] - 2022-12-06T06:32:30.086Z [App] [listen] 🚀 App listening on the port 4000 ENV: development mode...
[Node] [INFO] - 2022-12-06T06:45:22.497Z [App] [bootstrap] Database connected 🔥 on development mode...
[Node] [INFO] - 2022-12-06T06:45:22.501Z [App] [listen] 🚀 App listening on the port 4000 ENV: development mode...
[Node] [INFO] - 2022-12-06T06:45:28.413Z [App] [bootstrap] Database connected 🔥 on development mode...
[Node] [INFO] - 2022-12-06T06:45:28.417Z [App] [listen] 🚀 App listening on the port 4000 ENV: development mode...
[Node] [INFO] - 2022-12-06T06:45:36.343Z [App] [bootstrap] Database connected 🔥 on development mode...
[Node] [INFO] - 2022-12-06T06:45:36.347Z [App] [listen] 🚀 App listening on the port 4000 ENV: development mode...
[Node] [INFO] - 2022-12-06T06:45:46.723Z [App] [bootstrap] Database connected 🔥 on development mode...
[Node] [INFO] - 2022-12-06T06:45:46.727Z [App] [listen] 🚀 App listening on the port 4000 ENV: development mode...
[Node] [INFO] - 2022-12-06T06:45:57.935Z [App] [bootstrap] Database connected 🔥 on development mode...
[Node] [INFO] - 2022-12-06T06:45:57.938Z [App] [listen] 🚀 App listening on the port 4000 ENV: development mode...
[Node] [INFO] - 2022-12-06T06:46:04.651Z [App] [bootstrap] Database connected 🔥 on development mode...
[Node] [INFO] - 2022-12-06T06:46:04.654Z [App] [listen] 🚀 App listening on the port 4000 ENV: development mode...
[Node] [INFO] - 2022-12-06T06:48:08.462Z [App] [bootstrap] Database connected 🔥 on development mode...
[Node] [INFO] - 2022-12-06T06:48:08.466Z [App] [listen] 🚀 App listening on the port 4000 ENV: development mode...
[Node] [INFO] - 2022-12-06T06:48:59.474Z [App] [bootstrap] Database connected 🔥 on development mode...
[Node] [INFO] - 2022-12-06T06:48:59.479Z [App] [listen] 🚀 App listening on the port 4000 ENV: development mode...
[Node] [INFO] - 2022-12-06T06:49:33.556Z [App] [bootstrap] Database connected 🔥 on development mode...
[Node] [INFO] - 2022-12-06T06:49:33.560Z [App] [listen] 🚀 App listening on the port 4000 ENV: development mode...
[Node] [INFO] - 2022-12-06T06:49:57.378Z [App] [bootstrap] Database connected 🔥 on development mode...
[Node] [INFO] - 2022-12-06T06:49:57.382Z [App] [listen] 🚀 App listening on the port 4000 ENV: development mode...
[Node] [INFO] - 2022-12-06T06:50:33.972Z [App] [bootstrap] Database connected 🔥 on development mode...
[Node] [INFO] - 2022-12-06T06:50:33.976Z [App] [listen] 🚀 App listening on the port 4000 ENV: development mode...
[Node] [INFO] - 2022-12-06T06:50:42.797Z [App] [bootstrap] Database connected 🔥 on development mode...
[Node] [INFO] - 2022-12-06T06:50:42.803Z [App] [listen] 🚀 App listening on the port 4000 ENV: development mode...
[Node] [INFO] - 2022-12-06T06:50:55.654Z [App] [bootstrap] Database connected 🔥 on development mode...
[Node] [INFO] - 2022-12-06T06:50:55.657Z [App] [listen] 🚀 App listening on the port 4000 ENV: development mode...
[Node] [INFO] - 2022-12-06T06:51:26.029Z [App] [bootstrap] Database connected 🔥 on development mode...
[Node] [INFO] - 2022-12-06T06:51:26.035Z [App] [listen] 🚀 App listening on the port 4000 ENV: development mode...
[Node] [INFO] - 2022-12-06T06:54:02.975Z [App] [bootstrap] Database connected 🔥 on development mode...
[Node] [INFO] - 2022-12-06T06:54:02.978Z [App] [listen] 🚀 App listening on the port 4000 ENV: development mode...
[Node] [ERROR] - 2022-12-06T06:58:05.143Z400 - /api/v1/create [POST] - property roleId should not exist 
[Node] [INFO] - 2022-12-06T06:59:30.182Z [App] [bootstrap] Database connected 🔥 on development mode...
[Node] [INFO] - 2022-12-06T06:59:30.186Z [App] [listen] 🚀 App listening on the port 4000 ENV: development mode...
[Node] [ERROR] - 2022-12-06T07:01:15.373Z400 - /api/v1/create [POST] - property roleId should not exist 
[Node] [ERROR] - 2022-12-06T07:01:16.682Z400 - /api/v1/create [POST] - property roleId should not exist 
[Node] [INFO] - 2022-12-06T07:01:36.397Z [App] [bootstrap] Database connected 🔥 on development mode...
[Node] [INFO] - 2022-12-06T07:01:36.401Z [App] [listen] 🚀 App listening on the port 4000 ENV: development mode...
[Node] [ERROR] - 2022-12-06T07:01:38.256Z400 - /api/v1/create [POST] - property roleId should not exist 
[Node] [INFO] - 2022-12-06T07:02:00.888Z [App] [bootstrap] Database connected 🔥 on development mode...
[Node] [INFO] - 2022-12-06T07:02:00.892Z [App] [listen] 🚀 App listening on the port 4000 ENV: development mode...
[Node] [ERROR] - 2022-12-06T07:02:13.748Z400 - /api/v1/create [POST] - property roleId should not exist 
[Node] [INFO] - 2022-12-06T07:03:12.909Z [App] [bootstrap] Database connected 🔥 on development mode...
[Node] [INFO] - 2022-12-06T07:03:12.914Z [App] [listen] 🚀 App listening on the port 4000 ENV: development mode...
[Node] [INFO] - 2022-12-06T07:03:21.655Z [App] [bootstrap] Database connected 🔥 on development mode...
[Node] [INFO] - 2022-12-06T07:03:21.658Z [App] [listen] 🚀 App listening on the port 4000 ENV: development mode...
[Node] [ERROR] - 2022-12-06T07:06:34.934Z400 - /api/v1/create [POST] - property roleId should not exist 
[Node] [INFO] - 2022-12-06T07:07:21.972Z [App] [bootstrap] Database connected 🔥 on development mode...
[Node] [INFO] - 2022-12-06T07:07:21.976Z [App] [listen] 🚀 App listening on the port 4000 ENV: development mode...
[Node] [ERROR] - 2022-12-06T07:07:25.676Z400 - /api/v1/create [POST] - property roleId should not exist 
[Node] [ERROR] - 2022-12-06T07:07:50.055Z400 - /api/v1/create [POST] - property role_id should not exist 
[Node] [ERROR] - 2022-12-06T07:08:49.172Z400 - /api/v1/create [POST] - property roleId should not exist 
[Node] [ERROR] - 2022-12-06T07:10:00.176Z400 - /api/v1/create [POST] - property role_id should not exist 
[Node] [INFO] - 2022-12-06T07:10:40.602Z [App] [bootstrap] Database connected 🔥 on development mode...
[Node] [INFO] - 2022-12-06T07:10:40.606Z [App] [listen] 🚀 App listening on the port 4000 ENV: development mode...
[Node] [ERROR] - 2022-12-06T07:10:42.285Z409 - /api/v1/create [POST] - This email admin0225533@thoughtwin.com already exists 
[Node] [ERROR] - 2022-12-06T07:10:50.092Z500 - /api/v1/create [POST] - notNull Violation: users.roleId cannot be null 
[Node] [ERROR] - 2022-12-06T07:11:07.132Z400 - /api/v1/create [POST] - property roleId should not exist 
[Node] [ERROR] - 2022-12-06T07:11:18.099Z400 - /api/v1/create [POST] - property roleId should not exist 
[Node] [ERROR] - 2022-12-06T07:11:23.923Z400 - /api/v1/create [POST] - property roleId should not exist 
[Node] [INFO] - 2022-12-06T07:13:37.036Z [App] [bootstrap] Database connected 🔥 on development mode...
[Node] [INFO] - 2022-12-06T07:13:37.040Z [App] [listen] 🚀 App listening on the port 4000 ENV: development mode...
[Node] [ERROR] - 2022-12-06T07:13:40.803Z400 - /api/v1/create [POST] - property roleId should not exist 
[Node] [INFO] - 2022-12-06T07:14:29.603Z [App] [bootstrap] Database connected 🔥 on development mode...
[Node] [INFO] - 2022-12-06T07:14:29.607Z [App] [listen] 🚀 App listening on the port 4000 ENV: development mode...
[Node] [INFO] - 2022-12-06T07:15:13.658Z [App] [bootstrap] Database connected 🔥 on development mode...
[Node] [INFO] - 2022-12-06T07:15:13.662Z [App] [listen] 🚀 App listening on the port 4000 ENV: development mode...
[Node] [INFO] - 2022-12-06T07:15:54.429Z [App] [bootstrap] Database connected 🔥 on development mode...
[Node] [INFO] - 2022-12-06T07:15:54.433Z [App] [listen] 🚀 App listening on the port 4000 ENV: development mode...
[Node] [INFO] - 2022-12-06T07:16:16.193Z [App] [bootstrap] Database connected 🔥 on development mode...
[Node] [INFO] - 2022-12-06T07:16:16.197Z [App] [listen] 🚀 App listening on the port 4000 ENV: development mode...
[Node] [ERROR] - 2022-12-06T07:16:19.195Z400 - /api/v1/create [POST] - property roleId should not exist 
[Node] [INFO] - 2022-12-06T07:20:02.732Z [App] [bootstrap] Database connected 🔥 on development mode...
[Node] [INFO] - 2022-12-06T07:20:02.737Z [App] [listen] 🚀 App listening on the port 4000 ENV: development mode...
[Node] [INFO] - 2022-12-06T07:20:07.715Z [App] [bootstrap] Database connected 🔥 on development mode...
[Node] [INFO] - 2022-12-06T07:20:07.719Z [App] [listen] 🚀 App listening on the port 4000 ENV: development mode...
[Node] [INFO] - 2022-12-06T07:24:28.636Z [App] [bootstrap] Database connected 🔥 on development mode...
[Node] [INFO] - 2022-12-06T07:24:28.640Z [App] [listen] 🚀 App listening on the port 4000 ENV: development mode...
[Node] [INFO] - 2022-12-06T07:25:26.452Z [App] [bootstrap] Database connected 🔥 on development mode...
[Node] [INFO] - 2022-12-06T07:25:26.456Z [App] [listen] 🚀 App listening on the port 4000 ENV: development mode...
[Node] [INFO] - 2022-12-06T07:26:02.132Z [App] [bootstrap] Database connected 🔥 on development mode...
[Node] [INFO] - 2022-12-06T07:26:02.136Z [App] [listen] 🚀 App listening on the port 4000 ENV: development mode...
[Node] [INFO] - 2022-12-06T07:26:16.923Z [App] [bootstrap] Database connected 🔥 on development mode...
[Node] [INFO] - 2022-12-06T07:26:16.927Z [App] [listen] 🚀 App listening on the port 4000 ENV: development mode...
[Node] [INFO] - 2022-12-06T07:26:31.676Z [App] [bootstrap] Database connected 🔥 on development mode...
[Node] [INFO] - 2022-12-06T07:26:31.683Z [App] [listen] 🚀 App listening on the port 4000 ENV: development mode...
[Node] [ERROR] - 2022-12-06T07:26:58.651Z400 - /api/v1/create [POST] - property phoneNumber should not exist 
[Node] [INFO] - 2022-12-06T07:27:16.865Z [App] [bootstrap] Database connected 🔥 on development mode...
[Node] [INFO] - 2022-12-06T07:27:16.869Z [App] [listen] 🚀 App listening on the port 4000 ENV: development mode...
[Node] [ERROR] - 2022-12-06T07:27:20.415Z500 - /api/v1/create [POST] - value "93406325120" is out of range for type integer 
[Node] [INFO] - 2022-12-06T07:28:41.421Z [App] [bootstrap] Database connected 🔥 on development mode...
[Node] [INFO] - 2022-12-06T07:28:41.424Z [App] [listen] 🚀 App listening on the port 4000 ENV: development mode...
[Node] [INFO] - 2022-12-06T07:33:47.174Z [App] [bootstrap] Database connected 🔥 on development mode...
[Node] [INFO] - 2022-12-06T07:33:47.178Z [App] [listen] 🚀 App listening on the port 4000 ENV: development mode...
[Node] [INFO] - 2022-12-06T07:34:14.390Z [App] [bootstrap] Database connected 🔥 on development mode...
[Node] [INFO] - 2022-12-06T07:34:14.394Z [App] [listen] 🚀 App listening on the port 4000 ENV: development mode...
[Node] [INFO] - 2022-12-06T07:34:26.871Z [App] [bootstrap] Database connected 🔥 on development mode...
[Node] [INFO] - 2022-12-06T07:34:26.875Z [App] [listen] 🚀 App listening on the port 4000 ENV: development mode...
[Node] [ERROR] - 2022-12-06T07:34:40.426Z500 - /api/v1/create [POST] - Validation error 
[Node] [INFO] - 2022-12-06T07:35:37.304Z [App] [bootstrap] Database connected 🔥 on development mode...
[Node] [INFO] - 2022-12-06T07:35:37.308Z [App] [listen] 🚀 App listening on the port 4000 ENV: development mode...
[Node] [INFO] - 2022-12-06T07:35:42.016Z [App] [bootstrap] Database connected 🔥 on development mode...
[Node] [INFO] - 2022-12-06T07:35:42.020Z [App] [listen] 🚀 App listening on the port 4000 ENV: development mode...
[Node] [INFO] - 2022-12-06T07:37:03.048Z [App] [bootstrap] Database connected 🔥 on development mode...
[Node] [INFO] - 2022-12-06T07:37:03.051Z [App] [listen] 🚀 App listening on the port 4000 ENV: development mode...
[Node] [INFO] - 2022-12-06T07:38:35.299Z [App] [bootstrap] Database connected 🔥 on development mode...
[Node] [INFO] - 2022-12-06T07:38:35.302Z [App] [listen] 🚀 App listening on the port 4000 ENV: development mode...
[Node] [INFO] - 2022-12-06T07:57:06.144Z [App] [bootstrap] Database connected 🔥 on development mode...
[Node] [ERROR] - 2022-12-06T07:57:06.153ZUNCAUGHT EXCEPTION! Error: listen EADDRINUSE: address already in use :::4000
[Node] [INFO] - 2022-12-06T07:57:33.762Z [App] [bootstrap] Database connected 🔥 on development mode...
[Node] [INFO] - 2022-12-06T07:57:33.765Z [App] [listen] 🚀 App listening on the port 4001 ENV: development mode...
[Node] [INFO] - 2022-12-06T07:57:50.659Z [App] [bootstrap] Database connected 🔥 on development mode...
[Node] [INFO] - 2022-12-06T07:57:50.663Z [App] [listen] 🚀 App listening on the port 4001 ENV: development mode...
[Node] [INFO] - 2022-12-06T07:57:59.007Z [App] [bootstrap] Database connected 🔥 on development mode...
[Node] [INFO] - 2022-12-06T07:57:59.010Z [App] [listen] 🚀 App listening on the port 4001 ENV: development mode...
[Node] [INFO] - 2022-12-06T07:58:45.162Z [App] [bootstrap] Database connected 🔥 on development mode...
[Node] [INFO] - 2022-12-06T07:58:45.166Z [App] [listen] 🚀 App listening on the port 4001 ENV: development mode...
[Node] [INFO] - 2022-12-06T07:58:50.094Z [App] [bootstrap] Database connected 🔥 on development mode...
[Node] [INFO] - 2022-12-06T07:58:50.098Z [App] [listen] 🚀 App listening on the port 4001 ENV: development mode...
[Node] [INFO] - 2022-12-06T08:07:14.268Z [App] [bootstrap] Database connected 🔥 on development mode...
[Node] [INFO] - 2022-12-06T08:07:14.272Z [App] [listen] 🚀 App listening on the port 4001 ENV: development mode...
[Node] [INFO] - 2022-12-06T08:09:30.085Z [App] [bootstrap] Database connected 🔥 on development mode...
[Node] [INFO] - 2022-12-06T08:09:30.088Z [App] [listen] 🚀 App listening on the port 4001 ENV: development mode...
[Node] [INFO] - 2022-12-06T08:11:06.646Z [App] [bootstrap] Database connected 🔥 on development mode...
[Node] [INFO] - 2022-12-06T08:11:06.649Z [App] [listen] 🚀 App listening on the port 4001 ENV: development mode...
[Node] [INFO] - 2022-12-06T08:13:11.080Z [App] [bootstrap] Database connected 🔥 on development mode...
[Node] [INFO] - 2022-12-06T08:13:11.084Z [App] [listen] 🚀 App listening on the port 4001 ENV: development mode...
[Node] [INFO] - 2022-12-06T08:13:17.395Z [App] [bootstrap] Database connected 🔥 on development mode...
[Node] [INFO] - 2022-12-06T08:13:17.399Z [App] [listen] 🚀 App listening on the port 4001 ENV: development mode...
[Node] [INFO] - 2022-12-06T08:15:39.812Z [App] [bootstrap] Database connected 🔥 on development mode...
[Node] [INFO] - 2022-12-06T08:15:39.816Z [App] [listen] 🚀 App listening on the port 4001 ENV: development mode...
[Node] [INFO] - 2022-12-06T08:46:07.267Z [App] [bootstrap] Database connected 🔥 on development mode...
[Node] [INFO] - 2022-12-06T08:46:07.271Z [App] [listen] 🚀 App listening on the port 4001 ENV: development mode...
[Node] [INFO] - 2022-12-06T09:36:33.237Z [App] [bootstrap] Database connected 🔥 on development mode...
[Node] [INFO] - 2022-12-06T09:36:33.241Z [App] [listen] 🚀 App listening on the port 4001 ENV: development mode...
[Node] [INFO] - 2022-12-06T09:37:31.111Z [App] [bootstrap] Database connected 🔥 on development mode...
[Node] [INFO] - 2022-12-06T09:37:31.115Z [App] [listen] 🚀 App listening on the port 4001 ENV: development mode...
[Node] [INFO] - 2022-12-06T09:37:38.843Z [App] [bootstrap] Database connected 🔥 on development mode...
[Node] [INFO] - 2022-12-06T09:37:38.847Z [App] [listen] 🚀 App listening on the port 4001 ENV: development mode...
[Node] [INFO] - 2022-12-06T09:37:46.776Z [App] [bootstrap] Database connected 🔥 on development mode...
[Node] [INFO] - 2022-12-06T09:37:46.779Z [App] [listen] 🚀 App listening on the port 4001 ENV: development mode...
[Node] [INFO] - 2022-12-06T09:38:54.278Z [App] [bootstrap] Database connected 🔥 on development mode...
[Node] [INFO] - 2022-12-06T09:38:54.282Z [App] [listen] 🚀 App listening on the port 4001 ENV: development mode...
[Node] [INFO] - 2022-12-06T09:39:22.879Z [App] [bootstrap] Database connected 🔥 on development mode...
[Node] [INFO] - 2022-12-06T09:39:22.884Z [App] [listen] 🚀 App listening on the port 4001 ENV: development mode...
[Node] [INFO] - 2022-12-06T09:39:29.698Z [App] [bootstrap] Database connected 🔥 on development mode...
[Node] [INFO] - 2022-12-06T09:39:29.702Z [App] [listen] 🚀 App listening on the port 4001 ENV: development mode...
[Node] [INFO] - 2022-12-06T09:39:34.293Z [App] [bootstrap] Database connected 🔥 on development mode...
[Node] [INFO] - 2022-12-06T09:39:34.296Z [App] [listen] 🚀 App listening on the port 4001 ENV: development mode...
[Node] [INFO] - 2022-12-06T09:39:44.011Z [App] [bootstrap] Database connected 🔥 on development mode...
[Node] [INFO] - 2022-12-06T09:39:44.016Z [App] [listen] 🚀 App listening on the port 4001 ENV: development mode...
[Node] [INFO] - 2022-12-06T09:39:48.826Z [App] [bootstrap] Database connected 🔥 on development mode...
[Node] [INFO] - 2022-12-06T09:39:48.832Z [App] [listen] 🚀 App listening on the port 4001 ENV: development mode...
[Node] [INFO] - 2022-12-06T09:40:04.598Z [App] [bootstrap] Database connected 🔥 on development mode...
[Node] [INFO] - 2022-12-06T09:40:04.602Z [App] [listen] 🚀 App listening on the port 4001 ENV: development mode...
[Node] [INFO] - 2022-12-06T09:40:17.174Z [App] [bootstrap] Database connected 🔥 on development mode...
[Node] [INFO] - 2022-12-06T09:40:17.178Z [App] [listen] 🚀 App listening on the port 4001 ENV: development mode...
[Node] [INFO] - 2022-12-06T09:40:43.770Z [App] [bootstrap] Database connected 🔥 on development mode...
[Node] [INFO] - 2022-12-06T09:40:43.774Z [App] [listen] 🚀 App listening on the port 4001 ENV: development mode...
[Node] [INFO] - 2022-12-06T09:40:49.069Z [App] [bootstrap] Database connected 🔥 on development mode...
[Node] [INFO] - 2022-12-06T09:40:49.073Z [App] [listen] 🚀 App listening on the port 4001 ENV: development mode...
[Node] [INFO] - 2022-12-06T09:41:03.488Z [App] [bootstrap] Database connected 🔥 on development mode...
[Node] [INFO] - 2022-12-06T09:41:03.492Z [App] [listen] 🚀 App listening on the port 4001 ENV: development mode...
[Node] [INFO] - 2022-12-06T09:41:25.113Z [App] [bootstrap] Database connected 🔥 on development mode...
[Node] [INFO] - 2022-12-06T09:41:25.117Z [App] [listen] 🚀 App listening on the port 4001 ENV: development mode...
[Node] [INFO] - 2022-12-06T09:41:56.170Z [App] [bootstrap] Database connected 🔥 on development mode...
[Node] [INFO] - 2022-12-06T09:41:56.174Z [App] [listen] 🚀 App listening on the port 4001 ENV: development mode...
[Node] [INFO] - 2022-12-06T09:42:10.045Z [App] [bootstrap] Database connected 🔥 on development mode...
[Node] [INFO] - 2022-12-06T09:42:10.049Z [App] [listen] 🚀 App listening on the port 4001 ENV: development mode...
[Node] [INFO] - 2022-12-06T09:42:24.354Z [App] [bootstrap] Database connected 🔥 on development mode...
[Node] [INFO] - 2022-12-06T09:42:24.358Z [App] [listen] 🚀 App listening on the port 4001 ENV: development mode...
[Node] [INFO] - 2022-12-06T09:42:29.184Z [App] [bootstrap] Database connected 🔥 on development mode...
[Node] [INFO] - 2022-12-06T09:42:29.188Z [App] [listen] 🚀 App listening on the port 4001 ENV: development mode...
[Node] [INFO] - 2022-12-06T09:43:45.310Z [App] [bootstrap] Database connected 🔥 on development mode...
[Node] [INFO] - 2022-12-06T09:43:45.317Z [App] [listen] 🚀 App listening on the port 4001 ENV: development mode...
[Node] [INFO] - 2022-12-06T09:51:05.682Z [App] [bootstrap] Database connected 🔥 on development mode...
[Node] [INFO] - 2022-12-06T09:51:05.686Z [App] [listen] 🚀 App listening on the port 4001 ENV: development mode...
[Node] [INFO] - 2022-12-06T09:51:40.763Z [App] [bootstrap] Database connected 🔥 on development mode...
[Node] [INFO] - 2022-12-06T09:51:40.768Z [App] [listen] 🚀 App listening on the port 4001 ENV: development mode...
[Node] [INFO] - 2022-12-06T11:10:56.380Z [App] [bootstrap] Database connected 🔥 on development mode...
[Node] [INFO] - 2022-12-06T11:10:56.384Z [App] [listen] 🚀 App listening on the port 4001 ENV: development mode...
[Node] [INFO] - 2022-12-06T11:11:20.806Z [App] [bootstrap] Database connected 🔥 on development mode...
[Node] [INFO] - 2022-12-06T11:11:20.810Z [App] [listen] 🚀 App listening on the port 4001 ENV: development mode...
[Node] [ERROR] - 2022-12-06T11:11:22.750Z500 - /api/v1/create [POST] - column role.role_name does not exist 
[Node] [ERROR] - 2022-12-06T11:11:28.659Z400 - /api/v1/create [POST] - roleId must be a number conforming to the specified constraints 
[Node] [INFO] - 2022-12-06T11:11:51.327Z [App] [bootstrap] Database connected 🔥 on development mode...
[Node] [INFO] - 2022-12-06T11:11:51.331Z [App] [listen] 🚀 App listening on the port 4001 ENV: development mode...
[Node] [ERROR] - 2022-12-06T11:11:52.011Z500 - /api/v1/create [POST] - column role.role_name does not exist 
[Node] [INFO] - 2022-12-06T11:12:25.075Z [App] [bootstrap] Database connected 🔥 on development mode...
[Node] [INFO] - 2022-12-06T11:12:25.079Z [App] [listen] 🚀 App listening on the port 4001 ENV: development mode...
[Node] [ERROR] - 2022-12-06T11:12:46.180Z400 - /api/v1/create [POST] - roleId must be a number conforming to the specified constraints 
[Node] [INFO] - 2022-12-06T11:13:27.909Z [App] [bootstrap] Database connected 🔥 on development mode...
[Node] [INFO] - 2022-12-06T11:13:27.912Z [App] [listen] 🚀 App listening on the port 4001 ENV: development mode...
[Node] [INFO] - 2022-12-06T11:14:46.937Z [App] [bootstrap] Database connected 🔥 on development mode...
[Node] [INFO] - 2022-12-06T11:14:46.940Z [App] [listen] 🚀 App listening on the port 4001 ENV: development mode...
[Node] [INFO] - 2022-12-06T11:14:53.741Z [App] [bootstrap] Database connected 🔥 on development mode...
[Node] [INFO] - 2022-12-06T11:14:53.746Z [App] [listen] 🚀 App listening on the port 4001 ENV: development mode...
[Node] [ERROR] - 2022-12-06T11:14:54.826Z500 - /api/v1/create [POST] - notNull Violation: users.roleId cannot be null 
[Node] [INFO] - 2022-12-06T11:15:45.455Z [App] [bootstrap] Database connected 🔥 on development mode...
[Node] [INFO] - 2022-12-06T11:15:45.459Z [App] [listen] 🚀 App listening on the port 4001 ENV: development mode...
[Node] [INFO] - 2022-12-06T11:17:50.289Z [App] [bootstrap] Database connected 🔥 on development mode...
[Node] [INFO] - 2022-12-06T11:17:50.293Z [App] [listen] 🚀 App listening on the port 4001 ENV: development mode...
[Node] [INFO] - 2022-12-06T11:22:01.988Z [App] [bootstrap] Database connected 🔥 on development mode...
[Node] [INFO] - 2022-12-06T11:22:01.992Z [App] [listen] 🚀 App listening on the port 4001 ENV: development mode...
[Node] [INFO] - 2022-12-06T11:24:03.659Z [App] [bootstrap] Database connected 🔥 on development mode...
[Node] [INFO] - 2022-12-06T11:24:03.663Z [App] [listen] 🚀 App listening on the port 4001 ENV: development mode...
[Node] [INFO] - 2022-12-06T11:24:35.597Z [App] [bootstrap] Database connected 🔥 on development mode...
[Node] [INFO] - 2022-12-06T11:24:35.600Z [App] [listen] 🚀 App listening on the port 4001 ENV: development mode...
[Node] [ERROR] - 2022-12-06T11:41:28.360Z400 - /api/v1/create [POST] - email must be an email, password must be a string, roleId must be a number conforming to the specified constraints, phoneNumber must be a number conforming to the specified constraints 
[Node] [ERROR] - 2022-12-06T11:41:41.055Z400 - /api/v1/create [POST] - roleId must be a number conforming to the specified constraints 
[Node] [INFO] - 2022-12-06T11:42:37.479Z [App] [bootstrap] Database connected 🔥 on development mode...
[Node] [INFO] - 2022-12-06T11:42:37.483Z [App] [listen] 🚀 App listening on the port 4001 ENV: development mode...
[Node] [ERROR] - 2022-12-06T11:42:39.448Z409 - /api/v1/create [POST] - This email admin01@thoughtwin.com already exists 
[Node] [ERROR] - 2022-12-06T11:42:48.124Z500 - /api/v1/create [POST] - notNull Violation: users.roleId cannot be null 
[Node] [ERROR] - 2022-12-06T11:50:41.553Z500 - /api/v1/create [POST] - notNull Violation: users.roleId cannot be null 
[Node] [INFO] - 2022-12-06T11:51:20.665Z [App] [bootstrap] Database connected 🔥 on development mode...
[Node] [INFO] - 2022-12-06T11:51:20.670Z [App] [listen] 🚀 App listening on the port 4001 ENV: development mode...
[Node] [ERROR] - 2022-12-06T11:51:21.306Z500 - /api/v1/create [POST] - Validation error 
[Node] [ERROR] - 2022-12-06T11:51:22.977Z500 - /api/v1/create [POST] - Validation error 
[Node] [ERROR] - 2022-12-06T11:51:45.926Z400 - /api/v1/create [POST] - Unexpected token } in JSON at position 103 
[Node] [ERROR] - 2022-12-06T11:51:50.782Z400 - /api/v1/create [POST] - phoneNumber must be a number conforming to the specified constraints 
[Node] [ERROR] - 2022-12-06T11:51:57.789Z500 - /api/v1/create [POST] - Validation error 
[Node] [INFO] - 2022-12-06T11:53:16.725Z [App] [bootstrap] Database connected 🔥 on development mode...
[Node] [INFO] - 2022-12-06T11:53:16.729Z [App] [listen] 🚀 App listening on the port 4001 ENV: development mode...
[Node] [ERROR] - 2022-12-06T11:53:20.729Z400 - /api/v1/create [POST] - property name should not exist 
[Node] [INFO] - 2022-12-06T11:53:31.448Z [App] [bootstrap] Database connected 🔥 on development mode...
[Node] [INFO] - 2022-12-06T11:53:31.453Z [App] [listen] 🚀 App listening on the port 4001 ENV: development mode...
[Node] [ERROR] - 2022-12-06T11:53:32.395Z500 - /api/v1/create [POST] - Validation error 
[Node] [ERROR] - 2022-12-06T11:53:33.728Z500 - /api/v1/create [POST] - Validation error 
[Node] [INFO] - 2022-12-06T11:55:32.035Z [App] [bootstrap] Database connected 🔥 on development mode...
[Node] [INFO] - 2022-12-06T11:55:32.038Z [App] [listen] 🚀 App listening on the port 4001 ENV: development mode...
[Node] [ERROR] - 2022-12-06T11:55:32.507Z500 - /api/v1/create [POST] - Validation error 
[Node] [INFO] - 2022-12-06T11:56:23.753Z [App] [bootstrap] Database connected 🔥 on development mode...
[Node] [INFO] - 2022-12-06T11:56:23.757Z [App] [listen] 🚀 App listening on the port 4001 ENV: development mode...
[Node] [INFO] - 2022-12-06T11:56:35.921Z [App] [bootstrap] Database connected 🔥 on development mode...
[Node] [INFO] - 2022-12-06T11:56:35.925Z [App] [listen] 🚀 App listening on the port 4001 ENV: development mode...
[Node] [INFO] - 2022-12-06T11:57:07.169Z [App] [bootstrap] Database connected 🔥 on development mode...
[Node] [INFO] - 2022-12-06T11:57:07.173Z [App] [listen] 🚀 App listening on the port 4001 ENV: development mode...
[Node] [INFO] - 2022-12-06T11:57:26.435Z [App] [bootstrap] Database connected 🔥 on development mode...
[Node] [INFO] - 2022-12-06T11:57:26.438Z [App] [listen] 🚀 App listening on the port 4001 ENV: development mode...
[Node] [INFO] - 2022-12-06T11:57:33.177Z [App] [bootstrap] Database connected 🔥 on development mode...
[Node] [INFO] - 2022-12-06T11:57:33.181Z [App] [listen] 🚀 App listening on the port 4001 ENV: development mode...
[Node] [INFO] - 2022-12-06T11:58:17.347Z [App] [bootstrap] Database connected 🔥 on development mode...
[Node] [INFO] - 2022-12-06T11:58:17.351Z [App] [listen] 🚀 App listening on the port 4001 ENV: development mode...
[Node] [INFO] - 2022-12-06T11:58:41.343Z [App] [bootstrap] Database connected 🔥 on development mode...
[Node] [INFO] - 2022-12-06T11:58:41.347Z [App] [listen] 🚀 App listening on the port 4001 ENV: development mode...
[Node] [INFO] - 2022-12-06T11:58:58.784Z [App] [bootstrap] Database connected 🔥 on development mode...
[Node] [INFO] - 2022-12-06T11:58:58.788Z [App] [listen] 🚀 App listening on the port 4001 ENV: development mode...
[Node] [INFO] - 2022-12-06T11:59:03.195Z [App] [bootstrap] Database connected 🔥 on development mode...
[Node] [INFO] - 2022-12-06T11:59:03.199Z [App] [listen] 🚀 App listening on the port 4001 ENV: development mode...
[Node] [INFO] - 2022-12-06T11:59:15.300Z [App] [bootstrap] Database connected 🔥 on development mode...
[Node] [INFO] - 2022-12-06T11:59:15.305Z [App] [listen] 🚀 App listening on the port 4001 ENV: development mode...
[Node] [INFO] - 2022-12-06T11:59:20.377Z [App] [bootstrap] Database connected 🔥 on development mode...
[Node] [INFO] - 2022-12-06T11:59:20.381Z [App] [listen] 🚀 App listening on the port 4001 ENV: development mode...
[Node] [INFO] - 2022-12-06T11:59:42.531Z [App] [bootstrap] Database connected 🔥 on development mode...
[Node] [INFO] - 2022-12-06T11:59:42.536Z [App] [listen] 🚀 App listening on the port 4001 ENV: development mode...
[Node] [INFO] - 2022-12-06T12:00:08.734Z [App] [bootstrap] Database connected 🔥 on development mode...
[Node] [INFO] - 2022-12-06T12:00:08.738Z [App] [listen] 🚀 App listening on the port 4001 ENV: development mode...
[Node] [INFO] - 2022-12-06T12:00:15.644Z [App] [bootstrap] Database connected 🔥 on development mode...
[Node] [INFO] - 2022-12-06T12:00:15.649Z [App] [listen] 🚀 App listening on the port 4001 ENV: development mode...
[Node] [INFO] - 2022-12-06T12:00:29.857Z [App] [bootstrap] Database connected 🔥 on development mode...
[Node] [INFO] - 2022-12-06T12:00:29.861Z [App] [listen] 🚀 App listening on the port 4001 ENV: development mode...
[Node] [INFO] - 2022-12-06T12:00:35.401Z [App] [bootstrap] Database connected 🔥 on development mode...
[Node] [INFO] - 2022-12-06T12:00:35.405Z [App] [listen] 🚀 App listening on the port 4001 ENV: development mode...
[Node] [INFO] - 2022-12-06T12:00:47.386Z [App] [bootstrap] Database connected 🔥 on development mode...
[Node] [INFO] - 2022-12-06T12:00:47.390Z [App] [listen] 🚀 App listening on the port 4001 ENV: development mode...
[Node] [INFO] - 2022-12-06T12:32:19.910Z [App] [bootstrap] Database connected 🔥 on development mode...
[Node] [INFO] - 2022-12-06T12:32:19.914Z [App] [listen] 🚀 App listening on the port 4001 ENV: development mode...
[Node] [INFO] - 2022-12-06T12:32:27.295Z [App] [bootstrap] Database connected 🔥 on development mode...
[Node] [INFO] - 2022-12-06T12:32:27.299Z [App] [listen] 🚀 App listening on the port 4001 ENV: development mode...
[Node] [INFO] - 2022-12-06T12:32:46.051Z [App] [bootstrap] Database connected 🔥 on development mode...
[Node] [INFO] - 2022-12-06T12:32:46.055Z [App] [listen] 🚀 App listening on the port 4001 ENV: development mode...
[Node] [INFO] - 2022-12-06T12:32:52.419Z [App] [bootstrap] Database connected 🔥 on development mode...
[Node] [INFO] - 2022-12-06T12:32:52.423Z [App] [listen] 🚀 App listening on the port 4001 ENV: development mode...
[Node] [INFO] - 2022-12-06T12:32:58.746Z [App] [bootstrap] Database connected 🔥 on development mode...
[Node] [INFO] - 2022-12-06T12:32:58.750Z [App] [listen] 🚀 App listening on the port 4001 ENV: development mode...
[Node] [INFO] - 2022-12-06T12:33:04.581Z [App] [bootstrap] Database connected 🔥 on development mode...
[Node] [INFO] - 2022-12-06T12:33:04.585Z [App] [listen] 🚀 App listening on the port 4001 ENV: development mode...
[Node] [INFO] - 2022-12-06T12:33:27.934Z [App] [bootstrap] Database connected 🔥 on development mode...
[Node] [INFO] - 2022-12-06T12:33:27.938Z [App] [listen] 🚀 App listening on the port 4001 ENV: development mode...
[Node] [INFO] - 2022-12-06T12:33:36.729Z [App] [bootstrap] Database connected 🔥 on development mode...
[Node] [INFO] - 2022-12-06T12:33:36.733Z [App] [listen] 🚀 App listening on the port 4001 ENV: development mode...
[Node] [INFO] - 2022-12-06T12:33:55.309Z [App] [bootstrap] Database connected 🔥 on development mode...
[Node] [INFO] - 2022-12-06T12:33:55.313Z [App] [listen] 🚀 App listening on the port 4001 ENV: development mode...
[Node] [INFO] - 2022-12-06T12:34:02.655Z [App] [bootstrap] Database connected 🔥 on development mode...
[Node] [INFO] - 2022-12-06T12:34:02.659Z [App] [listen] 🚀 App listening on the port 4001 ENV: development mode...
[Node] [INFO] - 2022-12-06T12:34:16.680Z [App] [bootstrap] Database connected 🔥 on development mode...
[Node] [INFO] - 2022-12-06T12:34:16.683Z [App] [listen] 🚀 App listening on the port 4001 ENV: development mode...
[Node] [INFO] - 2022-12-06T12:34:45.040Z [App] [bootstrap] Database connected 🔥 on development mode...
[Node] [INFO] - 2022-12-06T12:34:45.044Z [App] [listen] 🚀 App listening on the port 4001 ENV: development mode...
[Node] [INFO] - 2022-12-06T12:34:58.249Z [App] [bootstrap] Database connected 🔥 on development mode...
[Node] [INFO] - 2022-12-06T12:34:58.255Z [App] [listen] 🚀 App listening on the port 4001 ENV: development mode...
[Node] [INFO] - 2022-12-06T12:35:17.820Z [App] [bootstrap] Database connected 🔥 on development mode...
[Node] [INFO] - 2022-12-06T12:35:17.826Z [App] [listen] 🚀 App listening on the port 4001 ENV: development mode...
[Node] [INFO] - 2022-12-06T12:35:25.215Z [App] [bootstrap] Database connected 🔥 on development mode...
[Node] [INFO] - 2022-12-06T12:35:25.218Z [App] [listen] 🚀 App listening on the port 4001 ENV: development mode...
[Node] [INFO] - 2022-12-06T12:35:31.128Z [App] [bootstrap] Database connected 🔥 on development mode...
[Node] [INFO] - 2022-12-06T12:35:31.132Z [App] [listen] 🚀 App listening on the port 4001 ENV: development mode...
[Node] [INFO] - 2022-12-06T12:36:07.963Z [App] [bootstrap] Database connected 🔥 on development mode...
[Node] [INFO] - 2022-12-06T12:36:07.967Z [App] [listen] 🚀 App listening on the port 4001 ENV: development mode...
[Node] [INFO] - 2022-12-06T12:36:30.150Z [App] [bootstrap] Database connected 🔥 on development mode...
[Node] [INFO] - 2022-12-06T12:36:30.154Z [App] [listen] 🚀 App listening on the port 4001 ENV: development mode...
[Node] [INFO] - 2022-12-06T12:36:38.831Z [App] [bootstrap] Database connected 🔥 on development mode...
[Node] [INFO] - 2022-12-06T12:36:38.836Z [App] [listen] 🚀 App listening on the port 4001 ENV: development mode...
[Node] [ERROR] - 2022-12-06T12:36:52.993Z404 - /api/v1/getRoles [GET] - Can't find /api/v1/getRoles on this server! 
[Node] [INFO] - 2022-12-06T12:37:28.113Z [App] [bootstrap] Database connected 🔥 on development mode...
[Node] [INFO] - 2022-12-06T12:37:28.117Z [App] [listen] 🚀 App listening on the port 4001 ENV: development mode...
[Node] [INFO] - 2022-12-06T12:38:11.329Z [App] [bootstrap] Database connected 🔥 on development mode...
[Node] [INFO] - 2022-12-06T12:38:11.333Z [App] [listen] 🚀 App listening on the port 4001 ENV: development mode...
[Node] [INFO] - 2022-12-06T13:01:54.831Z [App] [bootstrap] Database connected 🔥 on development mode...
[Node] [INFO] - 2022-12-06T13:01:54.835Z [App] [listen] 🚀 App listening on the port 4001 ENV: development mode...
[Node] [INFO] - 2022-12-06T13:03:10.955Z [App] [bootstrap] Database connected 🔥 on development mode...
[Node] [INFO] - 2022-12-06T13:03:10.959Z [App] [listen] 🚀 App listening on the port 4001 ENV: development mode...
[Node] [INFO] - 2022-12-06T13:03:37.183Z [App] [bootstrap] Database connected 🔥 on development mode...
[Node] [INFO] - 2022-12-06T13:03:37.187Z [App] [listen] 🚀 App listening on the port 4001 ENV: development mode...
[Node] [INFO] - 2022-12-06T13:04:05.245Z [App] [bootstrap] Database connected 🔥 on development mode...
[Node] [INFO] - 2022-12-06T13:04:05.249Z [App] [listen] 🚀 App listening on the port 4001 ENV: development mode...
[Node] [INFO] - 2022-12-06T13:04:16.400Z [App] [bootstrap] Database connected 🔥 on development mode...
[Node] [INFO] - 2022-12-06T13:04:16.404Z [App] [listen] 🚀 App listening on the port 4001 ENV: development mode...
[Node] [INFO] - 2022-12-06T13:06:49.100Z [App] [bootstrap] Database connected 🔥 on development mode...
[Node] [INFO] - 2022-12-06T13:06:49.104Z [App] [listen] 🚀 App listening on the port 4001 ENV: development mode...
[Node] [INFO] - 2022-12-06T13:08:17.050Z [App] [bootstrap] Database connected 🔥 on development mode...
[Node] [INFO] - 2022-12-06T13:08:17.055Z [App] [listen] 🚀 App listening on the port 4001 ENV: development mode...
[Node] [INFO] - 2022-12-06T13:08:27.048Z [App] [bootstrap] Database connected 🔥 on development mode...
[Node] [INFO] - 2022-12-06T13:08:27.053Z [App] [listen] 🚀 App listening on the port 4001 ENV: development mode...
[Node] [INFO] - 2022-12-06T13:08:52.059Z [App] [bootstrap] Database connected 🔥 on development mode...
[Node] [INFO] - 2022-12-06T13:08:52.063Z [App] [listen] 🚀 App listening on the port 4001 ENV: development mode...
[Node] [INFO] - 2022-12-06T13:14:43.916Z [App] [bootstrap] Database connected 🔥 on development mode...
[Node] [INFO] - 2022-12-06T13:14:43.920Z [App] [listen] 🚀 App listening on the port 4001 ENV: development mode...
[Node] [INFO] - 2022-12-06T13:14:59.523Z [App] [bootstrap] Database connected 🔥 on development mode...
[Node] [INFO] - 2022-12-06T13:14:59.527Z [App] [listen] 🚀 App listening on the port 4001 ENV: development mode...
[Node] [INFO] - 2022-12-06T13:30:27.722Z [App] [bootstrap] Database connected 🔥 on development mode...
[Node] [INFO] - 2022-12-06T13:30:27.731Z [App] [listen] 🚀 App listening on the port 4001 ENV: development mode...
[Node] [INFO] - 2022-12-06T13:30:52.258Z [App] [bootstrap] Database connected 🔥 on development mode...
[Node] [INFO] - 2022-12-06T13:30:52.262Z [App] [listen] 🚀 App listening on the port 4001 ENV: development mode...
[Node] [INFO] - 2022-12-06T13:31:39.442Z [App] [bootstrap] Database connected 🔥 on development mode...
[Node] [INFO] - 2022-12-06T13:31:39.446Z [App] [listen] 🚀 App listening on the port 4001 ENV: development mode...
[Node] [INFO] - 2022-12-06T13:31:44.892Z [App] [bootstrap] Database connected 🔥 on development mode...
[Node] [INFO] - 2022-12-06T13:31:44.895Z [App] [listen] 🚀 App listening on the port 4001 ENV: development mode...
[Node] [INFO] - 2022-12-06T13:32:15.918Z [App] [bootstrap] Database connected 🔥 on development mode...
[Node] [INFO] - 2022-12-06T13:32:15.922Z [App] [listen] 🚀 App listening on the port 4001 ENV: development mode...
[Node] [INFO] - 2022-12-06T13:32:38.032Z [App] [bootstrap] Database connected 🔥 on development mode...
[Node] [INFO] - 2022-12-06T13:32:38.036Z [App] [listen] 🚀 App listening on the port 4001 ENV: development mode...
[Node] [INFO] - 2022-12-06T13:36:09.685Z [App] [bootstrap] Database connected 🔥 on development mode...
[Node] [INFO] - 2022-12-06T13:36:09.689Z [App] [listen] 🚀 App listening on the port 4001 ENV: development mode...
[Node] [INFO] - 2022-12-06T13:36:17.591Z [App] [bootstrap] Database connected 🔥 on development mode...
[Node] [INFO] - 2022-12-06T13:36:17.596Z [App] [listen] 🚀 App listening on the port 4001 ENV: development mode...
[Node] [INFO] - 2022-12-06T13:48:27.479Z [App] [bootstrap] Database connected 🔥 on development mode...
[Node] [INFO] - 2022-12-06T13:48:27.483Z [App] [listen] 🚀 App listening on the port 4001 ENV: development mode...
[Node] [INFO] - 2022-12-06T13:48:44.985Z [App] [bootstrap] Database connected 🔥 on development mode...
[Node] [INFO] - 2022-12-06T13:48:44.989Z [App] [listen] 🚀 App listening on the port 4001 ENV: development mode...
[Node] [INFO] - 2022-12-06T13:52:18.636Z [App] [bootstrap] Database connected 🔥 on development mode...
[Node] [INFO] - 2022-12-06T13:52:18.639Z [App] [listen] 🚀 App listening on the port 4001 ENV: development mode...
[Node] [INFO] - 2022-12-06T13:53:38.667Z [App] [bootstrap] Database connected 🔥 on development mode...
[Node] [INFO] - 2022-12-06T13:53:38.671Z [App] [listen] 🚀 App listening on the port 4001 ENV: development mode...
[Node] [INFO] - 2022-12-06T13:53:49.924Z [App] [bootstrap] Database connected 🔥 on development mode...
[Node] [INFO] - 2022-12-06T13:53:49.928Z [App] [listen] 🚀 App listening on the port 4001 ENV: development mode...
[Node] [INFO] - 2022-12-06T13:54:20.998Z [App] [bootstrap] Database connected 🔥 on development mode...
[Node] [INFO] - 2022-12-06T13:54:21.002Z [App] [listen] 🚀 App listening on the port 4001 ENV: development mode...
[Node] [INFO] - 2022-12-06T14:00:18.765Z [App] [bootstrap] Database connected 🔥 on development mode...
[Node] [INFO] - 2022-12-06T14:00:18.769Z [App] [listen] 🚀 App listening on the port 4001 ENV: development mode...
[Node] [INFO] - 2022-12-06T14:00:23.271Z [App] [bootstrap] Database connected 🔥 on development mode...
[Node] [INFO] - 2022-12-06T14:00:23.275Z [App] [listen] 🚀 App listening on the port 4001 ENV: development mode...
