[Node] [INFO] - 2022-12-12T05:33:31.323Z [App] [bootstrap] Database connected 🔥 on development mode...
[Node] [INFO] - 2022-12-12T05:33:31.330Z [App] [listen] 🚀 App listening on the port 4001 ENV: development mode...
[Node] [ERROR] - 2022-12-12T05:38:31.703Z404 - /api/v1/get/profile [POST] - Can't find /api/v1/get/profile on this server! 
[Node] [ERROR] - 2022-12-12T05:39:03.341Z404 - /api/v1/profile/get/profile [POST] - Can't find /api/v1/profile/get/profile on this server! 
[Node] [ERROR] - 2022-12-12T05:39:41.206Z404 - /api/v1/profile/getAll [POST] - Can't find /api/v1/profile/getAll on this server! 
[Node] [INFO] - 2022-12-12T05:42:14.559Z [App] [bootstrap] Database connected 🔥 on development mode...
[Node] [INFO] - 2022-12-12T05:42:14.562Z [App] [listen] 🚀 App listening on the port 4001 ENV: development mode...
[Node] [INFO] - 2022-12-12T05:56:00.728Z [App] [bootstrap] Database connected 🔥 on development mode...
[Node] [INFO] - 2022-12-12T05:56:00.731Z [App] [listen] 🚀 App listening on the port 4001 ENV: development mode...
[Node] [INFO] - 2022-12-12T06:10:00.644Z [App] [bootstrap] Database connected 🔥 on development mode...
[Node] [INFO] - 2022-12-12T06:10:00.647Z [App] [listen] 🚀 App listening on the port 4001 ENV: development mode...
[Node] [INFO] - 2022-12-12T06:10:30.778Z [App] [bootstrap] Database connected 🔥 on development mode...
[Node] [INFO] - 2022-12-12T06:10:30.783Z [App] [listen] 🚀 App listening on the port 4001 ENV: development mode...
[Node] [INFO] - 2022-12-12T06:11:20.529Z [App] [bootstrap] Database connected 🔥 on development mode...
[Node] [INFO] - 2022-12-12T06:11:20.532Z [App] [listen] 🚀 App listening on the port 4001 ENV: development mode...
[Node] [ERROR] - 2022-12-12T06:12:43.529Z401 - /api/v1/department/getAll [GET] - You are not logged in! Please log in to get access. 
[Node] [INFO] - 2022-12-12T06:16:12.004Z [App] [bootstrap] Database connected 🔥 on development mode...
[Node] [INFO] - 2022-12-12T06:16:12.008Z [App] [listen] 🚀 App listening on the port 4001 ENV: development mode...
[Node] [ERROR] - 2022-12-12T06:16:17.875Z401 - /api/v1/department/getAll [GET] - You are not logged in! Please log in to get access. 
[Node] [INFO] - 2022-12-12T06:18:23.297Z [App] [bootstrap] Database connected 🔥 on development mode...
[Node] [INFO] - 2022-12-12T06:18:23.301Z [App] [listen] 🚀 App listening on the port 4001 ENV: development mode...
[Node] [INFO] - 2022-12-12T07:01:56.568Z [App] [bootstrap] Database connected 🔥 on development mode...
[Node] [INFO] - 2022-12-12T07:01:56.572Z [App] [listen] 🚀 App listening on the port 4001 ENV: development mode...
[Node] [INFO] - 2022-12-12T07:02:17.543Z [App] [bootstrap] Database connected 🔥 on development mode...
[Node] [INFO] - 2022-12-12T07:02:17.547Z [App] [listen] 🚀 App listening on the port 4001 ENV: development mode...
[Node] [INFO] - 2022-12-12T07:02:35.440Z [App] [bootstrap] Database connected 🔥 on development mode...
[Node] [INFO] - 2022-12-12T07:02:35.450Z [App] [listen] 🚀 App listening on the port 4001 ENV: development mode...
[Node] [INFO] - 2022-12-12T07:02:58.878Z [App] [bootstrap] Database connected 🔥 on development mode...
[Node] [INFO] - 2022-12-12T07:02:58.883Z [App] [listen] 🚀 App listening on the port 4001 ENV: development mode...
[Node] [INFO] - 2022-12-12T07:03:28.869Z [App] [bootstrap] Database connected 🔥 on development mode...
[Node] [INFO] - 2022-12-12T07:03:28.873Z [App] [listen] 🚀 App listening on the port 4001 ENV: development mode...
[Node] [INFO] - 2022-12-12T07:04:41.435Z [App] [bootstrap] Database connected 🔥 on development mode...
[Node] [INFO] - 2022-12-12T07:04:41.439Z [App] [listen] 🚀 App listening on the port 4001 ENV: development mode...
[Node] [INFO] - 2022-12-12T07:04:49.206Z [App] [bootstrap] Database connected 🔥 on development mode...
[Node] [INFO] - 2022-12-12T07:04:49.214Z [App] [listen] 🚀 App listening on the port 4001 ENV: development mode...
[Node] [INFO] - 2022-12-12T07:05:12.240Z [App] [bootstrap] Database connected 🔥 on development mode...
[Node] [INFO] - 2022-12-12T07:05:12.244Z [App] [listen] 🚀 App listening on the port 4001 ENV: development mode...
[Node] [INFO] - 2022-12-12T07:05:20.036Z [App] [bootstrap] Database connected 🔥 on development mode...
[Node] [INFO] - 2022-12-12T07:05:20.040Z [App] [listen] 🚀 App listening on the port 4001 ENV: development mode...
[Node] [INFO] - 2022-12-12T07:05:28.600Z [App] [bootstrap] Database connected 🔥 on development mode...
[Node] [INFO] - 2022-12-12T07:05:28.603Z [App] [listen] 🚀 App listening on the port 4001 ENV: development mode...
[Node] [INFO] - 2022-12-12T07:08:50.256Z [App] [bootstrap] Database connected 🔥 on development mode...
[Node] [INFO] - 2022-12-12T07:08:50.261Z [App] [listen] 🚀 App listening on the port 4001 ENV: development mode...
[Node] [INFO] - 2022-12-12T07:08:59.001Z [App] [bootstrap] Database connected 🔥 on development mode...
[Node] [INFO] - 2022-12-12T07:08:59.005Z [App] [listen] 🚀 App listening on the port 4001 ENV: development mode...
[Node] [INFO] - 2022-12-12T07:09:16.269Z [App] [bootstrap] Database connected 🔥 on development mode...
[Node] [INFO] - 2022-12-12T07:09:16.273Z [App] [listen] 🚀 App listening on the port 4001 ENV: development mode...
[Node] [INFO] - 2022-12-12T07:09:27.357Z [App] [bootstrap] Database connected 🔥 on development mode...
[Node] [INFO] - 2022-12-12T07:09:27.361Z [App] [listen] 🚀 App listening on the port 4001 ENV: development mode...
[Node] [INFO] - 2022-12-12T07:10:40.735Z [App] [bootstrap] Database connected 🔥 on development mode...
[Node] [INFO] - 2022-12-12T07:10:40.738Z [App] [listen] 🚀 App listening on the port 4001 ENV: development mode...
[Node] [INFO] - 2022-12-12T07:11:01.487Z [App] [bootstrap] Database connected 🔥 on development mode...
[Node] [INFO] - 2022-12-12T07:11:01.492Z [App] [listen] 🚀 App listening on the port 4001 ENV: development mode...
[Node] [INFO] - 2022-12-12T07:11:19.552Z [App] [bootstrap] Database connected 🔥 on development mode...
[Node] [INFO] - 2022-12-12T07:11:19.556Z [App] [listen] 🚀 App listening on the port 4001 ENV: development mode...
[Node] [INFO] - 2022-12-12T07:17:46.971Z [App] [bootstrap] Database connected 🔥 on development mode...
[Node] [INFO] - 2022-12-12T07:17:46.975Z [App] [listen] 🚀 App listening on the port 4001 ENV: development mode...
[Node] [INFO] - 2022-12-12T07:17:55.035Z [App] [bootstrap] Database connected 🔥 on development mode...
[Node] [INFO] - 2022-12-12T07:17:55.039Z [App] [listen] 🚀 App listening on the port 4001 ENV: development mode...
[Node] [INFO] - 2022-12-12T07:18:06.673Z [App] [bootstrap] Database connected 🔥 on development mode...
[Node] [INFO] - 2022-12-12T07:18:06.676Z [App] [listen] 🚀 App listening on the port 4001 ENV: development mode...
[Node] [INFO] - 2022-12-12T07:18:14.337Z [App] [bootstrap] Database connected 🔥 on development mode...
[Node] [INFO] - 2022-12-12T07:18:14.341Z [App] [listen] 🚀 App listening on the port 4001 ENV: development mode...
[Node] [INFO] - 2022-12-12T07:18:38.238Z [App] [bootstrap] Database connected 🔥 on development mode...
[Node] [INFO] - 2022-12-12T07:18:38.243Z [App] [listen] 🚀 App listening on the port 4001 ENV: development mode...
[Node] [INFO] - 2022-12-12T07:18:55.653Z [App] [bootstrap] Database connected 🔥 on development mode...
[Node] [INFO] - 2022-12-12T07:18:55.657Z [App] [listen] 🚀 App listening on the port 4001 ENV: development mode...
[Node] [INFO] - 2022-12-12T07:19:14.594Z [App] [bootstrap] Database connected 🔥 on development mode...
[Node] [INFO] - 2022-12-12T07:19:14.598Z [App] [listen] 🚀 App listening on the port 4001 ENV: development mode...
[Node] [INFO] - 2022-12-12T07:19:20.176Z [App] [bootstrap] Database connected 🔥 on development mode...
[Node] [INFO] - 2022-12-12T07:19:20.180Z [App] [listen] 🚀 App listening on the port 4001 ENV: development mode...
[Node] [INFO] - 2022-12-12T07:19:42.914Z [App] [bootstrap] Database connected 🔥 on development mode...
[Node] [INFO] - 2022-12-12T07:19:42.918Z [App] [listen] 🚀 App listening on the port 4001 ENV: development mode...
[Node] [INFO] - 2022-12-12T07:20:05.602Z [App] [bootstrap] Database connected 🔥 on development mode...
[Node] [INFO] - 2022-12-12T07:20:05.606Z [App] [listen] 🚀 App listening on the port 4001 ENV: development mode...
[Node] [INFO] - 2022-12-12T07:21:01.828Z [App] [bootstrap] Database connected 🔥 on development mode...
[Node] [INFO] - 2022-12-12T07:21:01.831Z [App] [listen] 🚀 App listening on the port 4001 ENV: development mode...
[Node] [INFO] - 2022-12-12T07:21:25.834Z [App] [bootstrap] Database connected 🔥 on development mode...
[Node] [INFO] - 2022-12-12T07:21:25.837Z [App] [listen] 🚀 App listening on the port 4001 ENV: development mode...
[Node] [INFO] - 2022-12-12T07:21:42.138Z [App] [bootstrap] Database connected 🔥 on development mode...
[Node] [INFO] - 2022-12-12T07:21:42.142Z [App] [listen] 🚀 App listening on the port 4001 ENV: development mode...
[Node] [INFO] - 2022-12-12T07:21:54.560Z [App] [bootstrap] Database connected 🔥 on development mode...
[Node] [INFO] - 2022-12-12T07:21:54.564Z [App] [listen] 🚀 App listening on the port 4001 ENV: development mode...
[Node] [INFO] - 2022-12-12T07:22:07.770Z [App] [bootstrap] Database connected 🔥 on development mode...
[Node] [INFO] - 2022-12-12T07:22:07.774Z [App] [listen] 🚀 App listening on the port 4001 ENV: development mode...
[Node] [INFO] - 2022-12-12T07:22:25.156Z [App] [bootstrap] Database connected 🔥 on development mode...
[Node] [INFO] - 2022-12-12T07:22:25.160Z [App] [listen] 🚀 App listening on the port 4001 ENV: development mode...
[Node] [INFO] - 2022-12-12T07:28:40.262Z [App] [bootstrap] Database connected 🔥 on development mode...
[Node] [INFO] - 2022-12-12T07:28:40.266Z [App] [listen] 🚀 App listening on the port 4001 ENV: development mode...
[Node] [INFO] - 2022-12-12T07:34:56.564Z [App] [bootstrap] Database connected 🔥 on development mode...
[Node] [INFO] - 2022-12-12T07:34:56.567Z [App] [listen] 🚀 App listening on the port 4001 ENV: development mode...
[Node] [INFO] - 2022-12-12T07:38:53.617Z [App] [bootstrap] Database connected 🔥 on development mode...
[Node] [INFO] - 2022-12-12T07:38:53.622Z [App] [listen] 🚀 App listening on the port 4001 ENV: development mode...
[Node] [INFO] - 2022-12-12T07:39:51.612Z [App] [bootstrap] Database connected 🔥 on development mode...
[Node] [INFO] - 2022-12-12T07:39:51.616Z [App] [listen] 🚀 App listening on the port 4001 ENV: development mode...
[Node] [INFO] - 2022-12-12T07:40:08.057Z [App] [bootstrap] Database connected 🔥 on development mode...
[Node] [INFO] - 2022-12-12T07:40:08.061Z [App] [listen] 🚀 App listening on the port 4001 ENV: development mode...
[Node] [INFO] - 2022-12-12T07:40:16.847Z [App] [bootstrap] Database connected 🔥 on development mode...
[Node] [INFO] - 2022-12-12T07:40:16.856Z [App] [listen] 🚀 App listening on the port 4001 ENV: development mode...
[Node] [INFO] - 2022-12-12T07:41:32.046Z [App] [bootstrap] Database connected 🔥 on development mode...
[Node] [INFO] - 2022-12-12T07:41:32.050Z [App] [listen] 🚀 App listening on the port 4001 ENV: development mode...
[Node] [INFO] - 2022-12-12T07:41:38.916Z [App] [bootstrap] Database connected 🔥 on development mode...
[Node] [INFO] - 2022-12-12T07:42:07.624Z [App] [bootstrap] Database connected 🔥 on development mode...
[Node] [INFO] - 2022-12-12T07:42:07.628Z [App] [listen] 🚀 App listening on the port 4001 ENV: development mode...
[Node] [ERROR] - 2022-12-12T07:42:43.576ZUNCAUGHT REJECTION! TypeError: Cannot read properties of undefined (reading 'originalname')
[Node] [INFO] - 2022-12-12T07:43:21.976Z [App] [bootstrap] Database connected 🔥 on development mode...
[Node] [INFO] - 2022-12-12T07:43:21.980Z [App] [listen] 🚀 App listening on the port 4001 ENV: development mode...
[Node] [INFO] - 2022-12-12T07:43:32.770Z [App] [bootstrap] Database connected 🔥 on development mode...
[Node] [INFO] - 2022-12-12T07:43:32.774Z [App] [listen] 🚀 App listening on the port 4001 ENV: development mode...
[Node] [ERROR] - 2022-12-12T07:43:34.537ZUNCAUGHT REJECTION! TypeError: Cannot read properties of undefined (reading 'originalname')
[Node] [INFO] - 2022-12-12T07:45:13.251Z [App] [bootstrap] Database connected 🔥 on development mode...
[Node] [INFO] - 2022-12-12T07:45:13.255Z [App] [listen] 🚀 App listening on the port 4001 ENV: development mode...
[Node] [INFO] - 2022-12-12T07:45:33.870Z [App] [bootstrap] Database connected 🔥 on development mode...
[Node] [INFO] - 2022-12-12T07:45:33.874Z [App] [listen] 🚀 App listening on the port 4001 ENV: development mode...
[Node] [INFO] - 2022-12-12T07:46:30.132Z [App] [bootstrap] Database connected 🔥 on development mode...
[Node] [INFO] - 2022-12-12T07:46:30.136Z [App] [listen] 🚀 App listening on the port 4001 ENV: development mode...
[Node] [ERROR] - 2022-12-12T07:46:35.217ZUNCAUGHT REJECTION! TypeError: Cannot read properties of undefined (reading 'originalname')
[Node] [INFO] - 2022-12-12T07:55:42.009Z [App] [bootstrap] Database connected 🔥 on development mode...
[Node] [INFO] - 2022-12-12T07:55:42.013Z [App] [listen] 🚀 App listening on the port 4001 ENV: development mode...
[Node] [INFO] - 2022-12-12T07:56:35.767Z [App] [bootstrap] Database connected 🔥 on development mode...
[Node] [INFO] - 2022-12-12T07:56:35.771Z [App] [listen] 🚀 App listening on the port 4001 ENV: development mode...
[Node] [INFO] - 2022-12-12T07:57:11.372Z [App] [bootstrap] Database connected 🔥 on development mode...
[Node] [INFO] - 2022-12-12T07:57:11.375Z [App] [listen] 🚀 App listening on the port 4001 ENV: development mode...
[Node] [INFO] - 2022-12-12T07:57:18.615Z [App] [bootstrap] Database connected 🔥 on development mode...
[Node] [INFO] - 2022-12-12T07:57:18.619Z [App] [listen] 🚀 App listening on the port 4001 ENV: development mode...
[Node] [INFO] - 2022-12-12T07:57:36.573Z [App] [bootstrap] Database connected 🔥 on development mode...
[Node] [INFO] - 2022-12-12T07:57:36.577Z [App] [listen] 🚀 App listening on the port 4001 ENV: development mode...
[Node] [INFO] - 2022-12-12T07:58:58.285Z [App] [bootstrap] Database connected 🔥 on development mode...
[Node] [INFO] - 2022-12-12T07:58:58.288Z [App] [listen] 🚀 App listening on the port 4001 ENV: development mode...
[Node] [INFO] - 2022-12-12T07:59:25.981Z [App] [bootstrap] Database connected 🔥 on development mode...
[Node] [INFO] - 2022-12-12T07:59:25.985Z [App] [listen] 🚀 App listening on the port 4001 ENV: development mode...
[Node] [INFO] - 2022-12-12T07:59:38.293Z [App] [bootstrap] Database connected 🔥 on development mode...
[Node] [INFO] - 2022-12-12T07:59:38.297Z [App] [listen] 🚀 App listening on the port 4001 ENV: development mode...
[Node] [INFO] - 2022-12-12T08:00:17.722Z [App] [bootstrap] Database connected 🔥 on development mode...
[Node] [INFO] - 2022-12-12T08:00:17.730Z [App] [listen] 🚀 App listening on the port 4001 ENV: development mode...
[Node] [INFO] - 2022-12-12T08:00:36.897Z [App] [bootstrap] Database connected 🔥 on development mode...
[Node] [INFO] - 2022-12-12T08:00:36.900Z [App] [listen] 🚀 App listening on the port 4001 ENV: development mode...
[Node] [INFO] - 2022-12-12T08:00:52.794Z [App] [bootstrap] Database connected 🔥 on development mode...
[Node] [INFO] - 2022-12-12T08:00:52.798Z [App] [listen] 🚀 App listening on the port 4001 ENV: development mode...
[Node] [INFO] - 2022-12-12T08:01:28.430Z [App] [bootstrap] Database connected 🔥 on development mode...
[Node] [INFO] - 2022-12-12T08:01:28.434Z [App] [listen] 🚀 App listening on the port 4001 ENV: development mode...
[Node] [INFO] - 2022-12-12T08:03:24.432Z [App] [bootstrap] Database connected 🔥 on development mode...
[Node] [INFO] - 2022-12-12T08:03:24.436Z [App] [listen] 🚀 App listening on the port 4001 ENV: development mode...
[Node] [INFO] - 2022-12-12T08:03:53.759Z [App] [bootstrap] Database connected 🔥 on development mode...
[Node] [INFO] - 2022-12-12T08:03:53.763Z [App] [listen] 🚀 App listening on the port 4001 ENV: development mode...
[Node] [INFO] - 2022-12-12T08:04:44.847Z [App] [bootstrap] Database connected 🔥 on development mode...
[Node] [INFO] - 2022-12-12T08:04:44.851Z [App] [listen] 🚀 App listening on the port 4001 ENV: development mode...
[Node] [INFO] - 2022-12-12T08:04:57.375Z [App] [bootstrap] Database connected 🔥 on development mode...
[Node] [INFO] - 2022-12-12T08:04:57.379Z [App] [listen] 🚀 App listening on the port 4001 ENV: development mode...
[Node] [INFO] - 2022-12-12T08:05:24.688Z [App] [bootstrap] Database connected 🔥 on development mode...
[Node] [INFO] - 2022-12-12T08:05:24.692Z [App] [listen] 🚀 App listening on the port 4001 ENV: development mode...
[Node] [INFO] - 2022-12-12T08:06:06.302Z [App] [bootstrap] Database connected 🔥 on development mode...
[Node] [INFO] - 2022-12-12T08:06:06.306Z [App] [listen] 🚀 App listening on the port 4001 ENV: development mode...
[Node] [INFO] - 2022-12-12T08:06:36.925Z [App] [bootstrap] Database connected 🔥 on development mode...
[Node] [INFO] - 2022-12-12T08:06:36.929Z [App] [listen] 🚀 App listening on the port 4001 ENV: development mode...
[Node] [INFO] - 2022-12-12T08:12:36.105Z [App] [bootstrap] Database connected 🔥 on development mode...
[Node] [INFO] - 2022-12-12T08:12:36.109Z [App] [listen] 🚀 App listening on the port 4001 ENV: development mode...
[Node] [INFO] - 2022-12-12T09:18:32.420Z [App] [bootstrap] Database connected 🔥 on development mode...
[Node] [INFO] - 2022-12-12T09:18:32.423Z [App] [listen] 🚀 App listening on the port 4001 ENV: development mode...
[Node] [INFO] - 2022-12-12T09:18:56.228Z [App] [bootstrap] Database connected 🔥 on development mode...
[Node] [INFO] - 2022-12-12T09:18:56.232Z [App] [listen] 🚀 App listening on the port 4001 ENV: development mode...
[Node] [INFO] - 2022-12-12T09:19:09.620Z [App] [bootstrap] Database connected 🔥 on development mode...
[Node] [INFO] - 2022-12-12T09:19:09.624Z [App] [listen] 🚀 App listening on the port 4001 ENV: development mode...
[Node] [INFO] - 2022-12-12T09:19:17.626Z [App] [bootstrap] Database connected 🔥 on development mode...
[Node] [INFO] - 2022-12-12T09:19:17.629Z [App] [listen] 🚀 App listening on the port 4001 ENV: development mode...
[Node] [INFO] - 2022-12-12T09:19:46.934Z [App] [bootstrap] Database connected 🔥 on development mode...
[Node] [INFO] - 2022-12-12T09:19:46.941Z [App] [listen] 🚀 App listening on the port 4001 ENV: development mode...
[Node] [INFO] - 2022-12-12T09:23:10.865Z [App] [bootstrap] Database connected 🔥 on development mode...
[Node] [INFO] - 2022-12-12T09:23:10.869Z [App] [listen] 🚀 App listening on the port 4001 ENV: development mode...
[Node] [INFO] - 2022-12-12T09:24:20.684Z [App] [bootstrap] Database connected 🔥 on development mode...
[Node] [INFO] - 2022-12-12T09:24:20.688Z [App] [listen] 🚀 App listening on the port 4001 ENV: development mode...
[Node] [INFO] - 2022-12-12T09:24:50.901Z [App] [bootstrap] Database connected 🔥 on development mode...
[Node] [INFO] - 2022-12-12T09:24:50.904Z [App] [listen] 🚀 App listening on the port 4001 ENV: development mode...
[Node] [INFO] - 2022-12-12T09:25:00.960Z [App] [bootstrap] Database connected 🔥 on development mode...
[Node] [INFO] - 2022-12-12T09:25:00.963Z [App] [listen] 🚀 App listening on the port 4001 ENV: development mode...
[Node] [INFO] - 2022-12-12T09:25:18.208Z [App] [bootstrap] Database connected 🔥 on development mode...
[Node] [INFO] - 2022-12-12T09:25:18.212Z [App] [listen] 🚀 App listening on the port 4001 ENV: development mode...
[Node] [INFO] - 2022-12-12T09:25:24.937Z [App] [bootstrap] Database connected 🔥 on development mode...
[Node] [INFO] - 2022-12-12T09:25:24.941Z [App] [listen] 🚀 App listening on the port 4001 ENV: development mode...
[Node] [INFO] - 2022-12-12T09:25:54.108Z [App] [bootstrap] Database connected 🔥 on development mode...
[Node] [INFO] - 2022-12-12T09:25:54.112Z [App] [listen] 🚀 App listening on the port 4001 ENV: development mode...
[Node] [INFO] - 2022-12-12T09:26:11.461Z [App] [bootstrap] Database connected 🔥 on development mode...
[Node] [INFO] - 2022-12-12T09:26:11.465Z [App] [listen] 🚀 App listening on the port 4001 ENV: development mode...
[Node] [INFO] - 2022-12-12T09:26:25.106Z [App] [bootstrap] Database connected 🔥 on development mode...
[Node] [INFO] - 2022-12-12T09:26:25.110Z [App] [listen] 🚀 App listening on the port 4001 ENV: development mode...
[Node] [INFO] - 2022-12-12T09:26:32.900Z [App] [bootstrap] Database connected 🔥 on development mode...
[Node] [INFO] - 2022-12-12T09:26:32.904Z [App] [listen] 🚀 App listening on the port 4001 ENV: development mode...
[Node] [INFO] - 2022-12-12T09:27:00.208Z [App] [bootstrap] Database connected 🔥 on development mode...
[Node] [INFO] - 2022-12-12T09:27:00.211Z [App] [listen] 🚀 App listening on the port 4001 ENV: development mode...
[Node] [INFO] - 2022-12-12T09:27:11.539Z [App] [bootstrap] Database connected 🔥 on development mode...
[Node] [INFO] - 2022-12-12T09:27:11.542Z [App] [listen] 🚀 App listening on the port 4001 ENV: development mode...
[Node] [INFO] - 2022-12-12T09:27:59.042Z [App] [bootstrap] Database connected 🔥 on development mode...
[Node] [INFO] - 2022-12-12T09:27:59.046Z [App] [listen] 🚀 App listening on the port 4001 ENV: development mode...
[Node] [INFO] - 2022-12-12T09:28:26.770Z [App] [bootstrap] Database connected 🔥 on development mode...
[Node] [INFO] - 2022-12-12T09:28:26.773Z [App] [listen] 🚀 App listening on the port 4001 ENV: development mode...
[Node] [INFO] - 2022-12-12T09:28:47.182Z [App] [bootstrap] Database connected 🔥 on development mode...
[Node] [INFO] - 2022-12-12T09:28:47.186Z [App] [listen] 🚀 App listening on the port 4001 ENV: development mode...
[Node] [INFO] - 2022-12-12T09:28:56.261Z [App] [bootstrap] Database connected 🔥 on development mode...
[Node] [INFO] - 2022-12-12T09:28:56.265Z [App] [listen] 🚀 App listening on the port 4001 ENV: development mode...
[Node] [INFO] - 2022-12-12T09:29:03.801Z [App] [bootstrap] Database connected 🔥 on development mode...
[Node] [INFO] - 2022-12-12T09:29:03.804Z [App] [listen] 🚀 App listening on the port 4001 ENV: development mode...
[Node] [INFO] - 2022-12-12T09:29:23.866Z [App] [bootstrap] Database connected 🔥 on development mode...
[Node] [INFO] - 2022-12-12T09:29:23.871Z [App] [listen] 🚀 App listening on the port 4001 ENV: development mode...
[Node] [INFO] - 2022-12-12T09:30:41.486Z [App] [bootstrap] Database connected 🔥 on development mode...
[Node] [INFO] - 2022-12-12T09:30:41.490Z [App] [listen] 🚀 App listening on the port 4001 ENV: development mode...
[Node] [INFO] - 2022-12-12T09:31:23.151Z [App] [bootstrap] Database connected 🔥 on development mode...
[Node] [INFO] - 2022-12-12T09:31:23.156Z [App] [listen] 🚀 App listening on the port 4001 ENV: development mode...
[Node] [INFO] - 2022-12-12T09:32:19.309Z [App] [bootstrap] Database connected 🔥 on development mode...
[Node] [INFO] - 2022-12-12T09:32:19.312Z [App] [listen] 🚀 App listening on the port 4001 ENV: development mode...
[Node] [INFO] - 2022-12-12T09:32:26.418Z [App] [bootstrap] Database connected 🔥 on development mode...
[Node] [INFO] - 2022-12-12T09:32:26.422Z [App] [listen] 🚀 App listening on the port 4001 ENV: development mode...
[Node] [INFO] - 2022-12-12T09:35:02.462Z [App] [bootstrap] Database connected 🔥 on development mode...
[Node] [INFO] - 2022-12-12T09:35:02.466Z [App] [listen] 🚀 App listening on the port 4001 ENV: development mode...
[Node] [INFO] - 2022-12-12T09:36:08.784Z [App] [bootstrap] Database connected 🔥 on development mode...
[Node] [INFO] - 2022-12-12T09:36:08.788Z [App] [listen] 🚀 App listening on the port 4001 ENV: development mode...
[Node] [INFO] - 2022-12-12T09:36:59.458Z [App] [bootstrap] Database connected 🔥 on development mode...
[Node] [INFO] - 2022-12-12T09:36:59.461Z [App] [listen] 🚀 App listening on the port 4001 ENV: development mode...
[Node] [INFO] - 2022-12-12T09:37:08.593Z [App] [bootstrap] Database connected 🔥 on development mode...
[Node] [INFO] - 2022-12-12T09:37:08.597Z [App] [listen] 🚀 App listening on the port 4001 ENV: development mode...
[Node] [INFO] - 2022-12-12T09:37:22.851Z [App] [bootstrap] Database connected 🔥 on development mode...
[Node] [INFO] - 2022-12-12T09:37:22.855Z [App] [listen] 🚀 App listening on the port 4001 ENV: development mode...
[Node] [INFO] - 2022-12-12T09:37:32.644Z [App] [bootstrap] Database connected 🔥 on development mode...
[Node] [INFO] - 2022-12-12T09:37:32.648Z [App] [listen] 🚀 App listening on the port 4001 ENV: development mode...
[Node] [INFO] - 2022-12-12T09:37:58.346Z [App] [bootstrap] Database connected 🔥 on development mode...
[Node] [INFO] - 2022-12-12T09:37:58.350Z [App] [listen] 🚀 App listening on the port 4001 ENV: development mode...
[Node] [INFO] - 2022-12-12T09:38:26.116Z [App] [bootstrap] Database connected 🔥 on development mode...
[Node] [INFO] - 2022-12-12T09:38:26.120Z [App] [listen] 🚀 App listening on the port 4001 ENV: development mode...
[Node] [INFO] - 2022-12-12T09:42:06.080Z [App] [bootstrap] Database connected 🔥 on development mode...
[Node] [INFO] - 2022-12-12T09:42:06.084Z [App] [listen] 🚀 App listening on the port 4001 ENV: development mode...
[Node] [INFO] - 2022-12-12T09:43:48.940Z [App] [bootstrap] Database connected 🔥 on development mode...
[Node] [INFO] - 2022-12-12T09:43:48.944Z [App] [listen] 🚀 App listening on the port 4001 ENV: development mode...
[Node] [INFO] - 2022-12-12T09:44:11.982Z [App] [bootstrap] Database connected 🔥 on development mode...
[Node] [INFO] - 2022-12-12T09:44:11.985Z [App] [listen] 🚀 App listening on the port 4001 ENV: development mode...
[Node] [INFO] - 2022-12-12T09:44:23.306Z [App] [bootstrap] Database connected 🔥 on development mode...
[Node] [INFO] - 2022-12-12T09:44:23.310Z [App] [listen] 🚀 App listening on the port 4001 ENV: development mode...
[Node] [INFO] - 2022-12-12T09:54:24.481Z [App] [bootstrap] Database connected 🔥 on development mode...
[Node] [INFO] - 2022-12-12T09:54:24.484Z [App] [listen] 🚀 App listening on the port 4001 ENV: development mode...
[Node] [INFO] - 2022-12-12T09:55:10.224Z [App] [bootstrap] Database connected 🔥 on development mode...
[Node] [INFO] - 2022-12-12T09:55:10.228Z [App] [listen] 🚀 App listening on the port 4001 ENV: development mode...
[Node] [INFO] - 2022-12-12T09:58:54.875Z [App] [bootstrap] Database connected 🔥 on development mode...
[Node] [INFO] - 2022-12-12T09:58:54.879Z [App] [listen] 🚀 App listening on the port 4001 ENV: development mode...
[Node] [INFO] - 2022-12-12T09:59:08.987Z [App] [bootstrap] Database connected 🔥 on development mode...
[Node] [INFO] - 2022-12-12T09:59:08.991Z [App] [listen] 🚀 App listening on the port 4001 ENV: development mode...
[Node] [INFO] - 2022-12-12T09:59:24.024Z [App] [bootstrap] Database connected 🔥 on development mode...
[Node] [INFO] - 2022-12-12T09:59:24.028Z [App] [listen] 🚀 App listening on the port 4001 ENV: development mode...
[Node] [INFO] - 2022-12-12T10:03:20.541Z [App] [bootstrap] Database connected 🔥 on development mode...
[Node] [INFO] - 2022-12-12T10:03:20.545Z [App] [listen] 🚀 App listening on the port 4001 ENV: development mode...
[Node] [INFO] - 2022-12-12T10:03:35.349Z [App] [bootstrap] Database connected 🔥 on development mode...
[Node] [INFO] - 2022-12-12T10:03:35.354Z [App] [listen] 🚀 App listening on the port 4001 ENV: development mode...
[Node] [INFO] - 2022-12-12T10:03:53.582Z [App] [bootstrap] Database connected 🔥 on development mode...
[Node] [INFO] - 2022-12-12T10:03:53.585Z [App] [listen] 🚀 App listening on the port 4001 ENV: development mode...
[Node] [INFO] - 2022-12-12T10:04:09.669Z [App] [bootstrap] Database connected 🔥 on development mode...
[Node] [INFO] - 2022-12-12T10:04:09.673Z [App] [listen] 🚀 App listening on the port 4001 ENV: development mode...
[Node] [INFO] - 2022-12-12T10:04:34.692Z [App] [bootstrap] Database connected 🔥 on development mode...
[Node] [INFO] - 2022-12-12T10:04:34.696Z [App] [listen] 🚀 App listening on the port 4001 ENV: development mode...
[Node] [INFO] - 2022-12-12T10:05:42.951Z [App] [bootstrap] Database connected 🔥 on development mode...
[Node] [INFO] - 2022-12-12T10:05:42.955Z [App] [listen] 🚀 App listening on the port 4001 ENV: development mode...
[Node] [INFO] - 2022-12-12T10:06:00.012Z [App] [bootstrap] Database connected 🔥 on development mode...
[Node] [INFO] - 2022-12-12T10:06:00.016Z [App] [listen] 🚀 App listening on the port 4001 ENV: development mode...
[Node] [INFO] - 2022-12-12T10:06:45.376Z [App] [bootstrap] Database connected 🔥 on development mode...
[Node] [INFO] - 2022-12-12T10:06:45.380Z [App] [listen] 🚀 App listening on the port 4001 ENV: development mode...
[Node] [INFO] - 2022-12-12T10:07:23.394Z [App] [bootstrap] Database connected 🔥 on development mode...
[Node] [INFO] - 2022-12-12T10:07:23.397Z [App] [listen] 🚀 App listening on the port 4001 ENV: development mode...
[Node] [INFO] - 2022-12-12T10:07:32.912Z [App] [bootstrap] Database connected 🔥 on development mode...
[Node] [INFO] - 2022-12-12T10:07:32.915Z [App] [listen] 🚀 App listening on the port 4001 ENV: development mode...
[Node] [INFO] - 2022-12-12T10:10:25.758Z [App] [bootstrap] Database connected 🔥 on development mode...
[Node] [INFO] - 2022-12-12T10:10:25.761Z [App] [listen] 🚀 App listening on the port 4001 ENV: development mode...
[Node] [INFO] - 2022-12-12T10:10:39.756Z [App] [bootstrap] Database connected 🔥 on development mode...
[Node] [INFO] - 2022-12-12T10:10:39.760Z [App] [listen] 🚀 App listening on the port 4001 ENV: development mode...
[Node] [INFO] - 2022-12-12T10:11:15.419Z [App] [bootstrap] Database connected 🔥 on development mode...
[Node] [INFO] - 2022-12-12T10:11:15.423Z [App] [listen] 🚀 App listening on the port 4001 ENV: development mode...
[Node] [INFO] - 2022-12-12T10:12:35.946Z [App] [bootstrap] Database connected 🔥 on development mode...
[Node] [INFO] - 2022-12-12T10:12:35.950Z [App] [listen] 🚀 App listening on the port 4001 ENV: development mode...
[Node] [INFO] - 2022-12-12T11:24:47.408Z [App] [bootstrap] Database connected 🔥 on development mode...
[Node] [INFO] - 2022-12-12T11:24:47.411Z [App] [listen] 🚀 App listening on the port 4001 ENV: development mode...
