[Node] [INFO] - 2022-12-19T05:27:51.681Z [App] [bootstrap] Database connected 🔥 on development mode...
[Node] [INFO] - 2022-12-19T05:27:51.686Z [App] [listen] 🚀 App listening on the port 4001 ENV: development mode...
[Node] [INFO] - 2022-12-19T05:28:39.623Z [App] [bootstrap] Database connected 🔥 on development mode...
[Node] [INFO] - 2022-12-19T05:28:39.627Z [App] [listen] 🚀 App listening on the port 4001 ENV: development mode...
[Node] [INFO] - 2022-12-19T05:28:51.188Z [App] [bootstrap] Database connected 🔥 on development mode...
[Node] [INFO] - 2022-12-19T05:28:51.192Z [App] [listen] 🚀 App listening on the port 4001 ENV: development mode...
[Node] [INFO] - 2022-12-19T05:36:09.281Z [App] [bootstrap] Database connected 🔥 on development mode...
[Node] [INFO] - 2022-12-19T05:36:09.293Z [App] [listen] 🚀 App listening on the port 4000 ENV: development mode...
[Node] [ERROR] - 2022-12-19T06:00:05.383Z500 - /api/v1/csv/post [POST] - Validation error 
[Node] [INFO] - 2022-12-19T06:01:52.089Z [App] [bootstrap] Database connected 🔥 on development mode...
[Node] [INFO] - 2022-12-19T06:01:52.100Z [App] [listen] 🚀 App listening on the port 4000 ENV: development mode...
[Node] [INFO] - 2022-12-19T06:02:05.590Z [App] [bootstrap] Database connected 🔥 on development mode...
[Node] [INFO] - 2022-12-19T06:02:05.594Z [App] [listen] 🚀 App listening on the port 4001 ENV: development mode...
[Node] [INFO] - 2022-12-19T06:04:49.938Z [App] [bootstrap] Database connected 🔥 on development mode...
[Node] [INFO] - 2022-12-19T06:04:49.942Z [App] [listen] 🚀 App listening on the port 4001 ENV: development mode...
[Node] [INFO] - 2022-12-19T06:28:33.870Z [App] [bootstrap] Database connected 🔥 on development mode...
[Node] [INFO] - 2022-12-19T06:28:33.873Z [App] [listen] 🚀 App listening on the port 4001 ENV: development mode...
[Node] [INFO] - 2022-12-19T06:28:58.150Z [App] [bootstrap] Database connected 🔥 on development mode...
[Node] [INFO] - 2022-12-19T06:28:58.154Z [App] [listen] 🚀 App listening on the port 4001 ENV: development mode...
[Node] [INFO] - 2022-12-19T06:30:06.959Z [App] [bootstrap] Database connected 🔥 on development mode...
[Node] [INFO] - 2022-12-19T06:30:06.963Z [App] [listen] 🚀 App listening on the port 4001 ENV: development mode...
[Node] [INFO] - 2022-12-19T06:30:17.510Z [App] [bootstrap] Database connected 🔥 on development mode...
[Node] [INFO] - 2022-12-19T06:30:17.514Z [App] [listen] 🚀 App listening on the port 4001 ENV: development mode...
[Node] [INFO] - 2022-12-19T06:33:41.253Z [App] [bootstrap] Database connected 🔥 on development mode...
[Node] [INFO] - 2022-12-19T06:33:41.257Z [App] [listen] 🚀 App listening on the port 4001 ENV: development mode...
[Node] [INFO] - 2022-12-19T06:34:04.026Z [App] [bootstrap] Database connected 🔥 on development mode...
[Node] [INFO] - 2022-12-19T06:34:04.030Z [App] [listen] 🚀 App listening on the port 4001 ENV: development mode...
[Node] [INFO] - 2022-12-19T06:34:09.667Z [App] [bootstrap] Database connected 🔥 on development mode...
[Node] [INFO] - 2022-12-19T06:34:09.671Z [App] [listen] 🚀 App listening on the port 4001 ENV: development mode...
[Node] [INFO] - 2022-12-19T06:34:32.847Z [App] [bootstrap] Database connected 🔥 on development mode...
[Node] [INFO] - 2022-12-19T06:34:32.850Z [App] [listen] 🚀 App listening on the port 4001 ENV: development mode...
[Node] [INFO] - 2022-12-19T06:35:09.840Z [App] [bootstrap] Database connected 🔥 on development mode...
[Node] [INFO] - 2022-12-19T06:35:09.844Z [App] [listen] 🚀 App listening on the port 4001 ENV: development mode...
[Node] [INFO] - 2022-12-19T06:36:09.732Z [App] [bootstrap] Database connected 🔥 on development mode...
[Node] [INFO] - 2022-12-19T06:36:09.736Z [App] [listen] 🚀 App listening on the port 4001 ENV: development mode...
[Node] [INFO] - 2022-12-19T06:36:19.930Z [App] [bootstrap] Database connected 🔥 on development mode...
[Node] [INFO] - 2022-12-19T06:36:19.934Z [App] [listen] 🚀 App listening on the port 4001 ENV: development mode...
[Node] [ERROR] - 2022-12-19T06:36:40.026Z500 - /api/v1/csv/post [POST] - WHERE parameter "email" has invalid "undefined" value 
[Node] [INFO] - 2022-12-19T06:37:27.795Z [App] [bootstrap] Database connected 🔥 on development mode...
[Node] [INFO] - 2022-12-19T06:37:27.799Z [App] [listen] 🚀 App listening on the port 4001 ENV: development mode...
[Node] [ERROR] - 2022-12-19T06:37:42.434Z500 - /api/v1/csv/post [POST] - WHERE parameter "email" has invalid "undefined" value 
[Node] [INFO] - 2022-12-19T06:38:19.858Z [App] [bootstrap] Database connected 🔥 on development mode...
[Node] [INFO] - 2022-12-19T06:38:19.861Z [App] [listen] 🚀 App listening on the port 4001 ENV: development mode...
[Node] [ERROR] - 2022-12-19T06:38:34.504Z500 - /api/v1/csv/post [POST] - WHERE parameter "email" has invalid "undefined" value 
[Node] [INFO] - 2022-12-19T06:38:46.958Z [App] [bootstrap] Database connected 🔥 on development mode...
[Node] [INFO] - 2022-12-19T06:38:46.961Z [App] [listen] 🚀 App listening on the port 4001 ENV: development mode...
[Node] [ERROR] - 2022-12-19T06:39:01.778Z500 - /api/v1/csv/post [POST] - WHERE parameter "email" has invalid "undefined" value 
[Node] [INFO] - 2022-12-19T06:39:14.252Z [App] [bootstrap] Database connected 🔥 on development mode...
[Node] [INFO] - 2022-12-19T06:39:14.256Z [App] [listen] 🚀 App listening on the port 4001 ENV: development mode...
[Node] [INFO] - 2022-12-19T06:39:35.445Z [App] [bootstrap] Database connected 🔥 on development mode...
[Node] [INFO] - 2022-12-19T06:39:35.449Z [App] [listen] 🚀 App listening on the port 4001 ENV: development mode...
[Node] [INFO] - 2022-12-19T06:40:26.932Z [App] [bootstrap] Database connected 🔥 on development mode...
[Node] [INFO] - 2022-12-19T06:40:26.935Z [App] [listen] 🚀 App listening on the port 4001 ENV: development mode...
[Node] [ERROR] - 2022-12-19T06:40:40.991Z500 - /api/v1/csv/post [POST] - data already exist 
[Node] [INFO] - 2022-12-19T06:42:23.703Z [App] [bootstrap] Database connected 🔥 on development mode...
[Node] [INFO] - 2022-12-19T06:42:23.706Z [App] [listen] 🚀 App listening on the port 4001 ENV: development mode...
[Node] [ERROR] - 2022-12-19T06:42:39.727Z500 - /api/v1/csv/post [POST] - email undefined already exist 
[Node] [INFO] - 2022-12-19T06:43:22.092Z [App] [bootstrap] Database connected 🔥 on development mode...
[Node] [INFO] - 2022-12-19T06:43:22.096Z [App] [listen] 🚀 App listening on the port 4001 ENV: development mode...
[Node] [ERROR] - 2022-12-19T06:43:23.540Z500 - /api/v1/csv/post [POST] - email saurabh@thoughtwin.com already exist 
[Node] [INFO] - 2022-12-19T06:43:39.059Z [App] [bootstrap] Database connected 🔥 on development mode...
[Node] [INFO] - 2022-12-19T06:43:39.063Z [App] [listen] 🚀 App listening on the port 4001 ENV: development mode...
[Node] [INFO] - 2022-12-19T06:43:46.126Z [App] [bootstrap] Database connected 🔥 on development mode...
[Node] [INFO] - 2022-12-19T06:43:46.129Z [App] [listen] 🚀 App listening on the port 4001 ENV: development mode...
[Node] [INFO] - 2022-12-19T06:43:57.255Z [App] [bootstrap] Database connected 🔥 on development mode...
[Node] [INFO] - 2022-12-19T06:43:57.259Z [App] [listen] 🚀 App listening on the port 4001 ENV: development mode...
[Node] [INFO] - 2022-12-19T06:48:02.538Z [App] [bootstrap] Database connected 🔥 on development mode...
[Node] [INFO] - 2022-12-19T06:48:02.542Z [App] [listen] 🚀 App listening on the port 4001 ENV: development mode...
[Node] [INFO] - 2022-12-19T06:48:10.726Z [App] [bootstrap] Database connected 🔥 on development mode...
[Node] [INFO] - 2022-12-19T06:48:10.730Z [App] [listen] 🚀 App listening on the port 4001 ENV: development mode...
[Node] [INFO] - 2022-12-19T06:48:17.581Z [App] [bootstrap] Database connected 🔥 on development mode...
[Node] [INFO] - 2022-12-19T06:48:17.584Z [App] [listen] 🚀 App listening on the port 4001 ENV: development mode...
[Node] [INFO] - 2022-12-19T06:49:43.638Z [App] [bootstrap] Database connected 🔥 on development mode...
[Node] [INFO] - 2022-12-19T06:49:43.642Z [App] [listen] 🚀 App listening on the port 4001 ENV: development mode...
[Node] [INFO] - 2022-12-19T06:49:55.039Z [App] [bootstrap] Database connected 🔥 on development mode...
[Node] [INFO] - 2022-12-19T06:49:55.043Z [App] [listen] 🚀 App listening on the port 4001 ENV: development mode...
[Node] [INFO] - 2022-12-19T06:50:02.878Z [App] [bootstrap] Database connected 🔥 on development mode...
[Node] [INFO] - 2022-12-19T06:50:02.882Z [App] [listen] 🚀 App listening on the port 4001 ENV: development mode...
[Node] [INFO] - 2022-12-19T06:52:50.811Z [App] [bootstrap] Database connected 🔥 on development mode...
[Node] [INFO] - 2022-12-19T06:52:50.815Z [App] [listen] 🚀 App listening on the port 4001 ENV: development mode...
[Node] [ERROR] - 2022-12-19T06:52:56.967Z500 - /api/v1/getAll [GET] - column users.date does not exist 
[Node] [ERROR] - 2022-12-19T06:53:05.582Z500 - /api/v1/getAll [GET] - column users.date does not exist 
[Node] [INFO] - 2022-12-19T06:53:39.569Z [App] [bootstrap] Database connected 🔥 on development mode...
[Node] [INFO] - 2022-12-19T06:53:39.573Z [App] [listen] 🚀 App listening on the port 4001 ENV: development mode...
[Node] [INFO] - 2022-12-19T06:54:24.061Z [App] [bootstrap] Database connected 🔥 on development mode...
[Node] [INFO] - 2022-12-19T06:54:24.064Z [App] [listen] 🚀 App listening on the port 4001 ENV: development mode...
[Node] [ERROR] - 2022-12-19T09:29:08.724Z404 - /api/v1/profile [PATCH] - Can't find /api/v1/profile on this server! 
[Node] [ERROR] - 2022-12-19T09:30:40.237Z404 - /api/v1/profile/create [PATCH] - Can't find /api/v1/profile/create on this server! 
[Node] [ERROR] - 2022-12-19T09:32:10.442Z500 - /api/v1/profile/create [POST] - WHERE parameter "user_id" has invalid "undefined" value 
[Node] [INFO] - 2022-12-19T09:33:51.358Z [App] [bootstrap] Database connected 🔥 on development mode...
[Node] [INFO] - 2022-12-19T09:33:51.362Z [App] [listen] 🚀 App listening on the port 4001 ENV: development mode...
[Node] [INFO] - 2022-12-19T09:35:43.512Z [App] [bootstrap] Database connected 🔥 on development mode...
[Node] [INFO] - 2022-12-19T09:35:43.515Z [App] [listen] 🚀 App listening on the port 4001 ENV: development mode...
[Node] [ERROR] - 2022-12-19T09:53:14.021Z500 - /api/v1/profile/create [POST] - WHERE parameter "user_id" has invalid "undefined" value 
[Node] [ERROR] - 2022-12-19T09:56:52.749Z500 - /api/v1/profile/create [POST] - insert or update on table "users_profile" violates foreign key constraint "users_profile_user_id_fkey" 
[Node] [ERROR] - 2022-12-19T09:57:38.197Z500 - /api/v1/profile/create [POST] - WHERE parameter "user_id" has invalid "undefined" value 
[Node] [INFO] - 2022-12-19T09:58:44.648Z [App] [bootstrap] Database connected 🔥 on development mode...
[Node] [INFO] - 2022-12-19T09:58:44.652Z [App] [listen] 🚀 App listening on the port 4001 ENV: development mode...
[Node] [ERROR] - 2022-12-19T10:06:10.419Z500 - /api/v1/profile/create [POST] - WHERE parameter "user_id" has invalid "undefined" value 
[Node] [INFO] - 2022-12-19T10:06:38.237Z [App] [bootstrap] Database connected 🔥 on development mode...
[Node] [INFO] - 2022-12-19T10:06:38.254Z [App] [listen] 🚀 App listening on the port 4001 ENV: development mode...
[Node] [ERROR] - 2022-12-19T10:06:51.088Z500 - /api/v1/profile/create [POST] - WHERE parameter "user_id" has invalid "undefined" value 
[Node] [INFO] - 2022-12-19T10:07:56.869Z [App] [bootstrap] Database connected 🔥 on development mode...
[Node] [INFO] - 2022-12-19T10:07:56.873Z [App] [listen] 🚀 App listening on the port 4001 ENV: development mode...
[Node] [INFO] - 2022-12-19T10:08:03.175Z [App] [bootstrap] Database connected 🔥 on development mode...
[Node] [INFO] - 2022-12-19T10:08:03.179Z [App] [listen] 🚀 App listening on the port 4001 ENV: development mode...
[Node] [ERROR] - 2022-12-19T10:08:47.319Z500 - /api/v1/profile/create [POST] - WHERE parameter "user_id" has invalid "undefined" value 
[Node] [INFO] - 2022-12-19T10:11:01.884Z [App] [bootstrap] Database connected 🔥 on development mode...
[Node] [INFO] - 2022-12-19T10:11:01.888Z [App] [listen] 🚀 App listening on the port 4001 ENV: development mode...
[Node] [INFO] - 2022-12-19T10:13:02.590Z [App] [bootstrap] Database connected 🔥 on development mode...
[Node] [INFO] - 2022-12-19T10:13:02.594Z [App] [listen] 🚀 App listening on the port 4001 ENV: development mode...
[Node] [INFO] - 2022-12-19T10:13:25.925Z [App] [bootstrap] Database connected 🔥 on development mode...
[Node] [INFO] - 2022-12-19T10:13:25.931Z [App] [listen] 🚀 App listening on the port 4001 ENV: development mode...
[Node] [ERROR] - 2022-12-19T10:13:58.765Z500 - /api/v1/profile/create [POST] - WHERE parameter "user_id" has invalid "undefined" value 
[Node] [INFO] - 2022-12-19T10:14:22.512Z [App] [bootstrap] Database connected 🔥 on development mode...
[Node] [INFO] - 2022-12-19T10:14:22.516Z [App] [listen] 🚀 App listening on the port 4001 ENV: development mode...
[Node] [INFO] - 2022-12-19T10:14:34.999Z [App] [bootstrap] Database connected 🔥 on development mode...
[Node] [INFO] - 2022-12-19T10:14:35.003Z [App] [listen] 🚀 App listening on the port 4001 ENV: development mode...
[Node] [ERROR] - 2022-12-19T10:16:09.459Z400 - /api/v1/profile/create [POST] - Unexpected token " in JSON at position 0 
[Node] [ERROR] - 2022-12-19T10:16:09.495Z400 - /api/v1/profile/create [POST] - Unexpected token " in JSON at position 0 
[Node] [ERROR] - 2022-12-19T10:16:26.373Z400 - /api/v1/profile/create [POST] - Unexpected token " in JSON at position 0 
[Node] [ERROR] - 2022-12-19T10:16:48.040Z500 - /api/v1/profile/create [POST] - WHERE parameter "user_id" has invalid "undefined" value 
[Node] [ERROR] - 2022-12-19T10:17:27.879Z400 - /api/v1/profile/create [POST] - Unexpected token " in JSON at position 0 
[Node] [ERROR] - 2022-12-19T10:17:27.983Z400 - /api/v1/profile/create [POST] - Unexpected token " in JSON at position 0 
[Node] [ERROR] - 2022-12-19T10:18:04.457Z500 - /api/v1/profile/create [POST] - WHERE parameter "user_id" has invalid "undefined" value 
[Node] [ERROR] - 2022-12-19T10:18:09.418Z500 - /api/v1/profile/create [POST] - WHERE parameter "user_id" has invalid "undefined" value 
[Node] [ERROR] - 2022-12-19T10:18:09.503Z500 - /api/v1/profile/create [POST] - WHERE parameter "user_id" has invalid "undefined" value 
[Node] [ERROR] - 2022-12-19T10:18:37.331Z500 - /api/v1/profile/create [POST] - WHERE parameter "user_id" has invalid "undefined" value 
[Node] [ERROR] - 2022-12-19T10:18:41.652Z500 - /api/v1/profile/create [POST] - WHERE parameter "user_id" has invalid "undefined" value 
[Node] [ERROR] - 2022-12-19T10:18:41.675Z500 - /api/v1/profile/create [POST] - WHERE parameter "user_id" has invalid "undefined" value 
[Node] [ERROR] - 2022-12-19T10:19:32.265Z500 - /api/v1/profile/create [POST] - WHERE parameter "user_id" has invalid "undefined" value 
[Node] [ERROR] - 2022-12-19T10:20:44.077Z500 - /api/v1/profile/create [POST] - insert or update on table "users_profile" violates foreign key constraint "users_profile_user_id_fkey" 
[Node] [INFO] - 2022-12-19T10:21:09.987Z [App] [bootstrap] Database connected 🔥 on development mode...
[Node] [INFO] - 2022-12-19T10:21:09.991Z [App] [listen] 🚀 App listening on the port 4001 ENV: development mode...
[Node] [ERROR] - 2022-12-19T10:21:14.037Z500 - /api/v1/profile/create [POST] - insert or update on table "users_profile" violates foreign key constraint "users_profile_user_id_fkey" 
[Node] [ERROR] - 2022-12-19T10:21:24.287Z500 - /api/v1/profile/create [POST] - insert or update on table "users_profile" violates foreign key constraint "users_profile_user_id_fkey" 
[Node] [INFO] - 2022-12-19T10:22:04.461Z [App] [bootstrap] Database connected 🔥 on development mode...
[Node] [INFO] - 2022-12-19T10:22:04.464Z [App] [listen] 🚀 App listening on the port 4001 ENV: development mode...
[Node] [ERROR] - 2022-12-19T10:22:07.132Z500 - /api/v1/profile/create [POST] - insert or update on table "users_profile" violates foreign key constraint "users_profile_user_id_fkey" 
[Node] [ERROR] - 2022-12-19T10:24:22.411Z500 - /api/v1/profile/create [POST] - insert or update on table "users_profile" violates foreign key constraint "users_profile_user_id_fkey" 
[Node] [ERROR] - 2022-12-19T10:25:45.401Z500 - /api/v1/profile/create [POST] - insert or update on table "users_profile" violates foreign key constraint "users_profile_user_id_fkey" 
[Node] [ERROR] - 2022-12-19T10:28:16.830Z500 - /api/v1/profile/create [POST] - insert or update on table "users_profile" violates foreign key constraint "users_profile_user_id_fkey" 
[Node] [ERROR] - 2022-12-19T10:29:01.019Z500 - /api/v1/profile/create [POST] - insert or update on table "users_profile" violates foreign key constraint "users_profile_user_id_fkey" 
[Node] [ERROR] - 2022-12-19T10:29:05.379Z500 - /api/v1/profile/create [POST] - insert or update on table "users_profile" violates foreign key constraint "users_profile_designation_id_fkey" 
[Node] [ERROR] - 2022-12-19T10:29:33.370Z500 - /api/v1/profile/create [POST] - insert or update on table "users_profile" violates foreign key constraint "users_profile_designation_id_fkey" 
[Node] [ERROR] - 2022-12-19T10:30:10.270Z500 - /api/v1/profile/create [POST] - insert or update on table "users_profile" violates foreign key constraint "users_profile_designation_id_fkey" 
[Node] [INFO] - 2022-12-19T10:30:58.593Z [App] [bootstrap] Database connected 🔥 on development mode...
[Node] [INFO] - 2022-12-19T10:30:58.597Z [App] [listen] 🚀 App listening on the port 4001 ENV: development mode...
[Node] [ERROR] - 2022-12-19T10:31:11.721Z401 - /api/v1/designation/getAll [GET] - Your token has expired! Please log in again. 
[Node] [ERROR] - 2022-12-19T10:31:18.284Z401 - /api/v1/designation/getAll [GET] - You are not logged in! Please log in to get access. 
[Node] [ERROR] - 2022-12-19T10:31:38.216Z409 - /api/v1/login [POST] - This email amin@thoughtwin.com was not found 
[Node] [ERROR] - 2022-12-19T10:32:10.563Z409 - /api/v1/profile/create [POST] - This user profile already exists 
[Node] [ERROR] - 2022-12-19T10:32:12.728Z409 - /api/v1/profile/create [POST] - This user profile already exists 
[Node] [ERROR] - 2022-12-19T10:32:13.924Z409 - /api/v1/profile/create [POST] - This user profile already exists 
[Node] [ERROR] - 2022-12-19T10:32:14.928Z409 - /api/v1/profile/create [POST] - This user profile already exists 
[Node] [ERROR] - 2022-12-19T10:32:15.670Z409 - /api/v1/profile/create [POST] - This user profile already exists 
[Node] [INFO] - 2022-12-19T10:32:41.831Z [App] [bootstrap] Database connected 🔥 on development mode...
[Node] [INFO] - 2022-12-19T10:32:41.834Z [App] [listen] 🚀 App listening on the port 4001 ENV: development mode...
[Node] [ERROR] - 2022-12-19T10:32:52.253Z500 - /api/v1/profile/create [POST] - WHERE parameter "user_id" has invalid "undefined" value 
[Node] [ERROR] - 2022-12-19T10:32:52.271Z500 - /api/v1/profile/create [POST] - WHERE parameter "user_id" has invalid "undefined" value 
[Node] [ERROR] - 2022-12-19T10:33:42.619Z400 - /api/v1/profile/create [POST] - Unexpected token " in JSON at position 0 
[Node] [ERROR] - 2022-12-19T10:33:48.637Z400 - /api/v1/profile/create [POST] - Unexpected token " in JSON at position 0 
[Node] [ERROR] - 2022-12-19T10:34:15.613Z500 - /api/v1/profile/create [POST] - WHERE parameter "user_id" has invalid "undefined" value 
[Node] [ERROR] - 2022-12-19T10:34:53.558Z500 - /api/v1/profile/create [POST] - WHERE parameter "user_id" has invalid "undefined" value 
[Node] [ERROR] - 2022-12-19T10:34:53.611Z500 - /api/v1/profile/create [POST] - WHERE parameter "user_id" has invalid "undefined" value 
[Node] [ERROR] - 2022-12-19T10:36:11.800Z500 - /api/v1/profile/create [POST] - WHERE parameter "user_id" has invalid "undefined" value 
[Node] [INFO] - 2022-12-19T10:36:52.047Z [App] [bootstrap] Database connected 🔥 on development mode...
[Node] [INFO] - 2022-12-19T10:36:52.051Z [App] [listen] 🚀 App listening on the port 4001 ENV: development mode...
[Node] [ERROR] - 2022-12-19T10:36:58.248Z500 - /api/v1/profile/create [POST] - Validation error 
[Node] [ERROR] - 2022-12-19T10:37:48.322Z500 - /api/v1/profile/create [POST] - Validation error 
[Node] [ERROR] - 2022-12-19T10:37:48.329Z500 - /api/v1/profile/create [POST] - Validation error 
[Node] [INFO] - 2022-12-19T10:38:20.560Z [App] [bootstrap] Database connected 🔥 on development mode...
[Node] [INFO] - 2022-12-19T10:38:20.564Z [App] [listen] 🚀 App listening on the port 4001 ENV: development mode...
[Node] [ERROR] - 2022-12-19T10:38:36.697Z400 - /api/v1/profile/create [POST] - Unexpected token " in JSON at position 0 
[Node] [INFO] - 2022-12-19T10:41:11.495Z [App] [bootstrap] Database connected 🔥 on development mode...
[Node] [INFO] - 2022-12-19T10:41:11.499Z [App] [listen] 🚀 App listening on the port 4001 ENV: development mode...
[Node] [ERROR] - 2022-12-19T10:42:02.052Z400 - /api/v1/profile/create [POST] - Unexpected token " in JSON at position 0 
[Node] [ERROR] - 2022-12-19T10:42:04.279Z400 - /api/v1/profile/create [POST] - Unexpected token " in JSON at position 0 
[Node] [ERROR] - 2022-12-19T10:42:04.303Z400 - /api/v1/profile/create [POST] - Unexpected token " in JSON at position 0 
[Node] [ERROR] - 2022-12-19T10:42:51.249Z500 - /api/v1/profile/create [POST] - WHERE parameter "user_id" has invalid "undefined" value 
[Node] [ERROR] - 2022-12-19T10:42:51.334Z500 - /api/v1/profile/create [POST] - WHERE parameter "user_id" has invalid "undefined" value 
[Node] [ERROR] - 2022-12-19T10:46:25.003Z500 - /api/v1/profile/create [POST] - WHERE parameter "user_id" has invalid "undefined" value 
[Node] [ERROR] - 2022-12-19T10:49:12.053Z500 - /api/v1/get/undefined [GET] - invalid input syntax for type bigint: "undefined" 
[Node] [ERROR] - 2022-12-19T10:57:52.828Z409 - /api/v1/get/0 [GET] - User doesn't exist 
[Node] [ERROR] - 2022-12-19T10:57:52.846Z409 - /api/v1/get/0 [GET] - User doesn't exist 
[Node] [ERROR] - 2022-12-19T10:58:55.416Z409 - /api/v1/get/0 [GET] - User doesn't exist 
[Node] [ERROR] - 2022-12-19T10:58:55.463Z409 - /api/v1/get/0 [GET] - User doesn't exist 
[Node] [INFO] - 2022-12-19T11:00:58.980Z [App] [bootstrap] Database connected 🔥 on development mode...
[Node] [INFO] - 2022-12-19T11:00:58.984Z [App] [listen] 🚀 App listening on the port 4001 ENV: development mode...
[Node] [INFO] - 2022-12-19T11:04:41.090Z [App] [bootstrap] Database connected 🔥 on development mode...
[Node] [INFO] - 2022-12-19T11:04:41.094Z [App] [listen] 🚀 App listening on the port 4001 ENV: development mode...
[Node] [INFO] - 2022-12-19T11:12:05.267Z [App] [bootstrap] Database connected 🔥 on development mode...
[Node] [INFO] - 2022-12-19T11:12:05.270Z [App] [listen] 🚀 App listening on the port 4001 ENV: development mode...
[Node] [INFO] - 2022-12-19T11:21:37.251Z [App] [bootstrap] Database connected 🔥 on development mode...
[Node] [INFO] - 2022-12-19T11:21:37.255Z [App] [listen] 🚀 App listening on the port 4001 ENV: development mode...
[Node] [INFO] - 2022-12-19T11:22:18.144Z [App] [bootstrap] Database connected 🔥 on development mode...
[Node] [INFO] - 2022-12-19T11:22:18.147Z [App] [listen] 🚀 App listening on the port 4001 ENV: development mode...
[Node] [INFO] - 2022-12-19T11:22:53.540Z [App] [bootstrap] Database connected 🔥 on development mode...
[Node] [INFO] - 2022-12-19T11:22:53.543Z [App] [listen] 🚀 App listening on the port 4001 ENV: development mode...
[Node] [INFO] - 2022-12-19T11:23:30.105Z [App] [bootstrap] Database connected 🔥 on development mode...
[Node] [INFO] - 2022-12-19T11:23:30.108Z [App] [listen] 🚀 App listening on the port 4001 ENV: development mode...
[Node] [INFO] - 2022-12-19T11:24:24.710Z [App] [bootstrap] Database connected 🔥 on development mode...
[Node] [INFO] - 2022-12-19T11:24:24.714Z [App] [listen] 🚀 App listening on the port 4001 ENV: development mode...
[Node] [INFO] - 2022-12-19T11:25:39.323Z [App] [bootstrap] Database connected 🔥 on development mode...
[Node] [INFO] - 2022-12-19T11:25:39.327Z [App] [listen] 🚀 App listening on the port 4001 ENV: development mode...
[Node] [INFO] - 2022-12-19T11:25:56.601Z [App] [bootstrap] Database connected 🔥 on development mode...
[Node] [INFO] - 2022-12-19T11:25:56.605Z [App] [listen] 🚀 App listening on the port 4001 ENV: development mode...
[Node] [INFO] - 2022-12-19T11:26:39.178Z [App] [bootstrap] Database connected 🔥 on development mode...
[Node] [INFO] - 2022-12-19T11:26:39.181Z [App] [listen] 🚀 App listening on the port 4001 ENV: development mode...
[Node] [INFO] - 2022-12-19T11:26:54.240Z [App] [bootstrap] Database connected 🔥 on development mode...
[Node] [INFO] - 2022-12-19T11:26:54.243Z [App] [listen] 🚀 App listening on the port 4001 ENV: development mode...
[Node] [INFO] - 2022-12-19T13:23:30.593Z [App] [bootstrap] Database connected 🔥 on development mode...
[Node] [INFO] - 2022-12-19T13:23:30.596Z [App] [listen] 🚀 App listening on the port 4001 ENV: development mode...
[Node] [ERROR] - 2022-12-19T13:23:35.013Z500 - /api/v1/getAll [GET] - column users.date does not exist 
[Node] [INFO] - 2022-12-19T13:23:58.784Z [App] [bootstrap] Database connected 🔥 on development mode...
[Node] [INFO] - 2022-12-19T13:23:58.788Z [App] [listen] 🚀 App listening on the port 4001 ENV: development mode...
[Node] [INFO] - 2022-12-19T13:24:14.528Z [App] [bootstrap] Database connected 🔥 on development mode...
[Node] [INFO] - 2022-12-19T13:24:14.532Z [App] [listen] 🚀 App listening on the port 4001 ENV: development mode...
[Node] [INFO] - 2022-12-19T13:27:03.544Z [App] [bootstrap] Database connected 🔥 on development mode...
[Node] [INFO] - 2022-12-19T13:27:03.547Z [App] [listen] 🚀 App listening on the port 4001 ENV: development mode...
[Node] [INFO] - 2022-12-19T13:28:19.758Z [App] [bootstrap] Database connected 🔥 on development mode...
[Node] [INFO] - 2022-12-19T13:28:19.762Z [App] [listen] 🚀 App listening on the port 4001 ENV: development mode...
[Node] [INFO] - 2022-12-19T13:28:57.215Z [App] [bootstrap] Database connected 🔥 on development mode...
[Node] [INFO] - 2022-12-19T13:28:57.219Z [App] [listen] 🚀 App listening on the port 4001 ENV: development mode...
[Node] [INFO] - 2022-12-19T13:29:40.174Z [App] [bootstrap] Database connected 🔥 on development mode...
[Node] [INFO] - 2022-12-19T13:29:40.177Z [App] [listen] 🚀 App listening on the port 4001 ENV: development mode...
[Node] [INFO] - 2022-12-19T13:30:19.986Z [App] [bootstrap] Database connected 🔥 on development mode...
[Node] [INFO] - 2022-12-19T13:30:19.990Z [App] [listen] 🚀 App listening on the port 4001 ENV: development mode...
[Node] [INFO] - 2022-12-19T13:31:44.359Z [App] [bootstrap] Database connected 🔥 on development mode...
[Node] [INFO] - 2022-12-19T13:31:44.362Z [App] [listen] 🚀 App listening on the port 4001 ENV: development mode...
[Node] [INFO] - 2022-12-19T13:32:35.976Z [App] [bootstrap] Database connected 🔥 on development mode...
[Node] [INFO] - 2022-12-19T13:32:35.980Z [App] [listen] 🚀 App listening on the port 4001 ENV: development mode...
[Node] [INFO] - 2022-12-19T13:33:12.247Z [App] [bootstrap] Database connected 🔥 on development mode...
[Node] [INFO] - 2022-12-19T13:33:12.251Z [App] [listen] 🚀 App listening on the port 4001 ENV: development mode...
[Node] [INFO] - 2022-12-19T13:33:45.736Z [App] [bootstrap] Database connected 🔥 on development mode...
[Node] [INFO] - 2022-12-19T13:33:45.739Z [App] [listen] 🚀 App listening on the port 4001 ENV: development mode...
[Node] [INFO] - 2022-12-19T13:34:05.784Z [App] [bootstrap] Database connected 🔥 on development mode...
[Node] [INFO] - 2022-12-19T13:34:05.787Z [App] [listen] 🚀 App listening on the port 4001 ENV: development mode...
[Node] [INFO] - 2022-12-19T13:35:15.608Z [App] [bootstrap] Database connected 🔥 on development mode...
[Node] [INFO] - 2022-12-19T13:35:15.612Z [App] [listen] 🚀 App listening on the port 4001 ENV: development mode...
[Node] [INFO] - 2022-12-19T14:57:55.535Z [App] [bootstrap] Database connected 🔥 on development mode...
