[Node] [INFO] - 2022-12-05T06:00:29.575Z [App] [bootstrap] Database connected 🔥 on development mode...
[Node] [INFO] - 2022-12-05T06:00:29.579Z [App] [listen] 🚀 App listening on the port 4000 ENV: development mode...
[Node] [INFO] - 2022-12-05T06:30:56.934Z [App] [bootstrap] Database connected 🔥 on development mode...
[Node] [INFO] - 2022-12-05T06:30:56.939Z [App] [listen] 🚀 App listening on the port 4000 ENV: development mode...
[Node] [INFO] - 2022-12-05T06:31:01.307Z [App] [bootstrap] Database connected 🔥 on development mode...
[Node] [INFO] - 2022-12-05T06:31:01.311Z [App] [listen] 🚀 App listening on the port 4000 ENV: development mode...
[Node] [INFO] - 2022-12-05T06:31:13.651Z [App] [bootstrap] Database connected 🔥 on development mode...
[Node] [INFO] - 2022-12-05T06:31:13.655Z [App] [listen] 🚀 App listening on the port 4000 ENV: development mode...
[Node] [INFO] - 2022-12-05T06:31:21.678Z [App] [bootstrap] Database connected 🔥 on development mode...
[Node] [INFO] - 2022-12-05T06:31:21.682Z [App] [listen] 🚀 App listening on the port 4000 ENV: development mode...
[Node] [ERROR] - 2022-12-05T06:31:39.558Z500 - /api/v1/getall [GET] - Method not implemented. 
[Node] [INFO] - 2022-12-05T06:32:36.789Z [App] [bootstrap] Database connected 🔥 on development mode...
[Node] [INFO] - 2022-12-05T06:32:36.793Z [App] [listen] 🚀 App listening on the port 4000 ENV: development mode...
[Node] [INFO] - 2022-12-05T06:32:44.320Z [App] [bootstrap] Database connected 🔥 on development mode...
[Node] [INFO] - 2022-12-05T06:32:44.325Z [App] [listen] 🚀 App listening on the port 4000 ENV: development mode...
[Node] [ERROR] - 2022-12-05T06:32:44.423Z500 - /api/v1/getall [GET] - Method not implemented. 
[Node] [INFO] - 2022-12-05T06:32:57.325Z [App] [bootstrap] Database connected 🔥 on development mode...
[Node] [INFO] - 2022-12-05T06:32:57.329Z [App] [listen] 🚀 App listening on the port 4000 ENV: development mode...
[Node] [INFO] - 2022-12-05T06:33:06.657Z [App] [bootstrap] Database connected 🔥 on development mode...
[Node] [INFO] - 2022-12-05T06:33:06.661Z [App] [listen] 🚀 App listening on the port 4000 ENV: development mode...
[Node] [INFO] - 2022-12-05T06:33:21.192Z [App] [bootstrap] Database connected 🔥 on development mode...
[Node] [INFO] - 2022-12-05T06:33:21.195Z [App] [listen] 🚀 App listening on the port 4000 ENV: development mode...
[Node] [INFO] - 2022-12-05T06:33:29.662Z [App] [bootstrap] Database connected 🔥 on development mode...
[Node] [INFO] - 2022-12-05T06:33:29.665Z [App] [listen] 🚀 App listening on the port 4000 ENV: development mode...
[Node] [ERROR] - 2022-12-05T06:33:31.621Z500 - /api/v1/getall [GET] - Method not implemented. 
[Node] [INFO] - 2022-12-05T06:33:42.119Z [App] [bootstrap] Database connected 🔥 on development mode...
[Node] [INFO] - 2022-12-05T06:33:42.123Z [App] [listen] 🚀 App listening on the port 4000 ENV: development mode...
[Node] [ERROR] - 2022-12-05T06:35:28.861Z400 - /api/v1/create [POST] - property name should not exist, email must be an email 
[Node] [ERROR] - 2022-12-05T06:35:46.679Z400 - /api/v1/create [POST] - property name should not exist 
[Node] [ERROR] - 2022-12-05T06:35:53.842Z400 - /api/v1/create [POST] - property name should not exist 
[Node] [ERROR] - 2022-12-05T06:35:58.583Z400 - /api/v1/create [POST] - property name should not exist 
[Node] [INFO] - 2022-12-05T06:37:07.018Z [App] [bootstrap] Database connected 🔥 on development mode...
[Node] [INFO] - 2022-12-05T06:37:07.022Z [App] [listen] 🚀 App listening on the port 4000 ENV: development mode...
[Node] [INFO] - 2022-12-05T06:38:18.605Z [App] [bootstrap] Database connected 🔥 on development mode...
[Node] [INFO] - 2022-12-05T06:38:18.609Z [App] [listen] 🚀 App listening on the port 4000 ENV: development mode...
[Node] [INFO] - 2022-12-05T06:40:49.394Z [App] [bootstrap] Database connected 🔥 on development mode...
[Node] [INFO] - 2022-12-05T06:40:49.398Z [App] [listen] 🚀 App listening on the port 4000 ENV: development mode...
[Node] [INFO] - 2022-12-05T06:40:58.211Z [App] [bootstrap] Database connected 🔥 on development mode...
[Node] [INFO] - 2022-12-05T06:40:58.214Z [App] [listen] 🚀 App listening on the port 4000 ENV: development mode...
[Node] [ERROR] - 2022-12-05T06:53:43.349Z400 - /api/v1/create [POST] - property name should not exist 
[Node] [INFO] - 2022-12-05T06:54:49.343Z [App] [bootstrap] Database connected 🔥 on development mode...
[Node] [INFO] - 2022-12-05T06:54:49.353Z [App] [listen] 🚀 App listening on the port 4000 ENV: development mode...
[Node] [ERROR] - 2022-12-05T06:55:00.738Z409 - /api/v1/create [POST] - This email admin022@thoughtwin.com already exists 
[Node] [INFO] - 2022-12-05T06:56:06.796Z [App] [bootstrap] Database connected 🔥 on development mode...
[Node] [INFO] - 2022-12-05T06:56:06.800Z [App] [listen] 🚀 App listening on the port 4000 ENV: development mode...
[Node] [INFO] - 2022-12-05T06:57:27.938Z [App] [bootstrap] Database connected 🔥 on development mode...
[Node] [INFO] - 2022-12-05T06:57:27.941Z [App] [listen] 🚀 App listening on the port 4000 ENV: development mode...
[Node] [INFO] - 2022-12-05T07:04:30.912Z [App] [bootstrap] Database connected 🔥 on development mode...
[Node] [INFO] - 2022-12-05T07:04:30.916Z [App] [listen] 🚀 App listening on the port 4000 ENV: development mode...
[Node] [INFO] - 2022-12-05T07:05:21.097Z [App] [bootstrap] Database connected 🔥 on development mode...
[Node] [INFO] - 2022-12-05T07:05:21.101Z [App] [listen] 🚀 App listening on the port 4000 ENV: development mode...
[Node] [ERROR] - 2022-12-05T07:05:39.860Z500 - /api/v1/create [POST] - invalid input syntax for type bigint: "user" 
[Node] [INFO] - 2022-12-05T07:05:58.963Z [App] [bootstrap] Database connected 🔥 on development mode...
[Node] [INFO] - 2022-12-05T07:05:58.967Z [App] [listen] 🚀 App listening on the port 4000 ENV: development mode...
[Node] [ERROR] - 2022-12-05T07:06:28.439Z500 - /api/v1/getall [GET] - Method not implemented. 
[Node] [INFO] - 2022-12-05T07:07:24.942Z [App] [bootstrap] Database connected 🔥 on development mode...
[Node] [INFO] - 2022-12-05T07:07:24.946Z [App] [listen] 🚀 App listening on the port 4000 ENV: development mode...
[Node] [INFO] - 2022-12-05T07:08:25.516Z [App] [bootstrap] Database connected 🔥 on development mode...
[Node] [INFO] - 2022-12-05T07:08:25.520Z [App] [listen] 🚀 App listening on the port 4000 ENV: development mode...
[Node] [INFO] - 2022-12-05T07:08:30.924Z [App] [bootstrap] Database connected 🔥 on development mode...
[Node] [INFO] - 2022-12-05T07:08:30.928Z [App] [listen] 🚀 App listening on the port 4000 ENV: development mode...
[Node] [INFO] - 2022-12-05T07:08:45.681Z [App] [bootstrap] Database connected 🔥 on development mode...
[Node] [INFO] - 2022-12-05T07:08:45.685Z [App] [listen] 🚀 App listening on the port 4000 ENV: development mode...
[Node] [INFO] - 2022-12-05T07:08:59.770Z [App] [bootstrap] Database connected 🔥 on development mode...
[Node] [INFO] - 2022-12-05T07:08:59.774Z [App] [listen] 🚀 App listening on the port 4000 ENV: development mode...
[Node] [ERROR] - 2022-12-05T07:09:01.184Z500 - /api/v1/getall [GET] - Method not implemented. 
[Node] [INFO] - 2022-12-05T07:11:45.549Z [App] [bootstrap] Database connected 🔥 on development mode...
[Node] [INFO] - 2022-12-05T07:11:45.553Z [App] [listen] 🚀 App listening on the port 4000 ENV: development mode...
[Node] [INFO] - 2022-12-05T07:27:53.834Z [App] [bootstrap] Database connected 🔥 on development mode...
[Node] [INFO] - 2022-12-05T07:27:53.838Z [App] [listen] 🚀 App listening on the port 4000 ENV: development mode...
[Node] [INFO] - 2022-12-05T07:41:40.031Z [App] [bootstrap] Database connected 🔥 on development mode...
[Node] [INFO] - 2022-12-05T07:41:40.035Z [App] [listen] 🚀 App listening on the port 4000 ENV: development mode...
[Node] [INFO] - 2022-12-05T07:42:26.908Z [App] [bootstrap] Database connected 🔥 on development mode...
[Node] [INFO] - 2022-12-05T07:42:26.912Z [App] [listen] 🚀 App listening on the port 4000 ENV: development mode...
[Node] [INFO] - 2022-12-05T07:46:31.592Z [App] [bootstrap] Database connected 🔥 on development mode...
[Node] [INFO] - 2022-12-05T07:46:31.597Z [App] [listen] 🚀 App listening on the port 4000 ENV: development mode...
[Node] [INFO] - 2022-12-05T07:46:39.062Z [App] [bootstrap] Database connected 🔥 on development mode...
[Node] [INFO] - 2022-12-05T07:46:39.066Z [App] [listen] 🚀 App listening on the port 4000 ENV: development mode...
[Node] [INFO] - 2022-12-05T07:48:25.981Z [App] [bootstrap] Database connected 🔥 on development mode...
[Node] [INFO] - 2022-12-05T07:48:25.985Z [App] [listen] 🚀 App listening on the port 4000 ENV: development mode...
[Node] [INFO] - 2022-12-05T07:49:46.447Z [App] [bootstrap] Database connected 🔥 on development mode...
[Node] [INFO] - 2022-12-05T07:49:46.451Z [App] [listen] 🚀 App listening on the port 4000 ENV: development mode...
[Node] [INFO] - 2022-12-05T07:50:36.679Z [App] [bootstrap] Database connected 🔥 on development mode...
[Node] [INFO] - 2022-12-05T07:50:36.683Z [App] [listen] 🚀 App listening on the port 4000 ENV: development mode...
[Node] [ERROR] - 2022-12-05T07:50:42.015Z500 - /api/v1/get/7 [GET] - column role.roleName does not exist 
[Node] [INFO] - 2022-12-05T07:51:00.383Z [App] [bootstrap] Database connected 🔥 on development mode...
[Node] [INFO] - 2022-12-05T07:51:00.387Z [App] [listen] 🚀 App listening on the port 4000 ENV: development mode...
[Node] [INFO] - 2022-12-05T07:51:38.388Z [App] [bootstrap] Database connected 🔥 on development mode...
[Node] [INFO] - 2022-12-05T07:51:38.392Z [App] [listen] 🚀 App listening on the port 4000 ENV: development mode...
[Node] [INFO] - 2022-12-05T07:56:11.846Z [App] [bootstrap] Database connected 🔥 on development mode...
[Node] [INFO] - 2022-12-05T07:56:11.850Z [App] [listen] 🚀 App listening on the port 4000 ENV: development mode...
[Node] [INFO] - 2022-12-05T07:56:15.998Z [App] [bootstrap] Database connected 🔥 on development mode...
[Node] [INFO] - 2022-12-05T07:56:16.003Z [App] [listen] 🚀 App listening on the port 4000 ENV: development mode...
[Node] [INFO] - 2022-12-05T07:56:34.708Z [App] [bootstrap] Database connected 🔥 on development mode...
[Node] [INFO] - 2022-12-05T07:56:34.713Z [App] [listen] 🚀 App listening on the port 4000 ENV: development mode...
[Node] [INFO] - 2022-12-05T07:56:43.275Z [App] [bootstrap] Database connected 🔥 on development mode...
[Node] [INFO] - 2022-12-05T07:56:43.279Z [App] [listen] 🚀 App listening on the port 4000 ENV: development mode...
[Node] [INFO] - 2022-12-05T07:56:47.245Z [App] [bootstrap] Database connected 🔥 on development mode...
[Node] [INFO] - 2022-12-05T07:56:47.249Z [App] [listen] 🚀 App listening on the port 4000 ENV: development mode...
[Node] [INFO] - 2022-12-05T07:56:59.072Z [App] [bootstrap] Database connected 🔥 on development mode...
[Node] [INFO] - 2022-12-05T07:56:59.076Z [App] [listen] 🚀 App listening on the port 4000 ENV: development mode...
[Node] [INFO] - 2022-12-05T07:57:19.638Z [App] [bootstrap] Database connected 🔥 on development mode...
[Node] [INFO] - 2022-12-05T07:57:19.642Z [App] [listen] 🚀 App listening on the port 4000 ENV: development mode...
[Node] [INFO] - 2022-12-05T07:57:28.788Z [App] [bootstrap] Database connected 🔥 on development mode...
[Node] [INFO] - 2022-12-05T07:57:28.792Z [App] [listen] 🚀 App listening on the port 4000 ENV: development mode...
[Node] [INFO] - 2022-12-05T07:57:57.911Z [App] [bootstrap] Database connected 🔥 on development mode...
[Node] [INFO] - 2022-12-05T07:57:57.915Z [App] [listen] 🚀 App listening on the port 4000 ENV: development mode...
[Node] [INFO] - 2022-12-05T07:58:16.438Z [App] [bootstrap] Database connected 🔥 on development mode...
[Node] [INFO] - 2022-12-05T07:58:16.442Z [App] [listen] 🚀 App listening on the port 4000 ENV: development mode...
[Node] [INFO] - 2022-12-05T07:58:27.666Z [App] [bootstrap] Database connected 🔥 on development mode...
[Node] [INFO] - 2022-12-05T07:58:27.670Z [App] [listen] 🚀 App listening on the port 4000 ENV: development mode...
[Node] [INFO] - 2022-12-05T07:58:33.087Z [App] [bootstrap] Database connected 🔥 on development mode...
[Node] [INFO] - 2022-12-05T07:58:33.091Z [App] [listen] 🚀 App listening on the port 4000 ENV: development mode...
[Node] [INFO] - 2022-12-05T08:02:16.003Z [App] [bootstrap] Database connected 🔥 on development mode...
[Node] [INFO] - 2022-12-05T08:02:16.008Z [App] [listen] 🚀 App listening on the port 4000 ENV: development mode...
[Node] [INFO] - 2022-12-05T08:02:31.441Z [App] [bootstrap] Database connected 🔥 on development mode...
[Node] [INFO] - 2022-12-05T08:02:31.445Z [App] [listen] 🚀 App listening on the port 4000 ENV: development mode...
[Node] [INFO] - 2022-12-05T08:02:44.667Z [App] [bootstrap] Database connected 🔥 on development mode...
[Node] [INFO] - 2022-12-05T08:02:44.670Z [App] [listen] 🚀 App listening on the port 4000 ENV: development mode...
[Node] [INFO] - 2022-12-05T08:03:01.739Z [App] [bootstrap] Database connected 🔥 on development mode...
[Node] [INFO] - 2022-12-05T08:03:01.742Z [App] [listen] 🚀 App listening on the port 4000 ENV: development mode...
[Node] [INFO] - 2022-12-05T08:03:07.879Z [App] [bootstrap] Database connected 🔥 on development mode...
[Node] [INFO] - 2022-12-05T08:03:07.883Z [App] [listen] 🚀 App listening on the port 4000 ENV: development mode...
[Node] [INFO] - 2022-12-05T08:03:18.494Z [App] [bootstrap] Database connected 🔥 on development mode...
[Node] [INFO] - 2022-12-05T08:03:18.498Z [App] [listen] 🚀 App listening on the port 4000 ENV: development mode...
[Node] [INFO] - 2022-12-05T08:03:35.030Z [App] [bootstrap] Database connected 🔥 on development mode...
[Node] [INFO] - 2022-12-05T08:03:35.034Z [App] [listen] 🚀 App listening on the port 4000 ENV: development mode...
[Node] [INFO] - 2022-12-05T08:03:57.023Z [App] [bootstrap] Database connected 🔥 on development mode...
[Node] [INFO] - 2022-12-05T08:03:57.027Z [App] [listen] 🚀 App listening on the port 4000 ENV: development mode...
[Node] [INFO] - 2022-12-05T08:04:04.116Z [App] [bootstrap] Database connected 🔥 on development mode...
[Node] [INFO] - 2022-12-05T08:04:04.120Z [App] [listen] 🚀 App listening on the port 4000 ENV: development mode...
[Node] [INFO] - 2022-12-05T08:04:39.221Z [App] [bootstrap] Database connected 🔥 on development mode...
[Node] [INFO] - 2022-12-05T08:04:39.225Z [App] [listen] 🚀 App listening on the port 4000 ENV: development mode...
[Node] [INFO] - 2022-12-05T08:04:48.620Z [App] [bootstrap] Database connected 🔥 on development mode...
[Node] [INFO] - 2022-12-05T08:04:48.623Z [App] [listen] 🚀 App listening on the port 4000 ENV: development mode...
[Node] [INFO] - 2022-12-05T08:04:56.320Z [App] [bootstrap] Database connected 🔥 on development mode...
[Node] [INFO] - 2022-12-05T08:04:56.324Z [App] [listen] 🚀 App listening on the port 4000 ENV: development mode...
[Node] [INFO] - 2022-12-05T08:05:28.401Z [App] [bootstrap] Database connected 🔥 on development mode...
[Node] [INFO] - 2022-12-05T08:05:28.404Z [App] [listen] 🚀 App listening on the port 4000 ENV: development mode...
[Node] [INFO] - 2022-12-05T08:05:48.207Z [App] [bootstrap] Database connected 🔥 on development mode...
[Node] [INFO] - 2022-12-05T08:05:48.210Z [App] [listen] 🚀 App listening on the port 4000 ENV: development mode...
[Node] [INFO] - 2022-12-05T08:06:44.236Z [App] [bootstrap] Database connected 🔥 on development mode...
[Node] [INFO] - 2022-12-05T08:06:44.240Z [App] [listen] 🚀 App listening on the port 4000 ENV: development mode...
[Node] [INFO] - 2022-12-05T08:06:51.112Z [App] [bootstrap] Database connected 🔥 on development mode...
[Node] [INFO] - 2022-12-05T08:06:51.116Z [App] [listen] 🚀 App listening on the port 4000 ENV: development mode...
[Node] [INFO] - 2022-12-05T08:07:01.376Z [App] [bootstrap] Database connected 🔥 on development mode...
[Node] [INFO] - 2022-12-05T08:07:01.380Z [App] [listen] 🚀 App listening on the port 4000 ENV: development mode...
[Node] [INFO] - 2022-12-05T08:08:19.643Z [App] [bootstrap] Database connected 🔥 on development mode...
[Node] [INFO] - 2022-12-05T08:08:19.647Z [App] [listen] 🚀 App listening on the port 4000 ENV: development mode...
[Node] [INFO] - 2022-12-05T08:08:29.755Z [App] [bootstrap] Database connected 🔥 on development mode...
[Node] [INFO] - 2022-12-05T08:08:29.758Z [App] [listen] 🚀 App listening on the port 4000 ENV: development mode...
[Node] [INFO] - 2022-12-05T08:08:37.535Z [App] [bootstrap] Database connected 🔥 on development mode...
[Node] [INFO] - 2022-12-05T08:08:37.539Z [App] [listen] 🚀 App listening on the port 4000 ENV: development mode...
[Node] [INFO] - 2022-12-05T08:08:42.157Z [App] [bootstrap] Database connected 🔥 on development mode...
[Node] [INFO] - 2022-12-05T08:08:42.160Z [App] [listen] 🚀 App listening on the port 4000 ENV: development mode...
[Node] [INFO] - 2022-12-05T08:08:53.988Z [App] [bootstrap] Database connected 🔥 on development mode...
[Node] [INFO] - 2022-12-05T08:08:53.992Z [App] [listen] 🚀 App listening on the port 4000 ENV: development mode...
[Node] [INFO] - 2022-12-05T08:09:04.270Z [App] [bootstrap] Database connected 🔥 on development mode...
[Node] [INFO] - 2022-12-05T08:09:04.274Z [App] [listen] 🚀 App listening on the port 4000 ENV: development mode...
[Node] [INFO] - 2022-12-05T08:09:10.307Z [App] [bootstrap] Database connected 🔥 on development mode...
[Node] [INFO] - 2022-12-05T08:09:10.310Z [App] [listen] 🚀 App listening on the port 4000 ENV: development mode...
[Node] [INFO] - 2022-12-05T08:10:18.761Z [App] [bootstrap] Database connected 🔥 on development mode...
[Node] [INFO] - 2022-12-05T08:10:18.766Z [App] [listen] 🚀 App listening on the port 4000 ENV: development mode...
[Node] [INFO] - 2022-12-05T08:10:52.563Z [App] [bootstrap] Database connected 🔥 on development mode...
[Node] [INFO] - 2022-12-05T08:10:52.567Z [App] [listen] 🚀 App listening on the port 4000 ENV: development mode...
[Node] [INFO] - 2022-12-05T08:11:02.921Z [App] [bootstrap] Database connected 🔥 on development mode...
[Node] [INFO] - 2022-12-05T08:11:02.926Z [App] [listen] 🚀 App listening on the port 4000 ENV: development mode...
[Node] [INFO] - 2022-12-05T08:11:07.720Z [App] [bootstrap] Database connected 🔥 on development mode...
[Node] [INFO] - 2022-12-05T08:11:07.723Z [App] [listen] 🚀 App listening on the port 4000 ENV: development mode...
[Node] [INFO] - 2022-12-05T08:11:25.073Z [App] [bootstrap] Database connected 🔥 on development mode...
[Node] [INFO] - 2022-12-05T08:11:25.077Z [App] [listen] 🚀 App listening on the port 4000 ENV: development mode...
[Node] [INFO] - 2022-12-05T08:11:29.492Z [App] [bootstrap] Database connected 🔥 on development mode...
[Node] [INFO] - 2022-12-05T08:11:29.496Z [App] [listen] 🚀 App listening on the port 4000 ENV: development mode...
[Node] [INFO] - 2022-12-05T08:12:12.480Z [App] [bootstrap] Database connected 🔥 on development mode...
[Node] [INFO] - 2022-12-05T08:12:12.484Z [App] [listen] 🚀 App listening on the port 4000 ENV: development mode...
[Node] [INFO] - 2022-12-05T08:12:23.178Z [App] [bootstrap] Database connected 🔥 on development mode...
[Node] [INFO] - 2022-12-05T08:12:23.182Z [App] [listen] 🚀 App listening on the port 4000 ENV: development mode...
[Node] [INFO] - 2022-12-05T08:13:08.046Z [App] [bootstrap] Database connected 🔥 on development mode...
[Node] [INFO] - 2022-12-05T08:13:08.051Z [App] [listen] 🚀 App listening on the port 4000 ENV: development mode...
[Node] [INFO] - 2022-12-05T08:13:23.144Z [App] [bootstrap] Database connected 🔥 on development mode...
[Node] [INFO] - 2022-12-05T08:13:23.147Z [App] [listen] 🚀 App listening on the port 4000 ENV: development mode...
[Node] [INFO] - 2022-12-05T08:13:56.670Z [App] [bootstrap] Database connected 🔥 on development mode...
[Node] [INFO] - 2022-12-05T08:13:56.674Z [App] [listen] 🚀 App listening on the port 4000 ENV: development mode...
[Node] [INFO] - 2022-12-05T08:14:09.360Z [App] [bootstrap] Database connected 🔥 on development mode...
[Node] [INFO] - 2022-12-05T08:14:09.364Z [App] [listen] 🚀 App listening on the port 4000 ENV: development mode...
[Node] [INFO] - 2022-12-05T08:21:34.979Z [App] [bootstrap] Database connected 🔥 on development mode...
[Node] [INFO] - 2022-12-05T08:21:34.990Z [App] [listen] 🚀 App listening on the port 4000 ENV: development mode...
[Node] [INFO] - 2022-12-05T08:22:09.843Z [App] [bootstrap] Database connected 🔥 on development mode...
[Node] [INFO] - 2022-12-05T08:22:09.847Z [App] [listen] 🚀 App listening on the port 4000 ENV: development mode...
[Node] [INFO] - 2022-12-05T08:22:19.549Z [App] [bootstrap] Database connected 🔥 on development mode...
[Node] [INFO] - 2022-12-05T08:22:19.553Z [App] [listen] 🚀 App listening on the port 4000 ENV: development mode...
[Node] [INFO] - 2022-12-05T08:22:31.104Z [App] [bootstrap] Database connected 🔥 on development mode...
[Node] [INFO] - 2022-12-05T08:22:31.108Z [App] [listen] 🚀 App listening on the port 4000 ENV: development mode...
[Node] [INFO] - 2022-12-05T08:22:39.898Z [App] [bootstrap] Database connected 🔥 on development mode...
[Node] [INFO] - 2022-12-05T08:22:39.902Z [App] [listen] 🚀 App listening on the port 4000 ENV: development mode...
[Node] [INFO] - 2022-12-05T08:22:47.023Z [App] [bootstrap] Database connected 🔥 on development mode...
[Node] [INFO] - 2022-12-05T08:22:47.028Z [App] [listen] 🚀 App listening on the port 4000 ENV: development mode...
[Node] [INFO] - 2022-12-05T08:22:59.111Z [App] [bootstrap] Database connected 🔥 on development mode...
[Node] [INFO] - 2022-12-05T08:22:59.115Z [App] [listen] 🚀 App listening on the port 4000 ENV: development mode...
[Node] [INFO] - 2022-12-05T08:23:24.155Z [App] [bootstrap] Database connected 🔥 on development mode...
[Node] [INFO] - 2022-12-05T08:23:24.159Z [App] [listen] 🚀 App listening on the port 4000 ENV: development mode...
[Node] [INFO] - 2022-12-05T08:23:32.499Z [App] [bootstrap] Database connected 🔥 on development mode...
[Node] [INFO] - 2022-12-05T08:23:32.502Z [App] [listen] 🚀 App listening on the port 4000 ENV: development mode...
[Node] [INFO] - 2022-12-05T08:24:10.170Z [App] [bootstrap] Database connected 🔥 on development mode...
[Node] [INFO] - 2022-12-05T08:24:10.175Z [App] [listen] 🚀 App listening on the port 4000 ENV: development mode...
[Node] [INFO] - 2022-12-05T08:24:22.222Z [App] [bootstrap] Database connected 🔥 on development mode...
[Node] [INFO] - 2022-12-05T08:24:22.226Z [App] [listen] 🚀 App listening on the port 4000 ENV: development mode...
[Node] [INFO] - 2022-12-05T08:24:38.585Z [App] [bootstrap] Database connected 🔥 on development mode...
[Node] [INFO] - 2022-12-05T08:24:38.589Z [App] [listen] 🚀 App listening on the port 4000 ENV: development mode...
[Node] [INFO] - 2022-12-05T08:24:45.095Z [App] [bootstrap] Database connected 🔥 on development mode...
[Node] [INFO] - 2022-12-05T08:24:45.099Z [App] [listen] 🚀 App listening on the port 4000 ENV: development mode...
[Node] [INFO] - 2022-12-05T08:24:51.569Z [App] [bootstrap] Database connected 🔥 on development mode...
[Node] [INFO] - 2022-12-05T08:24:51.573Z [App] [listen] 🚀 App listening on the port 4000 ENV: development mode...
[Node] [INFO] - 2022-12-05T08:25:10.305Z [App] [bootstrap] Database connected 🔥 on development mode...
[Node] [INFO] - 2022-12-05T08:25:10.309Z [App] [listen] 🚀 App listening on the port 4000 ENV: development mode...
[Node] [INFO] - 2022-12-05T08:25:18.000Z [App] [bootstrap] Database connected 🔥 on development mode...
[Node] [INFO] - 2022-12-05T08:25:18.004Z [App] [listen] 🚀 App listening on the port 4000 ENV: development mode...
[Node] [INFO] - 2022-12-05T08:25:30.937Z [App] [bootstrap] Database connected 🔥 on development mode...
[Node] [INFO] - 2022-12-05T08:25:30.942Z [App] [listen] 🚀 App listening on the port 4000 ENV: development mode...
[Node] [INFO] - 2022-12-05T08:25:36.132Z [App] [bootstrap] Database connected 🔥 on development mode...
[Node] [INFO] - 2022-12-05T08:25:36.137Z [App] [listen] 🚀 App listening on the port 4000 ENV: development mode...
[Node] [INFO] - 2022-12-05T08:26:01.494Z [App] [bootstrap] Database connected 🔥 on development mode...
[Node] [INFO] - 2022-12-05T08:26:01.497Z [App] [listen] 🚀 App listening on the port 4000 ENV: development mode...
[Node] [INFO] - 2022-12-05T08:26:09.667Z [App] [bootstrap] Database connected 🔥 on development mode...
[Node] [INFO] - 2022-12-05T08:26:09.671Z [App] [listen] 🚀 App listening on the port 4000 ENV: development mode...
[Node] [INFO] - 2022-12-05T08:26:32.226Z [App] [bootstrap] Database connected 🔥 on development mode...
[Node] [INFO] - 2022-12-05T08:26:32.230Z [App] [listen] 🚀 App listening on the port 4000 ENV: development mode...
[Node] [INFO] - 2022-12-05T08:26:38.184Z [App] [bootstrap] Database connected 🔥 on development mode...
[Node] [INFO] - 2022-12-05T08:26:38.188Z [App] [listen] 🚀 App listening on the port 4000 ENV: development mode...
[Node] [INFO] - 2022-12-05T09:25:32.902Z [App] [bootstrap] Database connected 🔥 on development mode...
[Node] [INFO] - 2022-12-05T09:25:32.906Z [App] [listen] 🚀 App listening on the port 4000 ENV: development mode...
[Node] [INFO] - 2022-12-05T09:25:41.805Z [App] [bootstrap] Database connected 🔥 on development mode...
[Node] [INFO] - 2022-12-05T09:25:41.809Z [App] [listen] 🚀 App listening on the port 4000 ENV: development mode...
[Node] [INFO] - 2022-12-05T09:26:06.721Z [App] [bootstrap] Database connected 🔥 on development mode...
[Node] [INFO] - 2022-12-05T09:26:06.725Z [App] [listen] 🚀 App listening on the port 4000 ENV: development mode...
[Node] [INFO] - 2022-12-05T09:26:12.847Z [App] [bootstrap] Database connected 🔥 on development mode...
[Node] [INFO] - 2022-12-05T09:26:12.851Z [App] [listen] 🚀 App listening on the port 4000 ENV: development mode...
[Node] [INFO] - 2022-12-05T09:28:30.672Z [App] [bootstrap] Database connected 🔥 on development mode...
[Node] [INFO] - 2022-12-05T09:28:30.676Z [App] [listen] 🚀 App listening on the port 4000 ENV: development mode...
[Node] [INFO] - 2022-12-05T09:28:34.667Z [App] [bootstrap] Database connected 🔥 on development mode...
[Node] [INFO] - 2022-12-05T09:28:34.672Z [App] [listen] 🚀 App listening on the port 4000 ENV: development mode...
[Node] [INFO] - 2022-12-05T09:35:22.592Z [App] [bootstrap] Database connected 🔥 on development mode...
[Node] [INFO] - 2022-12-05T09:35:22.596Z [App] [listen] 🚀 App listening on the port 4000 ENV: development mode...
[Node] [INFO] - 2022-12-05T09:36:12.577Z [App] [bootstrap] Database connected 🔥 on development mode...
[Node] [INFO] - 2022-12-05T09:36:12.581Z [App] [listen] 🚀 App listening on the port 4000 ENV: development mode...
[Node] [INFO] - 2022-12-05T09:36:33.962Z [App] [bootstrap] Database connected 🔥 on development mode...
[Node] [INFO] - 2022-12-05T09:36:33.966Z [App] [listen] 🚀 App listening on the port 4000 ENV: development mode...
[Node] [INFO] - 2022-12-05T09:36:52.892Z [App] [bootstrap] Database connected 🔥 on development mode...
[Node] [INFO] - 2022-12-05T09:36:52.896Z [App] [listen] 🚀 App listening on the port 4000 ENV: development mode...
[Node] [INFO] - 2022-12-05T09:37:15.172Z [App] [bootstrap] Database connected 🔥 on development mode...
[Node] [INFO] - 2022-12-05T09:37:15.176Z [App] [listen] 🚀 App listening on the port 4000 ENV: development mode...
[Node] [INFO] - 2022-12-05T09:37:22.007Z [App] [bootstrap] Database connected 🔥 on development mode...
[Node] [INFO] - 2022-12-05T09:37:22.011Z [App] [listen] 🚀 App listening on the port 4000 ENV: development mode...
[Node] [INFO] - 2022-12-05T09:37:43.577Z [App] [bootstrap] Database connected 🔥 on development mode...
[Node] [INFO] - 2022-12-05T09:37:43.581Z [App] [listen] 🚀 App listening on the port 4000 ENV: development mode...
[Node] [INFO] - 2022-12-05T12:40:38.861Z [App] [bootstrap] Database connected 🔥 on development mode...
[Node] [INFO] - 2022-12-05T12:40:38.865Z [App] [listen] 🚀 App listening on the port 4000 ENV: development mode...
[Node] [INFO] - 2022-12-05T12:41:29.018Z [App] [bootstrap] Database connected 🔥 on development mode...
[Node] [INFO] - 2022-12-05T12:41:29.024Z [App] [listen] 🚀 App listening on the port 4000 ENV: development mode...
[Node] [INFO] - 2022-12-05T12:41:37.291Z [App] [bootstrap] Database connected 🔥 on development mode...
[Node] [INFO] - 2022-12-05T12:41:37.295Z [App] [listen] 🚀 App listening on the port 4000 ENV: development mode...
[Node] [INFO] - 2022-12-05T12:41:50.165Z [App] [bootstrap] Database connected 🔥 on development mode...
[Node] [INFO] - 2022-12-05T12:41:50.169Z [App] [listen] 🚀 App listening on the port 4000 ENV: development mode...
[Node] [INFO] - 2022-12-05T12:42:30.661Z [App] [bootstrap] Database connected 🔥 on development mode...
[Node] [INFO] - 2022-12-05T12:42:30.665Z [App] [listen] 🚀 App listening on the port 4000 ENV: development mode...
[Node] [INFO] - 2022-12-05T12:42:55.923Z [App] [bootstrap] Database connected 🔥 on development mode...
[Node] [INFO] - 2022-12-05T12:42:55.928Z [App] [listen] 🚀 App listening on the port 4000 ENV: development mode...
[Node] [INFO] - 2022-12-05T12:43:02.799Z [App] [bootstrap] Database connected 🔥 on development mode...
[Node] [INFO] - 2022-12-05T12:43:02.803Z [App] [listen] 🚀 App listening on the port 4000 ENV: development mode...
[Node] [INFO] - 2022-12-05T12:43:13.583Z [App] [bootstrap] Database connected 🔥 on development mode...
[Node] [INFO] - 2022-12-05T12:43:13.587Z [App] [listen] 🚀 App listening on the port 4000 ENV: development mode...
[Node] [INFO] - 2022-12-05T12:43:44.298Z [App] [bootstrap] Database connected 🔥 on development mode...
[Node] [INFO] - 2022-12-05T12:43:44.302Z [App] [listen] 🚀 App listening on the port 4000 ENV: development mode...
[Node] [INFO] - 2022-12-05T12:44:27.576Z [App] [bootstrap] Database connected 🔥 on development mode...
[Node] [INFO] - 2022-12-05T12:44:27.580Z [App] [listen] 🚀 App listening on the port 4000 ENV: development mode...
[Node] [INFO] - 2022-12-05T12:47:20.769Z [App] [bootstrap] Database connected 🔥 on development mode...
[Node] [INFO] - 2022-12-05T12:47:20.775Z [App] [listen] 🚀 App listening on the port 4000 ENV: development mode...
[Node] [INFO] - 2022-12-05T12:48:21.981Z [App] [bootstrap] Database connected 🔥 on development mode...
[Node] [INFO] - 2022-12-05T12:48:21.995Z [App] [listen] 🚀 App listening on the port 4000 ENV: development mode...
[Node] [INFO] - 2022-12-05T12:48:38.534Z [App] [bootstrap] Database connected 🔥 on development mode...
[Node] [INFO] - 2022-12-05T12:48:38.539Z [App] [listen] 🚀 App listening on the port 4000 ENV: development mode...
[Node] [INFO] - 2022-12-05T12:48:58.187Z [App] [bootstrap] Database connected 🔥 on development mode...
[Node] [INFO] - 2022-12-05T12:48:58.191Z [App] [listen] 🚀 App listening on the port 4000 ENV: development mode...
[Node] [INFO] - 2022-12-05T12:49:59.941Z [App] [bootstrap] Database connected 🔥 on development mode...
[Node] [INFO] - 2022-12-05T12:49:59.946Z [App] [listen] 🚀 App listening on the port 4000 ENV: development mode...
[Node] [INFO] - 2022-12-05T12:50:29.362Z [App] [bootstrap] Database connected 🔥 on development mode...
[Node] [INFO] - 2022-12-05T12:50:29.366Z [App] [listen] 🚀 App listening on the port 4000 ENV: development mode...
[Node] [INFO] - 2022-12-05T12:52:38.461Z [App] [bootstrap] Database connected 🔥 on development mode...
[Node] [INFO] - 2022-12-05T12:52:38.465Z [App] [listen] 🚀 App listening on the port 4000 ENV: development mode...
[Node] [INFO] - 2022-12-05T12:53:10.654Z [App] [bootstrap] Database connected 🔥 on development mode...
[Node] [INFO] - 2022-12-05T12:53:10.659Z [App] [listen] 🚀 App listening on the port 4000 ENV: development mode...
[Node] [INFO] - 2022-12-05T12:56:38.933Z [App] [bootstrap] Database connected 🔥 on development mode...
[Node] [INFO] - 2022-12-05T12:56:38.938Z [App] [listen] 🚀 App listening on the port 4000 ENV: development mode...
[Node] [INFO] - 2022-12-05T12:56:58.954Z [App] [bootstrap] Database connected 🔥 on development mode...
[Node] [INFO] - 2022-12-05T12:56:58.958Z [App] [listen] 🚀 App listening on the port 4000 ENV: development mode...
[Node] [INFO] - 2022-12-05T12:57:14.797Z [App] [bootstrap] Database connected 🔥 on development mode...
[Node] [INFO] - 2022-12-05T12:57:14.802Z [App] [listen] 🚀 App listening on the port 4000 ENV: development mode...
[Node] [INFO] - 2022-12-05T12:57:37.456Z [App] [bootstrap] Database connected 🔥 on development mode...
[Node] [INFO] - 2022-12-05T12:57:37.461Z [App] [listen] 🚀 App listening on the port 4000 ENV: development mode...
[Node] [INFO] - 2022-12-05T12:57:50.505Z [App] [bootstrap] Database connected 🔥 on development mode...
[Node] [INFO] - 2022-12-05T12:57:50.510Z [App] [listen] 🚀 App listening on the port 4000 ENV: development mode...
[Node] [INFO] - 2022-12-05T12:58:05.266Z [App] [bootstrap] Database connected 🔥 on development mode...
[Node] [INFO] - 2022-12-05T12:58:05.270Z [App] [listen] 🚀 App listening on the port 4000 ENV: development mode...
[Node] [INFO] - 2022-12-05T12:58:15.579Z [App] [bootstrap] Database connected 🔥 on development mode...
[Node] [INFO] - 2022-12-05T12:58:15.583Z [App] [listen] 🚀 App listening on the port 4000 ENV: development mode...
[Node] [INFO] - 2022-12-05T12:58:34.461Z [App] [bootstrap] Database connected 🔥 on development mode...
[Node] [INFO] - 2022-12-05T12:58:34.465Z [App] [listen] 🚀 App listening on the port 4000 ENV: development mode...
[Node] [INFO] - 2022-12-05T12:58:46.244Z [App] [bootstrap] Database connected 🔥 on development mode...
[Node] [INFO] - 2022-12-05T12:58:46.249Z [App] [listen] 🚀 App listening on the port 4000 ENV: development mode...
[Node] [INFO] - 2022-12-05T12:59:06.284Z [App] [bootstrap] Database connected 🔥 on development mode...
[Node] [INFO] - 2022-12-05T12:59:06.288Z [App] [listen] 🚀 App listening on the port 4000 ENV: development mode...
[Node] [INFO] - 2022-12-05T12:59:20.173Z [App] [bootstrap] Database connected 🔥 on development mode...
[Node] [INFO] - 2022-12-05T12:59:20.177Z [App] [listen] 🚀 App listening on the port 4000 ENV: development mode...
[Node] [INFO] - 2022-12-05T12:59:37.417Z [App] [bootstrap] Database connected 🔥 on development mode...
[Node] [INFO] - 2022-12-05T12:59:37.421Z [App] [listen] 🚀 App listening on the port 4000 ENV: development mode...
[Node] [INFO] - 2022-12-05T12:59:48.312Z [App] [bootstrap] Database connected 🔥 on development mode...
[Node] [INFO] - 2022-12-05T12:59:48.317Z [App] [listen] 🚀 App listening on the port 4000 ENV: development mode...
[Node] [INFO] - 2022-12-05T12:59:55.197Z [App] [bootstrap] Database connected 🔥 on development mode...
[Node] [INFO] - 2022-12-05T12:59:55.201Z [App] [listen] 🚀 App listening on the port 4000 ENV: development mode...
[Node] [INFO] - 2022-12-05T13:00:33.309Z [App] [bootstrap] Database connected 🔥 on development mode...
[Node] [INFO] - 2022-12-05T13:00:33.313Z [App] [listen] 🚀 App listening on the port 4000 ENV: development mode...
[Node] [INFO] - 2022-12-05T13:00:43.169Z [App] [bootstrap] Database connected 🔥 on development mode...
[Node] [INFO] - 2022-12-05T13:00:43.174Z [App] [listen] 🚀 App listening on the port 4000 ENV: development mode...
[Node] [INFO] - 2022-12-05T13:01:14.547Z [App] [bootstrap] Database connected 🔥 on development mode...
[Node] [INFO] - 2022-12-05T13:01:14.551Z [App] [listen] 🚀 App listening on the port 4000 ENV: development mode...
[Node] [INFO] - 2022-12-05T13:01:26.198Z [App] [bootstrap] Database connected 🔥 on development mode...
[Node] [INFO] - 2022-12-05T13:01:26.203Z [App] [listen] 🚀 App listening on the port 4000 ENV: development mode...
[Node] [INFO] - 2022-12-05T13:01:36.506Z [App] [bootstrap] Database connected 🔥 on development mode...
[Node] [INFO] - 2022-12-05T13:01:36.511Z [App] [listen] 🚀 App listening on the port 4000 ENV: development mode...
[Node] [INFO] - 2022-12-05T13:01:41.927Z [App] [bootstrap] Database connected 🔥 on development mode...
[Node] [INFO] - 2022-12-05T13:01:41.931Z [App] [listen] 🚀 App listening on the port 4000 ENV: development mode...
[Node] [INFO] - 2022-12-05T13:01:50.253Z [App] [bootstrap] Database connected 🔥 on development mode...
[Node] [INFO] - 2022-12-05T13:01:50.258Z [App] [listen] 🚀 App listening on the port 4000 ENV: development mode...
[Node] [INFO] - 2022-12-05T13:02:09.185Z [App] [bootstrap] Database connected 🔥 on development mode...
[Node] [INFO] - 2022-12-05T13:02:09.189Z [App] [listen] 🚀 App listening on the port 4000 ENV: development mode...
[Node] [INFO] - 2022-12-05T13:02:27.265Z [App] [bootstrap] Database connected 🔥 on development mode...
[Node] [INFO] - 2022-12-05T13:02:27.269Z [App] [listen] 🚀 App listening on the port 4000 ENV: development mode...
[Node] [INFO] - 2022-12-05T13:02:49.964Z [App] [bootstrap] Database connected 🔥 on development mode...
[Node] [INFO] - 2022-12-05T13:02:49.968Z [App] [listen] 🚀 App listening on the port 4000 ENV: development mode...
[Node] [INFO] - 2022-12-05T13:03:33.173Z [App] [bootstrap] Database connected 🔥 on development mode...
[Node] [INFO] - 2022-12-05T13:03:33.178Z [App] [listen] 🚀 App listening on the port 4000 ENV: development mode...
[Node] [INFO] - 2022-12-05T13:03:50.965Z [App] [bootstrap] Database connected 🔥 on development mode...
[Node] [INFO] - 2022-12-05T13:03:50.970Z [App] [listen] 🚀 App listening on the port 4000 ENV: development mode...
[Node] [INFO] - 2022-12-05T13:05:19.324Z [App] [bootstrap] Database connected 🔥 on development mode...
[Node] [INFO] - 2022-12-05T13:05:19.329Z [App] [listen] 🚀 App listening on the port 4000 ENV: development mode...
[Node] [INFO] - 2022-12-05T13:05:28.953Z [App] [bootstrap] Database connected 🔥 on development mode...
[Node] [INFO] - 2022-12-05T13:05:28.958Z [App] [listen] 🚀 App listening on the port 4000 ENV: development mode...
[Node] [INFO] - 2022-12-05T13:05:35.264Z [App] [bootstrap] Database connected 🔥 on development mode...
[Node] [INFO] - 2022-12-05T13:05:35.268Z [App] [listen] 🚀 App listening on the port 4000 ENV: development mode...
[Node] [INFO] - 2022-12-05T13:06:48.619Z [App] [bootstrap] Database connected 🔥 on development mode...
[Node] [INFO] - 2022-12-05T13:06:48.623Z [App] [listen] 🚀 App listening on the port 4000 ENV: development mode...
