[Node] [INFO] - 2022-12-01T06:47:53.081Z [App] [bootstrap] Database connected 🔥 on development mode...
[Node] [INFO] - 2022-12-01T06:47:53.086Z [App] [listen] 🚀 App listening on the port 4000 ENV: development mode...
[Node] [INFO] - 2022-12-01T06:54:28.442Z [App] [bootstrap] Database connected 🔥 on development mode...
[Node] [INFO] - 2022-12-01T06:54:28.446Z [App] [listen] 🚀 App listening on the port 4000 ENV: development mode...
[Node] [INFO] - 2022-12-01T07:03:44.056Z [App] [bootstrap] Database connected 🔥 on development mode...
[Node] [INFO] - 2022-12-01T07:03:44.067Z [App] [listen] 🚀 App listening on the port 4000 ENV: development mode...
[Node] [INFO] - 2022-12-01T07:04:58.450Z [App] [bootstrap] Database connected 🔥 on development mode...
[Node] [INFO] - 2022-12-01T07:04:58.461Z [App] [listen] 🚀 App listening on the port 4000 ENV: development mode...
[Node] [INFO] - 2022-12-01T07:05:07.916Z [App] [bootstrap] Database connected 🔥 on development mode...
[Node] [INFO] - 2022-12-01T07:05:07.927Z [App] [listen] 🚀 App listening on the port 4000 ENV: development mode...
[Node] [INFO] - 2022-12-01T07:05:53.665Z [App] [bootstrap] Database connected 🔥 on development mode...
[Node] [INFO] - 2022-12-01T07:05:53.678Z [App] [listen] 🚀 App listening on the port 4000 ENV: development mode...
[Node] [INFO] - 2022-12-01T07:06:19.030Z [App] [bootstrap] Database connected 🔥 on development mode...
[Node] [INFO] - 2022-12-01T07:06:19.034Z [App] [listen] 🚀 App listening on the port 4000 ENV: development mode...
[Node] [INFO] - 2022-12-01T07:07:57.985Z [App] [bootstrap] Database connected 🔥 on development mode...
[Node] [INFO] - 2022-12-01T07:07:57.998Z [App] [listen] 🚀 App listening on the port 4000 ENV: development mode...
[Node] [INFO] - 2022-12-01T07:08:06.235Z [App] [bootstrap] Database connected 🔥 on development mode...
[Node] [INFO] - 2022-12-01T07:08:06.246Z [App] [listen] 🚀 App listening on the port 4000 ENV: development mode...
[Node] [INFO] - 2022-12-01T07:08:43.089Z [App] [bootstrap] Database connected 🔥 on development mode...
[Node] [INFO] - 2022-12-01T07:08:43.103Z [App] [listen] 🚀 App listening on the port 4000 ENV: development mode...
[Node] [INFO] - 2022-12-01T07:08:54.522Z [App] [bootstrap] Database connected 🔥 on development mode...
[Node] [INFO] - 2022-12-01T07:08:54.533Z [App] [listen] 🚀 App listening on the port 4000 ENV: development mode...
[Node] [INFO] - 2022-12-01T07:09:24.005Z [App] [bootstrap] Database connected 🔥 on development mode...
[Node] [INFO] - 2022-12-01T07:09:24.016Z [App] [listen] 🚀 App listening on the port 4000 ENV: development mode...
[Node] [INFO] - 2022-12-01T07:09:43.462Z [App] [bootstrap] Database connected 🔥 on development mode...
[Node] [INFO] - 2022-12-01T07:09:43.474Z [App] [listen] 🚀 App listening on the port 4000 ENV: development mode...
[Node] [INFO] - 2022-12-01T07:10:36.976Z [App] [bootstrap] Database connected 🔥 on development mode...
[Node] [INFO] - 2022-12-01T07:10:36.984Z [App] [listen] 🚀 App listening on the port 4000 ENV: development mode...
[Node] [INFO] - 2022-12-01T07:11:40.547Z [App] [bootstrap] Database connected 🔥 on development mode...
[Node] [INFO] - 2022-12-01T07:11:40.551Z [App] [listen] 🚀 App listening on the port 4000 ENV: development mode...
[Node] [ERROR] - 2022-12-01T09:52:22.242Z [App] [bootstrap] Database not connected: self-signed certificate in certificate chain
[Node] [INFO] - 2022-12-01T09:53:15.780Z [App] [bootstrap] Database connected 🔥 on development mode...
[Node] [INFO] - 2022-12-01T09:53:15.790Z [App] [listen] 🚀 App listening on the port 4001 ENV: development mode...
[Node] [ERROR] - 2022-12-01T09:54:41.350Z [App] [bootstrap] Database not connected: connect ECONNREFUSED 34.127.45.197:6153
[Node] [INFO] - 2022-12-01T09:54:59.167Z [App] [bootstrap] Database connected 🔥 on development mode...
[Node] [INFO] - 2022-12-01T09:54:59.177Z [App] [listen] 🚀 App listening on the port 4001 ENV: development mode...
[Node] [INFO] - 2022-12-01T09:55:18.784Z [App] [bootstrap] Database connected 🔥 on development mode...
[Node] [INFO] - 2022-12-01T09:55:18.788Z [App] [listen] 🚀 App listening on the port 4001 ENV: development mode...
[Node] [INFO] - 2022-12-01T10:34:02.901Z [App] [bootstrap] Database connected 🔥 on development mode...
[Node] [INFO] - 2022-12-01T10:34:02.908Z [App] [listen] 🚀 App listening on the port 4001 ENV: development mode...
[Node] [INFO] - 2022-12-01T10:34:20.320Z [App] [bootstrap] Database connected 🔥 on development mode...
[Node] [INFO] - 2022-12-01T10:34:20.327Z [App] [listen] 🚀 App listening on the port 4001 ENV: development mode...
[Node] [INFO] - 2022-12-01T10:34:30.268Z [App] [bootstrap] Database connected 🔥 on development mode...
[Node] [INFO] - 2022-12-01T10:34:30.279Z [App] [listen] 🚀 App listening on the port 4001 ENV: development mode...
[Node] [INFO] - 2022-12-01T10:34:47.508Z [App] [bootstrap] Database connected 🔥 on production mode...
[Node] [INFO] - 2022-12-01T10:34:47.519Z [App] [listen] 🚀 App listening on the port 4001 ENV: production mode...
[Node] [INFO] - 2022-12-01T10:35:24.919Z [App] [bootstrap] Database connected 🔥 on development mode...
[Node] [INFO] - 2022-12-01T10:35:24.928Z [App] [listen] 🚀 App listening on the port 4001 ENV: development mode...
