[Node] [INFO] - 2022-12-20T05:58:50.717Z [App] [bootstrap] Database connected 🔥 on development mode...
[Node] [INFO] - 2022-12-20T05:58:50.720Z [App] [listen] 🚀 App listening on the port 4001 ENV: development mode...
[Node] [ERROR] - 2022-12-20T05:59:44.961Z500 - /api/v1/users/pagination [GET] - model.slice is not a function 
[Node] [INFO] - 2022-12-20T06:03:59.406Z [App] [bootstrap] Database connected 🔥 on development mode...
[Node] [INFO] - 2022-12-20T06:03:59.409Z [App] [listen] 🚀 App listening on the port 4001 ENV: development mode...
[Node] [ERROR] - 2022-12-20T06:04:28.479Z500 - /api/v1/users/pagination?page=2&limit=10 [GET] - model.slice is not a function 
[Node] [ERROR] - 2022-12-20T06:04:29.422Z500 - /api/v1/users/pagination?page=2&limit=10 [GET] - model.slice is not a function 
[Node] [INFO] - 2022-12-20T06:04:51.547Z [App] [bootstrap] Database connected 🔥 on development mode...
[Node] [INFO] - 2022-12-20T06:04:51.550Z [App] [listen] 🚀 App listening on the port 4001 ENV: development mode...
[Node] [INFO] - 2022-12-20T06:07:15.188Z [App] [bootstrap] Database connected 🔥 on development mode...
[Node] [INFO] - 2022-12-20T06:07:15.193Z [App] [listen] 🚀 App listening on the port 4001 ENV: development mode...
[Node] [INFO] - 2022-12-20T06:09:11.977Z [App] [bootstrap] Database connected 🔥 on development mode...
[Node] [INFO] - 2022-12-20T06:09:11.981Z [App] [listen] 🚀 App listening on the port 4001 ENV: development mode...
[Node] [INFO] - 2022-12-20T06:10:49.440Z [App] [bootstrap] Database connected 🔥 on development mode...
[Node] [INFO] - 2022-12-20T06:10:49.443Z [App] [listen] 🚀 App listening on the port 4001 ENV: development mode...
[Node] [INFO] - 2022-12-20T06:11:08.449Z [App] [bootstrap] Database connected 🔥 on development mode...
[Node] [INFO] - 2022-12-20T06:11:08.453Z [App] [listen] 🚀 App listening on the port 4001 ENV: development mode...
[Node] [INFO] - 2022-12-20T06:11:20.911Z [App] [bootstrap] Database connected 🔥 on development mode...
[Node] [INFO] - 2022-12-20T06:11:20.915Z [App] [listen] 🚀 App listening on the port 4001 ENV: development mode...
[Node] [INFO] - 2022-12-20T06:12:31.580Z [App] [bootstrap] Database connected 🔥 on development mode...
[Node] [INFO] - 2022-12-20T06:12:31.584Z [App] [listen] 🚀 App listening on the port 4001 ENV: development mode...
[Node] [INFO] - 2022-12-20T06:12:58.732Z [App] [bootstrap] Database connected 🔥 on development mode...
[Node] [INFO] - 2022-12-20T06:12:58.736Z [App] [listen] 🚀 App listening on the port 4001 ENV: development mode...
[Node] [INFO] - 2022-12-20T06:13:24.474Z [App] [bootstrap] Database connected 🔥 on development mode...
[Node] [INFO] - 2022-12-20T06:13:24.477Z [App] [listen] 🚀 App listening on the port 4001 ENV: development mode...
[Node] [INFO] - 2022-12-20T06:15:39.476Z [App] [bootstrap] Database connected 🔥 on development mode...
[Node] [INFO] - 2022-12-20T06:15:39.479Z [App] [listen] 🚀 App listening on the port 4001 ENV: development mode...
[Node] [INFO] - 2022-12-20T06:18:56.623Z [App] [bootstrap] Database connected 🔥 on development mode...
[Node] [INFO] - 2022-12-20T06:18:56.627Z [App] [listen] 🚀 App listening on the port 4001 ENV: development mode...
[Node] [INFO] - 2022-12-20T06:19:28.246Z [App] [bootstrap] Database connected 🔥 on development mode...
[Node] [INFO] - 2022-12-20T06:19:28.250Z [App] [listen] 🚀 App listening on the port 4001 ENV: development mode...
[Node] [INFO] - 2022-12-20T06:19:50.394Z [App] [bootstrap] Database connected 🔥 on development mode...
[Node] [INFO] - 2022-12-20T06:19:50.397Z [App] [listen] 🚀 App listening on the port 4001 ENV: development mode...
[Node] [INFO] - 2022-12-20T06:19:57.547Z [App] [bootstrap] Database connected 🔥 on development mode...
[Node] [INFO] - 2022-12-20T06:19:57.551Z [App] [listen] 🚀 App listening on the port 4001 ENV: development mode...
[Node] [INFO] - 2022-12-20T06:20:55.823Z [App] [bootstrap] Database connected 🔥 on development mode...
[Node] [INFO] - 2022-12-20T06:20:55.828Z [App] [listen] 🚀 App listening on the port 4001 ENV: development mode...
[Node] [INFO] - 2022-12-20T06:21:19.195Z [App] [bootstrap] Database connected 🔥 on development mode...
[Node] [INFO] - 2022-12-20T06:21:19.199Z [App] [listen] 🚀 App listening on the port 4001 ENV: development mode...
[Node] [INFO] - 2022-12-20T06:24:26.101Z [App] [bootstrap] Database connected 🔥 on development mode...
[Node] [INFO] - 2022-12-20T06:24:26.104Z [App] [listen] 🚀 App listening on the port 4001 ENV: development mode...
[Node] [INFO] - 2022-12-20T06:25:12.358Z [App] [bootstrap] Database connected 🔥 on development mode...
[Node] [INFO] - 2022-12-20T06:25:12.361Z [App] [listen] 🚀 App listening on the port 4001 ENV: development mode...
[Node] [INFO] - 2022-12-20T06:26:03.902Z [App] [bootstrap] Database connected 🔥 on development mode...
[Node] [INFO] - 2022-12-20T06:26:03.905Z [App] [listen] 🚀 App listening on the port 4001 ENV: development mode...
[Node] [INFO] - 2022-12-20T06:26:11.820Z [App] [bootstrap] Database connected 🔥 on development mode...
[Node] [INFO] - 2022-12-20T06:26:11.824Z [App] [listen] 🚀 App listening on the port 4001 ENV: development mode...
[Node] [INFO] - 2022-12-20T06:26:24.047Z [App] [bootstrap] Database connected 🔥 on development mode...
[Node] [INFO] - 2022-12-20T06:26:24.051Z [App] [listen] 🚀 App listening on the port 4001 ENV: development mode...
[Node] [INFO] - 2022-12-20T06:26:39.645Z [App] [bootstrap] Database connected 🔥 on development mode...
[Node] [INFO] - 2022-12-20T06:26:39.649Z [App] [listen] 🚀 App listening on the port 4001 ENV: development mode...
[Node] [INFO] - 2022-12-20T06:27:42.652Z [App] [bootstrap] Database connected 🔥 on development mode...
[Node] [INFO] - 2022-12-20T06:27:42.657Z [App] [listen] 🚀 App listening on the port 4001 ENV: development mode...
[Node] [INFO] - 2022-12-20T06:29:51.894Z [App] [bootstrap] Database connected 🔥 on development mode...
[Node] [INFO] - 2022-12-20T06:29:51.898Z [App] [listen] 🚀 App listening on the port 4001 ENV: development mode...
[Node] [INFO] - 2022-12-20T06:29:57.785Z [App] [bootstrap] Database connected 🔥 on development mode...
[Node] [INFO] - 2022-12-20T06:29:57.788Z [App] [listen] 🚀 App listening on the port 4001 ENV: development mode...
[Node] [INFO] - 2022-12-20T06:31:40.850Z [App] [bootstrap] Database connected 🔥 on development mode...
[Node] [INFO] - 2022-12-20T06:31:40.853Z [App] [listen] 🚀 App listening on the port 4001 ENV: development mode...
[Node] [INFO] - 2022-12-20T06:34:52.120Z [App] [bootstrap] Database connected 🔥 on development mode...
[Node] [INFO] - 2022-12-20T06:34:52.124Z [App] [listen] 🚀 App listening on the port 4001 ENV: development mode...
[Node] [INFO] - 2022-12-20T06:34:59.769Z [App] [bootstrap] Database connected 🔥 on development mode...
[Node] [INFO] - 2022-12-20T06:34:59.773Z [App] [listen] 🚀 App listening on the port 4001 ENV: development mode...
[Node] [ERROR] - 2022-12-20T07:12:27.783Z500 - /api/v1/csv/post [POST] - email test@gmail.com already exist 
[Node] [ERROR] - 2022-12-20T07:13:52.122Z500 - /api/v1/csv/post [POST] - email test01@gmail.com already exist 
[Node] [INFO] - 2022-12-20T07:14:15.451Z [App] [bootstrap] Database connected 🔥 on development mode...
[Node] [INFO] - 2022-12-20T07:14:15.454Z [App] [listen] 🚀 App listening on the port 4001 ENV: development mode...
[Node] [ERROR] - 2022-12-20T07:14:19.328Z500 - /api/v1/csv/post [POST] - Validation error 
[Node] [INFO] - 2022-12-20T07:14:42.125Z [App] [bootstrap] Database connected 🔥 on development mode...
[Node] [INFO] - 2022-12-20T07:14:42.129Z [App] [listen] 🚀 App listening on the port 4001 ENV: development mode...
[Node] [ERROR] - 2022-12-20T07:14:46.824Z500 - /api/v1/csv/post [POST] - email undefined already exist 
[Node] [INFO] - 2022-12-20T07:15:03.344Z [App] [bootstrap] Database connected 🔥 on development mode...
[Node] [INFO] - 2022-12-20T07:15:03.350Z [App] [listen] 🚀 App listening on the port 4001 ENV: development mode...
[Node] [INFO] - 2022-12-20T07:15:10.850Z [App] [bootstrap] Database connected 🔥 on development mode...
[Node] [INFO] - 2022-12-20T07:15:10.853Z [App] [listen] 🚀 App listening on the port 4001 ENV: development mode...
[Node] [ERROR] - 2022-12-20T07:15:12.112Z500 - /api/v1/csv/post [POST] - Validation error 
[Node] [ERROR] - 2022-12-20T07:15:14.535Z500 - /api/v1/csv/post [POST] - Validation error 
[Node] [ERROR] - 2022-12-20T07:24:04.091Z500 - /api/v1/csv/post [POST] - Validation error 
[Node] [INFO] - 2022-12-20T07:26:25.789Z [App] [bootstrap] Database connected 🔥 on development mode...
[Node] [INFO] - 2022-12-20T07:26:25.792Z [App] [listen] 🚀 App listening on the port 4001 ENV: development mode...
[Node] [INFO] - 2022-12-20T07:31:05.354Z [App] [bootstrap] Database connected 🔥 on development mode...
[Node] [INFO] - 2022-12-20T07:31:05.357Z [App] [listen] 🚀 App listening on the port 4001 ENV: development mode...
[Node] [ERROR] - 2022-12-20T07:32:19.125Z500 - /api/v1/csv/post [POST] - this.build(...).save is not a function 
[Node] [INFO] - 2022-12-20T07:35:54.228Z [App] [bootstrap] Database connected 🔥 on development mode...
[Node] [INFO] - 2022-12-20T07:35:54.231Z [App] [listen] 🚀 App listening on the port 4001 ENV: development mode...
