[Node] [INFO] - 2022-12-07T06:14:56.735Z [App] [bootstrap] Database connected 🔥 on development mode...
[Node] [INFO] - 2022-12-07T06:14:56.739Z [App] [listen] 🚀 App listening on the port 4001 ENV: development mode...
[Node] [INFO] - 2022-12-07T06:15:57.412Z [App] [bootstrap] Database connected 🔥 on development mode...
[Node] [INFO] - 2022-12-07T06:15:57.415Z [App] [listen] 🚀 App listening on the port 4001 ENV: development mode...
[Node] [INFO] - 2022-12-07T06:16:42.048Z [App] [bootstrap] Database connected 🔥 on development mode...
[Node] [INFO] - 2022-12-07T06:16:42.052Z [App] [listen] 🚀 App listening on the port 4001 ENV: development mode...
[Node] [INFO] - 2022-12-07T06:17:57.236Z [App] [bootstrap] Database connected 🔥 on development mode...
[Node] [INFO] - 2022-12-07T06:17:57.240Z [App] [listen] 🚀 App listening on the port 4001 ENV: development mode...
[Node] [INFO] - 2022-12-07T06:18:28.023Z [App] [bootstrap] Database connected 🔥 on development mode...
[Node] [INFO] - 2022-12-07T06:18:28.027Z [App] [listen] 🚀 App listening on the port 4001 ENV: development mode...
[Node] [INFO] - 2022-12-07T06:19:24.528Z [App] [bootstrap] Database connected 🔥 on development mode...
[Node] [INFO] - 2022-12-07T06:19:24.532Z [App] [listen] 🚀 App listening on the port 4001 ENV: development mode...
[Node] [INFO] - 2022-12-07T06:21:16.792Z [App] [bootstrap] Database connected 🔥 on development mode...
[Node] [INFO] - 2022-12-07T06:21:16.796Z [App] [listen] 🚀 App listening on the port 4001 ENV: development mode...
[Node] [INFO] - 2022-12-07T06:21:26.031Z [App] [bootstrap] Database connected 🔥 on development mode...
[Node] [INFO] - 2022-12-07T06:21:26.035Z [App] [listen] 🚀 App listening on the port 4001 ENV: development mode...
[Node] [INFO] - 2022-12-07T06:21:30.257Z [App] [bootstrap] Database connected 🔥 on development mode...
[Node] [INFO] - 2022-12-07T06:21:30.261Z [App] [listen] 🚀 App listening on the port 4001 ENV: development mode...
[Node] [INFO] - 2022-12-07T06:24:42.041Z [App] [bootstrap] Database connected 🔥 on development mode...
[Node] [INFO] - 2022-12-07T06:24:42.045Z [App] [listen] 🚀 App listening on the port 4001 ENV: development mode...
[Node] [INFO] - 2022-12-07T06:27:49.835Z [App] [bootstrap] Database connected 🔥 on development mode...
[Node] [INFO] - 2022-12-07T06:27:49.839Z [App] [listen] 🚀 App listening on the port 4001 ENV: development mode...
[Node] [INFO] - 2022-12-07T06:28:42.787Z [App] [bootstrap] Database connected 🔥 on development mode...
[Node] [INFO] - 2022-12-07T06:28:42.791Z [App] [listen] 🚀 App listening on the port 4001 ENV: development mode...
[Node] [INFO] - 2022-12-07T06:29:28.130Z [App] [bootstrap] Database connected 🔥 on development mode...
[Node] [INFO] - 2022-12-07T06:29:28.134Z [App] [listen] 🚀 App listening on the port 4001 ENV: development mode...
[Node] [INFO] - 2022-12-07T06:30:45.506Z [App] [bootstrap] Database connected 🔥 on development mode...
[Node] [INFO] - 2022-12-07T06:30:45.510Z [App] [listen] 🚀 App listening on the port 4001 ENV: development mode...
[Node] [INFO] - 2022-12-07T06:30:55.211Z [App] [bootstrap] Database connected 🔥 on development mode...
[Node] [INFO] - 2022-12-07T06:30:55.215Z [App] [listen] 🚀 App listening on the port 4001 ENV: development mode...
[Node] [INFO] - 2022-12-07T06:31:22.706Z [App] [bootstrap] Database connected 🔥 on development mode...
[Node] [INFO] - 2022-12-07T06:31:22.710Z [App] [listen] 🚀 App listening on the port 4001 ENV: development mode...
[Node] [INFO] - 2022-12-07T06:31:28.762Z [App] [bootstrap] Database connected 🔥 on development mode...
[Node] [INFO] - 2022-12-07T06:31:28.766Z [App] [listen] 🚀 App listening on the port 4001 ENV: development mode...
[Node] [INFO] - 2022-12-07T06:31:36.097Z [App] [bootstrap] Database connected 🔥 on development mode...
[Node] [INFO] - 2022-12-07T06:31:36.100Z [App] [listen] 🚀 App listening on the port 4001 ENV: development mode...
[Node] [INFO] - 2022-12-07T06:32:15.044Z [App] [bootstrap] Database connected 🔥 on development mode...
[Node] [INFO] - 2022-12-07T06:32:15.048Z [App] [listen] 🚀 App listening on the port 4001 ENV: development mode...
[Node] [INFO] - 2022-12-07T06:32:38.881Z [App] [bootstrap] Database connected 🔥 on development mode...
[Node] [INFO] - 2022-12-07T06:32:38.885Z [App] [listen] 🚀 App listening on the port 4001 ENV: development mode...
[Node] [INFO] - 2022-12-07T06:32:49.137Z [App] [bootstrap] Database connected 🔥 on development mode...
[Node] [INFO] - 2022-12-07T06:32:49.141Z [App] [listen] 🚀 App listening on the port 4001 ENV: development mode...
[Node] [INFO] - 2022-12-07T06:32:56.397Z [App] [bootstrap] Database connected 🔥 on development mode...
[Node] [INFO] - 2022-12-07T06:32:56.401Z [App] [listen] 🚀 App listening on the port 4001 ENV: development mode...
[Node] [INFO] - 2022-12-07T06:33:15.876Z [App] [bootstrap] Database connected 🔥 on development mode...
[Node] [INFO] - 2022-12-07T06:33:15.880Z [App] [listen] 🚀 App listening on the port 4001 ENV: development mode...
[Node] [INFO] - 2022-12-07T06:33:21.334Z [App] [bootstrap] Database connected 🔥 on development mode...
[Node] [INFO] - 2022-12-07T06:33:21.338Z [App] [listen] 🚀 App listening on the port 4001 ENV: development mode...
[Node] [INFO] - 2022-12-07T06:33:25.322Z [App] [bootstrap] Database connected 🔥 on development mode...
[Node] [INFO] - 2022-12-07T06:33:25.326Z [App] [listen] 🚀 App listening on the port 4001 ENV: development mode...
[Node] [INFO] - 2022-12-07T06:33:44.569Z [App] [bootstrap] Database connected 🔥 on development mode...
[Node] [INFO] - 2022-12-07T06:33:44.573Z [App] [listen] 🚀 App listening on the port 4001 ENV: development mode...
[Node] [ERROR] - 2022-12-07T06:33:57.343Z500 - /api/v1/create [POST] - role not found 
[Node] [INFO] - 2022-12-07T06:34:22.069Z [App] [bootstrap] Database connected 🔥 on development mode...
[Node] [INFO] - 2022-12-07T06:34:22.072Z [App] [listen] 🚀 App listening on the port 4001 ENV: development mode...
[Node] [INFO] - 2022-12-07T06:34:34.302Z [App] [bootstrap] Database connected 🔥 on development mode...
[Node] [INFO] - 2022-12-07T06:34:34.306Z [App] [listen] 🚀 App listening on the port 4001 ENV: development mode...
[Node] [INFO] - 2022-12-07T06:34:42.549Z [App] [bootstrap] Database connected 🔥 on development mode...
[Node] [INFO] - 2022-12-07T06:34:42.553Z [App] [listen] 🚀 App listening on the port 4001 ENV: development mode...
[Node] [ERROR] - 2022-12-07T06:34:43.266Z500 - /api/v1/create [POST] - role not found 
[Node] [INFO] - 2022-12-07T06:35:40.140Z [App] [bootstrap] Database connected 🔥 on development mode...
[Node] [INFO] - 2022-12-07T06:35:40.144Z [App] [listen] 🚀 App listening on the port 4001 ENV: development mode...
[Node] [INFO] - 2022-12-07T06:35:54.413Z [App] [bootstrap] Database connected 🔥 on development mode...
[Node] [INFO] - 2022-12-07T06:35:54.418Z [App] [listen] 🚀 App listening on the port 4001 ENV: development mode...
[Node] [INFO] - 2022-12-07T06:36:01.322Z [App] [bootstrap] Database connected 🔥 on development mode...
[Node] [INFO] - 2022-12-07T06:36:01.325Z [App] [listen] 🚀 App listening on the port 4001 ENV: development mode...
[Node] [INFO] - 2022-12-07T06:36:12.908Z [App] [bootstrap] Database connected 🔥 on development mode...
[Node] [INFO] - 2022-12-07T06:36:12.913Z [App] [listen] 🚀 App listening on the port 4001 ENV: development mode...
[Node] [INFO] - 2022-12-07T06:36:31.153Z [App] [bootstrap] Database connected 🔥 on development mode...
[Node] [INFO] - 2022-12-07T06:36:31.157Z [App] [listen] 🚀 App listening on the port 4001 ENV: development mode...
[Node] [INFO] - 2022-12-07T06:36:53.751Z [App] [bootstrap] Database connected 🔥 on development mode...
[Node] [INFO] - 2022-12-07T06:36:53.755Z [App] [listen] 🚀 App listening on the port 4001 ENV: development mode...
[Node] [INFO] - 2022-12-07T06:37:07.321Z [App] [bootstrap] Database connected 🔥 on development mode...
[Node] [INFO] - 2022-12-07T06:37:07.325Z [App] [listen] 🚀 App listening on the port 4001 ENV: development mode...
[Node] [INFO] - 2022-12-07T06:37:53.387Z [App] [bootstrap] Database connected 🔥 on development mode...
[Node] [INFO] - 2022-12-07T06:37:53.390Z [App] [listen] 🚀 App listening on the port 4001 ENV: development mode...
[Node] [INFO] - 2022-12-07T06:38:24.469Z [App] [bootstrap] Database connected 🔥 on development mode...
[Node] [INFO] - 2022-12-07T06:38:24.473Z [App] [listen] 🚀 App listening on the port 4001 ENV: development mode...
[Node] [INFO] - 2022-12-07T06:39:20.102Z [App] [bootstrap] Database connected 🔥 on development mode...
[Node] [INFO] - 2022-12-07T06:39:20.106Z [App] [listen] 🚀 App listening on the port 4001 ENV: development mode...
[Node] [INFO] - 2022-12-07T06:39:24.631Z [App] [bootstrap] Database connected 🔥 on development mode...
[Node] [INFO] - 2022-12-07T06:39:24.634Z [App] [listen] 🚀 App listening on the port 4001 ENV: development mode...
[Node] [INFO] - 2022-12-07T06:40:39.911Z [App] [bootstrap] Database connected 🔥 on development mode...
[Node] [INFO] - 2022-12-07T06:40:39.915Z [App] [listen] 🚀 App listening on the port 4001 ENV: development mode...
[Node] [INFO] - 2022-12-07T06:41:03.141Z [App] [bootstrap] Database connected 🔥 on development mode...
[Node] [INFO] - 2022-12-07T06:41:03.145Z [App] [listen] 🚀 App listening on the port 4001 ENV: development mode...
[Node] [INFO] - 2022-12-07T06:47:26.950Z [App] [bootstrap] Database connected 🔥 on development mode...
[Node] [INFO] - 2022-12-07T06:47:26.954Z [App] [listen] 🚀 App listening on the port 4001 ENV: development mode...
[Node] [INFO] - 2022-12-07T06:48:43.017Z [App] [bootstrap] Database connected 🔥 on development mode...
[Node] [INFO] - 2022-12-07T06:48:43.021Z [App] [listen] 🚀 App listening on the port 4001 ENV: development mode...
[Node] [INFO] - 2022-12-07T06:51:30.840Z [App] [bootstrap] Database connected 🔥 on development mode...
[Node] [INFO] - 2022-12-07T06:51:30.844Z [App] [listen] 🚀 App listening on the port 4001 ENV: development mode...
[Node] [INFO] - 2022-12-07T06:52:36.926Z [App] [bootstrap] Database connected 🔥 on development mode...
[Node] [INFO] - 2022-12-07T06:52:36.929Z [App] [listen] 🚀 App listening on the port 4001 ENV: development mode...
[Node] [INFO] - 2022-12-07T06:53:06.209Z [App] [bootstrap] Database connected 🔥 on development mode...
[Node] [INFO] - 2022-12-07T06:53:06.213Z [App] [listen] 🚀 App listening on the port 4001 ENV: development mode...
[Node] [INFO] - 2022-12-07T06:53:47.358Z [App] [bootstrap] Database connected 🔥 on development mode...
[Node] [INFO] - 2022-12-07T06:53:47.363Z [App] [listen] 🚀 App listening on the port 4001 ENV: development mode...
[Node] [INFO] - 2022-12-07T06:55:15.642Z [App] [bootstrap] Database connected 🔥 on development mode...
[Node] [INFO] - 2022-12-07T06:55:15.647Z [App] [listen] 🚀 App listening on the port 4001 ENV: development mode...
[Node] [INFO] - 2022-12-07T06:56:06.496Z [App] [bootstrap] Database connected 🔥 on development mode...
[Node] [INFO] - 2022-12-07T06:56:06.500Z [App] [listen] 🚀 App listening on the port 4001 ENV: development mode...
[Node] [INFO] - 2022-12-07T06:56:56.590Z [App] [bootstrap] Database connected 🔥 on development mode...
[Node] [INFO] - 2022-12-07T06:56:56.595Z [App] [listen] 🚀 App listening on the port 4001 ENV: development mode...
[Node] [INFO] - 2022-12-07T06:57:12.631Z [App] [bootstrap] Database connected 🔥 on development mode...
[Node] [INFO] - 2022-12-07T06:57:12.635Z [App] [listen] 🚀 App listening on the port 4001 ENV: development mode...
[Node] [INFO] - 2022-12-07T06:59:16.939Z [App] [bootstrap] Database connected 🔥 on development mode...
[Node] [INFO] - 2022-12-07T06:59:16.942Z [App] [listen] 🚀 App listening on the port 4001 ENV: development mode...
[Node] [INFO] - 2022-12-07T06:59:30.169Z [App] [bootstrap] Database connected 🔥 on development mode...
[Node] [INFO] - 2022-12-07T06:59:30.173Z [App] [listen] 🚀 App listening on the port 4001 ENV: development mode...
[Node] [INFO] - 2022-12-07T07:02:07.109Z [App] [bootstrap] Database connected 🔥 on development mode...
[Node] [INFO] - 2022-12-07T07:02:07.113Z [App] [listen] 🚀 App listening on the port 4001 ENV: development mode...
[Node] [INFO] - 2022-12-07T07:02:25.502Z [App] [bootstrap] Database connected 🔥 on development mode...
[Node] [INFO] - 2022-12-07T07:02:25.506Z [App] [listen] 🚀 App listening on the port 4001 ENV: development mode...
[Node] [INFO] - 2022-12-07T07:02:31.261Z [App] [bootstrap] Database connected 🔥 on development mode...
[Node] [INFO] - 2022-12-07T07:02:31.264Z [App] [listen] 🚀 App listening on the port 4001 ENV: development mode...
[Node] [INFO] - 2022-12-07T07:02:59.983Z [App] [bootstrap] Database connected 🔥 on development mode...
[Node] [INFO] - 2022-12-07T07:02:59.987Z [App] [listen] 🚀 App listening on the port 4001 ENV: development mode...
[Node] [INFO] - 2022-12-07T07:12:04.046Z [App] [bootstrap] Database connected 🔥 on development mode...
[Node] [INFO] - 2022-12-07T07:12:04.050Z [App] [listen] 🚀 App listening on the port 4001 ENV: development mode...
[Node] [INFO] - 2022-12-07T07:12:15.297Z [App] [bootstrap] Database connected 🔥 on development mode...
[Node] [INFO] - 2022-12-07T07:12:15.301Z [App] [listen] 🚀 App listening on the port 4001 ENV: development mode...
[Node] [INFO] - 2022-12-07T07:12:57.709Z [App] [bootstrap] Database connected 🔥 on development mode...
[Node] [INFO] - 2022-12-07T07:12:57.713Z [App] [listen] 🚀 App listening on the port 4001 ENV: development mode...
[Node] [INFO] - 2022-12-07T07:13:07.814Z [App] [bootstrap] Database connected 🔥 on development mode...
[Node] [INFO] - 2022-12-07T07:13:07.818Z [App] [listen] 🚀 App listening on the port 4001 ENV: development mode...
[Node] [INFO] - 2022-12-07T07:13:24.926Z [App] [bootstrap] Database connected 🔥 on development mode...
[Node] [INFO] - 2022-12-07T07:13:24.930Z [App] [listen] 🚀 App listening on the port 4001 ENV: development mode...
[Node] [INFO] - 2022-12-07T07:13:39.892Z [App] [bootstrap] Database connected 🔥 on development mode...
[Node] [INFO] - 2022-12-07T07:13:39.896Z [App] [listen] 🚀 App listening on the port 4001 ENV: development mode...
[Node] [INFO] - 2022-12-07T07:13:45.234Z [App] [bootstrap] Database connected 🔥 on development mode...
[Node] [INFO] - 2022-12-07T07:13:45.237Z [App] [listen] 🚀 App listening on the port 4001 ENV: development mode...
[Node] [INFO] - 2022-12-07T07:14:10.955Z [App] [bootstrap] Database connected 🔥 on development mode...
[Node] [INFO] - 2022-12-07T07:14:10.958Z [App] [listen] 🚀 App listening on the port 4001 ENV: development mode...
[Node] [INFO] - 2022-12-07T07:14:51.209Z [App] [bootstrap] Database connected 🔥 on development mode...
[Node] [INFO] - 2022-12-07T07:14:51.212Z [App] [listen] 🚀 App listening on the port 4001 ENV: development mode...
[Node] [INFO] - 2022-12-07T07:14:57.036Z [App] [bootstrap] Database connected 🔥 on development mode...
[Node] [INFO] - 2022-12-07T07:14:57.041Z [App] [listen] 🚀 App listening on the port 4001 ENV: development mode...
[Node] [INFO] - 2022-12-07T07:15:44.000Z [App] [bootstrap] Database connected 🔥 on development mode...
[Node] [INFO] - 2022-12-07T07:15:44.004Z [App] [listen] 🚀 App listening on the port 4001 ENV: development mode...
[Node] [INFO] - 2022-12-07T07:15:55.478Z [App] [bootstrap] Database connected 🔥 on development mode...
[Node] [INFO] - 2022-12-07T07:15:55.482Z [App] [listen] 🚀 App listening on the port 4001 ENV: development mode...
[Node] [INFO] - 2022-12-07T07:16:02.002Z [App] [bootstrap] Database connected 🔥 on development mode...
[Node] [INFO] - 2022-12-07T07:16:02.005Z [App] [listen] 🚀 App listening on the port 4001 ENV: development mode...
[Node] [INFO] - 2022-12-07T08:06:48.833Z [App] [bootstrap] Database connected 🔥 on development mode...
[Node] [INFO] - 2022-12-07T08:06:48.837Z [App] [listen] 🚀 App listening on the port 4001 ENV: development mode...
[Node] [ERROR] - 2022-12-07T08:07:33.127Z404 - /api/v1/allRoles [GET] - Can't find /api/v1/allRoles on this server! 
[Node] [ERROR] - 2022-12-07T08:07:45.623Z404 - /api/v1/roles/allRoles [GET] - Can't find /api/v1/roles/allRoles on this server! 
[Node] [INFO] - 2022-12-07T08:12:46.786Z [App] [bootstrap] Database connected 🔥 on development mode...
[Node] [INFO] - 2022-12-07T08:12:46.790Z [App] [listen] 🚀 App listening on the port 4001 ENV: development mode...
[Node] [INFO] - 2022-12-07T08:13:01.974Z [App] [bootstrap] Database connected 🔥 on development mode...
[Node] [INFO] - 2022-12-07T08:13:01.979Z [App] [listen] 🚀 App listening on the port 4001 ENV: development mode...
[Node] [INFO] - 2022-12-07T08:13:11.892Z [App] [bootstrap] Database connected 🔥 on development mode...
[Node] [INFO] - 2022-12-07T08:13:11.896Z [App] [listen] 🚀 App listening on the port 4001 ENV: development mode...
[Node] [INFO] - 2022-12-07T08:13:16.019Z [App] [bootstrap] Database connected 🔥 on development mode...
[Node] [INFO] - 2022-12-07T08:13:16.022Z [App] [listen] 🚀 App listening on the port 4001 ENV: development mode...
[Node] [INFO] - 2022-12-07T08:19:46.213Z [App] [bootstrap] Database connected 🔥 on development mode...
[Node] [INFO] - 2022-12-07T08:19:46.216Z [App] [listen] 🚀 App listening on the port 4001 ENV: development mode...
[Node] [INFO] - 2022-12-07T10:07:15.691Z [App] [bootstrap] Database connected 🔥 on development mode...
[Node] [INFO] - 2022-12-07T10:07:15.694Z [App] [listen] 🚀 App listening on the port 4001 ENV: development mode...
[Node] [INFO] - 2022-12-07T10:07:21.424Z [App] [bootstrap] Database connected 🔥 on development mode...
[Node] [INFO] - 2022-12-07T10:07:21.428Z [App] [listen] 🚀 App listening on the port 4001 ENV: development mode...
[Node] [INFO] - 2022-12-07T10:07:47.287Z [App] [bootstrap] Database connected 🔥 on development mode...
[Node] [INFO] - 2022-12-07T10:07:47.291Z [App] [listen] 🚀 App listening on the port 4001 ENV: development mode...
[Node] [INFO] - 2022-12-07T10:08:03.620Z [App] [bootstrap] Database connected 🔥 on development mode...
[Node] [INFO] - 2022-12-07T10:08:03.623Z [App] [listen] 🚀 App listening on the port 4001 ENV: development mode...
[Node] [INFO] - 2022-12-07T10:08:15.535Z [App] [bootstrap] Database connected 🔥 on development mode...
[Node] [INFO] - 2022-12-07T10:08:15.539Z [App] [listen] 🚀 App listening on the port 4001 ENV: development mode...
[Node] [INFO] - 2022-12-07T10:08:23.144Z [App] [bootstrap] Database connected 🔥 on development mode...
[Node] [INFO] - 2022-12-07T10:08:23.147Z [App] [listen] 🚀 App listening on the port 4001 ENV: development mode...
[Node] [ERROR] - 2022-12-07T10:09:25.596Z404 - /api/v1/role/create [POST] - Can't find /api/v1/role/create on this server! 
[Node] [INFO] - 2022-12-07T10:09:57.485Z [App] [bootstrap] Database connected 🔥 on development mode...
[Node] [INFO] - 2022-12-07T10:09:57.489Z [App] [listen] 🚀 App listening on the port 4001 ENV: development mode...
[Node] [INFO] - 2022-12-07T10:12:51.305Z [App] [bootstrap] Database connected 🔥 on development mode...
[Node] [INFO] - 2022-12-07T10:12:51.308Z [App] [listen] 🚀 App listening on the port 4001 ENV: development mode...
[Node] [INFO] - 2022-12-07T10:13:23.984Z [App] [bootstrap] Database connected 🔥 on development mode...
[Node] [INFO] - 2022-12-07T10:13:23.989Z [App] [listen] 🚀 App listening on the port 4001 ENV: development mode...
[Node] [INFO] - 2022-12-07T10:13:38.378Z [App] [bootstrap] Database connected 🔥 on development mode...
[Node] [INFO] - 2022-12-07T10:13:38.382Z [App] [listen] 🚀 App listening on the port 4001 ENV: development mode...
[Node] [INFO] - 2022-12-07T10:14:09.122Z [App] [bootstrap] Database connected 🔥 on development mode...
[Node] [INFO] - 2022-12-07T10:14:09.125Z [App] [listen] 🚀 App listening on the port 4001 ENV: development mode...
[Node] [INFO] - 2022-12-07T10:15:39.687Z [App] [bootstrap] Database connected 🔥 on development mode...
[Node] [INFO] - 2022-12-07T10:15:39.690Z [App] [listen] 🚀 App listening on the port 4001 ENV: development mode...
[Node] [INFO] - 2022-12-07T10:16:49.294Z [App] [bootstrap] Database connected 🔥 on development mode...
[Node] [INFO] - 2022-12-07T10:16:49.298Z [App] [listen] 🚀 App listening on the port 4001 ENV: development mode...
[Node] [INFO] - 2022-12-07T10:16:55.753Z [App] [bootstrap] Database connected 🔥 on development mode...
[Node] [INFO] - 2022-12-07T10:16:55.757Z [App] [listen] 🚀 App listening on the port 4001 ENV: development mode...
[Node] [INFO] - 2022-12-07T10:17:21.784Z [App] [bootstrap] Database connected 🔥 on development mode...
[Node] [INFO] - 2022-12-07T10:17:21.788Z [App] [listen] 🚀 App listening on the port 4001 ENV: development mode...
[Node] [INFO] - 2022-12-07T10:17:33.269Z [App] [bootstrap] Database connected 🔥 on development mode...
[Node] [INFO] - 2022-12-07T10:17:33.273Z [App] [listen] 🚀 App listening on the port 4001 ENV: development mode...
[Node] [INFO] - 2022-12-07T10:17:49.494Z [App] [bootstrap] Database connected 🔥 on development mode...
[Node] [INFO] - 2022-12-07T10:17:49.498Z [App] [listen] 🚀 App listening on the port 4001 ENV: development mode...
[Node] [INFO] - 2022-12-07T10:18:19.930Z [App] [bootstrap] Database connected 🔥 on development mode...
[Node] [INFO] - 2022-12-07T10:18:19.933Z [App] [listen] 🚀 App listening on the port 4001 ENV: development mode...
[Node] [INFO] - 2022-12-07T10:19:15.916Z [App] [bootstrap] Database connected 🔥 on development mode...
[Node] [INFO] - 2022-12-07T10:19:15.919Z [App] [listen] 🚀 App listening on the port 4001 ENV: development mode...
[Node] [INFO] - 2022-12-07T10:19:33.962Z [App] [bootstrap] Database connected 🔥 on development mode...
[Node] [INFO] - 2022-12-07T10:19:33.965Z [App] [listen] 🚀 App listening on the port 4001 ENV: development mode...
[Node] [INFO] - 2022-12-07T10:20:40.750Z [App] [bootstrap] Database connected 🔥 on development mode...
[Node] [INFO] - 2022-12-07T10:20:40.754Z [App] [listen] 🚀 App listening on the port 4001 ENV: development mode...
[Node] [INFO] - 2022-12-07T10:21:30.459Z [App] [bootstrap] Database connected 🔥 on development mode...
[Node] [INFO] - 2022-12-07T10:21:30.463Z [App] [listen] 🚀 App listening on the port 4001 ENV: development mode...
[Node] [INFO] - 2022-12-07T10:22:31.121Z [App] [bootstrap] Database connected 🔥 on development mode...
[Node] [INFO] - 2022-12-07T10:22:31.124Z [App] [listen] 🚀 App listening on the port 4001 ENV: development mode...
[Node] [INFO] - 2022-12-07T10:44:34.540Z [App] [bootstrap] Database connected 🔥 on development mode...
[Node] [INFO] - 2022-12-07T10:44:34.543Z [App] [listen] 🚀 App listening on the port 4001 ENV: development mode...
[Node] [INFO] - 2022-12-07T10:48:43.415Z [App] [bootstrap] Database connected 🔥 on development mode...
[Node] [INFO] - 2022-12-07T10:48:43.419Z [App] [listen] 🚀 App listening on the port 4001 ENV: development mode...
[Node] [INFO] - 2022-12-07T10:53:56.105Z [App] [bootstrap] Database connected 🔥 on development mode...
[Node] [INFO] - 2022-12-07T10:53:56.109Z [App] [listen] 🚀 App listening on the port 4001 ENV: development mode...
[Node] [INFO] - 2022-12-07T10:54:14.033Z [App] [bootstrap] Database connected 🔥 on development mode...
[Node] [INFO] - 2022-12-07T10:54:14.037Z [App] [listen] 🚀 App listening on the port 4001 ENV: development mode...
[Node] [INFO] - 2022-12-07T10:56:52.180Z [App] [bootstrap] Database connected 🔥 on development mode...
[Node] [INFO] - 2022-12-07T10:56:52.183Z [App] [listen] 🚀 App listening on the port 4001 ENV: development mode...
[Node] [INFO] - 2022-12-07T11:03:28.962Z [App] [bootstrap] Database connected 🔥 on development mode...
[Node] [INFO] - 2022-12-07T11:03:28.966Z [App] [listen] 🚀 App listening on the port 4001 ENV: development mode...
[Node] [INFO] - 2022-12-07T11:03:40.814Z [App] [bootstrap] Database connected 🔥 on development mode...
[Node] [INFO] - 2022-12-07T11:03:40.817Z [App] [listen] 🚀 App listening on the port 4001 ENV: development mode...
[Node] [INFO] - 2022-12-07T11:04:10.848Z [App] [bootstrap] Database connected 🔥 on development mode...
[Node] [INFO] - 2022-12-07T11:04:10.852Z [App] [listen] 🚀 App listening on the port 4001 ENV: development mode...
[Node] [INFO] - 2022-12-07T11:04:21.951Z [App] [bootstrap] Database connected 🔥 on development mode...
[Node] [INFO] - 2022-12-07T11:04:21.956Z [App] [listen] 🚀 App listening on the port 4001 ENV: development mode...
[Node] [INFO] - 2022-12-07T11:04:51.601Z [App] [bootstrap] Database connected 🔥 on development mode...
[Node] [INFO] - 2022-12-07T11:04:51.604Z [App] [listen] 🚀 App listening on the port 4001 ENV: development mode...
[Node] [INFO] - 2022-12-07T11:05:54.989Z [App] [bootstrap] Database connected 🔥 on development mode...
[Node] [INFO] - 2022-12-07T11:05:54.992Z [App] [listen] 🚀 App listening on the port 4001 ENV: development mode...
[Node] [INFO] - 2022-12-07T11:07:15.898Z [App] [bootstrap] Database connected 🔥 on development mode...
[Node] [INFO] - 2022-12-07T11:07:15.901Z [App] [listen] 🚀 App listening on the port 4001 ENV: development mode...
[Node] [INFO] - 2022-12-07T11:07:24.821Z [App] [bootstrap] Database connected 🔥 on development mode...
[Node] [INFO] - 2022-12-07T11:07:24.825Z [App] [listen] 🚀 App listening on the port 4001 ENV: development mode...
[Node] [INFO] - 2022-12-07T11:08:39.339Z [App] [bootstrap] Database connected 🔥 on development mode...
[Node] [INFO] - 2022-12-07T11:08:39.343Z [App] [listen] 🚀 App listening on the port 4001 ENV: development mode...
[Node] [INFO] - 2022-12-07T11:08:45.571Z [App] [bootstrap] Database connected 🔥 on development mode...
[Node] [INFO] - 2022-12-07T11:08:45.575Z [App] [listen] 🚀 App listening on the port 4001 ENV: development mode...
[Node] [INFO] - 2022-12-07T11:09:40.827Z [App] [bootstrap] Database connected 🔥 on development mode...
[Node] [INFO] - 2022-12-07T11:09:40.830Z [App] [listen] 🚀 App listening on the port 4001 ENV: development mode...
[Node] [INFO] - 2022-12-07T11:10:22.225Z [App] [bootstrap] Database connected 🔥 on development mode...
[Node] [INFO] - 2022-12-07T11:10:22.228Z [App] [listen] 🚀 App listening on the port 4001 ENV: development mode...
[Node] [INFO] - 2022-12-07T11:37:06.670Z [App] [bootstrap] Database connected 🔥 on development mode...
[Node] [INFO] - 2022-12-07T11:37:06.674Z [App] [listen] 🚀 App listening on the port 4001 ENV: development mode...
[Node] [INFO] - 2022-12-07T12:02:22.792Z [App] [bootstrap] Database connected 🔥 on development mode...
[Node] [INFO] - 2022-12-07T12:02:22.796Z [App] [listen] 🚀 App listening on the port 4001 ENV: development mode...
[Node] [INFO] - 2022-12-07T12:37:26.766Z [App] [bootstrap] Database connected 🔥 on development mode...
[Node] [INFO] - 2022-12-07T12:37:26.770Z [App] [listen] 🚀 App listening on the port 4001 ENV: development mode...
[Node] [INFO] - 2022-12-07T12:39:36.714Z [App] [bootstrap] Database connected 🔥 on development mode...
[Node] [INFO] - 2022-12-07T12:39:36.718Z [App] [listen] 🚀 App listening on the port 4001 ENV: development mode...
[Node] [INFO] - 2022-12-07T12:45:28.660Z [App] [bootstrap] Database connected 🔥 on development mode...
[Node] [INFO] - 2022-12-07T12:45:28.664Z [App] [listen] 🚀 App listening on the port 4001 ENV: development mode...
[Node] [INFO] - 2022-12-07T12:50:47.046Z [App] [bootstrap] Database connected 🔥 on development mode...
[Node] [INFO] - 2022-12-07T12:50:47.050Z [App] [listen] 🚀 App listening on the port 4001 ENV: development mode...
[Node] [INFO] - 2022-12-07T13:04:16.651Z [App] [bootstrap] Database connected 🔥 on development mode...
[Node] [INFO] - 2022-12-07T13:04:16.655Z [App] [listen] 🚀 App listening on the port 4001 ENV: development mode...
[Node] [INFO] - 2022-12-07T13:04:45.106Z [App] [bootstrap] Database connected 🔥 on development mode...
[Node] [INFO] - 2022-12-07T13:04:45.110Z [App] [listen] 🚀 App listening on the port 4001 ENV: development mode...
[Node] [INFO] - 2022-12-07T13:08:07.741Z [App] [bootstrap] Database connected 🔥 on development mode...
[Node] [INFO] - 2022-12-07T13:08:07.745Z [App] [listen] 🚀 App listening on the port 4001 ENV: development mode...
[Node] [INFO] - 2022-12-07T13:08:12.055Z [App] [bootstrap] Database connected 🔥 on development mode...
[Node] [INFO] - 2022-12-07T13:08:12.059Z [App] [listen] 🚀 App listening on the port 4001 ENV: development mode...
[Node] [INFO] - 2022-12-07T13:08:16.295Z [App] [bootstrap] Database connected 🔥 on development mode...
[Node] [INFO] - 2022-12-07T13:08:16.299Z [App] [listen] 🚀 App listening on the port 4001 ENV: development mode...
[Node] [ERROR] - 2022-12-07T13:09:20.229Z404 - /api/v1/branch/create [GET] - Can't find /api/v1/branch/create on this server! 
[Node] [ERROR] - 2022-12-07T13:11:38.599Z500 - /api/v1/branch/create [POST] - WHERE parameter "building_no" has invalid "undefined" value 
[Node] [INFO] - 2022-12-07T13:12:30.827Z [App] [bootstrap] Database connected 🔥 on development mode...
[Node] [INFO] - 2022-12-07T13:12:30.831Z [App] [listen] 🚀 App listening on the port 4001 ENV: development mode...
[Node] [INFO] - 2022-12-07T13:12:36.997Z [App] [bootstrap] Database connected 🔥 on development mode...
[Node] [INFO] - 2022-12-07T13:12:37.001Z [App] [listen] 🚀 App listening on the port 4001 ENV: development mode...
[Node] [INFO] - 2022-12-07T13:13:45.066Z [App] [bootstrap] Database connected 🔥 on development mode...
[Node] [INFO] - 2022-12-07T13:13:45.070Z [App] [listen] 🚀 App listening on the port 4001 ENV: development mode...
[Node] [INFO] - 2022-12-07T13:13:59.211Z [App] [bootstrap] Database connected 🔥 on development mode...
[Node] [INFO] - 2022-12-07T13:13:59.216Z [App] [listen] 🚀 App listening on the port 4001 ENV: development mode...
[Node] [INFO] - 2022-12-07T13:17:09.100Z [App] [bootstrap] Database connected 🔥 on development mode...
[Node] [INFO] - 2022-12-07T13:17:09.104Z [App] [listen] 🚀 App listening on the port 4001 ENV: development mode...
[Node] [INFO] - 2022-12-07T13:17:41.716Z [App] [bootstrap] Database connected 🔥 on development mode...
[Node] [INFO] - 2022-12-07T13:17:41.721Z [App] [listen] 🚀 App listening on the port 4001 ENV: development mode...
[Node] [INFO] - 2022-12-07T13:22:01.966Z [App] [bootstrap] Database connected 🔥 on development mode...
[Node] [INFO] - 2022-12-07T13:22:01.970Z [App] [listen] 🚀 App listening on the port 4001 ENV: development mode...
[Node] [INFO] - 2022-12-07T13:27:59.906Z [App] [bootstrap] Database connected 🔥 on development mode...
[Node] [INFO] - 2022-12-07T13:27:59.909Z [App] [listen] 🚀 App listening on the port 4001 ENV: development mode...
[Node] [INFO] - 2022-12-07T13:29:35.398Z [App] [bootstrap] Database connected 🔥 on development mode...
[Node] [INFO] - 2022-12-07T13:29:35.402Z [App] [listen] 🚀 App listening on the port 4001 ENV: development mode...
[Node] [INFO] - 2022-12-07T13:29:49.749Z [App] [bootstrap] Database connected 🔥 on development mode...
[Node] [INFO] - 2022-12-07T13:29:49.753Z [App] [listen] 🚀 App listening on the port 4001 ENV: development mode...
[Node] [INFO] - 2022-12-07T13:29:55.154Z [App] [bootstrap] Database connected 🔥 on development mode...
[Node] [INFO] - 2022-12-07T13:29:55.158Z [App] [listen] 🚀 App listening on the port 4001 ENV: development mode...
[Node] [INFO] - 2022-12-07T13:32:46.810Z [App] [bootstrap] Database connected 🔥 on development mode...
[Node] [INFO] - 2022-12-07T13:32:46.814Z [App] [listen] 🚀 App listening on the port 4001 ENV: development mode...
[Node] [INFO] - 2022-12-07T13:34:04.194Z [App] [bootstrap] Database connected 🔥 on development mode...
[Node] [INFO] - 2022-12-07T13:34:04.198Z [App] [listen] 🚀 App listening on the port 4001 ENV: development mode...
[Node] [INFO] - 2022-12-07T13:37:31.052Z [App] [bootstrap] Database connected 🔥 on development mode...
[Node] [INFO] - 2022-12-07T13:37:31.057Z [App] [listen] 🚀 App listening on the port 4001 ENV: development mode...
[Node] [INFO] - 2022-12-07T13:37:57.763Z [App] [bootstrap] Database connected 🔥 on development mode...
[Node] [INFO] - 2022-12-07T13:37:57.767Z [App] [listen] 🚀 App listening on the port 4001 ENV: development mode...
[Node] [INFO] - 2022-12-07T13:38:11.535Z [App] [bootstrap] Database connected 🔥 on development mode...
[Node] [INFO] - 2022-12-07T13:38:11.540Z [App] [listen] 🚀 App listening on the port 4001 ENV: development mode...
[Node] [INFO] - 2022-12-07T13:40:27.234Z [App] [bootstrap] Database connected 🔥 on development mode...
[Node] [INFO] - 2022-12-07T13:40:27.238Z [App] [listen] 🚀 App listening on the port 4001 ENV: development mode...
[Node] [ERROR] - 2022-12-07T13:41:42.135Z500 - /api/v1/designation/create [POST] - WHERE parameter "level" has invalid "undefined" value 
[Node] [ERROR] - 2022-12-07T13:41:57.170Z500 - /api/v1/designation/create [POST] - operator does not exist: enum_designation_level = integer 
[Node] [INFO] - 2022-12-07T13:42:45.640Z [App] [bootstrap] Database connected 🔥 on development mode...
[Node] [INFO] - 2022-12-07T13:42:45.644Z [App] [listen] 🚀 App listening on the port 4001 ENV: development mode...
[Node] [ERROR] - 2022-12-07T13:43:30.516Z500 - /api/v1/department/create [POST] - relation "departments" does not exist 
[Node] [ERROR] - 2022-12-07T13:43:43.754Z500 - /api/v1/department/create [POST] - relation "departments" does not exist 
[Node] [INFO] - 2022-12-07T13:43:59.381Z [App] [bootstrap] Database connected 🔥 on development mode...
[Node] [INFO] - 2022-12-07T13:43:59.385Z [App] [listen] 🚀 App listening on the port 4001 ENV: development mode...
[Node] [ERROR] - 2022-12-07T13:46:09.715Z400 - /api/v1/create [POST] - property profileUrl should not exist, property dateOfBirth should not exist, property dateOfJoining should not exist, email must be an email, password must be a string, name must be a string, phoneNumber must be a number conforming to the specified constraints 
[Node] [INFO] - 2022-12-07T13:47:35.453Z [App] [bootstrap] Database connected 🔥 on development mode...
[Node] [INFO] - 2022-12-07T13:47:35.457Z [App] [listen] 🚀 App listening on the port 4001 ENV: development mode...
[Node] [INFO] - 2022-12-07T13:47:48.640Z [App] [bootstrap] Database connected 🔥 on development mode...
[Node] [INFO] - 2022-12-07T13:47:48.645Z [App] [listen] 🚀 App listening on the port 4001 ENV: development mode...
[Node] [INFO] - 2022-12-07T13:52:13.875Z [App] [bootstrap] Database connected 🔥 on development mode...
[Node] [INFO] - 2022-12-07T13:52:13.879Z [App] [listen] 🚀 App listening on the port 4001 ENV: development mode...
[Node] [INFO] - 2022-12-07T13:52:22.396Z [App] [bootstrap] Database connected 🔥 on development mode...
[Node] [INFO] - 2022-12-07T13:52:22.401Z [App] [listen] 🚀 App listening on the port 4001 ENV: development mode...
[Node] [INFO] - 2022-12-07T13:52:47.419Z [App] [bootstrap] Database connected 🔥 on development mode...
[Node] [INFO] - 2022-12-07T13:52:47.423Z [App] [listen] 🚀 App listening on the port 4001 ENV: development mode...
[Node] [INFO] - 2022-12-07T13:52:52.416Z [App] [bootstrap] Database connected 🔥 on development mode...
[Node] [INFO] - 2022-12-07T13:52:52.420Z [App] [listen] 🚀 App listening on the port 4001 ENV: development mode...
[Node] [INFO] - 2022-12-07T13:53:18.287Z [App] [bootstrap] Database connected 🔥 on development mode...
[Node] [INFO] - 2022-12-07T13:53:18.291Z [App] [listen] 🚀 App listening on the port 4001 ENV: development mode...
[Node] [INFO] - 2022-12-07T13:53:36.826Z [App] [bootstrap] Database connected 🔥 on development mode...
[Node] [INFO] - 2022-12-07T13:53:36.830Z [App] [listen] 🚀 App listening on the port 4001 ENV: development mode...
[Node] [INFO] - 2022-12-07T13:53:54.786Z [App] [bootstrap] Database connected 🔥 on development mode...
[Node] [INFO] - 2022-12-07T13:53:54.790Z [App] [listen] 🚀 App listening on the port 4001 ENV: development mode...
[Node] [INFO] - 2022-12-07T13:54:19.050Z [App] [bootstrap] Database connected 🔥 on development mode...
[Node] [INFO] - 2022-12-07T13:54:19.054Z [App] [listen] 🚀 App listening on the port 4001 ENV: development mode...
[Node] [INFO] - 2022-12-07T13:54:33.131Z [App] [bootstrap] Database connected 🔥 on development mode...
[Node] [INFO] - 2022-12-07T13:54:33.135Z [App] [listen] 🚀 App listening on the port 4001 ENV: development mode...
[Node] [INFO] - 2022-12-07T13:54:38.744Z [App] [bootstrap] Database connected 🔥 on development mode...
[Node] [INFO] - 2022-12-07T13:54:38.748Z [App] [listen] 🚀 App listening on the port 4001 ENV: development mode...
[Node] [INFO] - 2022-12-07T13:55:06.600Z [App] [bootstrap] Database connected 🔥 on development mode...
[Node] [INFO] - 2022-12-07T13:55:06.604Z [App] [listen] 🚀 App listening on the port 4001 ENV: development mode...
[Node] [INFO] - 2022-12-07T13:55:24.134Z [App] [bootstrap] Database connected 🔥 on development mode...
[Node] [INFO] - 2022-12-07T13:55:24.139Z [App] [listen] 🚀 App listening on the port 4001 ENV: development mode...
[Node] [INFO] - 2022-12-07T13:55:51.256Z [App] [bootstrap] Database connected 🔥 on development mode...
[Node] [INFO] - 2022-12-07T13:55:51.260Z [App] [listen] 🚀 App listening on the port 4001 ENV: development mode...
[Node] [INFO] - 2022-12-07T13:56:10.971Z [App] [bootstrap] Database connected 🔥 on development mode...
[Node] [INFO] - 2022-12-07T13:56:10.977Z [App] [listen] 🚀 App listening on the port 4001 ENV: development mode...
[Node] [INFO] - 2022-12-07T13:56:16.593Z [App] [bootstrap] Database connected 🔥 on development mode...
[Node] [INFO] - 2022-12-07T13:56:16.597Z [App] [listen] 🚀 App listening on the port 4001 ENV: development mode...
[Node] [INFO] - 2022-12-07T13:56:23.371Z [App] [bootstrap] Database connected 🔥 on development mode...
[Node] [INFO] - 2022-12-07T13:56:23.375Z [App] [listen] 🚀 App listening on the port 4001 ENV: development mode...
[Node] [INFO] - 2022-12-07T13:57:29.807Z [App] [bootstrap] Database connected 🔥 on development mode...
[Node] [INFO] - 2022-12-07T13:57:29.811Z [App] [listen] 🚀 App listening on the port 4001 ENV: development mode...
[Node] [INFO] - 2022-12-07T13:57:38.683Z [App] [bootstrap] Database connected 🔥 on development mode...
[Node] [INFO] - 2022-12-07T13:57:38.687Z [App] [listen] 🚀 App listening on the port 4001 ENV: development mode...
[Node] [INFO] - 2022-12-07T13:59:19.087Z [App] [bootstrap] Database connected 🔥 on development mode...
[Node] [INFO] - 2022-12-07T13:59:19.091Z [App] [listen] 🚀 App listening on the port 4001 ENV: development mode...
[Node] [INFO] - 2022-12-07T13:59:28.327Z [App] [bootstrap] Database connected 🔥 on development mode...
[Node] [INFO] - 2022-12-07T13:59:28.330Z [App] [listen] 🚀 App listening on the port 4001 ENV: development mode...
[Node] [INFO] - 2022-12-07T14:00:53.215Z [App] [bootstrap] Database connected 🔥 on development mode...
[Node] [INFO] - 2022-12-07T14:00:53.218Z [App] [listen] 🚀 App listening on the port 4001 ENV: development mode...
[Node] [INFO] - 2022-12-07T14:02:39.812Z [App] [bootstrap] Database connected 🔥 on development mode...
[Node] [INFO] - 2022-12-07T14:02:39.816Z [App] [listen] 🚀 App listening on the port 4001 ENV: development mode...
