[Node] [INFO] - 2022-12-13T05:45:52.066Z [App] [bootstrap] Database connected 🔥 on development mode...
[Node] [INFO] - 2022-12-13T05:45:52.070Z [App] [listen] 🚀 App listening on the port 4001 ENV: development mode...
[Node] [INFO] - 2022-12-13T05:46:44.401Z [App] [bootstrap] Database connected 🔥 on development mode...
[Node] [INFO] - 2022-12-13T05:46:44.405Z [App] [listen] 🚀 App listening on the port 4001 ENV: development mode...
[Node] [INFO] - 2022-12-13T05:47:15.271Z [App] [bootstrap] Database connected 🔥 on development mode...
[Node] [INFO] - 2022-12-13T05:47:15.275Z [App] [listen] 🚀 App listening on the port 4001 ENV: development mode...
[Node] [INFO] - 2022-12-13T05:47:34.443Z [App] [bootstrap] Database connected 🔥 on development mode...
[Node] [INFO] - 2022-12-13T05:47:34.447Z [App] [listen] 🚀 App listening on the port 4001 ENV: development mode...
[Node] [INFO] - 2022-12-13T05:49:42.207Z [App] [bootstrap] Database connected 🔥 on development mode...
[Node] [INFO] - 2022-12-13T05:49:42.210Z [App] [listen] 🚀 App listening on the port 4001 ENV: development mode...
[Node] [INFO] - 2022-12-13T05:51:46.745Z [App] [bootstrap] Database connected 🔥 on development mode...
[Node] [INFO] - 2022-12-13T05:51:46.748Z [App] [listen] 🚀 App listening on the port 4001 ENV: development mode...
[Node] [INFO] - 2022-12-13T05:52:24.271Z [App] [bootstrap] Database connected 🔥 on development mode...
[Node] [INFO] - 2022-12-13T05:52:24.274Z [App] [listen] 🚀 App listening on the port 4001 ENV: development mode...
[Node] [INFO] - 2022-12-13T05:54:52.154Z [App] [bootstrap] Database connected 🔥 on development mode...
[Node] [INFO] - 2022-12-13T05:54:52.158Z [App] [listen] 🚀 App listening on the port 4001 ENV: development mode...
[Node] [INFO] - 2022-12-13T05:56:25.425Z [App] [bootstrap] Database connected 🔥 on development mode...
[Node] [INFO] - 2022-12-13T05:56:25.429Z [App] [listen] 🚀 App listening on the port 4001 ENV: development mode...
[Node] [INFO] - 2022-12-13T05:57:07.020Z [App] [bootstrap] Database connected 🔥 on development mode...
[Node] [INFO] - 2022-12-13T05:57:07.024Z [App] [listen] 🚀 App listening on the port 4001 ENV: development mode...
[Node] [INFO] - 2022-12-13T05:58:03.539Z [App] [bootstrap] Database connected 🔥 on development mode...
[Node] [INFO] - 2022-12-13T05:58:03.542Z [App] [listen] 🚀 App listening on the port 4001 ENV: development mode...
[Node] [INFO] - 2022-12-13T05:58:36.625Z [App] [bootstrap] Database connected 🔥 on development mode...
[Node] [INFO] - 2022-12-13T05:58:36.629Z [App] [listen] 🚀 App listening on the port 4001 ENV: development mode...
[Node] [INFO] - 2022-12-13T05:59:08.003Z [App] [bootstrap] Database connected 🔥 on development mode...
[Node] [INFO] - 2022-12-13T05:59:08.007Z [App] [listen] 🚀 App listening on the port 4001 ENV: development mode...
[Node] [INFO] - 2022-12-13T05:59:22.572Z [App] [bootstrap] Database connected 🔥 on development mode...
[Node] [INFO] - 2022-12-13T05:59:22.575Z [App] [listen] 🚀 App listening on the port 4001 ENV: development mode...
[Node] [INFO] - 2022-12-13T06:00:14.566Z [App] [bootstrap] Database connected 🔥 on development mode...
[Node] [INFO] - 2022-12-13T06:00:14.570Z [App] [listen] 🚀 App listening on the port 4001 ENV: development mode...
[Node] [INFO] - 2022-12-13T06:00:25.858Z [App] [bootstrap] Database connected 🔥 on development mode...
[Node] [INFO] - 2022-12-13T06:00:25.862Z [App] [listen] 🚀 App listening on the port 4001 ENV: development mode...
[Node] [INFO] - 2022-12-13T06:00:53.699Z [App] [bootstrap] Database connected 🔥 on development mode...
[Node] [INFO] - 2022-12-13T06:00:53.704Z [App] [listen] 🚀 App listening on the port 4001 ENV: development mode...
[Node] [INFO] - 2022-12-13T06:01:44.360Z [App] [bootstrap] Database connected 🔥 on development mode...
[Node] [INFO] - 2022-12-13T06:01:44.363Z [App] [listen] 🚀 App listening on the port 4001 ENV: development mode...
[Node] [INFO] - 2022-12-13T06:02:04.867Z [App] [bootstrap] Database connected 🔥 on development mode...
[Node] [INFO] - 2022-12-13T06:02:04.872Z [App] [listen] 🚀 App listening on the port 4001 ENV: development mode...
[Node] [INFO] - 2022-12-13T06:04:15.357Z [App] [bootstrap] Database connected 🔥 on development mode...
[Node] [INFO] - 2022-12-13T06:04:15.361Z [App] [listen] 🚀 App listening on the port 4001 ENV: development mode...
[Node] [INFO] - 2022-12-13T06:05:07.366Z [App] [bootstrap] Database connected 🔥 on development mode...
[Node] [INFO] - 2022-12-13T06:05:07.370Z [App] [listen] 🚀 App listening on the port 4001 ENV: development mode...
[Node] [INFO] - 2022-12-13T06:05:59.254Z [App] [bootstrap] Database connected 🔥 on development mode...
[Node] [INFO] - 2022-12-13T06:05:59.258Z [App] [listen] 🚀 App listening on the port 4001 ENV: development mode...
[Node] [INFO] - 2022-12-13T06:06:19.292Z [App] [bootstrap] Database connected 🔥 on development mode...
[Node] [INFO] - 2022-12-13T06:06:19.298Z [App] [listen] 🚀 App listening on the port 4001 ENV: development mode...
[Node] [INFO] - 2022-12-13T06:08:08.197Z [App] [bootstrap] Database connected 🔥 on development mode...
[Node] [INFO] - 2022-12-13T06:08:08.200Z [App] [listen] 🚀 App listening on the port 4001 ENV: development mode...
[Node] [INFO] - 2022-12-13T06:08:58.757Z [App] [bootstrap] Database connected 🔥 on development mode...
[Node] [INFO] - 2022-12-13T06:08:58.761Z [App] [listen] 🚀 App listening on the port 4001 ENV: development mode...
[Node] [INFO] - 2022-12-13T06:09:40.359Z [App] [bootstrap] Database connected 🔥 on development mode...
[Node] [INFO] - 2022-12-13T06:09:40.362Z [App] [listen] 🚀 App listening on the port 4001 ENV: development mode...
[Node] [INFO] - 2022-12-13T06:10:24.207Z [App] [bootstrap] Database connected 🔥 on development mode...
[Node] [INFO] - 2022-12-13T06:10:24.213Z [App] [listen] 🚀 App listening on the port 4001 ENV: development mode...
[Node] [INFO] - 2022-12-13T06:10:32.127Z [App] [bootstrap] Database connected 🔥 on development mode...
[Node] [INFO] - 2022-12-13T06:10:32.131Z [App] [listen] 🚀 App listening on the port 4001 ENV: development mode...
[Node] [INFO] - 2022-12-13T06:11:19.235Z [App] [bootstrap] Database connected 🔥 on development mode...
[Node] [INFO] - 2022-12-13T06:11:19.240Z [App] [listen] 🚀 App listening on the port 4001 ENV: development mode...
[Node] [INFO] - 2022-12-13T06:11:30.632Z [App] [bootstrap] Database connected 🔥 on development mode...
[Node] [INFO] - 2022-12-13T06:11:30.638Z [App] [listen] 🚀 App listening on the port 4001 ENV: development mode...
[Node] [INFO] - 2022-12-13T06:11:43.883Z [App] [bootstrap] Database connected 🔥 on development mode...
[Node] [INFO] - 2022-12-13T06:11:43.889Z [App] [listen] 🚀 App listening on the port 4001 ENV: development mode...
[Node] [INFO] - 2022-12-13T06:12:43.231Z [App] [bootstrap] Database connected 🔥 on development mode...
[Node] [INFO] - 2022-12-13T06:12:43.234Z [App] [listen] 🚀 App listening on the port 4001 ENV: development mode...
[Node] [INFO] - 2022-12-13T06:13:31.310Z [App] [bootstrap] Database connected 🔥 on development mode...
[Node] [INFO] - 2022-12-13T06:13:31.313Z [App] [listen] 🚀 App listening on the port 4001 ENV: development mode...
[Node] [INFO] - 2022-12-13T06:13:44.311Z [App] [bootstrap] Database connected 🔥 on development mode...
[Node] [INFO] - 2022-12-13T06:13:44.315Z [App] [listen] 🚀 App listening on the port 4001 ENV: development mode...
[Node] [INFO] - 2022-12-13T06:17:43.899Z [App] [bootstrap] Database connected 🔥 on development mode...
[Node] [INFO] - 2022-12-13T06:17:43.902Z [App] [listen] 🚀 App listening on the port 4001 ENV: development mode...
[Node] [INFO] - 2022-12-13T06:20:09.466Z [App] [bootstrap] Database connected 🔥 on development mode...
[Node] [INFO] - 2022-12-13T06:20:09.470Z [App] [listen] 🚀 App listening on the port 4001 ENV: development mode...
[Node] [INFO] - 2022-12-13T06:21:04.983Z [App] [bootstrap] Database connected 🔥 on development mode...
[Node] [INFO] - 2022-12-13T06:21:04.987Z [App] [listen] 🚀 App listening on the port 4001 ENV: development mode...
[Node] [INFO] - 2022-12-13T06:22:05.276Z [App] [bootstrap] Database connected 🔥 on development mode...
[Node] [INFO] - 2022-12-13T06:22:05.279Z [App] [listen] 🚀 App listening on the port 4001 ENV: development mode...
[Node] [INFO] - 2022-12-13T06:22:22.902Z [App] [bootstrap] Database connected 🔥 on development mode...
[Node] [INFO] - 2022-12-13T06:22:22.905Z [App] [listen] 🚀 App listening on the port 4001 ENV: development mode...
[Node] [INFO] - 2022-12-13T06:24:53.058Z [App] [bootstrap] Database connected 🔥 on development mode...
[Node] [INFO] - 2022-12-13T06:24:53.061Z [App] [listen] 🚀 App listening on the port 4001 ENV: development mode...
[Node] [INFO] - 2022-12-13T06:28:06.066Z [App] [bootstrap] Database connected 🔥 on development mode...
[Node] [INFO] - 2022-12-13T06:28:06.070Z [App] [listen] 🚀 App listening on the port 4001 ENV: development mode...
[Node] [INFO] - 2022-12-13T06:34:00.002Z [App] [bootstrap] Database connected 🔥 on development mode...
[Node] [INFO] - 2022-12-13T06:34:00.006Z [App] [listen] 🚀 App listening on the port 4001 ENV: development mode...
[Node] [ERROR] - 2022-12-13T06:35:40.149Z404 - /api/v1/getAll [POST] - Can't find /api/v1/getAll on this server! 
[Node] [INFO] - 2022-12-13T06:37:23.846Z [App] [bootstrap] Database connected 🔥 on development mode...
[Node] [INFO] - 2022-12-13T06:37:23.850Z [App] [listen] 🚀 App listening on the port 4001 ENV: development mode...
[Node] [INFO] - 2022-12-13T06:37:38.089Z [App] [bootstrap] Database connected 🔥 on development mode...
[Node] [INFO] - 2022-12-13T06:37:38.092Z [App] [listen] 🚀 App listening on the port 4001 ENV: development mode...
[Node] [INFO] - 2022-12-13T06:38:22.501Z [App] [bootstrap] Database connected 🔥 on development mode...
[Node] [INFO] - 2022-12-13T06:38:22.504Z [App] [listen] 🚀 App listening on the port 4001 ENV: development mode...
[Node] [INFO] - 2022-12-13T06:38:48.716Z [App] [bootstrap] Database connected 🔥 on development mode...
[Node] [INFO] - 2022-12-13T06:38:48.720Z [App] [listen] 🚀 App listening on the port 4001 ENV: development mode...
[Node] [INFO] - 2022-12-13T06:40:58.947Z [App] [bootstrap] Database connected 🔥 on development mode...
[Node] [INFO] - 2022-12-13T06:40:58.950Z [App] [listen] 🚀 App listening on the port 4001 ENV: development mode...
[Node] [INFO] - 2022-12-13T06:52:18.869Z [App] [bootstrap] Database connected 🔥 on development mode...
[Node] [INFO] - 2022-12-13T06:52:18.873Z [App] [listen] 🚀 App listening on the port 4001 ENV: development mode...
[Node] [INFO] - 2022-12-13T06:53:16.890Z [App] [bootstrap] Database connected 🔥 on development mode...
[Node] [INFO] - 2022-12-13T06:53:16.894Z [App] [listen] 🚀 App listening on the port 4001 ENV: development mode...
[Node] [INFO] - 2022-12-13T06:53:26.667Z [App] [bootstrap] Database connected 🔥 on development mode...
[Node] [INFO] - 2022-12-13T06:53:26.674Z [App] [listen] 🚀 App listening on the port 4001 ENV: development mode...
[Node] [INFO] - 2022-12-13T06:53:36.947Z [App] [bootstrap] Database connected 🔥 on development mode...
[Node] [INFO] - 2022-12-13T06:53:36.950Z [App] [listen] 🚀 App listening on the port 4001 ENV: development mode...
[Node] [INFO] - 2022-12-13T06:53:59.594Z [App] [bootstrap] Database connected 🔥 on development mode...
[Node] [INFO] - 2022-12-13T06:53:59.598Z [App] [listen] 🚀 App listening on the port 4001 ENV: development mode...
[Node] [INFO] - 2022-12-13T06:54:14.571Z [App] [bootstrap] Database connected 🔥 on development mode...
[Node] [INFO] - 2022-12-13T06:54:14.576Z [App] [listen] 🚀 App listening on the port 4001 ENV: development mode...
[Node] [INFO] - 2022-12-13T06:55:37.987Z [App] [bootstrap] Database connected 🔥 on development mode...
[Node] [INFO] - 2022-12-13T06:55:37.991Z [App] [listen] 🚀 App listening on the port 4001 ENV: development mode...
[Node] [INFO] - 2022-12-13T06:56:01.911Z [App] [bootstrap] Database connected 🔥 on development mode...
[Node] [INFO] - 2022-12-13T06:56:01.915Z [App] [listen] 🚀 App listening on the port 4001 ENV: development mode...
[Node] [INFO] - 2022-12-13T06:56:34.509Z [App] [bootstrap] Database connected 🔥 on development mode...
[Node] [INFO] - 2022-12-13T06:56:34.514Z [App] [listen] 🚀 App listening on the port 4001 ENV: development mode...
[Node] [INFO] - 2022-12-13T06:57:18.783Z [App] [bootstrap] Database connected 🔥 on development mode...
[Node] [INFO] - 2022-12-13T06:57:18.786Z [App] [listen] 🚀 App listening on the port 4001 ENV: development mode...
[Node] [INFO] - 2022-12-13T06:57:27.775Z [App] [bootstrap] Database connected 🔥 on development mode...
[Node] [INFO] - 2022-12-13T06:57:27.779Z [App] [listen] 🚀 App listening on the port 4001 ENV: development mode...
[Node] [ERROR] - 2022-12-13T06:57:42.386Z404 - /api/v1/csv/post [GET] - Can't find /api/v1/csv/post on this server! 
[Node] [INFO] - 2022-12-13T06:58:31.762Z [App] [bootstrap] Database connected 🔥 on development mode...
[Node] [INFO] - 2022-12-13T06:58:31.766Z [App] [listen] 🚀 App listening on the port 4001 ENV: development mode...
[Node] [INFO] - 2022-12-13T06:59:45.546Z [App] [bootstrap] Database connected 🔥 on development mode...
[Node] [INFO] - 2022-12-13T06:59:45.550Z [App] [listen] 🚀 App listening on the port 4001 ENV: development mode...
[Node] [INFO] - 2022-12-13T07:00:11.473Z [App] [bootstrap] Database connected 🔥 on development mode...
[Node] [INFO] - 2022-12-13T07:00:11.476Z [App] [listen] 🚀 App listening on the port 4001 ENV: development mode...
[Node] [INFO] - 2022-12-13T07:00:26.686Z [App] [bootstrap] Database connected 🔥 on development mode...
[Node] [INFO] - 2022-12-13T07:00:26.690Z [App] [listen] 🚀 App listening on the port 4001 ENV: development mode...
[Node] [INFO] - 2022-12-13T07:00:39.938Z [App] [bootstrap] Database connected 🔥 on development mode...
[Node] [INFO] - 2022-12-13T07:00:39.941Z [App] [listen] 🚀 App listening on the port 4001 ENV: development mode...
[Node] [INFO] - 2022-12-13T07:01:14.781Z [App] [bootstrap] Database connected 🔥 on development mode...
[Node] [INFO] - 2022-12-13T07:01:14.784Z [App] [listen] 🚀 App listening on the port 4001 ENV: development mode...
[Node] [INFO] - 2022-12-13T07:02:00.042Z [App] [bootstrap] Database connected 🔥 on development mode...
[Node] [INFO] - 2022-12-13T07:02:00.047Z [App] [listen] 🚀 App listening on the port 4001 ENV: development mode...
[Node] [INFO] - 2022-12-13T07:03:55.508Z [App] [bootstrap] Database connected 🔥 on development mode...
[Node] [INFO] - 2022-12-13T07:03:55.512Z [App] [listen] 🚀 App listening on the port 4001 ENV: development mode...
[Node] [INFO] - 2022-12-13T07:05:13.363Z [App] [bootstrap] Database connected 🔥 on development mode...
[Node] [INFO] - 2022-12-13T07:05:13.368Z [App] [listen] 🚀 App listening on the port 4001 ENV: development mode...
[Node] [INFO] - 2022-12-13T07:05:35.079Z [App] [bootstrap] Database connected 🔥 on development mode...
[Node] [INFO] - 2022-12-13T07:05:35.089Z [App] [listen] 🚀 App listening on the port 4001 ENV: development mode...
[Node] [INFO] - 2022-12-13T07:05:45.983Z [App] [bootstrap] Database connected 🔥 on development mode...
[Node] [INFO] - 2022-12-13T07:05:45.987Z [App] [listen] 🚀 App listening on the port 4001 ENV: development mode...
[Node] [INFO] - 2022-12-13T07:06:56.121Z [App] [bootstrap] Database connected 🔥 on development mode...
[Node] [INFO] - 2022-12-13T07:06:56.125Z [App] [listen] 🚀 App listening on the port 4001 ENV: development mode...
[Node] [INFO] - 2022-12-13T07:07:07.337Z [App] [bootstrap] Database connected 🔥 on development mode...
[Node] [INFO] - 2022-12-13T07:07:07.341Z [App] [listen] 🚀 App listening on the port 4001 ENV: development mode...
[Node] [ERROR] - 2022-12-13T07:25:56.152Z500 - /api/v1/csv/post [POST] - Cannot read properties of undefined (reading 'userService') 
[Node] [INFO] - 2022-12-13T07:26:41.794Z [App] [bootstrap] Database connected 🔥 on development mode...
[Node] [INFO] - 2022-12-13T07:26:41.798Z [App] [listen] 🚀 App listening on the port 4001 ENV: development mode...
[Node] [INFO] - 2022-12-13T07:26:57.482Z [App] [bootstrap] Database connected 🔥 on development mode...
[Node] [INFO] - 2022-12-13T07:26:57.486Z [App] [listen] 🚀 App listening on the port 4001 ENV: development mode...
[Node] [ERROR] - 2022-12-13T07:27:16.408Z500 - /api/v1/csv/post [POST] - Cannot read properties of undefined (reading 'userService') 
[Node] [INFO] - 2022-12-13T07:27:37.548Z [App] [bootstrap] Database connected 🔥 on development mode...
[Node] [INFO] - 2022-12-13T07:27:37.552Z [App] [listen] 🚀 App listening on the port 4001 ENV: development mode...
[Node] [INFO] - 2022-12-13T07:27:55.460Z [App] [bootstrap] Database connected 🔥 on development mode...
[Node] [INFO] - 2022-12-13T07:27:55.464Z [App] [listen] 🚀 App listening on the port 4001 ENV: development mode...
[Node] [INFO] - 2022-12-13T07:28:11.669Z [App] [bootstrap] Database connected 🔥 on development mode...
[Node] [INFO] - 2022-12-13T07:28:11.673Z [App] [listen] 🚀 App listening on the port 4001 ENV: development mode...
[Node] [INFO] - 2022-12-13T07:28:43.835Z [App] [bootstrap] Database connected 🔥 on development mode...
[Node] [INFO] - 2022-12-13T07:28:43.839Z [App] [listen] 🚀 App listening on the port 4001 ENV: development mode...
[Node] [INFO] - 2022-12-13T07:28:50.573Z [App] [bootstrap] Database connected 🔥 on development mode...
[Node] [INFO] - 2022-12-13T07:28:50.577Z [App] [listen] 🚀 App listening on the port 4001 ENV: development mode...
[Node] [ERROR] - 2022-12-13T07:29:05.181Z500 - /api/v1/csv/post [POST] - Cannot read properties of undefined (reading 'userService') 
[Node] [INFO] - 2022-12-13T07:29:47.036Z [App] [bootstrap] Database connected 🔥 on development mode...
[Node] [INFO] - 2022-12-13T07:29:47.040Z [App] [listen] 🚀 App listening on the port 4001 ENV: development mode...
[Node] [INFO] - 2022-12-13T07:30:00.241Z [App] [bootstrap] Database connected 🔥 on development mode...
[Node] [INFO] - 2022-12-13T07:30:00.245Z [App] [listen] 🚀 App listening on the port 4001 ENV: development mode...
[Node] [INFO] - 2022-12-13T07:30:11.724Z [App] [bootstrap] Database connected 🔥 on development mode...
[Node] [INFO] - 2022-12-13T07:30:11.727Z [App] [listen] 🚀 App listening on the port 4001 ENV: development mode...
[Node] [ERROR] - 2022-12-13T07:30:27.116Z500 - /api/v1/csv/post [POST] - Cannot read properties of undefined (reading 'userService') 
[Node] [INFO] - 2022-12-13T07:34:20.160Z [App] [bootstrap] Database connected 🔥 on development mode...
[Node] [INFO] - 2022-12-13T07:34:20.164Z [App] [listen] 🚀 App listening on the port 4001 ENV: development mode...
[Node] [INFO] - 2022-12-13T07:35:30.918Z [App] [bootstrap] Database connected 🔥 on development mode...
[Node] [INFO] - 2022-12-13T07:35:30.921Z [App] [listen] 🚀 App listening on the port 4001 ENV: development mode...
[Node] [ERROR] - 2022-12-13T07:35:49.170Z500 - /api/v1/csv/post [POST] - Cannot read properties of undefined (reading 'userService') 
[Node] [INFO] - 2022-12-13T07:37:15.222Z [App] [bootstrap] Database connected 🔥 on development mode...
[Node] [INFO] - 2022-12-13T07:37:15.225Z [App] [listen] 🚀 App listening on the port 4001 ENV: development mode...
[Node] [INFO] - 2022-12-13T07:37:35.221Z [App] [bootstrap] Database connected 🔥 on development mode...
[Node] [INFO] - 2022-12-13T07:37:35.224Z [App] [listen] 🚀 App listening on the port 4001 ENV: development mode...
[Node] [ERROR] - 2022-12-13T07:37:49.818Z500 - /api/v1/csv/post [POST] - Cannot read properties of undefined (reading 'userService') 
[Node] [INFO] - 2022-12-13T07:38:21.476Z [App] [bootstrap] Database connected 🔥 on development mode...
[Node] [INFO] - 2022-12-13T07:38:21.482Z [App] [listen] 🚀 App listening on the port 4001 ENV: development mode...
[Node] [INFO] - 2022-12-13T07:38:51.225Z [App] [bootstrap] Database connected 🔥 on development mode...
[Node] [INFO] - 2022-12-13T07:38:51.229Z [App] [listen] 🚀 App listening on the port 4001 ENV: development mode...
[Node] [ERROR] - 2022-12-13T07:39:11.382Z500 - /api/v1/csv/post [POST] - Cannot read properties of undefined (reading 'userService') 
[Node] [INFO] - 2022-12-13T07:39:27.174Z [App] [bootstrap] Database connected 🔥 on development mode...
[Node] [INFO] - 2022-12-13T07:39:27.178Z [App] [listen] 🚀 App listening on the port 4001 ENV: development mode...
[Node] [INFO] - 2022-12-13T07:39:52.415Z [App] [bootstrap] Database connected 🔥 on development mode...
[Node] [INFO] - 2022-12-13T07:39:52.418Z [App] [listen] 🚀 App listening on the port 4001 ENV: development mode...
[Node] [INFO] - 2022-12-13T07:40:53.814Z [App] [bootstrap] Database connected 🔥 on development mode...
[Node] [INFO] - 2022-12-13T07:40:53.818Z [App] [listen] 🚀 App listening on the port 4001 ENV: development mode...
[Node] [INFO] - 2022-12-13T07:41:47.935Z [App] [bootstrap] Database connected 🔥 on development mode...
[Node] [INFO] - 2022-12-13T07:41:47.938Z [App] [listen] 🚀 App listening on the port 4001 ENV: development mode...
[Node] [INFO] - 2022-12-13T07:43:28.531Z [App] [bootstrap] Database connected 🔥 on development mode...
[Node] [INFO] - 2022-12-13T07:43:28.536Z [App] [listen] 🚀 App listening on the port 4001 ENV: development mode...
[Node] [INFO] - 2022-12-13T07:43:40.972Z [App] [bootstrap] Database connected 🔥 on development mode...
[Node] [INFO] - 2022-12-13T07:43:40.976Z [App] [listen] 🚀 App listening on the port 4001 ENV: development mode...
[Node] [INFO] - 2022-12-13T07:46:39.629Z [App] [bootstrap] Database connected 🔥 on development mode...
[Node] [INFO] - 2022-12-13T07:46:39.633Z [App] [listen] 🚀 App listening on the port 4001 ENV: development mode...
[Node] [INFO] - 2022-12-13T07:48:14.297Z [App] [bootstrap] Database connected 🔥 on development mode...
[Node] [INFO] - 2022-12-13T07:48:14.300Z [App] [listen] 🚀 App listening on the port 4001 ENV: development mode...
[Node] [INFO] - 2022-12-13T08:02:35.258Z [App] [bootstrap] Database connected 🔥 on development mode...
[Node] [INFO] - 2022-12-13T08:02:35.262Z [App] [listen] 🚀 App listening on the port 4001 ENV: development mode...
[Node] [INFO] - 2022-12-13T08:06:58.222Z [App] [bootstrap] Database connected 🔥 on development mode...
[Node] [INFO] - 2022-12-13T08:06:58.226Z [App] [listen] 🚀 App listening on the port 4001 ENV: development mode...
[Node] [INFO] - 2022-12-13T08:07:21.507Z [App] [bootstrap] Database connected 🔥 on development mode...
[Node] [INFO] - 2022-12-13T08:07:21.511Z [App] [listen] 🚀 App listening on the port 4001 ENV: development mode...
[Node] [INFO] - 2022-12-13T08:08:30.658Z [App] [bootstrap] Database connected 🔥 on development mode...
[Node] [INFO] - 2022-12-13T08:08:30.661Z [App] [listen] 🚀 App listening on the port 4001 ENV: development mode...
[Node] [INFO] - 2022-12-13T08:09:01.886Z [App] [bootstrap] Database connected 🔥 on development mode...
[Node] [INFO] - 2022-12-13T08:09:01.890Z [App] [listen] 🚀 App listening on the port 4001 ENV: development mode...
[Node] [INFO] - 2022-12-13T08:09:30.440Z [App] [bootstrap] Database connected 🔥 on development mode...
[Node] [INFO] - 2022-12-13T08:09:30.444Z [App] [listen] 🚀 App listening on the port 4001 ENV: development mode...
[Node] [INFO] - 2022-12-13T08:10:08.857Z [App] [bootstrap] Database connected 🔥 on development mode...
[Node] [INFO] - 2022-12-13T08:10:08.861Z [App] [listen] 🚀 App listening on the port 4001 ENV: development mode...
[Node] [INFO] - 2022-12-13T08:10:53.319Z [App] [bootstrap] Database connected 🔥 on development mode...
[Node] [INFO] - 2022-12-13T08:10:53.322Z [App] [listen] 🚀 App listening on the port 4001 ENV: development mode...
[Node] [INFO] - 2022-12-13T08:12:12.948Z [App] [bootstrap] Database connected 🔥 on development mode...
[Node] [INFO] - 2022-12-13T08:12:12.951Z [App] [listen] 🚀 App listening on the port 4001 ENV: development mode...
[Node] [INFO] - 2022-12-13T08:12:26.391Z [App] [bootstrap] Database connected 🔥 on development mode...
[Node] [INFO] - 2022-12-13T08:12:26.396Z [App] [listen] 🚀 App listening on the port 4001 ENV: development mode...
[Node] [INFO] - 2022-12-13T08:14:00.180Z [App] [bootstrap] Database connected 🔥 on development mode...
[Node] [INFO] - 2022-12-13T08:14:00.185Z [App] [listen] 🚀 App listening on the port 4001 ENV: development mode...
[Node] [INFO] - 2022-12-13T08:14:42.134Z [App] [bootstrap] Database connected 🔥 on development mode...
[Node] [INFO] - 2022-12-13T08:14:42.138Z [App] [listen] 🚀 App listening on the port 4001 ENV: development mode...
[Node] [INFO] - 2022-12-13T09:43:29.909Z [App] [bootstrap] Database connected 🔥 on development mode...
[Node] [INFO] - 2022-12-13T09:43:29.913Z [App] [listen] 🚀 App listening on the port 4001 ENV: development mode...
[Node] [INFO] - 2022-12-13T09:45:08.793Z [App] [bootstrap] Database connected 🔥 on development mode...
[Node] [INFO] - 2022-12-13T09:45:08.797Z [App] [listen] 🚀 App listening on the port 4001 ENV: development mode...
[Node] [INFO] - 2022-12-13T09:45:25.882Z [App] [bootstrap] Database connected 🔥 on development mode...
[Node] [INFO] - 2022-12-13T09:45:25.886Z [App] [listen] 🚀 App listening on the port 4001 ENV: development mode...
[Node] [INFO] - 2022-12-13T09:46:24.738Z [App] [bootstrap] Database connected 🔥 on development mode...
[Node] [INFO] - 2022-12-13T09:46:24.742Z [App] [listen] 🚀 App listening on the port 4001 ENV: development mode...
[Node] [INFO] - 2022-12-13T09:46:40.295Z [App] [bootstrap] Database connected 🔥 on development mode...
[Node] [INFO] - 2022-12-13T09:46:40.300Z [App] [listen] 🚀 App listening on the port 4001 ENV: development mode...
[Node] [ERROR] - 2022-12-13T09:49:03.493Z500 - /api/v1/csv/post [POST] - WHERE parameter "email" has invalid "undefined" value 
[Node] [INFO] - 2022-12-13T09:50:09.784Z [App] [bootstrap] Database connected 🔥 on development mode...
[Node] [INFO] - 2022-12-13T09:50:09.787Z [App] [listen] 🚀 App listening on the port 4001 ENV: development mode...
[Node] [INFO] - 2022-12-13T09:50:40.290Z [App] [bootstrap] Database connected 🔥 on development mode...
[Node] [INFO] - 2022-12-13T09:50:40.294Z [App] [listen] 🚀 App listening on the port 4001 ENV: development mode...
[Node] [ERROR] - 2022-12-13T09:50:56.762Z500 - /api/v1/csv/post [POST] - Validation error 
[Node] [INFO] - 2022-12-13T09:51:30.595Z [App] [bootstrap] Database connected 🔥 on development mode...
[Node] [INFO] - 2022-12-13T09:51:30.599Z [App] [listen] 🚀 App listening on the port 4001 ENV: development mode...
[Node] [INFO] - 2022-12-13T10:13:32.242Z [App] [bootstrap] Database connected 🔥 on development mode...
[Node] [INFO] - 2022-12-13T10:13:32.246Z [App] [listen] 🚀 App listening on the port 4001 ENV: development mode...
[Node] [ERROR] - 2022-12-13T10:13:45.668Z500 - /api/v1/csv/post [POST] - Validation error 
[Node] [INFO] - 2022-12-13T10:14:15.821Z [App] [bootstrap] Database connected 🔥 on development mode...
[Node] [INFO] - 2022-12-13T10:14:15.826Z [App] [listen] 🚀 App listening on the port 4001 ENV: development mode...
[Node] [INFO] - 2022-12-13T10:18:54.654Z [App] [bootstrap] Database connected 🔥 on development mode...
[Node] [INFO] - 2022-12-13T10:18:54.658Z [App] [listen] 🚀 App listening on the port 4001 ENV: development mode...
[Node] [INFO] - 2022-12-13T10:19:24.598Z [App] [bootstrap] Database connected 🔥 on development mode...
[Node] [INFO] - 2022-12-13T10:19:24.603Z [App] [listen] 🚀 App listening on the port 4001 ENV: development mode...
[Node] [ERROR] - 2022-12-13T10:22:56.941Z500 - /api/v1/csv/post [POST] - invalid input syntax for type bigint: "" 
[Node] [ERROR] - 2022-12-13T10:25:56.744Z500 - /api/v1/csv/post [POST] - invalid input syntax for type bigint: "" 
[Node] [INFO] - 2022-12-13T10:31:07.297Z [App] [bootstrap] Database connected 🔥 on development mode...
[Node] [INFO] - 2022-12-13T10:31:07.303Z [App] [listen] 🚀 App listening on the port 4001 ENV: development mode...
[Node] [ERROR] - 2022-12-13T10:31:33.506Z500 - /api/v1/csv/post [POST] - invalid input syntax for type bigint: "" 
[Node] [INFO] - 2022-12-13T10:33:50.876Z [App] [bootstrap] Database connected 🔥 on development mode...
[Node] [INFO] - 2022-12-13T10:33:50.879Z [App] [listen] 🚀 App listening on the port 4001 ENV: development mode...
[Node] [INFO] - 2022-12-13T10:34:04.297Z [App] [bootstrap] Database connected 🔥 on development mode...
[Node] [INFO] - 2022-12-13T10:34:04.300Z [App] [listen] 🚀 App listening on the port 4001 ENV: development mode...
[Node] [ERROR] - 2022-12-13T10:34:19.971Z500 - /api/v1/csv/post [POST] - Validation error 
[Node] [INFO] - 2022-12-13T10:34:56.022Z [App] [bootstrap] Database connected 🔥 on development mode...
[Node] [INFO] - 2022-12-13T10:34:56.025Z [App] [listen] 🚀 App listening on the port 4001 ENV: development mode...
[Node] [ERROR] - 2022-12-13T10:35:12.435Z500 - /api/v1/csv/post [POST] - Validation error 
[Node] [ERROR] - 2022-12-13T10:36:47.225Z500 - /api/v1/csv/post [POST] - Validation error 
[Node] [INFO] - 2022-12-13T10:37:15.759Z [App] [bootstrap] Database connected 🔥 on development mode...
[Node] [INFO] - 2022-12-13T10:37:15.767Z [App] [listen] 🚀 App listening on the port 4001 ENV: development mode...
[Node] [ERROR] - 2022-12-13T10:37:34.931Z500 - /api/v1/csv/post [POST] - Validation error 
[Node] [INFO] - 2022-12-13T10:39:45.259Z [App] [bootstrap] Database connected 🔥 on development mode...
[Node] [INFO] - 2022-12-13T10:39:45.262Z [App] [listen] 🚀 App listening on the port 4001 ENV: development mode...
[Node] [ERROR] - 2022-12-13T10:40:02.983Z500 - /api/v1/csv/post [POST] - Validation error 
[Node] [INFO] - 2022-12-13T10:41:21.309Z [App] [bootstrap] Database connected 🔥 on development mode...
[Node] [INFO] - 2022-12-13T10:41:21.312Z [App] [listen] 🚀 App listening on the port 4001 ENV: development mode...
[Node] [ERROR] - 2022-12-13T10:41:42.269Z500 - /api/v1/csv/post [POST] - Validation error 
[Node] [INFO] - 2022-12-13T10:47:37.867Z [App] [bootstrap] Database connected 🔥 on development mode...
[Node] [INFO] - 2022-12-13T10:47:37.871Z [App] [listen] 🚀 App listening on the port 4001 ENV: development mode...
[Node] [ERROR] - 2022-12-13T10:47:56.460Z500 - /api/v1/csv/post [POST] - Validation error 
[Node] [INFO] - 2022-12-13T10:48:49.161Z [App] [bootstrap] Database connected 🔥 on development mode...
[Node] [INFO] - 2022-12-13T10:48:49.165Z [App] [listen] 🚀 App listening on the port 4001 ENV: development mode...
[Node] [INFO] - 2022-12-13T10:50:09.791Z [App] [bootstrap] Database connected 🔥 on development mode...
[Node] [INFO] - 2022-12-13T10:50:09.794Z [App] [listen] 🚀 App listening on the port 4001 ENV: development mode...
[Node] [INFO] - 2022-12-13T10:51:13.860Z [App] [bootstrap] Database connected 🔥 on development mode...
[Node] [INFO] - 2022-12-13T10:51:13.864Z [App] [listen] 🚀 App listening on the port 4001 ENV: development mode...
[Node] [INFO] - 2022-12-13T10:51:28.735Z [App] [bootstrap] Database connected 🔥 on development mode...
[Node] [INFO] - 2022-12-13T10:51:28.738Z [App] [listen] 🚀 App listening on the port 4001 ENV: development mode...
[Node] [ERROR] - 2022-12-13T10:51:46.884Z500 - /api/v1/csv/post [POST] - Validation error 
[Node] [INFO] - 2022-12-13T10:52:13.019Z [App] [bootstrap] Database connected 🔥 on development mode...
[Node] [INFO] - 2022-12-13T10:52:13.024Z [App] [listen] 🚀 App listening on the port 4001 ENV: development mode...
[Node] [INFO] - 2022-12-13T10:52:49.235Z [App] [bootstrap] Database connected 🔥 on development mode...
[Node] [INFO] - 2022-12-13T10:52:49.239Z [App] [listen] 🚀 App listening on the port 4001 ENV: development mode...
[Node] [INFO] - 2022-12-13T10:53:38.024Z [App] [bootstrap] Database connected 🔥 on development mode...
[Node] [INFO] - 2022-12-13T10:53:38.027Z [App] [listen] 🚀 App listening on the port 4001 ENV: development mode...
[Node] [INFO] - 2022-12-13T10:53:55.909Z [App] [bootstrap] Database connected 🔥 on development mode...
[Node] [INFO] - 2022-12-13T10:53:55.912Z [App] [listen] 🚀 App listening on the port 4001 ENV: development mode...
[Node] [ERROR] - 2022-12-13T10:54:13.044Z500 - /api/v1/csv/post [POST] - Validation error 
[Node] [INFO] - 2022-12-13T10:55:05.748Z [App] [bootstrap] Database connected 🔥 on development mode...
[Node] [INFO] - 2022-12-13T10:55:05.752Z [App] [listen] 🚀 App listening on the port 4001 ENV: development mode...
[Node] [INFO] - 2022-12-13T10:55:29.849Z [App] [bootstrap] Database connected 🔥 on development mode...
[Node] [INFO] - 2022-12-13T10:55:29.853Z [App] [listen] 🚀 App listening on the port 4001 ENV: development mode...
[Node] [ERROR] - 2022-12-13T10:55:44.430Z500 - /api/v1/csv/post [POST] - Validation error 
[Node] [INFO] - 2022-12-13T10:56:26.755Z [App] [bootstrap] Database connected 🔥 on development mode...
[Node] [INFO] - 2022-12-13T10:56:26.758Z [App] [listen] 🚀 App listening on the port 4001 ENV: development mode...
[Node] [ERROR] - 2022-12-13T10:56:43.713Z500 - /api/v1/csv/post [POST] - Validation error 
[Node] [INFO] - 2022-12-13T10:57:28.809Z [App] [bootstrap] Database connected 🔥 on development mode...
[Node] [INFO] - 2022-12-13T10:57:28.813Z [App] [listen] 🚀 App listening on the port 4001 ENV: development mode...
[Node] [INFO] - 2022-12-13T10:59:39.423Z [App] [bootstrap] Database connected 🔥 on development mode...
[Node] [INFO] - 2022-12-13T10:59:39.427Z [App] [listen] 🚀 App listening on the port 4001 ENV: development mode...
[Node] [ERROR] - 2022-12-13T10:59:55.926Z500 - /api/v1/csv/post [POST] - invalid input syntax for type bigint: "" 
[Node] [INFO] - 2022-12-13T11:00:46.240Z [App] [bootstrap] Database connected 🔥 on development mode...
[Node] [INFO] - 2022-12-13T11:00:46.244Z [App] [listen] 🚀 App listening on the port 4001 ENV: development mode...
[Node] [INFO] - 2022-12-13T11:00:53.256Z [App] [bootstrap] Database connected 🔥 on development mode...
[Node] [INFO] - 2022-12-13T11:00:53.261Z [App] [listen] 🚀 App listening on the port 4001 ENV: development mode...
[Node] [INFO] - 2022-12-13T11:01:00.353Z [App] [bootstrap] Database connected 🔥 on development mode...
[Node] [INFO] - 2022-12-13T11:01:00.356Z [App] [listen] 🚀 App listening on the port 4001 ENV: development mode...
[Node] [ERROR] - 2022-12-13T11:01:18.717Z500 - /api/v1/csv/post [POST] - Cannot read properties of undefined (reading 'dataValues') 
[Node] [INFO] - 2022-12-13T11:01:47.126Z [App] [bootstrap] Database connected 🔥 on development mode...
[Node] [INFO] - 2022-12-13T11:01:47.132Z [App] [listen] 🚀 App listening on the port 4001 ENV: development mode...
[Node] [INFO] - 2022-12-13T11:02:12.440Z [App] [bootstrap] Database connected 🔥 on development mode...
[Node] [INFO] - 2022-12-13T11:02:12.448Z [App] [listen] 🚀 App listening on the port 4001 ENV: development mode...
[Node] [ERROR] - 2022-12-13T11:02:27.971Z500 - /api/v1/csv/post [POST] - Cannot read properties of undefined (reading 'dataValues') 
[Node] [INFO] - 2022-12-13T11:03:20.899Z [App] [bootstrap] Database connected 🔥 on development mode...
[Node] [INFO] - 2022-12-13T11:03:20.902Z [App] [listen] 🚀 App listening on the port 4001 ENV: development mode...
[Node] [ERROR] - 2022-12-13T11:03:36.638Z500 - /api/v1/csv/post [POST] - Cannot read properties of undefined (reading 'dataValues') 
[Node] [INFO] - 2022-12-13T11:04:33.970Z [App] [bootstrap] Database connected 🔥 on development mode...
[Node] [INFO] - 2022-12-13T11:04:33.975Z [App] [listen] 🚀 App listening on the port 4001 ENV: development mode...
[Node] [INFO] - 2022-12-13T11:06:36.142Z [App] [bootstrap] Database connected 🔥 on development mode...
[Node] [INFO] - 2022-12-13T11:06:36.146Z [App] [listen] 🚀 App listening on the port 4001 ENV: development mode...
[Node] [INFO] - 2022-12-13T11:07:17.466Z [App] [bootstrap] Database connected 🔥 on development mode...
[Node] [INFO] - 2022-12-13T11:07:17.469Z [App] [listen] 🚀 App listening on the port 4001 ENV: development mode...
[Node] [INFO] - 2022-12-13T11:07:41.937Z [App] [bootstrap] Database connected 🔥 on development mode...
[Node] [INFO] - 2022-12-13T11:07:41.942Z [App] [listen] 🚀 App listening on the port 4001 ENV: development mode...
[Node] [INFO] - 2022-12-13T11:07:52.392Z [App] [bootstrap] Database connected 🔥 on development mode...
[Node] [INFO] - 2022-12-13T11:07:52.396Z [App] [listen] 🚀 App listening on the port 4001 ENV: development mode...
[Node] [INFO] - 2022-12-13T11:08:00.507Z [App] [bootstrap] Database connected 🔥 on development mode...
[Node] [INFO] - 2022-12-13T11:08:00.511Z [App] [listen] 🚀 App listening on the port 4001 ENV: development mode...
[Node] [INFO] - 2022-12-13T11:09:43.293Z [App] [bootstrap] Database connected 🔥 on development mode...
[Node] [INFO] - 2022-12-13T11:09:43.297Z [App] [listen] 🚀 App listening on the port 4001 ENV: development mode...
[Node] [INFO] - 2022-12-13T11:10:54.472Z [App] [bootstrap] Database connected 🔥 on development mode...
[Node] [INFO] - 2022-12-13T11:10:54.476Z [App] [listen] 🚀 App listening on the port 4001 ENV: development mode...
[Node] [INFO] - 2022-12-13T11:11:09.317Z [App] [bootstrap] Database connected 🔥 on development mode...
[Node] [INFO] - 2022-12-13T11:11:09.320Z [App] [listen] 🚀 App listening on the port 4001 ENV: development mode...
[Node] [INFO] - 2022-12-13T11:11:26.691Z [App] [bootstrap] Database connected 🔥 on development mode...
[Node] [INFO] - 2022-12-13T11:11:26.696Z [App] [listen] 🚀 App listening on the port 4001 ENV: development mode...
[Node] [INFO] - 2022-12-13T11:12:18.777Z [App] [bootstrap] Database connected 🔥 on development mode...
[Node] [INFO] - 2022-12-13T11:12:18.781Z [App] [listen] 🚀 App listening on the port 4001 ENV: development mode...
[Node] [INFO] - 2022-12-13T11:13:05.992Z [App] [bootstrap] Database connected 🔥 on development mode...
[Node] [INFO] - 2022-12-13T11:13:05.996Z [App] [listen] 🚀 App listening on the port 4001 ENV: development mode...
[Node] [INFO] - 2022-12-13T11:13:28.498Z [App] [bootstrap] Database connected 🔥 on development mode...
[Node] [INFO] - 2022-12-13T11:13:28.502Z [App] [listen] 🚀 App listening on the port 4001 ENV: development mode...
[Node] [INFO] - 2022-12-13T11:13:41.095Z [App] [bootstrap] Database connected 🔥 on development mode...
[Node] [INFO] - 2022-12-13T11:13:41.098Z [App] [listen] 🚀 App listening on the port 4001 ENV: development mode...
[Node] [INFO] - 2022-12-13T11:14:09.363Z [App] [bootstrap] Database connected 🔥 on development mode...
[Node] [INFO] - 2022-12-13T11:14:09.367Z [App] [listen] 🚀 App listening on the port 4001 ENV: development mode...
[Node] [INFO] - 2022-12-13T11:14:20.563Z [App] [bootstrap] Database connected 🔥 on development mode...
[Node] [INFO] - 2022-12-13T11:14:20.567Z [App] [listen] 🚀 App listening on the port 4001 ENV: development mode...
[Node] [ERROR] - 2022-12-13T11:14:35.716Z500 - /api/v1/csv/post [POST] - Cannot read properties of undefined (reading 'dataValues') 
[Node] [INFO] - 2022-12-13T11:15:22.824Z [App] [bootstrap] Database connected 🔥 on development mode...
[Node] [INFO] - 2022-12-13T11:15:22.828Z [App] [listen] 🚀 App listening on the port 4001 ENV: development mode...
[Node] [ERROR] - 2022-12-13T11:15:38.227Z500 - /api/v1/csv/post [POST] - Validation error 
[Node] [INFO] - 2022-12-13T11:16:09.789Z [App] [bootstrap] Database connected 🔥 on development mode...
[Node] [INFO] - 2022-12-13T11:16:09.793Z [App] [listen] 🚀 App listening on the port 4001 ENV: development mode...
[Node] [ERROR] - 2022-12-13T11:16:28.043Z500 - /api/v1/csv/post [POST] - Validation error 
[Node] [INFO] - 2022-12-13T11:18:36.807Z [App] [bootstrap] Database connected 🔥 on development mode...
[Node] [INFO] - 2022-12-13T11:18:36.810Z [App] [listen] 🚀 App listening on the port 4001 ENV: development mode...
[Node] [ERROR] - 2022-12-13T11:18:55.680Z500 - /api/v1/csv/post [POST] - Validation error 
[Node] [INFO] - 2022-12-13T11:19:40.570Z [App] [bootstrap] Database connected 🔥 on development mode...
[Node] [INFO] - 2022-12-13T11:19:40.573Z [App] [listen] 🚀 App listening on the port 4001 ENV: development mode...
[Node] [ERROR] - 2022-12-13T11:19:56.592Z500 - /api/v1/csv/post [POST] - Validation error 
[Node] [INFO] - 2022-12-13T11:21:19.829Z [App] [bootstrap] Database connected 🔥 on development mode...
[Node] [INFO] - 2022-12-13T11:21:19.832Z [App] [listen] 🚀 App listening on the port 4001 ENV: development mode...
[Node] [INFO] - 2022-12-13T11:23:38.069Z [App] [bootstrap] Database connected 🔥 on development mode...
[Node] [INFO] - 2022-12-13T11:23:38.074Z [App] [listen] 🚀 App listening on the port 4001 ENV: development mode...
[Node] [INFO] - 2022-12-13T11:23:52.724Z [App] [bootstrap] Database connected 🔥 on development mode...
[Node] [INFO] - 2022-12-13T11:23:52.728Z [App] [listen] 🚀 App listening on the port 4001 ENV: development mode...
[Node] [INFO] - 2022-12-13T11:25:32.046Z [App] [bootstrap] Database connected 🔥 on development mode...
[Node] [INFO] - 2022-12-13T11:25:32.051Z [App] [listen] 🚀 App listening on the port 4001 ENV: development mode...
[Node] [ERROR] - 2022-12-13T11:25:46.261Z500 - /api/v1/csv/post [POST] - Validation error 
[Node] [INFO] - 2022-12-13T11:26:04.900Z [App] [bootstrap] Database connected 🔥 on development mode...
[Node] [INFO] - 2022-12-13T11:26:04.903Z [App] [listen] 🚀 App listening on the port 4001 ENV: development mode...
[Node] [INFO] - 2022-12-13T11:32:46.814Z [App] [bootstrap] Database connected 🔥 on development mode...
[Node] [INFO] - 2022-12-13T11:32:46.818Z [App] [listen] 🚀 App listening on the port 4001 ENV: development mode...
[Node] [INFO] - 2022-12-13T11:32:56.846Z [App] [bootstrap] Database connected 🔥 on development mode...
[Node] [INFO] - 2022-12-13T11:32:56.849Z [App] [listen] 🚀 App listening on the port 4001 ENV: development mode...
